running develop
Removing /home/irobot/ros2_ws/install/geofence/lib/python3.8/site-packages/geofence.egg-link (link to .)
running egg_info
writing ../../build/geofence/geofence.egg-info/PKG-INFO
writing dependency_links to ../../build/geofence/geofence.egg-info/dependency_links.txt
writing entry points to ../../build/geofence/geofence.egg-info/entry_points.txt
writing requirements to ../../build/geofence/geofence.egg-info/requires.txt
writing top-level names to ../../build/geofence/geofence.egg-info/top_level.txt
reading manifest file '../../build/geofence/geofence.egg-info/SOURCES.txt'
writing manifest file '../../build/geofence/geofence.egg-info/SOURCES.txt'
running build
running build_py
creating /home/irobot/ros2_ws/build/geofence/build
creating /home/irobot/ros2_ws/build/geofence/build/lib
creating /home/irobot/ros2_ws/build/geofence/build/lib/geofence
copying geofence/Test4.py -> /home/irobot/ros2_ws/build/geofence/build/lib/geofence
copying geofence/Test3.py -> /home/irobot/ros2_ws/build/geofence/build/lib/geofence
copying geofence/__init__.py -> /home/irobot/ros2_ws/build/geofence/build/lib/geofence
copying geofence/Test.py -> /home/irobot/ros2_ws/build/geofence/build/lib/geofence
copying geofence/pointInPolygon.py -> /home/irobot/ros2_ws/build/geofence/build/lib/geofence
copying geofence/Test2.py -> /home/irobot/ros2_ws/build/geofence/build/lib/geofence
running install
running install_lib
creating /home/irobot/ros2_ws/install/geofence/lib/python3.8/site-packages/geofence
copying /home/irobot/ros2_ws/build/geofence/build/lib/geofence/Test4.py -> /home/irobot/ros2_ws/install/geofence/lib/python3.8/site-packages/geofence
copying /home/irobot/ros2_ws/build/geofence/build/lib/geofence/Test3.py -> /home/irobot/ros2_ws/install/geofence/lib/python3.8/site-packages/geofence
copying /home/irobot/ros2_ws/build/geofence/build/lib/geofence/__init__.py -> /home/irobot/ros2_ws/install/geofence/lib/python3.8/site-packages/geofence
copying /home/irobot/ros2_ws/build/geofence/build/lib/geofence/Test.py -> /home/irobot/ros2_ws/install/geofence/lib/python3.8/site-packages/geofence
copying /home/irobot/ros2_ws/build/geofence/build/lib/geofence/pointInPolygon.py -> /home/irobot/ros2_ws/install/geofence/lib/python3.8/site-packages/geofence
copying /home/irobot/ros2_ws/build/geofence/build/lib/geofence/Test2.py -> /home/irobot/ros2_ws/install/geofence/lib/python3.8/site-packages/geofence
byte-compiling /home/irobot/ros2_ws/install/geofence/lib/python3.8/site-packages/geofence/Test4.py to Test4.cpython-38.pyc
byte-compiling /home/irobot/ros2_ws/install/geofence/lib/python3.8/site-packages/geofence/Test3.py to Test3.cpython-38.pyc
byte-compiling /home/irobot/ros2_ws/install/geofence/lib/python3.8/site-packages/geofence/__init__.py to __init__.cpython-38.pyc
byte-compiling /home/irobot/ros2_ws/install/geofence/lib/python3.8/site-packages/geofence/Test.py to Test.cpython-38.pyc
byte-compiling /home/irobot/ros2_ws/install/geofence/lib/python3.8/site-packages/geofence/pointInPolygon.py to pointInPolygon.cpython-38.pyc
byte-compiling /home/irobot/ros2_ws/install/geofence/lib/python3.8/site-packages/geofence/Test2.py to Test2.cpython-38.pyc
running install_data
copying resource/geofence -> /home/irobot/ros2_ws/install/geofence/share/ament_index/resource_index/packages
copying package.xml -> /home/irobot/ros2_ws/install/geofence/share/geofence
running install_egg_info
Copying ../../build/geofence/geofence.egg-info to /home/irobot/ros2_ws/install/geofence/lib/python3.8/site-packages/geofence-0.0.0-py3.8.egg-info
running install_scripts
Installing pointInPolygon script to /home/irobot/ros2_ws/install/geofence/lib/geofence
writing list of installed files to '/home/irobot/ros2_ws/build/geofence/install.log'
