[0.024s] Invoking command in '/home/irobot/ros2_ws/build/vineslam_ros': CMAKE_PREFIX_PATH=/home/irobot/ros2_ws/install/ublox_msgs:/home/irobot/ros2_ws/install/vineslam:/home/irobot/ros2_ws/install/ublox_serialization:/home/irobot/ros2_ws/install/vineslam_ros:/home/irobot/ros2_ws/install/ublox:/home/irobot/ros2_ws/install/ublox_gps:/home/irobot/ros2_ws/install/livox_ros2_driver:/home/irobot/ros2_ws/install/livox_sdk_vendor:/home/irobot/ros2_ws/install/livox_interfaces:/opt/ros/foxy LD_LIBRARY_PATH=/home/irobot/ros2_ws/install/ublox_msgs/lib:/home/irobot/ros2_ws/install/vineslam_ros/lib:/home/irobot/ros2_ws/install/vineslam/lib:/home/irobot/ros2_ws/install/ublox_gps/lib:/home/irobot/ros2_ws/install/livox_ros2_driver/lib:/home/irobot/ros2_ws/install/livox_interfaces/lib:/opt/ros/foxy/opt/yaml_cpp_vendor/lib:/opt/ros/foxy/opt/rviz_ogre_vendor/lib:/opt/ros/foxy/lib/x86_64-linux-gnu:/opt/ros/foxy/lib PYTHONPATH=/home/irobot/ros2_ws/install/ublox_msgs/lib/python3.8/site-packages:/home/irobot/ros2_ws/install/vineslam_ros/lib/python3.8/site-packages:/home/irobot/ros2_ws/install/livox_interfaces/lib/python3.8/site-packages:/opt/ros/foxy/lib/python3.8/site-packages /usr/bin/cmake --build /home/irobot/ros2_ws/build/vineslam_ros -- -j8 -l8
[0.116s] [  2%] Built target vineslam_ros__cpp
[0.122s] [ 10%] Built target vineslam_ros__rosidl_generator_c
[0.153s] [ 17%] Built target vineslam_ros__rosidl_typesupport_introspection_cpp
[0.158s] [ 25%] Built target vineslam_ros__rosidl_typesupport_cpp
[0.158s] [ 33%] Built target vineslam_ros__rosidl_typesupport_fastrtps_cpp
[0.159s] [ 41%] Built target vineslam_ros__rosidl_typesupport_c
[0.163s] [ 48%] Built target vineslam_ros__rosidl_typesupport_introspection_c
[0.199s] [ 56%] Built target vineslam_ros__rosidl_typesupport_fastrtps_c
[0.228s] [ 56%] Built target vineslam_ros
[0.260s] [35m[1mScanning dependencies of target slam_node[0m
[0.261s] [ 58%] Built target vineslam_ros__py
[0.261s] [35m[1mScanning dependencies of target localization_node[0m
[0.301s] [ 64%] Built target vineslam_ros__python
[0.352s] [ 69%] Built target vineslam_ros__rosidl_typesupport_c__pyext
[0.352s] [ 74%] Built target vineslam_ros__rosidl_typesupport_introspection_c__pyext
[0.364s] [ 79%] Built target vineslam_ros__rosidl_typesupport_fastrtps_c__pyext
[0.437s] [ 82%] [32mBuilding CXX object CMakeFiles/slam_node.dir/src/slam_node.cpp.o[0m
[0.444s] [ 84%] [32mBuilding CXX object CMakeFiles/localization_node.dir/src/localization_node.cpp.o[0m
[57.064s] [ 89%] [32m[1mLinking CXX executable slam_node[0m
[57.064s] [ 89%] [32m[1mLinking CXX executable localization_node[0m
[65.938s] [ 94%] Built target localization_node
[66.003s] [100%] Built target slam_node
[66.057s] Invoked command in '/home/irobot/ros2_ws/build/vineslam_ros' returned '0': CMAKE_PREFIX_PATH=/home/irobot/ros2_ws/install/ublox_msgs:/home/irobot/ros2_ws/install/vineslam:/home/irobot/ros2_ws/install/ublox_serialization:/home/irobot/ros2_ws/install/vineslam_ros:/home/irobot/ros2_ws/install/ublox:/home/irobot/ros2_ws/install/ublox_gps:/home/irobot/ros2_ws/install/livox_ros2_driver:/home/irobot/ros2_ws/install/livox_sdk_vendor:/home/irobot/ros2_ws/install/livox_interfaces:/opt/ros/foxy LD_LIBRARY_PATH=/home/irobot/ros2_ws/install/ublox_msgs/lib:/home/irobot/ros2_ws/install/vineslam_ros/lib:/home/irobot/ros2_ws/install/vineslam/lib:/home/irobot/ros2_ws/install/ublox_gps/lib:/home/irobot/ros2_ws/install/livox_ros2_driver/lib:/home/irobot/ros2_ws/install/livox_interfaces/lib:/opt/ros/foxy/opt/yaml_cpp_vendor/lib:/opt/ros/foxy/opt/rviz_ogre_vendor/lib:/opt/ros/foxy/lib/x86_64-linux-gnu:/opt/ros/foxy/lib PYTHONPATH=/home/irobot/ros2_ws/install/ublox_msgs/lib/python3.8/site-packages:/home/irobot/ros2_ws/install/vineslam_ros/lib/python3.8/site-packages:/home/irobot/ros2_ws/install/livox_interfaces/lib/python3.8/site-packages:/opt/ros/foxy/lib/python3.8/site-packages /usr/bin/cmake --build /home/irobot/ros2_ws/build/vineslam_ros -- -j8 -l8
[66.194s] Invoking command in '/home/irobot/ros2_ws/build/vineslam_ros': CMAKE_PREFIX_PATH=/home/irobot/ros2_ws/install/ublox_msgs:/home/irobot/ros2_ws/install/vineslam:/home/irobot/ros2_ws/install/ublox_serialization:/home/irobot/ros2_ws/install/vineslam_ros:/home/irobot/ros2_ws/install/ublox:/home/irobot/ros2_ws/install/ublox_gps:/home/irobot/ros2_ws/install/livox_ros2_driver:/home/irobot/ros2_ws/install/livox_sdk_vendor:/home/irobot/ros2_ws/install/livox_interfaces:/opt/ros/foxy LD_LIBRARY_PATH=/home/irobot/ros2_ws/install/ublox_msgs/lib:/home/irobot/ros2_ws/install/vineslam_ros/lib:/home/irobot/ros2_ws/install/vineslam/lib:/home/irobot/ros2_ws/install/ublox_gps/lib:/home/irobot/ros2_ws/install/livox_ros2_driver/lib:/home/irobot/ros2_ws/install/livox_interfaces/lib:/opt/ros/foxy/opt/yaml_cpp_vendor/lib:/opt/ros/foxy/opt/rviz_ogre_vendor/lib:/opt/ros/foxy/lib/x86_64-linux-gnu:/opt/ros/foxy/lib PYTHONPATH=/home/irobot/ros2_ws/install/ublox_msgs/lib/python3.8/site-packages:/home/irobot/ros2_ws/install/vineslam_ros/lib/python3.8/site-packages:/home/irobot/ros2_ws/install/livox_interfaces/lib/python3.8/site-packages:/opt/ros/foxy/lib/python3.8/site-packages /usr/bin/cmake --install /home/irobot/ros2_ws/build/vineslam_ros
[66.228s] -- Install configuration: ""
[66.231s] -- Execute custom install script
[66.231s] -- Up-to-date symlink: /home/irobot/ros2_ws/install/vineslam_ros/share/ament_index/resource_index/rosidl_interfaces/vineslam_ros
[66.237s] -- Up-to-date symlink: /home/irobot/ros2_ws/install/vineslam_ros/include/vineslam_ros/msg/rosidl_generator_c__visibility_control.h
[66.237s] -- Up-to-date symlink: /home/irobot/ros2_ws/install/vineslam_ros/include/vineslam_ros/srv/detail/save_map__functions.h
[66.237s] -- Up-to-date symlink: /home/irobot/ros2_ws/install/vineslam_ros/include/vineslam_ros/srv/detail/save_map__struct.h
[66.237s] -- Up-to-date symlink: /home/irobot/ros2_ws/install/vineslam_ros/include/vineslam_ros/srv/detail/save_map__type_support.h
[66.237s] -- Up-to-date symlink: /home/irobot/ros2_ws/install/vineslam_ros/include/vineslam_ros/srv/save_map.h
[66.247s] -- Up-to-date symlink: /home/irobot/ros2_ws/install/vineslam_ros/share/vineslam_ros/environment/library_path.sh
[66.248s] -- Up-to-date symlink: /home/irobot/ros2_ws/install/vineslam_ros/share/vineslam_ros/environment/library_path.dsv
[66.249s] -- Up-to-date symlink: /home/irobot/ros2_ws/install/vineslam_ros/include/vineslam_ros/msg/rosidl_typesupport_fastrtps_c__visibility_control.h
[66.249s] -- Up-to-date symlink: /home/irobot/ros2_ws/install/vineslam_ros/include/vineslam_ros/srv/detail/save_map__rosidl_typesupport_fastrtps_c.h
[66.250s] -- Up-to-date symlink: /home/irobot/ros2_ws/install/vineslam_ros/lib/libvineslam_ros__rosidl_typesupport_fastrtps_c.so
[66.250s] -- Up-to-date symlink: /home/irobot/ros2_ws/install/vineslam_ros/include/vineslam_ros/msg/rosidl_typesupport_fastrtps_cpp__visibility_control.h
[66.251s] -- Up-to-date symlink: /home/irobot/ros2_ws/install/vineslam_ros/include/vineslam_ros/srv/detail/save_map__rosidl_typesupport_fastrtps_cpp.hpp
[66.251s] -- Up-to-date symlink: /home/irobot/ros2_ws/install/vineslam_ros/lib/libvineslam_ros__rosidl_typesupport_fastrtps_cpp.so
[66.252s] -- Up-to-date symlink: /home/irobot/ros2_ws/install/vineslam_ros/include/vineslam_ros/msg/rosidl_typesupport_introspection_c__visibility_control.h
[66.252s] -- Up-to-date symlink: /home/irobot/ros2_ws/install/vineslam_ros/include/vineslam_ros/srv/detail/save_map__rosidl_typesupport_introspection_c.h
[66.253s] -- Up-to-date symlink: /home/irobot/ros2_ws/install/vineslam_ros/include/vineslam_ros/msg/rosidl_generator_cpp__visibility_control.hpp
[66.254s] -- Up-to-date symlink: /home/irobot/ros2_ws/install/vineslam_ros/include/vineslam_ros/srv/detail/save_map__builder.hpp
[66.254s] -- Up-to-date symlink: /home/irobot/ros2_ws/install/vineslam_ros/include/vineslam_ros/srv/detail/save_map__struct.hpp
[66.254s] -- Up-to-date symlink: /home/irobot/ros2_ws/install/vineslam_ros/include/vineslam_ros/srv/detail/save_map__traits.hpp
[66.255s] -- Up-to-date symlink: /home/irobot/ros2_ws/install/vineslam_ros/include/vineslam_ros/srv/detail/save_map__type_support.hpp
[66.255s] -- Up-to-date symlink: /home/irobot/ros2_ws/install/vineslam_ros/include/vineslam_ros/srv/save_map.hpp
[66.256s] -- Up-to-date symlink: /home/irobot/ros2_ws/install/vineslam_ros/include/vineslam_ros/srv/detail/save_map__rosidl_typesupport_introspection_cpp.hpp
[66.258s] -- Up-to-date symlink: /home/irobot/ros2_ws/install/vineslam_ros/share/vineslam_ros/environment/pythonpath.sh
[66.259s] -- Up-to-date symlink: /home/irobot/ros2_ws/install/vineslam_ros/share/vineslam_ros/environment/pythonpath.dsv
[66.259s] -- Up-to-date symlink: /home/irobot/ros2_ws/install/vineslam_ros/lib/python3.8/site-packages/vineslam_ros/__init__.py
[66.260s] -- Up-to-date symlink: /home/irobot/ros2_ws/install/vineslam_ros/lib/python3.8/site-packages/vineslam_ros/srv/__init__.py
[66.260s] -- Up-to-date symlink: /home/irobot/ros2_ws/install/vineslam_ros/lib/python3.8/site-packages/vineslam_ros/srv/_save_map.py
[66.260s] -- Up-to-date symlink: /home/irobot/ros2_ws/install/vineslam_ros/lib/python3.8/site-packages/vineslam_ros/vineslam_ros_s__rosidl_typesupport_fastrtps_c.cpython-38-x86_64-linux-gnu.so
[66.261s] -- Up-to-date symlink: /home/irobot/ros2_ws/install/vineslam_ros/lib/python3.8/site-packages/vineslam_ros/vineslam_ros_s__rosidl_typesupport_introspection_c.cpython-38-x86_64-linux-gnu.so
[66.261s] -- Up-to-date symlink: /home/irobot/ros2_ws/install/vineslam_ros/lib/python3.8/site-packages/vineslam_ros/vineslam_ros_s__rosidl_typesupport_c.cpython-38-x86_64-linux-gnu.so
[66.261s] -- Up-to-date symlink: /home/irobot/ros2_ws/install/vineslam_ros/lib/libvineslam_ros__python.so
[66.261s] -- Up-to-date symlink: /home/irobot/ros2_ws/install/vineslam_ros/share/vineslam_ros/srv/SaveMap.idl
[66.267s] -- Up-to-date symlink: /home/irobot/ros2_ws/install/vineslam_ros/share/vineslam_ros/srv/SaveMap.srv
[66.272s] -- Up-to-date symlink: /home/irobot/ros2_ws/install/vineslam_ros/share/vineslam_ros/srv/SaveMap_Request.msg
[66.277s] -- Up-to-date symlink: /home/irobot/ros2_ws/install/vineslam_ros/share/vineslam_ros/srv/SaveMap_Response.msg
[66.277s] -- Up-to-date symlink: /home/irobot/ros2_ws/install/vineslam_ros/lib/vineslam_ros/slam_node
[66.278s] -- Up-to-date symlink: /home/irobot/ros2_ws/install/vineslam_ros/lib/vineslam_ros/localization_node
[66.278s] -- Up-to-date symlink: /home/irobot/ros2_ws/install/vineslam_ros/share/ament_index/resource_index/package_run_dependencies/vineslam_ros
[66.281s] -- Up-to-date symlink: /home/irobot/ros2_ws/install/vineslam_ros/share/ament_index/resource_index/parent_prefix_path/vineslam_ros
[66.312s] -- Up-to-date symlink: /home/irobot/ros2_ws/install/vineslam_ros/share/vineslam_ros/environment/ament_prefix_path.sh
[66.312s] -- Up-to-date symlink: /home/irobot/ros2_ws/install/vineslam_ros/share/vineslam_ros/environment/ament_prefix_path.dsv
[66.317s] -- Up-to-date symlink: /home/irobot/ros2_ws/install/vineslam_ros/share/vineslam_ros/environment/path.sh
[66.325s] -- Up-to-date symlink: /home/irobot/ros2_ws/install/vineslam_ros/share/vineslam_ros/environment/path.dsv
[66.325s] -- Up-to-date symlink: /home/irobot/ros2_ws/install/vineslam_ros/share/vineslam_ros/local_setup.bash
[66.329s] -- Up-to-date symlink: /home/irobot/ros2_ws/install/vineslam_ros/share/vineslam_ros/local_setup.sh
[66.334s] -- Up-to-date symlink: /home/irobot/ros2_ws/install/vineslam_ros/share/vineslam_ros/local_setup.zsh
[66.334s] -- Up-to-date symlink: /home/irobot/ros2_ws/install/vineslam_ros/share/vineslam_ros/local_setup.dsv
[66.334s] -- Symlinking: /home/irobot/ros2_ws/install/vineslam_ros/share/vineslam_ros/package.dsv
[66.350s] -- Up-to-date symlink: /home/irobot/ros2_ws/install/vineslam_ros/share/ament_index/resource_index/packages/vineslam_ros
[66.350s] -- Up-to-date symlink: /home/irobot/ros2_ws/install/vineslam_ros/share/vineslam_ros/cmake/rosidl_cmake-extras.cmake
[66.350s] -- Up-to-date symlink: /home/irobot/ros2_ws/install/vineslam_ros/share/vineslam_ros/cmake/ament_cmake_export_dependencies-extras.cmake
[66.356s] -- Up-to-date symlink: /home/irobot/ros2_ws/install/vineslam_ros/share/vineslam_ros/cmake/ament_cmake_export_libraries-extras.cmake
[66.357s] -- Up-to-date symlink: /home/irobot/ros2_ws/install/vineslam_ros/share/vineslam_ros/cmake/ament_cmake_export_targets-extras.cmake
[66.358s] -- Up-to-date symlink: /home/irobot/ros2_ws/install/vineslam_ros/share/vineslam_ros/cmake/ament_cmake_export_include_directories-extras.cmake
[66.360s] -- Up-to-date symlink: /home/irobot/ros2_ws/install/vineslam_ros/share/vineslam_ros/cmake/rosidl_cmake_export_typesupport_libraries-extras.cmake
[66.360s] -- Up-to-date symlink: /home/irobot/ros2_ws/install/vineslam_ros/share/vineslam_ros/cmake/rosidl_cmake_export_typesupport_targets-extras.cmake
[66.363s] -- Up-to-date symlink: /home/irobot/ros2_ws/install/vineslam_ros/share/vineslam_ros/cmake/vineslam_rosConfig.cmake
[66.367s] -- Up-to-date symlink: /home/irobot/ros2_ws/install/vineslam_ros/share/vineslam_ros/cmake/vineslam_rosConfig-version.cmake
[66.367s] -- Up-to-date symlink: /home/irobot/ros2_ws/install/vineslam_ros/share/vineslam_ros/package.xml
[66.374s] -- Up-to-date: /home/irobot/ros2_ws/install/vineslam_ros/lib/libvineslam_ros__rosidl_generator_c.so
[66.375s] -- Up-to-date: /home/irobot/ros2_ws/install/vineslam_ros/lib/libvineslam_ros__rosidl_typesupport_introspection_c.so
[66.377s] -- Up-to-date: /home/irobot/ros2_ws/install/vineslam_ros/lib/libvineslam_ros__rosidl_typesupport_c.so
[66.377s] -- Up-to-date: /home/irobot/ros2_ws/install/vineslam_ros/lib/libvineslam_ros__rosidl_typesupport_introspection_cpp.so
[66.377s] -- Up-to-date: /home/irobot/ros2_ws/install/vineslam_ros/lib/libvineslam_ros__rosidl_typesupport_cpp.so
[66.524s] -- Up-to-date: /home/irobot/ros2_ws/install/vineslam_ros/share/vineslam_ros/cmake/vineslam_ros__rosidl_generator_cExport.cmake
[66.524s] -- Up-to-date: /home/irobot/ros2_ws/install/vineslam_ros/share/vineslam_ros/cmake/vineslam_ros__rosidl_generator_cExport-noconfig.cmake
[66.527s] -- Up-to-date: /home/irobot/ros2_ws/install/vineslam_ros/share/vineslam_ros/cmake/vineslam_ros__rosidl_typesupport_introspection_cExport.cmake
[66.527s] -- Up-to-date: /home/irobot/ros2_ws/install/vineslam_ros/share/vineslam_ros/cmake/vineslam_ros__rosidl_typesupport_introspection_cExport-noconfig.cmake
[66.532s] -- Up-to-date: /home/irobot/ros2_ws/install/vineslam_ros/share/vineslam_ros/cmake/vineslam_ros__rosidl_typesupport_cExport.cmake
[66.532s] -- Up-to-date: /home/irobot/ros2_ws/install/vineslam_ros/share/vineslam_ros/cmake/vineslam_ros__rosidl_typesupport_cExport-noconfig.cmake
[66.536s] -- Up-to-date: /home/irobot/ros2_ws/install/vineslam_ros/share/vineslam_ros/cmake/vineslam_ros__rosidl_generator_cppExport.cmake
[66.538s] -- Up-to-date: /home/irobot/ros2_ws/install/vineslam_ros/share/vineslam_ros/cmake/vineslam_ros__rosidl_typesupport_introspection_cppExport.cmake
[66.539s] -- Up-to-date: /home/irobot/ros2_ws/install/vineslam_ros/share/vineslam_ros/cmake/vineslam_ros__rosidl_typesupport_introspection_cppExport-noconfig.cmake
[66.541s] -- Up-to-date: /home/irobot/ros2_ws/install/vineslam_ros/share/vineslam_ros/cmake/vineslam_ros__rosidl_typesupport_cppExport.cmake
[66.542s] -- Up-to-date: /home/irobot/ros2_ws/install/vineslam_ros/share/vineslam_ros/cmake/vineslam_ros__rosidl_typesupport_cppExport-noconfig.cmake
[66.547s] Invoked command in '/home/irobot/ros2_ws/build/vineslam_ros' returned '0': CMAKE_PREFIX_PATH=/home/irobot/ros2_ws/install/ublox_msgs:/home/irobot/ros2_ws/install/vineslam:/home/irobot/ros2_ws/install/ublox_serialization:/home/irobot/ros2_ws/install/vineslam_ros:/home/irobot/ros2_ws/install/ublox:/home/irobot/ros2_ws/install/ublox_gps:/home/irobot/ros2_ws/install/livox_ros2_driver:/home/irobot/ros2_ws/install/livox_sdk_vendor:/home/irobot/ros2_ws/install/livox_interfaces:/opt/ros/foxy LD_LIBRARY_PATH=/home/irobot/ros2_ws/install/ublox_msgs/lib:/home/irobot/ros2_ws/install/vineslam_ros/lib:/home/irobot/ros2_ws/install/vineslam/lib:/home/irobot/ros2_ws/install/ublox_gps/lib:/home/irobot/ros2_ws/install/livox_ros2_driver/lib:/home/irobot/ros2_ws/install/livox_interfaces/lib:/opt/ros/foxy/opt/yaml_cpp_vendor/lib:/opt/ros/foxy/opt/rviz_ogre_vendor/lib:/opt/ros/foxy/lib/x86_64-linux-gnu:/opt/ros/foxy/lib PYTHONPATH=/home/irobot/ros2_ws/install/ublox_msgs/lib/python3.8/site-packages:/home/irobot/ros2_ws/install/vineslam_ros/lib/python3.8/site-packages:/home/irobot/ros2_ws/install/livox_interfaces/lib/python3.8/site-packages:/opt/ros/foxy/lib/python3.8/site-packages /usr/bin/cmake --install /home/irobot/ros2_ws/build/vineslam_ros
