[0.049s] Invoking command in '/home/irobot/ros2_ws/build/livox_ros2_driver': CMAKE_PREFIX_PATH=/home/irobot/ros2_ws/install/livox_sdk_vendor:/home/irobot/ros2_ws/install/livox_interfaces:/home/irobot/ros2_ws/install/vineslam_ros:/home/irobot/ros2_ws/install/vineslam:/home/irobot/ros2_ws/install/ublox:/home/irobot/ros2_ws/install/ublox_gps:/home/irobot/ros2_ws/install/ublox_msgs:/home/irobot/ros2_ws/install/ublox_serialization:/home/irobot/ros2_ws/install/livox_ros2_driver:/opt/ros/foxy LD_LIBRARY_PATH=/home/irobot/ros2_ws/install/livox_interfaces/lib:/home/irobot/ros2_ws/install/vineslam_ros/lib:/home/irobot/ros2_ws/install/vineslam/lib:/home/irobot/ros2_ws/install/ublox_gps/lib:/home/irobot/ros2_ws/install/ublox_msgs/lib:/home/irobot/ros2_ws/install/livox_ros2_driver/lib:/opt/ros/foxy/opt/yaml_cpp_vendor/lib:/opt/ros/foxy/opt/rviz_ogre_vendor/lib:/opt/ros/foxy/lib/x86_64-linux-gnu:/opt/ros/foxy/lib PYTHONPATH=/home/irobot/ros2_ws/install/livox_interfaces/lib/python3.8/site-packages:/home/irobot/ros2_ws/install/vineslam_ros/lib/python3.8/site-packages:/home/irobot/ros2_ws/install/ublox_msgs/lib/python3.8/site-packages:/opt/ros/foxy/lib/python3.8/site-packages /usr/bin/cmake --build /home/irobot/ros2_ws/build/livox_ros2_driver -- -j8 -l8
[2.568s] [ 12%] Built target livox_ros2_driver_node
[2.633s] [100%] Built target livox_ros2_driver
[2.645s] Invoked command in '/home/irobot/ros2_ws/build/livox_ros2_driver' returned '0': CMAKE_PREFIX_PATH=/home/irobot/ros2_ws/install/livox_sdk_vendor:/home/irobot/ros2_ws/install/livox_interfaces:/home/irobot/ros2_ws/install/vineslam_ros:/home/irobot/ros2_ws/install/vineslam:/home/irobot/ros2_ws/install/ublox:/home/irobot/ros2_ws/install/ublox_gps:/home/irobot/ros2_ws/install/ublox_msgs:/home/irobot/ros2_ws/install/ublox_serialization:/home/irobot/ros2_ws/install/livox_ros2_driver:/opt/ros/foxy LD_LIBRARY_PATH=/home/irobot/ros2_ws/install/livox_interfaces/lib:/home/irobot/ros2_ws/install/vineslam_ros/lib:/home/irobot/ros2_ws/install/vineslam/lib:/home/irobot/ros2_ws/install/ublox_gps/lib:/home/irobot/ros2_ws/install/ublox_msgs/lib:/home/irobot/ros2_ws/install/livox_ros2_driver/lib:/opt/ros/foxy/opt/yaml_cpp_vendor/lib:/opt/ros/foxy/opt/rviz_ogre_vendor/lib:/opt/ros/foxy/lib/x86_64-linux-gnu:/opt/ros/foxy/lib PYTHONPATH=/home/irobot/ros2_ws/install/livox_interfaces/lib/python3.8/site-packages:/home/irobot/ros2_ws/install/vineslam_ros/lib/python3.8/site-packages:/home/irobot/ros2_ws/install/ublox_msgs/lib/python3.8/site-packages:/opt/ros/foxy/lib/python3.8/site-packages /usr/bin/cmake --build /home/irobot/ros2_ws/build/livox_ros2_driver -- -j8 -l8
[2.725s] Invoking command in '/home/irobot/ros2_ws/build/livox_ros2_driver': CMAKE_PREFIX_PATH=/home/irobot/ros2_ws/install/livox_sdk_vendor:/home/irobot/ros2_ws/install/livox_interfaces:/home/irobot/ros2_ws/install/vineslam_ros:/home/irobot/ros2_ws/install/vineslam:/home/irobot/ros2_ws/install/ublox:/home/irobot/ros2_ws/install/ublox_gps:/home/irobot/ros2_ws/install/ublox_msgs:/home/irobot/ros2_ws/install/ublox_serialization:/home/irobot/ros2_ws/install/livox_ros2_driver:/opt/ros/foxy LD_LIBRARY_PATH=/home/irobot/ros2_ws/install/livox_interfaces/lib:/home/irobot/ros2_ws/install/vineslam_ros/lib:/home/irobot/ros2_ws/install/vineslam/lib:/home/irobot/ros2_ws/install/ublox_gps/lib:/home/irobot/ros2_ws/install/ublox_msgs/lib:/home/irobot/ros2_ws/install/livox_ros2_driver/lib:/opt/ros/foxy/opt/yaml_cpp_vendor/lib:/opt/ros/foxy/opt/rviz_ogre_vendor/lib:/opt/ros/foxy/lib/x86_64-linux-gnu:/opt/ros/foxy/lib PYTHONPATH=/home/irobot/ros2_ws/install/livox_interfaces/lib/python3.8/site-packages:/home/irobot/ros2_ws/install/vineslam_ros/lib/python3.8/site-packages:/home/irobot/ros2_ws/install/ublox_msgs/lib/python3.8/site-packages:/opt/ros/foxy/lib/python3.8/site-packages /usr/bin/cmake --install /home/irobot/ros2_ws/build/livox_ros2_driver
[2.742s] -- Install configuration: ""
[2.753s] -- Execute custom install script
[2.759s] -- Up-to-date symlink: /home/irobot/ros2_ws/install/livox_ros2_driver/lib/livox_ros2_driver/livox_ros2_driver_node
[2.760s] -- Up-to-date symlink: /home/irobot/ros2_ws/install/livox_ros2_driver/share/livox_ros2_driver/environment/library_path.sh
[2.760s] -- Up-to-date symlink: /home/irobot/ros2_ws/install/livox_ros2_driver/share/livox_ros2_driver/environment/library_path.dsv
[2.764s] -- Up-to-date symlink: /home/irobot/ros2_ws/install/livox_ros2_driver/lib/liblivox_ros2_driver.so
[2.769s] -- Up-to-date symlink: /home/irobot/ros2_ws/install/livox_ros2_driver/share/livox_ros2_driver/config/livox_hub.rviz
[2.770s] -- Up-to-date symlink: /home/irobot/ros2_ws/install/livox_ros2_driver/share/livox_ros2_driver/config/livox_hub_config.json
[2.770s] -- Up-to-date symlink: /home/irobot/ros2_ws/install/livox_ros2_driver/share/livox_ros2_driver/config/livox_lidar.rviz
[2.770s] -- Up-to-date symlink: /home/irobot/ros2_ws/install/livox_ros2_driver/share/livox_ros2_driver/config/livox_lidar_config.json
[2.771s] -- Up-to-date symlink: /home/irobot/ros2_ws/install/livox_ros2_driver/share/livox_ros2_driver/launch/livox_hub_launch.py
[2.772s] -- Up-to-date symlink: /home/irobot/ros2_ws/install/livox_ros2_driver/share/livox_ros2_driver/launch/livox_hub_msg_launch .py
[2.772s] -- Up-to-date symlink: /home/irobot/ros2_ws/install/livox_ros2_driver/share/livox_ros2_driver/launch/livox_hub_rviz_launch.py
[2.772s] -- Up-to-date symlink: /home/irobot/ros2_ws/install/livox_ros2_driver/share/livox_ros2_driver/launch/livox_lidar_launch.py
[2.772s] -- Up-to-date symlink: /home/irobot/ros2_ws/install/livox_ros2_driver/share/livox_ros2_driver/launch/livox_lidar_msg_launch.py
[2.773s] -- Up-to-date symlink: /home/irobot/ros2_ws/install/livox_ros2_driver/share/livox_ros2_driver/launch/livox_lidar_rviz_launch.py
[2.773s] -- Up-to-date symlink: /home/irobot/ros2_ws/install/livox_ros2_driver/share/livox_ros2_driver/launch/livox_template_launch.py
[2.774s] -- Up-to-date symlink: /home/irobot/ros2_ws/install/livox_ros2_driver/share/ament_index/resource_index/package_run_dependencies/livox_ros2_driver
[2.774s] -- Up-to-date symlink: /home/irobot/ros2_ws/install/livox_ros2_driver/share/ament_index/resource_index/parent_prefix_path/livox_ros2_driver
[2.775s] -- Up-to-date symlink: /home/irobot/ros2_ws/install/livox_ros2_driver/share/livox_ros2_driver/environment/ament_prefix_path.sh
[2.775s] -- Up-to-date symlink: /home/irobot/ros2_ws/install/livox_ros2_driver/share/livox_ros2_driver/environment/ament_prefix_path.dsv
[2.776s] -- Up-to-date symlink: /home/irobot/ros2_ws/install/livox_ros2_driver/share/livox_ros2_driver/environment/path.sh
[2.777s] -- Up-to-date symlink: /home/irobot/ros2_ws/install/livox_ros2_driver/share/livox_ros2_driver/environment/path.dsv
[2.779s] -- Up-to-date symlink: /home/irobot/ros2_ws/install/livox_ros2_driver/share/livox_ros2_driver/local_setup.bash
[2.779s] -- Up-to-date symlink: /home/irobot/ros2_ws/install/livox_ros2_driver/share/livox_ros2_driver/local_setup.sh
[2.780s] -- Up-to-date symlink: /home/irobot/ros2_ws/install/livox_ros2_driver/share/livox_ros2_driver/local_setup.zsh
[2.780s] -- Up-to-date symlink: /home/irobot/ros2_ws/install/livox_ros2_driver/share/livox_ros2_driver/local_setup.dsv
[2.780s] -- Symlinking: /home/irobot/ros2_ws/install/livox_ros2_driver/share/livox_ros2_driver/package.dsv
[2.793s] -- Up-to-date symlink: /home/irobot/ros2_ws/install/livox_ros2_driver/share/ament_index/resource_index/packages/livox_ros2_driver
[2.793s] -- Up-to-date symlink: /home/irobot/ros2_ws/install/livox_ros2_driver/share/ament_index/resource_index/rclcpp_components/livox_ros2_driver
[2.793s] -- Up-to-date symlink: /home/irobot/ros2_ws/install/livox_ros2_driver/share/livox_ros2_driver/cmake/ament_cmake_export_dependencies-extras.cmake
[2.794s] -- Up-to-date symlink: /home/irobot/ros2_ws/install/livox_ros2_driver/share/livox_ros2_driver/cmake/ament_cmake_export_libraries-extras.cmake
[2.795s] -- Up-to-date symlink: /home/irobot/ros2_ws/install/livox_ros2_driver/share/livox_ros2_driver/cmake/livox_ros2_driverConfig.cmake
[2.795s] -- Up-to-date symlink: /home/irobot/ros2_ws/install/livox_ros2_driver/share/livox_ros2_driver/cmake/livox_ros2_driverConfig-version.cmake
[2.796s] -- Up-to-date symlink: /home/irobot/ros2_ws/install/livox_ros2_driver/share/livox_ros2_driver/package.xml
[2.863s] Invoked command in '/home/irobot/ros2_ws/build/livox_ros2_driver' returned '0': CMAKE_PREFIX_PATH=/home/irobot/ros2_ws/install/livox_sdk_vendor:/home/irobot/ros2_ws/install/livox_interfaces:/home/irobot/ros2_ws/install/vineslam_ros:/home/irobot/ros2_ws/install/vineslam:/home/irobot/ros2_ws/install/ublox:/home/irobot/ros2_ws/install/ublox_gps:/home/irobot/ros2_ws/install/ublox_msgs:/home/irobot/ros2_ws/install/ublox_serialization:/home/irobot/ros2_ws/install/livox_ros2_driver:/opt/ros/foxy LD_LIBRARY_PATH=/home/irobot/ros2_ws/install/livox_interfaces/lib:/home/irobot/ros2_ws/install/vineslam_ros/lib:/home/irobot/ros2_ws/install/vineslam/lib:/home/irobot/ros2_ws/install/ublox_gps/lib:/home/irobot/ros2_ws/install/ublox_msgs/lib:/home/irobot/ros2_ws/install/livox_ros2_driver/lib:/opt/ros/foxy/opt/yaml_cpp_vendor/lib:/opt/ros/foxy/opt/rviz_ogre_vendor/lib:/opt/ros/foxy/lib/x86_64-linux-gnu:/opt/ros/foxy/lib PYTHONPATH=/home/irobot/ros2_ws/install/livox_interfaces/lib/python3.8/site-packages:/home/irobot/ros2_ws/install/vineslam_ros/lib/python3.8/site-packages:/home/irobot/ros2_ws/install/ublox_msgs/lib/python3.8/site-packages:/opt/ros/foxy/lib/python3.8/site-packages /usr/bin/cmake --install /home/irobot/ros2_ws/build/livox_ros2_driver
