[0.282s] Invoking command in '/home/irobot/ros2_ws/build/vineslam_ros': AMENT_PREFIX_PATH=/home/irobot/ros2_ws/install/ublox_msgs:/home/irobot/ros2_ws/install/vineslam:${AMENT_PREFIX_PATH} CMAKE_PREFIX_PATH=/home/irobot/ros2_ws/install/ublox_msgs:/home/irobot/ros2_ws/install/vineslam:/home/irobot/ros2_ws/install/ublox_serialization:/opt/ros/foxy LD_LIBRARY_PATH=/home/irobot/ros2_ws/install/ublox_msgs/lib:/home/irobot/ros2_ws/install/vineslam/lib:${LD_LIBRARY_PATH} PYTHONPATH=/home/irobot/ros2_ws/install/ublox_msgs/lib/python3.8/site-packages:${PYTHONPATH} /usr/bin/cmake --build /home/irobot/ros2_ws/build/vineslam_ros -- -j8 -l8
[0.359s] [  2%] Built target vineslam_ros__cpp
[0.360s] [ 10%] Built target vineslam_ros__rosidl_generator_c
[0.382s] [ 17%] Built target vineslam_ros__rosidl_typesupport_c
[0.382s] [ 25%] Built target vineslam_ros__rosidl_typesupport_introspection_c
[0.391s] [ 33%] Built target vineslam_ros__rosidl_typesupport_fastrtps_cpp
[0.391s] [ 41%] Built target vineslam_ros__rosidl_typesupport_introspection_cpp
[0.392s] [ 48%] Built target vineslam_ros__rosidl_typesupport_cpp
[0.424s] [ 56%] Built target vineslam_ros__rosidl_typesupport_fastrtps_c
[0.450s] [ 56%] Built target vineslam_ros
[0.478s] [ 58%] Built target vineslam_ros__py
[0.517s] [ 64%] Built target vineslam_ros__python
[0.520s] [ 74%] Built target localization_node
[0.524s] [ 84%] Built target slam_node
[0.547s] [ 89%] Built target vineslam_ros__rosidl_typesupport_introspection_c__pyext
[0.553s] [ 94%] Built target vineslam_ros__rosidl_typesupport_fastrtps_c__pyext
[0.555s] [100%] Built target vineslam_ros__rosidl_typesupport_c__pyext
[1.782s] Invoked command in '/home/irobot/ros2_ws/build/vineslam_ros' returned '0': AMENT_PREFIX_PATH=/home/irobot/ros2_ws/install/ublox_msgs:/home/irobot/ros2_ws/install/vineslam:${AMENT_PREFIX_PATH} CMAKE_PREFIX_PATH=/home/irobot/ros2_ws/install/ublox_msgs:/home/irobot/ros2_ws/install/vineslam:/home/irobot/ros2_ws/install/ublox_serialization:/opt/ros/foxy LD_LIBRARY_PATH=/home/irobot/ros2_ws/install/ublox_msgs/lib:/home/irobot/ros2_ws/install/vineslam/lib:${LD_LIBRARY_PATH} PYTHONPATH=/home/irobot/ros2_ws/install/ublox_msgs/lib/python3.8/site-packages:${PYTHONPATH} /usr/bin/cmake --build /home/irobot/ros2_ws/build/vineslam_ros -- -j8 -l8
[2.708s] Invoking command in '/home/irobot/ros2_ws/build/vineslam_ros': AMENT_PREFIX_PATH=/home/irobot/ros2_ws/install/ublox_msgs:/home/irobot/ros2_ws/install/vineslam:${AMENT_PREFIX_PATH} CMAKE_PREFIX_PATH=/home/irobot/ros2_ws/install/ublox_msgs:/home/irobot/ros2_ws/install/vineslam:/home/irobot/ros2_ws/install/ublox_serialization:/opt/ros/foxy LD_LIBRARY_PATH=/home/irobot/ros2_ws/install/ublox_msgs/lib:/home/irobot/ros2_ws/install/vineslam/lib:${LD_LIBRARY_PATH} PYTHONPATH=/home/irobot/ros2_ws/install/ublox_msgs/lib/python3.8/site-packages:${PYTHONPATH} /usr/bin/cmake --install /home/irobot/ros2_ws/build/vineslam_ros
[2.719s] -- Install configuration: ""
[2.719s] -- Execute custom install script
[2.720s] -- Up-to-date symlink: /home/irobot/ros2_ws/install/vineslam_ros/share/ament_index/resource_index/rosidl_interfaces/vineslam_ros
[2.720s] -- Up-to-date symlink: /home/irobot/ros2_ws/install/vineslam_ros/include/vineslam_ros/msg/rosidl_generator_c__visibility_control.h
[2.720s] -- Up-to-date symlink: /home/irobot/ros2_ws/install/vineslam_ros/include/vineslam_ros/srv/detail/save_map__functions.h
[2.720s] -- Up-to-date symlink: /home/irobot/ros2_ws/install/vineslam_ros/include/vineslam_ros/srv/detail/save_map__struct.h
[2.720s] -- Up-to-date symlink: /home/irobot/ros2_ws/install/vineslam_ros/include/vineslam_ros/srv/detail/save_map__type_support.h
[2.720s] -- Up-to-date symlink: /home/irobot/ros2_ws/install/vineslam_ros/include/vineslam_ros/srv/save_map.h
[2.721s] -- Up-to-date symlink: /home/irobot/ros2_ws/install/vineslam_ros/share/vineslam_ros/environment/library_path.sh
[2.721s] -- Up-to-date symlink: /home/irobot/ros2_ws/install/vineslam_ros/share/vineslam_ros/environment/library_path.dsv
[2.721s] -- Up-to-date symlink: /home/irobot/ros2_ws/install/vineslam_ros/include/vineslam_ros/msg/rosidl_typesupport_fastrtps_c__visibility_control.h
[2.721s] -- Up-to-date symlink: /home/irobot/ros2_ws/install/vineslam_ros/include/vineslam_ros/srv/detail/save_map__rosidl_typesupport_fastrtps_c.h
[2.722s] -- Up-to-date symlink: /home/irobot/ros2_ws/install/vineslam_ros/lib/libvineslam_ros__rosidl_typesupport_fastrtps_c.so
[2.722s] -- Up-to-date symlink: /home/irobot/ros2_ws/install/vineslam_ros/include/vineslam_ros/msg/rosidl_typesupport_fastrtps_cpp__visibility_control.h
[2.722s] -- Up-to-date symlink: /home/irobot/ros2_ws/install/vineslam_ros/include/vineslam_ros/srv/detail/save_map__rosidl_typesupport_fastrtps_cpp.hpp
[2.722s] -- Up-to-date symlink: /home/irobot/ros2_ws/install/vineslam_ros/lib/libvineslam_ros__rosidl_typesupport_fastrtps_cpp.so
[2.723s] -- Up-to-date symlink: /home/irobot/ros2_ws/install/vineslam_ros/include/vineslam_ros/msg/rosidl_typesupport_introspection_c__visibility_control.h
[2.723s] -- Up-to-date symlink: /home/irobot/ros2_ws/install/vineslam_ros/include/vineslam_ros/srv/detail/save_map__rosidl_typesupport_introspection_c.h
[2.723s] -- Up-to-date symlink: /home/irobot/ros2_ws/install/vineslam_ros/include/vineslam_ros/msg/rosidl_generator_cpp__visibility_control.hpp
[2.724s] -- Up-to-date symlink: /home/irobot/ros2_ws/install/vineslam_ros/include/vineslam_ros/srv/detail/save_map__builder.hpp
[2.724s] -- Up-to-date symlink: /home/irobot/ros2_ws/install/vineslam_ros/include/vineslam_ros/srv/detail/save_map__struct.hpp
[2.724s] -- Up-to-date symlink: /home/irobot/ros2_ws/install/vineslam_ros/include/vineslam_ros/srv/detail/save_map__traits.hpp
[2.724s] -- Up-to-date symlink: /home/irobot/ros2_ws/install/vineslam_ros/include/vineslam_ros/srv/detail/save_map__type_support.hpp
[2.724s] -- Up-to-date symlink: /home/irobot/ros2_ws/install/vineslam_ros/include/vineslam_ros/srv/save_map.hpp
[2.724s] -- Up-to-date symlink: /home/irobot/ros2_ws/install/vineslam_ros/include/vineslam_ros/srv/detail/save_map__rosidl_typesupport_introspection_cpp.hpp
[2.725s] -- Up-to-date symlink: /home/irobot/ros2_ws/install/vineslam_ros/share/vineslam_ros/environment/pythonpath.sh
[2.725s] -- Up-to-date symlink: /home/irobot/ros2_ws/install/vineslam_ros/share/vineslam_ros/environment/pythonpath.dsv
[2.725s] -- Up-to-date symlink: /home/irobot/ros2_ws/install/vineslam_ros/lib/python3.8/site-packages/vineslam_ros/__init__.py
[2.725s] -- Up-to-date symlink: /home/irobot/ros2_ws/install/vineslam_ros/lib/python3.8/site-packages/vineslam_ros/srv/__init__.py
[2.726s] -- Up-to-date symlink: /home/irobot/ros2_ws/install/vineslam_ros/lib/python3.8/site-packages/vineslam_ros/srv/_save_map.py
[2.726s] -- Up-to-date symlink: /home/irobot/ros2_ws/install/vineslam_ros/lib/python3.8/site-packages/vineslam_ros/vineslam_ros_s__rosidl_typesupport_fastrtps_c.cpython-38-x86_64-linux-gnu.so
[2.726s] -- Up-to-date symlink: /home/irobot/ros2_ws/install/vineslam_ros/lib/python3.8/site-packages/vineslam_ros/vineslam_ros_s__rosidl_typesupport_introspection_c.cpython-38-x86_64-linux-gnu.so
[2.726s] -- Up-to-date symlink: /home/irobot/ros2_ws/install/vineslam_ros/lib/python3.8/site-packages/vineslam_ros/vineslam_ros_s__rosidl_typesupport_c.cpython-38-x86_64-linux-gnu.so
[2.727s] -- Up-to-date symlink: /home/irobot/ros2_ws/install/vineslam_ros/lib/libvineslam_ros__python.so
[2.727s] -- Up-to-date symlink: /home/irobot/ros2_ws/install/vineslam_ros/share/vineslam_ros/srv/SaveMap.idl
[2.727s] -- Up-to-date symlink: /home/irobot/ros2_ws/install/vineslam_ros/share/vineslam_ros/srv/SaveMap.srv
[2.727s] -- Up-to-date symlink: /home/irobot/ros2_ws/install/vineslam_ros/share/vineslam_ros/srv/SaveMap_Request.msg
[2.727s] -- Up-to-date symlink: /home/irobot/ros2_ws/install/vineslam_ros/share/vineslam_ros/srv/SaveMap_Response.msg
[2.728s] -- Up-to-date symlink: /home/irobot/ros2_ws/install/vineslam_ros/lib/vineslam_ros/slam_node
[2.728s] -- Up-to-date symlink: /home/irobot/ros2_ws/install/vineslam_ros/lib/vineslam_ros/localization_node
[2.728s] -- Up-to-date symlink: /home/irobot/ros2_ws/install/vineslam_ros/share/ament_index/resource_index/package_run_dependencies/vineslam_ros
[2.728s] -- Up-to-date symlink: /home/irobot/ros2_ws/install/vineslam_ros/share/ament_index/resource_index/parent_prefix_path/vineslam_ros
[2.729s] -- Up-to-date symlink: /home/irobot/ros2_ws/install/vineslam_ros/share/vineslam_ros/environment/ament_prefix_path.sh
[2.729s] -- Up-to-date symlink: /home/irobot/ros2_ws/install/vineslam_ros/share/vineslam_ros/environment/ament_prefix_path.dsv
[2.729s] -- Up-to-date symlink: /home/irobot/ros2_ws/install/vineslam_ros/share/vineslam_ros/environment/path.sh
[2.729s] -- Up-to-date symlink: /home/irobot/ros2_ws/install/vineslam_ros/share/vineslam_ros/environment/path.dsv
[2.729s] -- Up-to-date symlink: /home/irobot/ros2_ws/install/vineslam_ros/share/vineslam_ros/local_setup.bash
[2.730s] -- Up-to-date symlink: /home/irobot/ros2_ws/install/vineslam_ros/share/vineslam_ros/local_setup.sh
[2.730s] -- Up-to-date symlink: /home/irobot/ros2_ws/install/vineslam_ros/share/vineslam_ros/local_setup.zsh
[2.730s] -- Up-to-date symlink: /home/irobot/ros2_ws/install/vineslam_ros/share/vineslam_ros/local_setup.dsv
[2.730s] -- Symlinking: /home/irobot/ros2_ws/install/vineslam_ros/share/vineslam_ros/package.dsv
[2.743s] -- Up-to-date symlink: /home/irobot/ros2_ws/install/vineslam_ros/share/ament_index/resource_index/packages/vineslam_ros
[2.743s] -- Up-to-date symlink: /home/irobot/ros2_ws/install/vineslam_ros/share/vineslam_ros/cmake/rosidl_cmake-extras.cmake
[2.743s] -- Up-to-date symlink: /home/irobot/ros2_ws/install/vineslam_ros/share/vineslam_ros/cmake/ament_cmake_export_dependencies-extras.cmake
[2.744s] -- Up-to-date symlink: /home/irobot/ros2_ws/install/vineslam_ros/share/vineslam_ros/cmake/ament_cmake_export_libraries-extras.cmake
[2.744s] -- Up-to-date symlink: /home/irobot/ros2_ws/install/vineslam_ros/share/vineslam_ros/cmake/ament_cmake_export_targets-extras.cmake
[2.745s] -- Up-to-date symlink: /home/irobot/ros2_ws/install/vineslam_ros/share/vineslam_ros/cmake/ament_cmake_export_include_directories-extras.cmake
[2.745s] -- Up-to-date symlink: /home/irobot/ros2_ws/install/vineslam_ros/share/vineslam_ros/cmake/rosidl_cmake_export_typesupport_libraries-extras.cmake
[2.746s] -- Up-to-date symlink: /home/irobot/ros2_ws/install/vineslam_ros/share/vineslam_ros/cmake/rosidl_cmake_export_typesupport_targets-extras.cmake
[2.746s] -- Up-to-date symlink: /home/irobot/ros2_ws/install/vineslam_ros/share/vineslam_ros/cmake/vineslam_rosConfig.cmake
[2.746s] -- Up-to-date symlink: /home/irobot/ros2_ws/install/vineslam_ros/share/vineslam_ros/cmake/vineslam_rosConfig-version.cmake
[2.747s] -- Up-to-date symlink: /home/irobot/ros2_ws/install/vineslam_ros/share/vineslam_ros/package.xml
[2.747s] -- Up-to-date: /home/irobot/ros2_ws/install/vineslam_ros/lib/libvineslam_ros__rosidl_generator_c.so
[2.748s] -- Up-to-date: /home/irobot/ros2_ws/install/vineslam_ros/lib/libvineslam_ros__rosidl_typesupport_introspection_c.so
[2.748s] -- Up-to-date: /home/irobot/ros2_ws/install/vineslam_ros/lib/libvineslam_ros__rosidl_typesupport_c.so
[2.749s] -- Up-to-date: /home/irobot/ros2_ws/install/vineslam_ros/lib/libvineslam_ros__rosidl_typesupport_introspection_cpp.so
[2.750s] -- Up-to-date: /home/irobot/ros2_ws/install/vineslam_ros/lib/libvineslam_ros__rosidl_typesupport_cpp.so
[2.784s] -- Up-to-date: /home/irobot/ros2_ws/install/vineslam_ros/share/vineslam_ros/cmake/vineslam_ros__rosidl_generator_cExport.cmake
[2.784s] -- Up-to-date: /home/irobot/ros2_ws/install/vineslam_ros/share/vineslam_ros/cmake/vineslam_ros__rosidl_generator_cExport-noconfig.cmake
[2.784s] -- Up-to-date: /home/irobot/ros2_ws/install/vineslam_ros/share/vineslam_ros/cmake/vineslam_ros__rosidl_typesupport_introspection_cExport.cmake
[2.784s] -- Up-to-date: /home/irobot/ros2_ws/install/vineslam_ros/share/vineslam_ros/cmake/vineslam_ros__rosidl_typesupport_introspection_cExport-noconfig.cmake
[2.784s] -- Up-to-date: /home/irobot/ros2_ws/install/vineslam_ros/share/vineslam_ros/cmake/vineslam_ros__rosidl_typesupport_cExport.cmake
[2.784s] -- Up-to-date: /home/irobot/ros2_ws/install/vineslam_ros/share/vineslam_ros/cmake/vineslam_ros__rosidl_typesupport_cExport-noconfig.cmake
[2.785s] -- Up-to-date: /home/irobot/ros2_ws/install/vineslam_ros/share/vineslam_ros/cmake/vineslam_ros__rosidl_generator_cppExport.cmake
[2.785s] -- Up-to-date: /home/irobot/ros2_ws/install/vineslam_ros/share/vineslam_ros/cmake/vineslam_ros__rosidl_typesupport_introspection_cppExport.cmake
[2.785s] -- Up-to-date: /home/irobot/ros2_ws/install/vineslam_ros/share/vineslam_ros/cmake/vineslam_ros__rosidl_typesupport_introspection_cppExport-noconfig.cmake
[2.786s] -- Up-to-date: /home/irobot/ros2_ws/install/vineslam_ros/share/vineslam_ros/cmake/vineslam_ros__rosidl_typesupport_cppExport.cmake
[2.786s] -- Up-to-date: /home/irobot/ros2_ws/install/vineslam_ros/share/vineslam_ros/cmake/vineslam_ros__rosidl_typesupport_cppExport-noconfig.cmake
[2.799s] Invoked command in '/home/irobot/ros2_ws/build/vineslam_ros' returned '0': AMENT_PREFIX_PATH=/home/irobot/ros2_ws/install/ublox_msgs:/home/irobot/ros2_ws/install/vineslam:${AMENT_PREFIX_PATH} CMAKE_PREFIX_PATH=/home/irobot/ros2_ws/install/ublox_msgs:/home/irobot/ros2_ws/install/vineslam:/home/irobot/ros2_ws/install/ublox_serialization:/opt/ros/foxy LD_LIBRARY_PATH=/home/irobot/ros2_ws/install/ublox_msgs/lib:/home/irobot/ros2_ws/install/vineslam/lib:${LD_LIBRARY_PATH} PYTHONPATH=/home/irobot/ros2_ws/install/ublox_msgs/lib/python3.8/site-packages:${PYTHONPATH} /usr/bin/cmake --install /home/irobot/ros2_ws/build/vineslam_ros
