[0.020s] Invoking command in '/home/irobot/ros2_ws/build/ublox': AMENT_PREFIX_PATH=/home/irobot/ros2_ws/install/ublox_gps:/home/irobot/ros2_ws/install/ublox_msgs:/home/irobot/ros2_ws/install/ublox_serialization:${AMENT_PREFIX_PATH} CMAKE_PREFIX_PATH=/home/irobot/ros2_ws/install/ublox_gps:/home/irobot/ros2_ws/install/ublox_msgs:/home/irobot/ros2_ws/install/ublox_serialization:/opt/ros/foxy LD_LIBRARY_PATH=/home/irobot/ros2_ws/install/ublox_gps/lib:/home/irobot/ros2_ws/install/ublox_msgs/lib:${LD_LIBRARY_PATH} PYTHONPATH=/home/irobot/ros2_ws/install/ublox_msgs/lib/python3.8/site-packages:${PYTHONPATH} /usr/bin/cmake /home/irobot/ros2_ws/src/ublox/ublox -DAMENT_CMAKE_SYMLINK_INSTALL=1 -DCMAKE_INSTALL_PREFIX=/home/irobot/ros2_ws/install/ublox
[0.252s] -- The C compiler identification is GNU 9.4.0
[0.318s] -- The CXX compiler identification is GNU 9.4.0
[0.322s] -- Check for working C compiler: /usr/bin/cc
[0.418s] -- Check for working C compiler: /usr/bin/cc -- works
[0.418s] -- Detecting C compiler ABI info
[0.514s] -- Detecting C compiler ABI info - done
[0.524s] -- Detecting C compile features
[0.525s] -- Detecting C compile features - done
[0.527s] -- Check for working CXX compiler: /usr/bin/c++
[0.633s] -- Check for working CXX compiler: /usr/bin/c++ -- works
[0.634s] -- Detecting CXX compiler ABI info
[0.748s] -- Detecting CXX compiler ABI info - done
[0.767s] -- Detecting CXX compile features
[0.767s] -- Detecting CXX compile features - done
[0.769s] -- Found ament_cmake: 0.9.12 (/opt/ros/foxy/share/ament_cmake/cmake)
[0.797s] -- Found PythonInterp: /usr/bin/python3 (found suitable version "3.8.10", minimum required is "3") 
[0.797s] -- Using PYTHON_EXECUTABLE: /usr/bin/python3
[0.969s] -- Override CMake install command with custom implementation using symlinks instead of copying resources
[1.059s] -- Configuring done
[1.061s] -- Generating done
[1.181s] -- Build files have been written to: /home/irobot/ros2_ws/build/ublox
[1.187s] Invoked command in '/home/irobot/ros2_ws/build/ublox' returned '0': AMENT_PREFIX_PATH=/home/irobot/ros2_ws/install/ublox_gps:/home/irobot/ros2_ws/install/ublox_msgs:/home/irobot/ros2_ws/install/ublox_serialization:${AMENT_PREFIX_PATH} CMAKE_PREFIX_PATH=/home/irobot/ros2_ws/install/ublox_gps:/home/irobot/ros2_ws/install/ublox_msgs:/home/irobot/ros2_ws/install/ublox_serialization:/opt/ros/foxy LD_LIBRARY_PATH=/home/irobot/ros2_ws/install/ublox_gps/lib:/home/irobot/ros2_ws/install/ublox_msgs/lib:${LD_LIBRARY_PATH} PYTHONPATH=/home/irobot/ros2_ws/install/ublox_msgs/lib/python3.8/site-packages:${PYTHONPATH} /usr/bin/cmake /home/irobot/ros2_ws/src/ublox/ublox -DAMENT_CMAKE_SYMLINK_INSTALL=1 -DCMAKE_INSTALL_PREFIX=/home/irobot/ros2_ws/install/ublox
[1.191s] Invoking command in '/home/irobot/ros2_ws/build/ublox': AMENT_PREFIX_PATH=/home/irobot/ros2_ws/install/ublox_gps:/home/irobot/ros2_ws/install/ublox_msgs:/home/irobot/ros2_ws/install/ublox_serialization:${AMENT_PREFIX_PATH} CMAKE_PREFIX_PATH=/home/irobot/ros2_ws/install/ublox_gps:/home/irobot/ros2_ws/install/ublox_msgs:/home/irobot/ros2_ws/install/ublox_serialization:/opt/ros/foxy LD_LIBRARY_PATH=/home/irobot/ros2_ws/install/ublox_gps/lib:/home/irobot/ros2_ws/install/ublox_msgs/lib:${LD_LIBRARY_PATH} PYTHONPATH=/home/irobot/ros2_ws/install/ublox_msgs/lib/python3.8/site-packages:${PYTHONPATH} /usr/bin/cmake --build /home/irobot/ros2_ws/build/ublox -- -j8 -l8
[1.242s] Invoked command in '/home/irobot/ros2_ws/build/ublox' returned '0': AMENT_PREFIX_PATH=/home/irobot/ros2_ws/install/ublox_gps:/home/irobot/ros2_ws/install/ublox_msgs:/home/irobot/ros2_ws/install/ublox_serialization:${AMENT_PREFIX_PATH} CMAKE_PREFIX_PATH=/home/irobot/ros2_ws/install/ublox_gps:/home/irobot/ros2_ws/install/ublox_msgs:/home/irobot/ros2_ws/install/ublox_serialization:/opt/ros/foxy LD_LIBRARY_PATH=/home/irobot/ros2_ws/install/ublox_gps/lib:/home/irobot/ros2_ws/install/ublox_msgs/lib:${LD_LIBRARY_PATH} PYTHONPATH=/home/irobot/ros2_ws/install/ublox_msgs/lib/python3.8/site-packages:${PYTHONPATH} /usr/bin/cmake --build /home/irobot/ros2_ws/build/ublox -- -j8 -l8
[1.271s] Invoking command in '/home/irobot/ros2_ws/build/ublox': AMENT_PREFIX_PATH=/home/irobot/ros2_ws/install/ublox_gps:/home/irobot/ros2_ws/install/ublox_msgs:/home/irobot/ros2_ws/install/ublox_serialization:${AMENT_PREFIX_PATH} CMAKE_PREFIX_PATH=/home/irobot/ros2_ws/install/ublox_gps:/home/irobot/ros2_ws/install/ublox_msgs:/home/irobot/ros2_ws/install/ublox_serialization:/opt/ros/foxy LD_LIBRARY_PATH=/home/irobot/ros2_ws/install/ublox_gps/lib:/home/irobot/ros2_ws/install/ublox_msgs/lib:${LD_LIBRARY_PATH} PYTHONPATH=/home/irobot/ros2_ws/install/ublox_msgs/lib/python3.8/site-packages:${PYTHONPATH} /usr/bin/cmake --install /home/irobot/ros2_ws/build/ublox
[1.282s] -- Install configuration: ""
[1.282s] -- Execute custom install script
[1.283s] -- Symlinking: /home/irobot/ros2_ws/install/ublox/share/ament_index/resource_index/package_run_dependencies/ublox
[1.296s] -- Symlinking: /home/irobot/ros2_ws/install/ublox/share/ament_index/resource_index/parent_prefix_path/ublox
[1.304s] -- Symlinking: /home/irobot/ros2_ws/install/ublox/share/ublox/environment/ament_prefix_path.sh
[1.312s] -- Symlinking: /home/irobot/ros2_ws/install/ublox/share/ublox/environment/ament_prefix_path.dsv
[1.328s] -- Symlinking: /home/irobot/ros2_ws/install/ublox/share/ublox/environment/path.sh
[1.342s] -- Symlinking: /home/irobot/ros2_ws/install/ublox/share/ublox/environment/path.dsv
[1.350s] -- Symlinking: /home/irobot/ros2_ws/install/ublox/share/ublox/local_setup.bash
[1.359s] -- Symlinking: /home/irobot/ros2_ws/install/ublox/share/ublox/local_setup.sh
[1.367s] -- Symlinking: /home/irobot/ros2_ws/install/ublox/share/ublox/local_setup.zsh
[1.380s] -- Symlinking: /home/irobot/ros2_ws/install/ublox/share/ublox/local_setup.dsv
[1.394s] -- Symlinking: /home/irobot/ros2_ws/install/ublox/share/ublox/package.dsv
[1.408s] -- Symlinking: /home/irobot/ros2_ws/install/ublox/share/ament_index/resource_index/packages/ublox
[1.418s] -- Symlinking: /home/irobot/ros2_ws/install/ublox/share/ublox/cmake/ubloxConfig.cmake
[1.427s] -- Symlinking: /home/irobot/ros2_ws/install/ublox/share/ublox/cmake/ubloxConfig-version.cmake
[1.440s] -- Symlinking: /home/irobot/ros2_ws/install/ublox/share/ublox/package.xml
[1.451s] Invoked command in '/home/irobot/ros2_ws/build/ublox' returned '0': AMENT_PREFIX_PATH=/home/irobot/ros2_ws/install/ublox_gps:/home/irobot/ros2_ws/install/ublox_msgs:/home/irobot/ros2_ws/install/ublox_serialization:${AMENT_PREFIX_PATH} CMAKE_PREFIX_PATH=/home/irobot/ros2_ws/install/ublox_gps:/home/irobot/ros2_ws/install/ublox_msgs:/home/irobot/ros2_ws/install/ublox_serialization:/opt/ros/foxy LD_LIBRARY_PATH=/home/irobot/ros2_ws/install/ublox_gps/lib:/home/irobot/ros2_ws/install/ublox_msgs/lib:${LD_LIBRARY_PATH} PYTHONPATH=/home/irobot/ros2_ws/install/ublox_msgs/lib/python3.8/site-packages:${PYTHONPATH} /usr/bin/cmake --install /home/irobot/ros2_ws/build/ublox
