[0.056s] Invoking command in '/home/irobot/ros2_ws/build/ublox_serialization': CMAKE_PREFIX_PATH=${CMAKE_PREFIX_PATH}:/home/irobot/ros2_ws/install/geofence:/opt/ros/foxy /usr/bin/cmake --build /home/irobot/ros2_ws/build/ublox_serialization -- -j8 -l8
[0.341s] Invoked command in '/home/irobot/ros2_ws/build/ublox_serialization' returned '0': CMAKE_PREFIX_PATH=${CMAKE_PREFIX_PATH}:/home/irobot/ros2_ws/install/geofence:/opt/ros/foxy /usr/bin/cmake --build /home/irobot/ros2_ws/build/ublox_serialization -- -j8 -l8
[0.375s] Invoking command in '/home/irobot/ros2_ws/build/ublox_serialization': CMAKE_PREFIX_PATH=${CMAKE_PREFIX_PATH}:/home/irobot/ros2_ws/install/geofence:/opt/ros/foxy /usr/bin/cmake --install /home/irobot/ros2_ws/build/ublox_serialization
[0.382s] -- Install configuration: "Release"
[0.382s] -- Execute custom install script
[0.383s] -- Up-to-date symlink: /home/irobot/ros2_ws/install/ublox_serialization/include/ublox_serialization/checksum.hpp
[0.383s] -- Up-to-date symlink: /home/irobot/ros2_ws/install/ublox_serialization/include/ublox_serialization/serialization.hpp
[0.383s] -- Up-to-date symlink: /home/irobot/ros2_ws/install/ublox_serialization/share/ament_index/resource_index/package_run_dependencies/ublox_serialization
[0.383s] -- Up-to-date symlink: /home/irobot/ros2_ws/install/ublox_serialization/share/ament_index/resource_index/parent_prefix_path/ublox_serialization
[0.384s] -- Up-to-date symlink: /home/irobot/ros2_ws/install/ublox_serialization/share/ublox_serialization/environment/ament_prefix_path.sh
[0.384s] -- Up-to-date symlink: /home/irobot/ros2_ws/install/ublox_serialization/share/ublox_serialization/environment/ament_prefix_path.dsv
[0.384s] -- Up-to-date symlink: /home/irobot/ros2_ws/install/ublox_serialization/share/ublox_serialization/environment/path.sh
[0.384s] -- Up-to-date symlink: /home/irobot/ros2_ws/install/ublox_serialization/share/ublox_serialization/environment/path.dsv
[0.384s] -- Up-to-date symlink: /home/irobot/ros2_ws/install/ublox_serialization/share/ublox_serialization/local_setup.bash
[0.385s] -- Up-to-date symlink: /home/irobot/ros2_ws/install/ublox_serialization/share/ublox_serialization/local_setup.sh
[0.385s] -- Up-to-date symlink: /home/irobot/ros2_ws/install/ublox_serialization/share/ublox_serialization/local_setup.zsh
[0.385s] -- Up-to-date symlink: /home/irobot/ros2_ws/install/ublox_serialization/share/ublox_serialization/local_setup.dsv
[0.385s] -- Symlinking: /home/irobot/ros2_ws/install/ublox_serialization/share/ublox_serialization/package.dsv
[0.400s] -- Up-to-date symlink: /home/irobot/ros2_ws/install/ublox_serialization/share/ament_index/resource_index/packages/ublox_serialization
[0.400s] -- Up-to-date symlink: /home/irobot/ros2_ws/install/ublox_serialization/share/ublox_serialization/cmake/ament_cmake_export_include_directories-extras.cmake
[0.400s] -- Up-to-date symlink: /home/irobot/ros2_ws/install/ublox_serialization/share/ublox_serialization/cmake/ublox_serializationConfig.cmake
[0.400s] -- Up-to-date symlink: /home/irobot/ros2_ws/install/ublox_serialization/share/ublox_serialization/cmake/ublox_serializationConfig-version.cmake
[0.401s] -- Up-to-date symlink: /home/irobot/ros2_ws/install/ublox_serialization/share/ublox_serialization/package.xml
[0.404s] Invoked command in '/home/irobot/ros2_ws/build/ublox_serialization' returned '0': CMAKE_PREFIX_PATH=${CMAKE_PREFIX_PATH}:/home/irobot/ros2_ws/install/geofence:/opt/ros/foxy /usr/bin/cmake --install /home/irobot/ros2_ws/build/ublox_serialization
