-- Found ament_cmake: 0.9.12 (/opt/ros/foxy/share/ament_cmake/cmake)
-- Found PythonInterp: /usr/bin/python3 (found suitable version "3.8.10", minimum required is "3") 
-- Using PYTHON_EXECUTABLE: /usr/bin/python3
-- Override CMake install command with custom implementation using symlinks instead of copying resources
-- Found std_msgs: 2.0.5 (/opt/ros/foxy/share/std_msgs/cmake)
-- Using all available rosidl_typesupport_c: rosidl_typesupport_fastrtps_c;rosidl_typesupport_introspection_c
-- Found rosidl_adapter: 1.3.1 (/opt/ros/foxy/share/rosidl_adapter/cmake)
-- Using all available rosidl_typesupport_cpp: rosidl_typesupport_fastrtps_cpp;rosidl_typesupport_introspection_cpp
-- Found rosidl_default_generators: 1.0.1 (/opt/ros/foxy/share/rosidl_default_generators/cmake)
-- Found PythonInterp: /usr/bin/python3 (found version "3.8.10") 
-- Found ament_cmake_ros: 0.9.2 (/opt/ros/foxy/share/ament_cmake_ros/cmake)
-- Using all available rosidl_typesupport_c: rosidl_typesupport_fastrtps_c;rosidl_typesupport_introspection_c
-- Using all available rosidl_typesupport_cpp: rosidl_typesupport_fastrtps_cpp;rosidl_typesupport_introspection_cpp
-- Found PythonInterp: /usr/bin/python3 (found suitable version "3.8.10", minimum required is "3.5") 
-- Found python_cmake_module: 0.8.1 (/opt/ros/foxy/share/python_cmake_module/cmake)
-- Using PYTHON_EXECUTABLE: /usr/bin/python3
-- Using PYTHON_INCLUDE_DIRS: /usr/include/python3.8
-- Using PYTHON_LIBRARIES: /usr/lib/x86_64-linux-gnu/libpython3.8.so
-- Found ament_lint_auto: 0.9.8 (/opt/ros/foxy/share/ament_lint_auto/cmake)
-- Added test 'copyright' to check source files copyright and LICENSE
-- Added test 'lint_cmake' to check CMake code style
-- Added test 'xmllint' to check XML markup files
-- Configuring done
-- Generating done
-- Build files have been written to: /home/irobot/ros2_ws/build/livox_interfaces
[  2%] Built target livox_interfaces__cpp
[  5%] [32mBuilding C object CMakeFiles/livox_interfaces__rosidl_generator_c.dir/rosidl_generator_c/livox_interfaces/msg/detail/custom_point__functions.c.o[0m
[  7%] [32mBuilding CXX object CMakeFiles/livox_interfaces__rosidl_typesupport_introspection_cpp.dir/rosidl_typesupport_introspection_cpp/livox_interfaces/msg/detail/custom_point__type_support.cpp.o[0m
[ 10%] [32mBuilding C object CMakeFiles/livox_interfaces__rosidl_generator_c.dir/rosidl_generator_c/livox_interfaces/msg/detail/custom_msg__functions.c.o[0m
[ 12%] [32mBuilding CXX object CMakeFiles/livox_interfaces__rosidl_typesupport_fastrtps_cpp.dir/rosidl_typesupport_fastrtps_cpp/livox_interfaces/msg/detail/dds_fastrtps/custom_point__type_support.cpp.o[0m
[ 15%] [32mBuilding CXX object CMakeFiles/livox_interfaces__rosidl_typesupport_introspection_cpp.dir/rosidl_typesupport_introspection_cpp/livox_interfaces/msg/detail/custom_msg__type_support.cpp.o[0m
[ 17%] [32mBuilding CXX object CMakeFiles/livox_interfaces__rosidl_typesupport_fastrtps_cpp.dir/rosidl_typesupport_fastrtps_cpp/livox_interfaces/msg/detail/dds_fastrtps/custom_msg__type_support.cpp.o[0m
[ 20%] [32mBuilding CXX object CMakeFiles/livox_interfaces__rosidl_typesupport_cpp.dir/rosidl_typesupport_cpp/livox_interfaces/msg/custom_point__type_support.cpp.o[0m
[ 23%] [32mBuilding CXX object CMakeFiles/livox_interfaces__rosidl_typesupport_cpp.dir/rosidl_typesupport_cpp/livox_interfaces/msg/custom_msg__type_support.cpp.o[0m
[ 25%] [32m[1mLinking C shared library liblivox_interfaces__rosidl_generator_c.so[0m
[ 28%] Built target livox_interfaces__rosidl_generator_c
[ 30%] [32mBuilding CXX object CMakeFiles/livox_interfaces__rosidl_typesupport_c.dir/rosidl_typesupport_c/livox_interfaces/msg/custom_point__type_support.cpp.o[0m
[ 33%] [32mBuilding C object CMakeFiles/livox_interfaces__rosidl_typesupport_introspection_c.dir/rosidl_typesupport_introspection_c/livox_interfaces/msg/detail/custom_point__type_support.c.o[0m
[ 38%] [32m[1mLinking CXX shared library liblivox_interfaces__rosidl_typesupport_cpp.so[0m
[ 38%] [32mBuilding C object CMakeFiles/livox_interfaces__rosidl_typesupport_introspection_c.dir/rosidl_typesupport_introspection_c/livox_interfaces/msg/detail/custom_msg__type_support.c.o[0m
[ 41%] [32mBuilding CXX object CMakeFiles/livox_interfaces__rosidl_typesupport_c.dir/rosidl_typesupport_c/livox_interfaces/msg/custom_msg__type_support.cpp.o[0m
[ 46%] [32m[1mLinking CXX shared library liblivox_interfaces__rosidl_typesupport_c.so[0m
[ 48%] [32m[1mLinking CXX shared library liblivox_interfaces__rosidl_typesupport_fastrtps_cpp.so[0m
[ 51%] [32m[1mLinking CXX shared library liblivox_interfaces__rosidl_typesupport_introspection_cpp.so[0m
[ 56%] [32m[1mLinking C shared library liblivox_interfaces__rosidl_typesupport_introspection_c.so[0m
[ 56%] Built target livox_interfaces__rosidl_typesupport_cpp
[ 56%] Built target livox_interfaces__rosidl_typesupport_c
[ 58%] Built target livox_interfaces__rosidl_typesupport_introspection_c
[ 64%] Built target livox_interfaces__rosidl_typesupport_introspection_cpp
[ 64%] Built target livox_interfaces__rosidl_typesupport_fastrtps_cpp
[ 66%] [32mBuilding CXX object CMakeFiles/livox_interfaces__rosidl_typesupport_fastrtps_c.dir/rosidl_typesupport_fastrtps_c/livox_interfaces/msg/detail/custom_msg__type_support_c.cpp.o[0m
[ 69%] [32mBuilding CXX object CMakeFiles/livox_interfaces__rosidl_typesupport_fastrtps_c.dir/rosidl_typesupport_fastrtps_c/livox_interfaces/msg/detail/custom_point__type_support_c.cpp.o[0m
[ 71%] [32m[1mLinking CXX shared library liblivox_interfaces__rosidl_typesupport_fastrtps_c.so[0m
[ 74%] Built target livox_interfaces__rosidl_typesupport_fastrtps_c
[ 74%] Built target livox_interfaces
[ 76%] Built target livox_interfaces__py
[ 79%] [32mBuilding C object CMakeFiles/livox_interfaces__python.dir/rosidl_generator_py/livox_interfaces/msg/_custom_point_s.c.o[0m
[ 82%] [32mBuilding C object CMakeFiles/livox_interfaces__python.dir/rosidl_generator_py/livox_interfaces/msg/_custom_msg_s.c.o[0m
[ 84%] [32m[1mLinking C shared library rosidl_generator_py/livox_interfaces/liblivox_interfaces__python.so[0m
[ 84%] Built target livox_interfaces__python
[ 87%] [32mBuilding C object CMakeFiles/livox_interfaces__rosidl_typesupport_introspection_c__pyext.dir/rosidl_generator_py/livox_interfaces/_livox_interfaces_s.ep.rosidl_typesupport_introspection_c.c.o[0m
[ 89%] [32mBuilding C object CMakeFiles/livox_interfaces__rosidl_typesupport_c__pyext.dir/rosidl_generator_py/livox_interfaces/_livox_interfaces_s.ep.rosidl_typesupport_c.c.o[0m
[ 92%] [32mBuilding C object CMakeFiles/livox_interfaces__rosidl_typesupport_fastrtps_c__pyext.dir/rosidl_generator_py/livox_interfaces/_livox_interfaces_s.ep.rosidl_typesupport_fastrtps_c.c.o[0m
[ 94%] [32m[1mLinking C shared library rosidl_generator_py/livox_interfaces/livox_interfaces_s__rosidl_typesupport_c.cpython-38-x86_64-linux-gnu.so[0m
[ 94%] Built target livox_interfaces__rosidl_typesupport_c__pyext
[ 97%] [32m[1mLinking CXX shared library rosidl_generator_py/livox_interfaces/livox_interfaces_s__rosidl_typesupport_fastrtps_c.cpython-38-x86_64-linux-gnu.so[0m
[100%] [32m[1mLinking C shared library rosidl_generator_py/livox_interfaces/livox_interfaces_s__rosidl_typesupport_introspection_c.cpython-38-x86_64-linux-gnu.so[0m
[100%] Built target livox_interfaces__rosidl_typesupport_fastrtps_c__pyext
[100%] Built target livox_interfaces__rosidl_typesupport_introspection_c__pyext
-- Install configuration: "Release"
-- Execute custom install script
-- Up-to-date symlink: /home/irobot/ros2_ws/install/livox_interfaces/share/ament_index/resource_index/rosidl_interfaces/livox_interfaces
-- Up-to-date symlink: /home/irobot/ros2_ws/install/livox_interfaces/include/livox_interfaces/msg/custom_msg.h
-- Up-to-date symlink: /home/irobot/ros2_ws/install/livox_interfaces/include/livox_interfaces/msg/custom_point.h
-- Up-to-date symlink: /home/irobot/ros2_ws/install/livox_interfaces/include/livox_interfaces/msg/detail/custom_msg__functions.h
-- Up-to-date symlink: /home/irobot/ros2_ws/install/livox_interfaces/include/livox_interfaces/msg/detail/custom_msg__struct.h
-- Up-to-date symlink: /home/irobot/ros2_ws/install/livox_interfaces/include/livox_interfaces/msg/detail/custom_msg__type_support.h
-- Up-to-date symlink: /home/irobot/ros2_ws/install/livox_interfaces/include/livox_interfaces/msg/detail/custom_point__functions.h
-- Up-to-date symlink: /home/irobot/ros2_ws/install/livox_interfaces/include/livox_interfaces/msg/detail/custom_point__struct.h
-- Up-to-date symlink: /home/irobot/ros2_ws/install/livox_interfaces/include/livox_interfaces/msg/detail/custom_point__type_support.h
-- Up-to-date symlink: /home/irobot/ros2_ws/install/livox_interfaces/include/livox_interfaces/msg/rosidl_generator_c__visibility_control.h
-- Up-to-date symlink: /home/irobot/ros2_ws/install/livox_interfaces/share/livox_interfaces/environment/library_path.sh
-- Up-to-date symlink: /home/irobot/ros2_ws/install/livox_interfaces/share/livox_interfaces/environment/library_path.dsv
-- Up-to-date symlink: /home/irobot/ros2_ws/install/livox_interfaces/include/livox_interfaces/msg/detail/custom_msg__rosidl_typesupport_fastrtps_c.h
-- Up-to-date symlink: /home/irobot/ros2_ws/install/livox_interfaces/include/livox_interfaces/msg/detail/custom_point__rosidl_typesupport_fastrtps_c.h
-- Up-to-date symlink: /home/irobot/ros2_ws/install/livox_interfaces/include/livox_interfaces/msg/rosidl_typesupport_fastrtps_c__visibility_control.h
-- Up-to-date symlink: /home/irobot/ros2_ws/install/livox_interfaces/lib/liblivox_interfaces__rosidl_typesupport_fastrtps_c.so
-- Up-to-date symlink: /home/irobot/ros2_ws/install/livox_interfaces/include/livox_interfaces/msg/detail/custom_msg__rosidl_typesupport_fastrtps_cpp.hpp
-- Up-to-date symlink: /home/irobot/ros2_ws/install/livox_interfaces/include/livox_interfaces/msg/detail/custom_point__rosidl_typesupport_fastrtps_cpp.hpp
-- Up-to-date symlink: /home/irobot/ros2_ws/install/livox_interfaces/include/livox_interfaces/msg/rosidl_typesupport_fastrtps_cpp__visibility_control.h
-- Up-to-date symlink: /home/irobot/ros2_ws/install/livox_interfaces/lib/liblivox_interfaces__rosidl_typesupport_fastrtps_cpp.so
-- Up-to-date symlink: /home/irobot/ros2_ws/install/livox_interfaces/include/livox_interfaces/msg/detail/custom_msg__rosidl_typesupport_introspection_c.h
-- Up-to-date symlink: /home/irobot/ros2_ws/install/livox_interfaces/include/livox_interfaces/msg/detail/custom_point__rosidl_typesupport_introspection_c.h
-- Up-to-date symlink: /home/irobot/ros2_ws/install/livox_interfaces/include/livox_interfaces/msg/rosidl_typesupport_introspection_c__visibility_control.h
-- Up-to-date symlink: /home/irobot/ros2_ws/install/livox_interfaces/include/livox_interfaces/msg/custom_msg.hpp
-- Up-to-date symlink: /home/irobot/ros2_ws/install/livox_interfaces/include/livox_interfaces/msg/custom_point.hpp
-- Up-to-date symlink: /home/irobot/ros2_ws/install/livox_interfaces/include/livox_interfaces/msg/detail/custom_msg__builder.hpp
-- Up-to-date symlink: /home/irobot/ros2_ws/install/livox_interfaces/include/livox_interfaces/msg/detail/custom_msg__struct.hpp
-- Up-to-date symlink: /home/irobot/ros2_ws/install/livox_interfaces/include/livox_interfaces/msg/detail/custom_msg__traits.hpp
-- Up-to-date symlink: /home/irobot/ros2_ws/install/livox_interfaces/include/livox_interfaces/msg/detail/custom_msg__type_support.hpp
-- Up-to-date symlink: /home/irobot/ros2_ws/install/livox_interfaces/include/livox_interfaces/msg/detail/custom_point__builder.hpp
-- Up-to-date symlink: /home/irobot/ros2_ws/install/livox_interfaces/include/livox_interfaces/msg/detail/custom_point__struct.hpp
-- Up-to-date symlink: /home/irobot/ros2_ws/install/livox_interfaces/include/livox_interfaces/msg/detail/custom_point__traits.hpp
-- Up-to-date symlink: /home/irobot/ros2_ws/install/livox_interfaces/include/livox_interfaces/msg/detail/custom_point__type_support.hpp
-- Up-to-date symlink: /home/irobot/ros2_ws/install/livox_interfaces/include/livox_interfaces/msg/rosidl_generator_cpp__visibility_control.hpp
-- Up-to-date symlink: /home/irobot/ros2_ws/install/livox_interfaces/include/livox_interfaces/msg/detail/custom_msg__rosidl_typesupport_introspection_cpp.hpp
-- Up-to-date symlink: /home/irobot/ros2_ws/install/livox_interfaces/include/livox_interfaces/msg/detail/custom_point__rosidl_typesupport_introspection_cpp.hpp
-- Up-to-date symlink: /home/irobot/ros2_ws/install/livox_interfaces/share/livox_interfaces/environment/pythonpath.sh
-- Up-to-date symlink: /home/irobot/ros2_ws/install/livox_interfaces/share/livox_interfaces/environment/pythonpath.dsv
-- Up-to-date symlink: /home/irobot/ros2_ws/install/livox_interfaces/lib/python3.8/site-packages/livox_interfaces/__init__.py
-- Up-to-date symlink: /home/irobot/ros2_ws/install/livox_interfaces/lib/python3.8/site-packages/livox_interfaces/msg/__init__.py
-- Up-to-date symlink: /home/irobot/ros2_ws/install/livox_interfaces/lib/python3.8/site-packages/livox_interfaces/msg/_custom_msg.py
-- Up-to-date symlink: /home/irobot/ros2_ws/install/livox_interfaces/lib/python3.8/site-packages/livox_interfaces/msg/_custom_point.py
-- Up-to-date symlink: /home/irobot/ros2_ws/install/livox_interfaces/lib/python3.8/site-packages/livox_interfaces/livox_interfaces_s__rosidl_typesupport_fastrtps_c.cpython-38-x86_64-linux-gnu.so
-- Up-to-date symlink: /home/irobot/ros2_ws/install/livox_interfaces/lib/python3.8/site-packages/livox_interfaces/livox_interfaces_s__rosidl_typesupport_introspection_c.cpython-38-x86_64-linux-gnu.so
-- Up-to-date symlink: /home/irobot/ros2_ws/install/livox_interfaces/lib/python3.8/site-packages/livox_interfaces/livox_interfaces_s__rosidl_typesupport_c.cpython-38-x86_64-linux-gnu.so
-- Up-to-date symlink: /home/irobot/ros2_ws/install/livox_interfaces/lib/liblivox_interfaces__python.so
-- Up-to-date symlink: /home/irobot/ros2_ws/install/livox_interfaces/share/livox_interfaces/msg/CustomPoint.idl
-- Up-to-date symlink: /home/irobot/ros2_ws/install/livox_interfaces/share/livox_interfaces/msg/CustomMsg.idl
-- Up-to-date symlink: /home/irobot/ros2_ws/install/livox_interfaces/share/livox_interfaces/msg/CustomPoint.msg
-- Up-to-date symlink: /home/irobot/ros2_ws/install/livox_interfaces/share/livox_interfaces/msg/CustomMsg.msg
-- Up-to-date symlink: /home/irobot/ros2_ws/install/livox_interfaces/share/ament_index/resource_index/package_run_dependencies/livox_interfaces
-- Up-to-date symlink: /home/irobot/ros2_ws/install/livox_interfaces/share/ament_index/resource_index/parent_prefix_path/livox_interfaces
-- Up-to-date symlink: /home/irobot/ros2_ws/install/livox_interfaces/share/livox_interfaces/environment/ament_prefix_path.sh
-- Up-to-date symlink: /home/irobot/ros2_ws/install/livox_interfaces/share/livox_interfaces/environment/ament_prefix_path.dsv
-- Up-to-date symlink: /home/irobot/ros2_ws/install/livox_interfaces/share/livox_interfaces/environment/path.sh
-- Up-to-date symlink: /home/irobot/ros2_ws/install/livox_interfaces/share/livox_interfaces/environment/path.dsv
-- Up-to-date symlink: /home/irobot/ros2_ws/install/livox_interfaces/share/livox_interfaces/local_setup.bash
-- Up-to-date symlink: /home/irobot/ros2_ws/install/livox_interfaces/share/livox_interfaces/local_setup.sh
-- Up-to-date symlink: /home/irobot/ros2_ws/install/livox_interfaces/share/livox_interfaces/local_setup.zsh
-- Up-to-date symlink: /home/irobot/ros2_ws/install/livox_interfaces/share/livox_interfaces/local_setup.dsv
-- Symlinking: /home/irobot/ros2_ws/install/livox_interfaces/share/livox_interfaces/package.dsv
-- Up-to-date symlink: /home/irobot/ros2_ws/install/livox_interfaces/share/ament_index/resource_index/packages/livox_interfaces
-- Up-to-date symlink: /home/irobot/ros2_ws/install/livox_interfaces/share/livox_interfaces/cmake/rosidl_cmake-extras.cmake
-- Up-to-date symlink: /home/irobot/ros2_ws/install/livox_interfaces/share/livox_interfaces/cmake/ament_cmake_export_dependencies-extras.cmake
-- Up-to-date symlink: /home/irobot/ros2_ws/install/livox_interfaces/share/livox_interfaces/cmake/ament_cmake_export_libraries-extras.cmake
-- Up-to-date symlink: /home/irobot/ros2_ws/install/livox_interfaces/share/livox_interfaces/cmake/ament_cmake_export_targets-extras.cmake
-- Up-to-date symlink: /home/irobot/ros2_ws/install/livox_interfaces/share/livox_interfaces/cmake/ament_cmake_export_include_directories-extras.cmake
-- Up-to-date symlink: /home/irobot/ros2_ws/install/livox_interfaces/share/livox_interfaces/cmake/rosidl_cmake_export_typesupport_libraries-extras.cmake
-- Up-to-date symlink: /home/irobot/ros2_ws/install/livox_interfaces/share/livox_interfaces/cmake/rosidl_cmake_export_typesupport_targets-extras.cmake
-- Up-to-date symlink: /home/irobot/ros2_ws/install/livox_interfaces/share/livox_interfaces/cmake/livox_interfacesConfig.cmake
-- Up-to-date symlink: /home/irobot/ros2_ws/install/livox_interfaces/share/livox_interfaces/cmake/livox_interfacesConfig-version.cmake
-- Up-to-date symlink: /home/irobot/ros2_ws/install/livox_interfaces/share/livox_interfaces/package.xml
-- Installing: /home/irobot/ros2_ws/install/livox_interfaces/lib/liblivox_interfaces__rosidl_generator_c.so
-- Set runtime path of "/home/irobot/ros2_ws/install/livox_interfaces/lib/liblivox_interfaces__rosidl_generator_c.so" to ""
-- Installing: /home/irobot/ros2_ws/install/livox_interfaces/lib/liblivox_interfaces__rosidl_typesupport_introspection_c.so
-- Set runtime path of "/home/irobot/ros2_ws/install/livox_interfaces/lib/liblivox_interfaces__rosidl_typesupport_introspection_c.so" to ""
-- Installing: /home/irobot/ros2_ws/install/livox_interfaces/lib/liblivox_interfaces__rosidl_typesupport_c.so
-- Set runtime path of "/home/irobot/ros2_ws/install/livox_interfaces/lib/liblivox_interfaces__rosidl_typesupport_c.so" to ""
-- Installing: /home/irobot/ros2_ws/install/livox_interfaces/lib/liblivox_interfaces__rosidl_typesupport_introspection_cpp.so
-- Set runtime path of "/home/irobot/ros2_ws/install/livox_interfaces/lib/liblivox_interfaces__rosidl_typesupport_introspection_cpp.so" to ""
-- Installing: /home/irobot/ros2_ws/install/livox_interfaces/lib/liblivox_interfaces__rosidl_typesupport_cpp.so
-- Set runtime path of "/home/irobot/ros2_ws/install/livox_interfaces/lib/liblivox_interfaces__rosidl_typesupport_cpp.so" to ""
Compiling '/home/irobot/ros2_ws/install/livox_interfaces/lib/python3.8/site-packages/livox_interfaces/__init__.py'...
-- Up-to-date: /home/irobot/ros2_ws/install/livox_interfaces/share/livox_interfaces/cmake/livox_interfaces__rosidl_generator_cExport.cmake
-- Installing: /home/irobot/ros2_ws/install/livox_interfaces/share/livox_interfaces/cmake/livox_interfaces__rosidl_generator_cExport-release.cmake
-- Up-to-date: /home/irobot/ros2_ws/install/livox_interfaces/share/livox_interfaces/cmake/livox_interfaces__rosidl_typesupport_introspection_cExport.cmake
-- Installing: /home/irobot/ros2_ws/install/livox_interfaces/share/livox_interfaces/cmake/livox_interfaces__rosidl_typesupport_introspection_cExport-release.cmake
-- Up-to-date: /home/irobot/ros2_ws/install/livox_interfaces/share/livox_interfaces/cmake/livox_interfaces__rosidl_typesupport_cExport.cmake
-- Installing: /home/irobot/ros2_ws/install/livox_interfaces/share/livox_interfaces/cmake/livox_interfaces__rosidl_typesupport_cExport-release.cmake
-- Up-to-date: /home/irobot/ros2_ws/install/livox_interfaces/share/livox_interfaces/cmake/livox_interfaces__rosidl_generator_cppExport.cmake
-- Up-to-date: /home/irobot/ros2_ws/install/livox_interfaces/share/livox_interfaces/cmake/livox_interfaces__rosidl_typesupport_introspection_cppExport.cmake
-- Installing: /home/irobot/ros2_ws/install/livox_interfaces/share/livox_interfaces/cmake/livox_interfaces__rosidl_typesupport_introspection_cppExport-release.cmake
-- Up-to-date: /home/irobot/ros2_ws/install/livox_interfaces/share/livox_interfaces/cmake/livox_interfaces__rosidl_typesupport_cppExport.cmake
-- Installing: /home/irobot/ros2_ws/install/livox_interfaces/share/livox_interfaces/cmake/livox_interfaces__rosidl_typesupport_cppExport-release.cmake
