[0.827s] Invoking command in '/home/irobot/ros2_ws/build/livox_interfaces': CMAKE_PREFIX_PATH=/opt/ros/foxy /usr/bin/cmake /home/irobot/ros2_ws/src/livox/livox_interfaces -DCMAKE_BUILD_TYPE=Release -DCMAKE_INSTALL_PREFIX=/home/irobot/ros2_ws/install/livox_interfaces
[1.553s] -- Found ament_cmake: 0.9.12 (/opt/ros/foxy/share/ament_cmake/cmake)
[1.553s] -- Found PythonInterp: /usr/bin/python3 (found suitable version "3.8.10", minimum required is "3") 
[1.553s] -- Using PYTHON_EXECUTABLE: /usr/bin/python3
[1.553s] -- Override CMake install command with custom implementation using symlinks instead of copying resources
[1.553s] -- Found std_msgs: 2.0.5 (/opt/ros/foxy/share/std_msgs/cmake)
[1.553s] -- Using all available rosidl_typesupport_c: rosidl_typesupport_fastrtps_c;rosidl_typesupport_introspection_c
[1.553s] -- Found rosidl_adapter: 1.3.1 (/opt/ros/foxy/share/rosidl_adapter/cmake)
[1.553s] -- Using all available rosidl_typesupport_cpp: rosidl_typesupport_fastrtps_cpp;rosidl_typesupport_introspection_cpp
[1.553s] -- Found rosidl_default_generators: 1.0.1 (/opt/ros/foxy/share/rosidl_default_generators/cmake)
[1.554s] -- Found PythonInterp: /usr/bin/python3 (found version "3.8.10") 
[1.720s] -- Found ament_cmake_ros: 0.9.2 (/opt/ros/foxy/share/ament_cmake_ros/cmake)
[2.151s] -- Using all available rosidl_typesupport_c: rosidl_typesupport_fastrtps_c;rosidl_typesupport_introspection_c
[2.321s] -- Using all available rosidl_typesupport_cpp: rosidl_typesupport_fastrtps_cpp;rosidl_typesupport_introspection_cpp
[2.356s] -- Found PythonInterp: /usr/bin/python3 (found suitable version "3.8.10", minimum required is "3.5") 
[2.356s] -- Found python_cmake_module: 0.8.1 (/opt/ros/foxy/share/python_cmake_module/cmake)
[2.393s] -- Using PYTHON_EXECUTABLE: /usr/bin/python3
[2.394s] -- Using PYTHON_INCLUDE_DIRS: /usr/include/python3.8
[2.394s] -- Using PYTHON_LIBRARIES: /usr/lib/x86_64-linux-gnu/libpython3.8.so
[2.614s] -- Found ament_lint_auto: 0.9.8 (/opt/ros/foxy/share/ament_lint_auto/cmake)
[2.701s] -- Added test 'copyright' to check source files copyright and LICENSE
[2.703s] -- Added test 'lint_cmake' to check CMake code style
[2.704s] -- Added test 'xmllint' to check XML markup files
[2.713s] -- Configuring done
[4.379s] -- Generating done
[5.374s] -- Build files have been written to: /home/irobot/ros2_ws/build/livox_interfaces
[5.389s] Invoked command in '/home/irobot/ros2_ws/build/livox_interfaces' returned '0': CMAKE_PREFIX_PATH=/opt/ros/foxy /usr/bin/cmake /home/irobot/ros2_ws/src/livox/livox_interfaces -DCMAKE_BUILD_TYPE=Release -DCMAKE_INSTALL_PREFIX=/home/irobot/ros2_ws/install/livox_interfaces
[5.390s] Invoking command in '/home/irobot/ros2_ws/build/livox_interfaces': CMAKE_PREFIX_PATH=/opt/ros/foxy /usr/bin/cmake --build /home/irobot/ros2_ws/build/livox_interfaces -- -j8 -l8
[5.749s] [  2%] Built target livox_interfaces__cpp
[5.816s] [  5%] [32mBuilding C object CMakeFiles/livox_interfaces__rosidl_generator_c.dir/rosidl_generator_c/livox_interfaces/msg/detail/custom_point__functions.c.o[0m
[5.822s] [  7%] [32mBuilding CXX object CMakeFiles/livox_interfaces__rosidl_typesupport_introspection_cpp.dir/rosidl_typesupport_introspection_cpp/livox_interfaces/msg/detail/custom_point__type_support.cpp.o[0m
[5.828s] [ 10%] [32mBuilding C object CMakeFiles/livox_interfaces__rosidl_generator_c.dir/rosidl_generator_c/livox_interfaces/msg/detail/custom_msg__functions.c.o[0m
[5.893s] [ 12%] [32mBuilding CXX object CMakeFiles/livox_interfaces__rosidl_typesupport_fastrtps_cpp.dir/rosidl_typesupport_fastrtps_cpp/livox_interfaces/msg/detail/dds_fastrtps/custom_point__type_support.cpp.o[0m
[5.911s] [ 15%] [32mBuilding CXX object CMakeFiles/livox_interfaces__rosidl_typesupport_introspection_cpp.dir/rosidl_typesupport_introspection_cpp/livox_interfaces/msg/detail/custom_msg__type_support.cpp.o[0m
[5.942s] [ 17%] [32mBuilding CXX object CMakeFiles/livox_interfaces__rosidl_typesupport_fastrtps_cpp.dir/rosidl_typesupport_fastrtps_cpp/livox_interfaces/msg/detail/dds_fastrtps/custom_msg__type_support.cpp.o[0m
[5.967s] [ 20%] [32mBuilding CXX object CMakeFiles/livox_interfaces__rosidl_typesupport_cpp.dir/rosidl_typesupport_cpp/livox_interfaces/msg/custom_point__type_support.cpp.o[0m
[6.005s] [ 23%] [32mBuilding CXX object CMakeFiles/livox_interfaces__rosidl_typesupport_cpp.dir/rosidl_typesupport_cpp/livox_interfaces/msg/custom_msg__type_support.cpp.o[0m
[7.185s] [ 25%] [32m[1mLinking C shared library liblivox_interfaces__rosidl_generator_c.so[0m
[7.665s] [ 28%] Built target livox_interfaces__rosidl_generator_c
[7.800s] [ 30%] [32mBuilding CXX object CMakeFiles/livox_interfaces__rosidl_typesupport_c.dir/rosidl_typesupport_c/livox_interfaces/msg/custom_point__type_support.cpp.o[0m
[7.835s] [ 33%] [32mBuilding C object CMakeFiles/livox_interfaces__rosidl_typesupport_introspection_c.dir/rosidl_typesupport_introspection_c/livox_interfaces/msg/detail/custom_point__type_support.c.o[0m
[7.896s] [ 38%] [32m[1mLinking CXX shared library liblivox_interfaces__rosidl_typesupport_cpp.so[0m
[7.896s] [ 38%] [32mBuilding C object CMakeFiles/livox_interfaces__rosidl_typesupport_introspection_c.dir/rosidl_typesupport_introspection_c/livox_interfaces/msg/detail/custom_msg__type_support.c.o[0m
[7.901s] [ 41%] [32mBuilding CXX object CMakeFiles/livox_interfaces__rosidl_typesupport_c.dir/rosidl_typesupport_c/livox_interfaces/msg/custom_msg__type_support.cpp.o[0m
[8.053s] [ 46%] [32m[1mLinking CXX shared library liblivox_interfaces__rosidl_typesupport_c.so[0m
[8.082s] [ 48%] [32m[1mLinking CXX shared library liblivox_interfaces__rosidl_typesupport_fastrtps_cpp.so[0m
[8.109s] [ 51%] [32m[1mLinking CXX shared library liblivox_interfaces__rosidl_typesupport_introspection_cpp.so[0m
[8.128s] [ 56%] [32m[1mLinking C shared library liblivox_interfaces__rosidl_typesupport_introspection_c.so[0m
[8.132s] [ 56%] Built target livox_interfaces__rosidl_typesupport_cpp
[8.178s] [ 56%] Built target livox_interfaces__rosidl_typesupport_c
[8.339s] [ 58%] Built target livox_interfaces__rosidl_typesupport_introspection_c
[8.573s] [ 64%] Built target livox_interfaces__rosidl_typesupport_introspection_cpp
[8.699s] [ 64%] Built target livox_interfaces__rosidl_typesupport_fastrtps_cpp
[8.777s] [ 66%] [32mBuilding CXX object CMakeFiles/livox_interfaces__rosidl_typesupport_fastrtps_c.dir/rosidl_typesupport_fastrtps_c/livox_interfaces/msg/detail/custom_msg__type_support_c.cpp.o[0m
[8.778s] [ 69%] [32mBuilding CXX object CMakeFiles/livox_interfaces__rosidl_typesupport_fastrtps_c.dir/rosidl_typesupport_fastrtps_c/livox_interfaces/msg/detail/custom_point__type_support_c.cpp.o[0m
[9.663s] [ 71%] [32m[1mLinking CXX shared library liblivox_interfaces__rosidl_typesupport_fastrtps_c.so[0m
[10.237s] [ 74%] Built target livox_interfaces__rosidl_typesupport_fastrtps_c
[10.358s] [ 74%] Built target livox_interfaces
[10.529s] [ 76%] Built target livox_interfaces__py
[10.659s] [ 79%] [32mBuilding C object CMakeFiles/livox_interfaces__python.dir/rosidl_generator_py/livox_interfaces/msg/_custom_point_s.c.o[0m
[10.661s] [ 82%] [32mBuilding C object CMakeFiles/livox_interfaces__python.dir/rosidl_generator_py/livox_interfaces/msg/_custom_msg_s.c.o[0m
[11.116s] [ 84%] [32m[1mLinking C shared library rosidl_generator_py/livox_interfaces/liblivox_interfaces__python.so[0m
[11.400s] [ 84%] Built target livox_interfaces__python
[11.524s] [ 87%] [32mBuilding C object CMakeFiles/livox_interfaces__rosidl_typesupport_introspection_c__pyext.dir/rosidl_generator_py/livox_interfaces/_livox_interfaces_s.ep.rosidl_typesupport_introspection_c.c.o[0m
[11.556s] [ 89%] [32mBuilding C object CMakeFiles/livox_interfaces__rosidl_typesupport_c__pyext.dir/rosidl_generator_py/livox_interfaces/_livox_interfaces_s.ep.rosidl_typesupport_c.c.o[0m
[11.593s] [ 92%] [32mBuilding C object CMakeFiles/livox_interfaces__rosidl_typesupport_fastrtps_c__pyext.dir/rosidl_generator_py/livox_interfaces/_livox_interfaces_s.ep.rosidl_typesupport_fastrtps_c.c.o[0m
[12.421s] [ 94%] [32m[1mLinking C shared library rosidl_generator_py/livox_interfaces/livox_interfaces_s__rosidl_typesupport_c.cpython-38-x86_64-linux-gnu.so[0m
[12.513s] [ 94%] Built target livox_interfaces__rosidl_typesupport_c__pyext
[13.163s] [ 97%] [32m[1mLinking CXX shared library rosidl_generator_py/livox_interfaces/livox_interfaces_s__rosidl_typesupport_fastrtps_c.cpython-38-x86_64-linux-gnu.so[0m
[13.250s] [100%] [32m[1mLinking C shared library rosidl_generator_py/livox_interfaces/livox_interfaces_s__rosidl_typesupport_introspection_c.cpython-38-x86_64-linux-gnu.so[0m
[13.432s] [100%] Built target livox_interfaces__rosidl_typesupport_fastrtps_c__pyext
[13.446s] [100%] Built target livox_interfaces__rosidl_typesupport_introspection_c__pyext
[13.484s] Invoked command in '/home/irobot/ros2_ws/build/livox_interfaces' returned '0': CMAKE_PREFIX_PATH=/opt/ros/foxy /usr/bin/cmake --build /home/irobot/ros2_ws/build/livox_interfaces -- -j8 -l8
[14.265s] Invoking command in '/home/irobot/ros2_ws/build/livox_interfaces': CMAKE_PREFIX_PATH=/opt/ros/foxy /usr/bin/cmake --install /home/irobot/ros2_ws/build/livox_interfaces
[14.301s] -- Install configuration: "Release"
[14.301s] -- Execute custom install script
[14.302s] -- Up-to-date symlink: /home/irobot/ros2_ws/install/livox_interfaces/share/ament_index/resource_index/rosidl_interfaces/livox_interfaces
[14.303s] -- Up-to-date symlink: /home/irobot/ros2_ws/install/livox_interfaces/include/livox_interfaces/msg/custom_msg.h
[14.303s] -- Up-to-date symlink: /home/irobot/ros2_ws/install/livox_interfaces/include/livox_interfaces/msg/custom_point.h
[14.303s] -- Up-to-date symlink: /home/irobot/ros2_ws/install/livox_interfaces/include/livox_interfaces/msg/detail/custom_msg__functions.h
[14.303s] -- Up-to-date symlink: /home/irobot/ros2_ws/install/livox_interfaces/include/livox_interfaces/msg/detail/custom_msg__struct.h
[14.303s] -- Up-to-date symlink: /home/irobot/ros2_ws/install/livox_interfaces/include/livox_interfaces/msg/detail/custom_msg__type_support.h
[14.303s] -- Up-to-date symlink: /home/irobot/ros2_ws/install/livox_interfaces/include/livox_interfaces/msg/detail/custom_point__functions.h
[14.303s] -- Up-to-date symlink: /home/irobot/ros2_ws/install/livox_interfaces/include/livox_interfaces/msg/detail/custom_point__struct.h
[14.304s] -- Up-to-date symlink: /home/irobot/ros2_ws/install/livox_interfaces/include/livox_interfaces/msg/detail/custom_point__type_support.h
[14.304s] -- Up-to-date symlink: /home/irobot/ros2_ws/install/livox_interfaces/include/livox_interfaces/msg/rosidl_generator_c__visibility_control.h
[14.304s] -- Up-to-date symlink: /home/irobot/ros2_ws/install/livox_interfaces/share/livox_interfaces/environment/library_path.sh
[14.304s] -- Up-to-date symlink: /home/irobot/ros2_ws/install/livox_interfaces/share/livox_interfaces/environment/library_path.dsv
[14.305s] -- Up-to-date symlink: /home/irobot/ros2_ws/install/livox_interfaces/include/livox_interfaces/msg/detail/custom_msg__rosidl_typesupport_fastrtps_c.h
[14.305s] -- Up-to-date symlink: /home/irobot/ros2_ws/install/livox_interfaces/include/livox_interfaces/msg/detail/custom_point__rosidl_typesupport_fastrtps_c.h
[14.305s] -- Up-to-date symlink: /home/irobot/ros2_ws/install/livox_interfaces/include/livox_interfaces/msg/rosidl_typesupport_fastrtps_c__visibility_control.h
[14.306s] -- Up-to-date symlink: /home/irobot/ros2_ws/install/livox_interfaces/lib/liblivox_interfaces__rosidl_typesupport_fastrtps_c.so
[14.306s] -- Up-to-date symlink: /home/irobot/ros2_ws/install/livox_interfaces/include/livox_interfaces/msg/detail/custom_msg__rosidl_typesupport_fastrtps_cpp.hpp
[14.306s] -- Up-to-date symlink: /home/irobot/ros2_ws/install/livox_interfaces/include/livox_interfaces/msg/detail/custom_point__rosidl_typesupport_fastrtps_cpp.hpp
[14.306s] -- Up-to-date symlink: /home/irobot/ros2_ws/install/livox_interfaces/include/livox_interfaces/msg/rosidl_typesupport_fastrtps_cpp__visibility_control.h
[14.307s] -- Up-to-date symlink: /home/irobot/ros2_ws/install/livox_interfaces/lib/liblivox_interfaces__rosidl_typesupport_fastrtps_cpp.so
[14.308s] -- Up-to-date symlink: /home/irobot/ros2_ws/install/livox_interfaces/include/livox_interfaces/msg/detail/custom_msg__rosidl_typesupport_introspection_c.h
[14.308s] -- Up-to-date symlink: /home/irobot/ros2_ws/install/livox_interfaces/include/livox_interfaces/msg/detail/custom_point__rosidl_typesupport_introspection_c.h
[14.308s] -- Up-to-date symlink: /home/irobot/ros2_ws/install/livox_interfaces/include/livox_interfaces/msg/rosidl_typesupport_introspection_c__visibility_control.h
[14.309s] -- Up-to-date symlink: /home/irobot/ros2_ws/install/livox_interfaces/include/livox_interfaces/msg/custom_msg.hpp
[14.309s] -- Up-to-date symlink: /home/irobot/ros2_ws/install/livox_interfaces/include/livox_interfaces/msg/custom_point.hpp
[14.309s] -- Up-to-date symlink: /home/irobot/ros2_ws/install/livox_interfaces/include/livox_interfaces/msg/detail/custom_msg__builder.hpp
[14.309s] -- Up-to-date symlink: /home/irobot/ros2_ws/install/livox_interfaces/include/livox_interfaces/msg/detail/custom_msg__struct.hpp
[14.309s] -- Up-to-date symlink: /home/irobot/ros2_ws/install/livox_interfaces/include/livox_interfaces/msg/detail/custom_msg__traits.hpp
[14.310s] -- Up-to-date symlink: /home/irobot/ros2_ws/install/livox_interfaces/include/livox_interfaces/msg/detail/custom_msg__type_support.hpp
[14.311s] -- Up-to-date symlink: /home/irobot/ros2_ws/install/livox_interfaces/include/livox_interfaces/msg/detail/custom_point__builder.hpp
[14.311s] -- Up-to-date symlink: /home/irobot/ros2_ws/install/livox_interfaces/include/livox_interfaces/msg/detail/custom_point__struct.hpp
[14.311s] -- Up-to-date symlink: /home/irobot/ros2_ws/install/livox_interfaces/include/livox_interfaces/msg/detail/custom_point__traits.hpp
[14.311s] -- Up-to-date symlink: /home/irobot/ros2_ws/install/livox_interfaces/include/livox_interfaces/msg/detail/custom_point__type_support.hpp
[14.311s] -- Up-to-date symlink: /home/irobot/ros2_ws/install/livox_interfaces/include/livox_interfaces/msg/rosidl_generator_cpp__visibility_control.hpp
[14.312s] -- Up-to-date symlink: /home/irobot/ros2_ws/install/livox_interfaces/include/livox_interfaces/msg/detail/custom_msg__rosidl_typesupport_introspection_cpp.hpp
[14.312s] -- Up-to-date symlink: /home/irobot/ros2_ws/install/livox_interfaces/include/livox_interfaces/msg/detail/custom_point__rosidl_typesupport_introspection_cpp.hpp
[14.312s] -- Up-to-date symlink: /home/irobot/ros2_ws/install/livox_interfaces/share/livox_interfaces/environment/pythonpath.sh
[14.312s] -- Up-to-date symlink: /home/irobot/ros2_ws/install/livox_interfaces/share/livox_interfaces/environment/pythonpath.dsv
[14.312s] -- Up-to-date symlink: /home/irobot/ros2_ws/install/livox_interfaces/lib/python3.8/site-packages/livox_interfaces/__init__.py
[14.313s] -- Up-to-date symlink: /home/irobot/ros2_ws/install/livox_interfaces/lib/python3.8/site-packages/livox_interfaces/msg/__init__.py
[14.313s] -- Up-to-date symlink: /home/irobot/ros2_ws/install/livox_interfaces/lib/python3.8/site-packages/livox_interfaces/msg/_custom_msg.py
[14.313s] -- Up-to-date symlink: /home/irobot/ros2_ws/install/livox_interfaces/lib/python3.8/site-packages/livox_interfaces/msg/_custom_point.py
[14.314s] -- Up-to-date symlink: /home/irobot/ros2_ws/install/livox_interfaces/lib/python3.8/site-packages/livox_interfaces/livox_interfaces_s__rosidl_typesupport_fastrtps_c.cpython-38-x86_64-linux-gnu.so
[14.314s] -- Up-to-date symlink: /home/irobot/ros2_ws/install/livox_interfaces/lib/python3.8/site-packages/livox_interfaces/livox_interfaces_s__rosidl_typesupport_introspection_c.cpython-38-x86_64-linux-gnu.so
[14.314s] -- Up-to-date symlink: /home/irobot/ros2_ws/install/livox_interfaces/lib/python3.8/site-packages/livox_interfaces/livox_interfaces_s__rosidl_typesupport_c.cpython-38-x86_64-linux-gnu.so
[14.318s] -- Up-to-date symlink: /home/irobot/ros2_ws/install/livox_interfaces/lib/liblivox_interfaces__python.so
[14.318s] -- Up-to-date symlink: /home/irobot/ros2_ws/install/livox_interfaces/share/livox_interfaces/msg/CustomPoint.idl
[14.318s] -- Up-to-date symlink: /home/irobot/ros2_ws/install/livox_interfaces/share/livox_interfaces/msg/CustomMsg.idl
[14.319s] -- Up-to-date symlink: /home/irobot/ros2_ws/install/livox_interfaces/share/livox_interfaces/msg/CustomPoint.msg
[14.319s] -- Up-to-date symlink: /home/irobot/ros2_ws/install/livox_interfaces/share/livox_interfaces/msg/CustomMsg.msg
[14.319s] -- Up-to-date symlink: /home/irobot/ros2_ws/install/livox_interfaces/share/ament_index/resource_index/package_run_dependencies/livox_interfaces
[14.319s] -- Up-to-date symlink: /home/irobot/ros2_ws/install/livox_interfaces/share/ament_index/resource_index/parent_prefix_path/livox_interfaces
[14.320s] -- Up-to-date symlink: /home/irobot/ros2_ws/install/livox_interfaces/share/livox_interfaces/environment/ament_prefix_path.sh
[14.320s] -- Up-to-date symlink: /home/irobot/ros2_ws/install/livox_interfaces/share/livox_interfaces/environment/ament_prefix_path.dsv
[14.320s] -- Up-to-date symlink: /home/irobot/ros2_ws/install/livox_interfaces/share/livox_interfaces/environment/path.sh
[14.320s] -- Up-to-date symlink: /home/irobot/ros2_ws/install/livox_interfaces/share/livox_interfaces/environment/path.dsv
[14.321s] -- Up-to-date symlink: /home/irobot/ros2_ws/install/livox_interfaces/share/livox_interfaces/local_setup.bash
[14.321s] -- Up-to-date symlink: /home/irobot/ros2_ws/install/livox_interfaces/share/livox_interfaces/local_setup.sh
[14.322s] -- Up-to-date symlink: /home/irobot/ros2_ws/install/livox_interfaces/share/livox_interfaces/local_setup.zsh
[14.326s] -- Up-to-date symlink: /home/irobot/ros2_ws/install/livox_interfaces/share/livox_interfaces/local_setup.dsv
[14.326s] -- Symlinking: /home/irobot/ros2_ws/install/livox_interfaces/share/livox_interfaces/package.dsv
[14.360s] -- Up-to-date symlink: /home/irobot/ros2_ws/install/livox_interfaces/share/ament_index/resource_index/packages/livox_interfaces
[14.361s] -- Up-to-date symlink: /home/irobot/ros2_ws/install/livox_interfaces/share/livox_interfaces/cmake/rosidl_cmake-extras.cmake
[14.361s] -- Up-to-date symlink: /home/irobot/ros2_ws/install/livox_interfaces/share/livox_interfaces/cmake/ament_cmake_export_dependencies-extras.cmake
[14.361s] -- Up-to-date symlink: /home/irobot/ros2_ws/install/livox_interfaces/share/livox_interfaces/cmake/ament_cmake_export_libraries-extras.cmake
[14.361s] -- Up-to-date symlink: /home/irobot/ros2_ws/install/livox_interfaces/share/livox_interfaces/cmake/ament_cmake_export_targets-extras.cmake
[14.362s] -- Up-to-date symlink: /home/irobot/ros2_ws/install/livox_interfaces/share/livox_interfaces/cmake/ament_cmake_export_include_directories-extras.cmake
[14.362s] -- Up-to-date symlink: /home/irobot/ros2_ws/install/livox_interfaces/share/livox_interfaces/cmake/rosidl_cmake_export_typesupport_libraries-extras.cmake
[14.362s] -- Up-to-date symlink: /home/irobot/ros2_ws/install/livox_interfaces/share/livox_interfaces/cmake/rosidl_cmake_export_typesupport_targets-extras.cmake
[14.362s] -- Up-to-date symlink: /home/irobot/ros2_ws/install/livox_interfaces/share/livox_interfaces/cmake/livox_interfacesConfig.cmake
[14.363s] -- Up-to-date symlink: /home/irobot/ros2_ws/install/livox_interfaces/share/livox_interfaces/cmake/livox_interfacesConfig-version.cmake
[14.363s] -- Up-to-date symlink: /home/irobot/ros2_ws/install/livox_interfaces/share/livox_interfaces/package.xml
[14.363s] -- Installing: /home/irobot/ros2_ws/install/livox_interfaces/lib/liblivox_interfaces__rosidl_generator_c.so
[14.364s] -- Set runtime path of "/home/irobot/ros2_ws/install/livox_interfaces/lib/liblivox_interfaces__rosidl_generator_c.so" to ""
[14.364s] -- Installing: /home/irobot/ros2_ws/install/livox_interfaces/lib/liblivox_interfaces__rosidl_typesupport_introspection_c.so
[14.365s] -- Set runtime path of "/home/irobot/ros2_ws/install/livox_interfaces/lib/liblivox_interfaces__rosidl_typesupport_introspection_c.so" to ""
[14.365s] -- Installing: /home/irobot/ros2_ws/install/livox_interfaces/lib/liblivox_interfaces__rosidl_typesupport_c.so
[14.365s] -- Set runtime path of "/home/irobot/ros2_ws/install/livox_interfaces/lib/liblivox_interfaces__rosidl_typesupport_c.so" to ""
[14.366s] -- Installing: /home/irobot/ros2_ws/install/livox_interfaces/lib/liblivox_interfaces__rosidl_typesupport_introspection_cpp.so
[14.366s] -- Set runtime path of "/home/irobot/ros2_ws/install/livox_interfaces/lib/liblivox_interfaces__rosidl_typesupport_introspection_cpp.so" to ""
[14.366s] -- Installing: /home/irobot/ros2_ws/install/livox_interfaces/lib/liblivox_interfaces__rosidl_typesupport_cpp.so
[14.367s] -- Set runtime path of "/home/irobot/ros2_ws/install/livox_interfaces/lib/liblivox_interfaces__rosidl_typesupport_cpp.so" to ""
[14.449s] Compiling '/home/irobot/ros2_ws/install/livox_interfaces/lib/python3.8/site-packages/livox_interfaces/__init__.py'...
[14.452s] -- Up-to-date: /home/irobot/ros2_ws/install/livox_interfaces/share/livox_interfaces/cmake/livox_interfaces__rosidl_generator_cExport.cmake
[14.452s] -- Installing: /home/irobot/ros2_ws/install/livox_interfaces/share/livox_interfaces/cmake/livox_interfaces__rosidl_generator_cExport-release.cmake
[14.453s] -- Up-to-date: /home/irobot/ros2_ws/install/livox_interfaces/share/livox_interfaces/cmake/livox_interfaces__rosidl_typesupport_introspection_cExport.cmake
[14.453s] -- Installing: /home/irobot/ros2_ws/install/livox_interfaces/share/livox_interfaces/cmake/livox_interfaces__rosidl_typesupport_introspection_cExport-release.cmake
[14.453s] -- Up-to-date: /home/irobot/ros2_ws/install/livox_interfaces/share/livox_interfaces/cmake/livox_interfaces__rosidl_typesupport_cExport.cmake
[14.453s] -- Installing: /home/irobot/ros2_ws/install/livox_interfaces/share/livox_interfaces/cmake/livox_interfaces__rosidl_typesupport_cExport-release.cmake
[14.453s] -- Up-to-date: /home/irobot/ros2_ws/install/livox_interfaces/share/livox_interfaces/cmake/livox_interfaces__rosidl_generator_cppExport.cmake
[14.453s] -- Up-to-date: /home/irobot/ros2_ws/install/livox_interfaces/share/livox_interfaces/cmake/livox_interfaces__rosidl_typesupport_introspection_cppExport.cmake
[14.454s] -- Installing: /home/irobot/ros2_ws/install/livox_interfaces/share/livox_interfaces/cmake/livox_interfaces__rosidl_typesupport_introspection_cppExport-release.cmake
[14.454s] -- Up-to-date: /home/irobot/ros2_ws/install/livox_interfaces/share/livox_interfaces/cmake/livox_interfaces__rosidl_typesupport_cppExport.cmake
[14.454s] -- Installing: /home/irobot/ros2_ws/install/livox_interfaces/share/livox_interfaces/cmake/livox_interfaces__rosidl_typesupport_cppExport-release.cmake
[14.503s] Invoked command in '/home/irobot/ros2_ws/build/livox_interfaces' returned '0': CMAKE_PREFIX_PATH=/opt/ros/foxy /usr/bin/cmake --install /home/irobot/ros2_ws/build/livox_interfaces
