[100%] Built target vineslam
-- Install configuration: "Release"
-- Execute custom install script
-- Up-to-date symlink: /home/irobot/ros2_ws/install/vineslam/share/vineslam/environment/library_path.sh
-- Up-to-date symlink: /home/irobot/ros2_ws/install/vineslam/share/vineslam/environment/library_path.dsv
-- Up-to-date symlink: /home/irobot/ros2_ws/install/vineslam/include//vineslam/extern/concurrentqueue.h
-- Up-to-date symlink: /home/irobot/ros2_ws/install/vineslam/include//vineslam/extern/thread_pool.cpp
-- Up-to-date symlink: /home/irobot/ros2_ws/install/vineslam/include//vineslam/extern/thread_pool.h
-- Up-to-date symlink: /home/irobot/ros2_ws/install/vineslam/include//vineslam/feature/feature.hpp
-- Up-to-date symlink: /home/irobot/ros2_ws/install/vineslam/include//vineslam/feature/semantic.hpp
-- Up-to-date symlink: /home/irobot/ros2_ws/install/vineslam/include//vineslam/feature/three_dimensional.hpp
-- Up-to-date symlink: /home/irobot/ros2_ws/install/vineslam/include//vineslam/feature/visual.hpp
-- Up-to-date symlink: /home/irobot/ros2_ws/install/vineslam/include//vineslam/filters/convex_hull.hpp
-- Up-to-date symlink: /home/irobot/ros2_ws/install/vineslam/include//vineslam/filters/ransac.hpp
-- Up-to-date symlink: /home/irobot/ros2_ws/install/vineslam/include//vineslam/filters/ransac_cu.hpp
-- Up-to-date symlink: /home/irobot/ros2_ws/install/vineslam/include//vineslam/interface/localization_mapping_interface.hpp
-- Up-to-date symlink: /home/irobot/ros2_ws/install/vineslam/include//vineslam/localization/localizer.hpp
-- Up-to-date symlink: /home/irobot/ros2_ws/install/vineslam/include//vineslam/localization/pf.hpp
-- Up-to-date symlink: /home/irobot/ros2_ws/install/vineslam/include//vineslam/map_io/elevation_map_parser.hpp
-- Up-to-date symlink: /home/irobot/ros2_ws/install/vineslam/include//vineslam/map_io/elevation_map_writer.hpp
-- Up-to-date symlink: /home/irobot/ros2_ws/install/vineslam/include//vineslam/map_io/map_parser.hpp
-- Up-to-date symlink: /home/irobot/ros2_ws/install/vineslam/include//vineslam/map_io/map_writer.hpp
-- Up-to-date symlink: /home/irobot/ros2_ws/install/vineslam/include//vineslam/map_io/topological_map_parser.hpp
-- Up-to-date symlink: /home/irobot/ros2_ws/install/vineslam/include//vineslam/map_io/topological_map_writer.hpp
-- Up-to-date symlink: /home/irobot/ros2_ws/install/vineslam/include//vineslam/mapping/elevation_map.hpp
-- Up-to-date symlink: /home/irobot/ros2_ws/install/vineslam/include//vineslam/mapping/landmark_ekf.hpp
-- Up-to-date symlink: /home/irobot/ros2_ws/install/vineslam/include//vineslam/mapping/landmark_mapping.hpp
-- Up-to-date symlink: /home/irobot/ros2_ws/install/vineslam/include//vineslam/mapping/lidar_mapping.hpp
-- Up-to-date symlink: /home/irobot/ros2_ws/install/vineslam/include//vineslam/mapping/lidar_mapping_livox.hpp
-- Up-to-date symlink: /home/irobot/ros2_ws/install/vineslam/include//vineslam/mapping/lidar_mapping_omnidirectional.hpp
-- Up-to-date symlink: /home/irobot/ros2_ws/install/vineslam/include//vineslam/mapping/occupancy_map.hpp
-- Up-to-date symlink: /home/irobot/ros2_ws/install/vineslam/include//vineslam/mapping/static/occupancy_map_static.hpp
-- Up-to-date symlink: /home/irobot/ros2_ws/install/vineslam/include//vineslam/mapping/topological_map.hpp
-- Up-to-date symlink: /home/irobot/ros2_ws/install/vineslam/include//vineslam/matcher/icp.hpp
-- Up-to-date symlink: /home/irobot/ros2_ws/install/vineslam/include//vineslam/math/Const.hpp
-- Up-to-date symlink: /home/irobot/ros2_ws/install/vineslam/include//vineslam/math/Geodetic.hpp
-- Up-to-date symlink: /home/irobot/ros2_ws/install/vineslam/include//vineslam/math/Point.hpp
-- Up-to-date symlink: /home/irobot/ros2_ws/install/vineslam/include//vineslam/math/Pose.hpp
-- Up-to-date symlink: /home/irobot/ros2_ws/install/vineslam/include//vineslam/math/Stat.hpp
-- Up-to-date symlink: /home/irobot/ros2_ws/install/vineslam/include//vineslam/math/Tf.hpp
-- Up-to-date symlink: /home/irobot/ros2_ws/install/vineslam/include//vineslam/math/Vec.hpp
-- Up-to-date symlink: /home/irobot/ros2_ws/install/vineslam/include//vineslam/params.hpp
-- Up-to-date symlink: /home/irobot/ros2_ws/install/vineslam/include//vineslam/utils/Timer.hpp
-- Up-to-date symlink: /home/irobot/ros2_ws/install/vineslam/include//vineslam/utils/save_data.hpp
-- Up-to-date symlink: /home/irobot/ros2_ws/install/vineslam/include//vineslam/utils/scripts/plot_clusters.py
-- Up-to-date symlink: /home/irobot/ros2_ws/install/vineslam/share/ament_index/resource_index/package_run_dependencies/vineslam
-- Up-to-date symlink: /home/irobot/ros2_ws/install/vineslam/share/ament_index/resource_index/parent_prefix_path/vineslam
-- Up-to-date symlink: /home/irobot/ros2_ws/install/vineslam/share/vineslam/environment/ament_prefix_path.sh
-- Up-to-date symlink: /home/irobot/ros2_ws/install/vineslam/share/vineslam/environment/ament_prefix_path.dsv
-- Up-to-date symlink: /home/irobot/ros2_ws/install/vineslam/share/vineslam/environment/path.sh
-- Up-to-date symlink: /home/irobot/ros2_ws/install/vineslam/share/vineslam/environment/path.dsv
-- Up-to-date symlink: /home/irobot/ros2_ws/install/vineslam/share/vineslam/local_setup.bash
-- Up-to-date symlink: /home/irobot/ros2_ws/install/vineslam/share/vineslam/local_setup.sh
-- Up-to-date symlink: /home/irobot/ros2_ws/install/vineslam/share/vineslam/local_setup.zsh
-- Up-to-date symlink: /home/irobot/ros2_ws/install/vineslam/share/vineslam/local_setup.dsv
-- Symlinking: /home/irobot/ros2_ws/install/vineslam/share/vineslam/package.dsv
-- Up-to-date symlink: /home/irobot/ros2_ws/install/vineslam/share/ament_index/resource_index/packages/vineslam
-- Up-to-date symlink: /home/irobot/ros2_ws/install/vineslam/share/vineslam/cmake/ament_cmake_export_targets-extras.cmake
-- Up-to-date symlink: /home/irobot/ros2_ws/install/vineslam/share/vineslam/cmake/ament_cmake_export_dependencies-extras.cmake
-- Up-to-date symlink: /home/irobot/ros2_ws/install/vineslam/share/vineslam/cmake/vineslamConfig.cmake
-- Up-to-date symlink: /home/irobot/ros2_ws/install/vineslam/share/vineslam/cmake/vineslamConfig-version.cmake
-- Up-to-date symlink: /home/irobot/ros2_ws/install/vineslam/share/vineslam/package.xml
-- Up-to-date: /home/irobot/ros2_ws/install/vineslam/lib/libvineslam.a
-- Up-to-date: /home/irobot/ros2_ws/install/vineslam/share/vineslam/cmake/export_vineslamExport.cmake
-- Up-to-date: /home/irobot/ros2_ws/install/vineslam/share/vineslam/cmake/export_vineslamExport-release.cmake
