[0.138s] Invoking command in '/home/irobot/ros2_ws/build/livox_ros2_driver': AMENT_PREFIX_PATH=/home/irobot/ros2_ws/install/livox_sdk_vendor:/home/irobot/ros2_ws/install/livox_interfaces:${AMENT_PREFIX_PATH} CMAKE_PREFIX_PATH=/home/irobot/ros2_ws/install/livox_sdk_vendor:/home/irobot/ros2_ws/install/livox_interfaces:/opt/ros/foxy LD_LIBRARY_PATH=/home/irobot/ros2_ws/install/livox_interfaces/lib:${LD_LIBRARY_PATH} PYTHONPATH=/home/irobot/ros2_ws/install/livox_interfaces/lib/python3.8/site-packages:${PYTHONPATH} /usr/bin/cmake /home/irobot/ros2_ws/src/livox/livox_ros2_driver -DCMAKE_BUILD_TYPE=Release -DCMAKE_INSTALL_PREFIX=/home/irobot/ros2_ws/install/livox_ros2_driver
[0.229s] -- livox_ros2_driver version: 0.0.1
[0.229s] -- Found ament_cmake_auto: 0.9.12 (/opt/ros/foxy/share/ament_cmake_auto/cmake)
[0.319s] -- Using PYTHON_EXECUTABLE: /usr/bin/python3
[1.401s] -- Override CMake install command with custom implementation using symlinks instead of copying resources
[1.814s] -- Using all available rosidl_typesupport_c: rosidl_typesupport_fastrtps_c;rosidl_typesupport_introspection_c
[1.822s] -- Found rosidl_adapter: 1.3.1 (/opt/ros/foxy/share/rosidl_adapter/cmake)
[2.367s] -- Using all available rosidl_typesupport_cpp: rosidl_typesupport_fastrtps_cpp;rosidl_typesupport_introspection_cpp
[2.477s] -- Found rmw_implementation_cmake: 1.0.4 (/opt/ros/foxy/share/rmw_implementation_cmake/cmake)
[2.480s] -- Using RMW implementation 'rmw_fastrtps_cpp' as default
[3.261s] -- Eigen found (include: /usr/include/eigen3, version: 3.3.7)
[3.499s] -- The imported target "vtkParseOGLExt" references the file
[3.501s]    "/usr/bin/vtkParseOGLExt-7.1"
[3.501s] but this file does not exist.  Possible reasons include:
[3.501s] * The file was deleted, renamed, or moved to another location.
[3.501s] * An install or uninstall procedure did not complete successfully.
[3.501s] * The installation package was faulty and contained
[3.501s]    "/usr/lib/cmake/vtk-7.1/VTKTargets.cmake"
[3.501s] but not all the files it references.
[3.501s] 
[3.501s] -- The imported target "vtkRenderingPythonTkWidgets" references the file
[3.506s]    "/usr/lib/x86_64-linux-gnu/libvtkRenderingPythonTkWidgets.so"
[3.506s] but this file does not exist.  Possible reasons include:
[3.506s] * The file was deleted, renamed, or moved to another location.
[3.507s] * An install or uninstall procedure did not complete successfully.
[3.507s] * The installation package was faulty and contained
[3.507s]    "/usr/lib/cmake/vtk-7.1/VTKTargets.cmake"
[3.507s] but not all the files it references.
[3.507s] 
[3.507s] -- The imported target "vtk" references the file
[3.507s]    "/usr/bin/vtk"
[3.507s] but this file does not exist.  Possible reasons include:
[3.507s] * The file was deleted, renamed, or moved to another location.
[3.507s] * An install or uninstall procedure did not complete successfully.
[3.507s] * The installation package was faulty and contained
[3.507s]    "/usr/lib/cmake/vtk-7.1/VTKTargets.cmake"
[3.507s] but not all the files it references.
[3.507s] 
[3.525s] -- The imported target "pvtk" references the file
[3.525s]    "/usr/bin/pvtk"
[3.525s] but this file does not exist.  Possible reasons include:
[3.525s] * The file was deleted, renamed, or moved to another location.
[3.525s] * An install or uninstall procedure did not complete successfully.
[3.525s] * The installation package was faulty and contained
[3.525s]    "/usr/lib/cmake/vtk-7.1/VTKTargets.cmake"
[3.525s] but not all the files it references.
[3.525s] 
[3.603s] -- OpenNI found (include: /usr/include/ni, lib: /usr/lib/libOpenNI.so)
[3.633s] -- OpenNI2 found (include: /usr/include/openni2, lib: /usr/lib/libOpenNI2.so)
[3.636s] ** WARNING ** io features related to pcap will be disabled
[3.636s] ** WARNING ** io features related to png will be disabled
[3.689s] ** WARNING ** io features related to libusb-1.0 will be disabled
[3.722s] -- OpenNI found (include: /usr/include/ni, lib: /usr/lib/libOpenNI.so)
[3.749s] -- OpenNI2 found (include: /usr/include/openni2, lib: /usr/lib/libOpenNI2.so)
[3.785s] -- QHULL found (include: /usr/include, lib: optimized;/usr/lib/x86_64-linux-gnu/libqhull.so;debug;/usr/lib/x86_64-linux-gnu/libqhull.so)
[3.804s] -- OpenNI found (include: /usr/include/ni, lib: /usr/lib/libOpenNI.so)
[3.831s] -- looking for PCL_COMMON
[3.835s] -- looking for PCL_KDTREE
[3.837s] -- looking for PCL_OCTREE
[3.838s] -- looking for PCL_SEARCH
[3.839s] -- looking for PCL_SAMPLE_CONSENSUS
[3.846s] -- looking for PCL_FILTERS
[3.848s] -- looking for PCL_2D
[3.849s] -- looking for PCL_GEOMETRY
[3.850s] -- looking for PCL_IO
[3.852s] -- looking for PCL_FEATURES
[3.853s] -- looking for PCL_ML
[3.857s] -- looking for PCL_SEGMENTATION
[3.858s] -- looking for PCL_VISUALIZATION
[3.860s] -- looking for PCL_SURFACE
[3.865s] -- looking for PCL_REGISTRATION
[3.866s] -- looking for PCL_KEYPOINTS
[3.872s] -- looking for PCL_TRACKING
[3.874s] -- looking for PCL_RECOGNITION
[3.875s] -- looking for PCL_STEREO
[3.877s] -- looking for PCL_APPS
[3.881s] -- looking for PCL_IN_HAND_SCANNER
[3.882s] -- looking for PCL_POINT_CLOUD_EDITOR
[3.884s] -- looking for PCL_OUTOFCORE
[3.888s] -- looking for PCL_PEOPLE
[3.929s] /usr/include/apr-1.0
[3.929s] apr-1
[4.023s] -- Found ament_lint_auto: 0.9.8 (/opt/ros/foxy/share/ament_lint_auto/cmake)
[4.657s] -- Added test 'copyright' to check source files copyright and LICENSE
[4.657s] -- Added test 'cppcheck' to perform static code analysis on C / C++ code
[4.659s] -- Configured cppcheck include dirs: /home/irobot/ros2_ws/src/livox/livox_ros2_driver/common;/home/irobot/ros2_ws/src/livox/livox_ros2_driver/common/rapidjson;/home/irobot/ros2_ws/src/livox/livox_ros2_driver/comon/rapdidxml;/home/irobot/ros2_ws/src/livox/livox_ros2_driver/common/comm;/home/irobot/ros2_ws/src/livox/livox_ros2_driver/timesync;/home/irobot/ros2_ws/src/livox/livox_ros2_driver/timesync/user_uart;/home/irobot/ros2_ws/src/livox/livox_ros2_driver/livox_ros2_driver
[4.659s] -- Configured cppcheck exclude dirs and/or files: 
[4.663s] -- Added test 'cpplint' to check C / C++ code against the Google style
[4.663s] -- Configured cpplint exclude dirs and/or files: 
[4.664s] -- Added test 'flake8' to check Python code syntax and style conventions
[4.669s] -- Added test 'lint_cmake' to check CMake code style
[4.681s] -- Added test 'pep257' to check Python code against some of the style conventions in PEP 257
[4.688s] -- Added test 'uncrustify' to check C / C++ code style
[4.692s] -- Configured uncrustify additional arguments: 
[4.693s] -- Added test 'xmllint' to check XML markup files
[4.702s] -- Configuring done
[5.640s] -- Generating done
[5.654s] -- Build files have been written to: /home/irobot/ros2_ws/build/livox_ros2_driver
[5.696s] Invoked command in '/home/irobot/ros2_ws/build/livox_ros2_driver' returned '0': AMENT_PREFIX_PATH=/home/irobot/ros2_ws/install/livox_sdk_vendor:/home/irobot/ros2_ws/install/livox_interfaces:${AMENT_PREFIX_PATH} CMAKE_PREFIX_PATH=/home/irobot/ros2_ws/install/livox_sdk_vendor:/home/irobot/ros2_ws/install/livox_interfaces:/opt/ros/foxy LD_LIBRARY_PATH=/home/irobot/ros2_ws/install/livox_interfaces/lib:${LD_LIBRARY_PATH} PYTHONPATH=/home/irobot/ros2_ws/install/livox_interfaces/lib/python3.8/site-packages:${PYTHONPATH} /usr/bin/cmake /home/irobot/ros2_ws/src/livox/livox_ros2_driver -DCMAKE_BUILD_TYPE=Release -DCMAKE_INSTALL_PREFIX=/home/irobot/ros2_ws/install/livox_ros2_driver
[5.697s] Invoking command in '/home/irobot/ros2_ws/build/livox_ros2_driver': AMENT_PREFIX_PATH=/home/irobot/ros2_ws/install/livox_sdk_vendor:/home/irobot/ros2_ws/install/livox_interfaces:${AMENT_PREFIX_PATH} CMAKE_PREFIX_PATH=/home/irobot/ros2_ws/install/livox_sdk_vendor:/home/irobot/ros2_ws/install/livox_interfaces:/opt/ros/foxy LD_LIBRARY_PATH=/home/irobot/ros2_ws/install/livox_interfaces/lib:${LD_LIBRARY_PATH} PYTHONPATH=/home/irobot/ros2_ws/install/livox_interfaces/lib/python3.8/site-packages:${PYTHONPATH} /usr/bin/cmake --build /home/irobot/ros2_ws/build/livox_ros2_driver -- -j8 -l8
[6.014s] [  6%] [32mBuilding CXX object CMakeFiles/livox_ros2_driver.dir/livox_ros2_driver/lvx_file.cpp.o[0m
[9.009s] [ 12%] [32mBuilding CXX object CMakeFiles/livox_ros2_driver.dir/livox_ros2_driver/lddc.cpp.o[0m
[22.756s] [ 18%] [32mBuilding CXX object CMakeFiles/livox_ros2_driver.dir/livox_ros2_driver/livox_ros2_driver.cpp.o[0m
[31.953s] [ 25%] [32mBuilding CXX object CMakeFiles/livox_ros2_driver.dir/timesync/timesync.cpp.o[0m
[32.535s] [ 31%] [32mBuilding CXX object CMakeFiles/livox_ros2_driver.dir/timesync/user_uart/user_uart.cpp.o[0m
[32.765s] [ 37%] [32mBuilding CXX object CMakeFiles/livox_ros2_driver.dir/common/comm/comm_protocol.cpp.o[0m
[33.184s] [ 43%] [32mBuilding CXX object CMakeFiles/livox_ros2_driver.dir/common/comm/sdk_protocol.cpp.o[0m
[33.311s] [ 50%] [32mBuilding CXX object CMakeFiles/livox_ros2_driver.dir/common/comm/gps_protocol.cpp.o[0m
[33.417s] [ 56%] [32mBuilding CXX object CMakeFiles/livox_ros2_driver.dir/livox_ros2_driver/lds_hub.cpp.o[0m
[35.325s] [ 62%] [32mBuilding CXX object CMakeFiles/livox_ros2_driver.dir/livox_ros2_driver/lds_lidar.cpp.o[0m
[36.342s] In file included from [01m[K/usr/include/string.h:495[m[K,
[36.342s]                  from [01m[K/usr/include/c++/9/cstring:42[m[K,
[36.342s]                  from [01m[K/home/irobot/ros2_ws/src/livox/livox_ros2_driver/common/rapidjson/rapidjson.h:45[m[K,
[36.342s]                  from [01m[K/home/irobot/ros2_ws/src/livox/livox_ros2_driver/common/rapidjson/stream.h:19[m[K,
[36.342s]                  from [01m[K/home/irobot/ros2_ws/src/livox/livox_ros2_driver/common/rapidjson/memorystream.h:22[m[K,
[36.342s]                  from [01m[K/home/irobot/ros2_ws/src/livox/livox_ros2_driver/common/rapidjson/encodedstream.h:22[m[K,
[36.342s]                  from [01m[K/home/irobot/ros2_ws/src/livox/livox_ros2_driver/common/rapidjson/document.h:26[m[K,
[36.342s]                  from [01m[K/home/irobot/ros2_ws/src/livox/livox_ros2_driver/livox_ros2_driver/lds_lidar.h:36[m[K,
[36.342s]                  from [01m[K/home/irobot/ros2_ws/src/livox/livox_ros2_driver/livox_ros2_driver/lds_lidar.cpp:25[m[K:
[36.342s] In function ‘[01m[Kchar* strncpy(char*, const char*, size_t)[m[K’,
[36.342s]     inlined from ‘[01m[Kint livox_ros::LdsLidar::ParseTimesyncConfig(rapidjson::Document&)[m[K’ at [01m[K/home/irobot/ros2_ws/src/livox/livox_ros2_driver/livox_ros2_driver/lds_lidar.cpp:607:17[m[K:
[36.342s] [01m[K/usr/include/x86_64-linux-gnu/bits/string_fortified.h:106:34:[m[K [01;35m[Kwarning: [m[K‘[01m[Kchar* __builtin_strncpy(char*, const char*, long unsigned int)[m[K’ specified bound 256 equals destination size [[01;35m[K-Wstringop-truncation[m[K]
[36.343s]   106 |   return [01;35m[K__builtin___strncpy_chk (__dest, __src, __len, __bos (__dest))[m[K;
[36.343s]       |          [01;35m[K~~~~~~~~~~~~~~~~~~~~~~~~^~~~~~~~~~~~~~~~~~~~~~~~~~~~~~~~~~~~~~[m[K
[37.104s] In function ‘[01m[Kchar* strncpy(char*, const char*, size_t)[m[K’,
[37.105s]     inlined from ‘[01m[Kint livox_ros::LdsLidar::ParseConfigFile(const char*)[m[K’ at [01m[K/home/irobot/ros2_ws/src/livox/livox_ros2_driver/livox_ros2_driver/lds_lidar.cpp:670:25[m[K:
[37.105s] [01m[K/usr/include/x86_64-linux-gnu/bits/string_fortified.h:106:34:[m[K [01;35m[Kwarning: [m[K‘[01m[Kchar* __builtin_strncpy(char*, const char*, long unsigned int)[m[K’ specified bound 16 equals destination size [[01;35m[K-Wstringop-truncation[m[K]
[37.105s]   106 |   return [01;35m[K__builtin___strncpy_chk (__dest, __src, __len, __bos (__dest))[m[K;
[37.105s]       |          [01;35m[K~~~~~~~~~~~~~~~~~~~~~~~~^~~~~~~~~~~~~~~~~~~~~~~~~~~~~~~~~~~~~~[m[K
[37.451s] [ 68%] [32mBuilding CXX object CMakeFiles/livox_ros2_driver.dir/livox_ros2_driver/lds_lvx.cpp.o[0m
[38.199s] [ 75%] [32mBuilding CXX object CMakeFiles/livox_ros2_driver.dir/livox_ros2_driver/lds.cpp.o[0m
[38.852s] [ 81%] [32mBuilding CXX object CMakeFiles/livox_ros2_driver.dir/livox_ros2_driver/ldq.cpp.o[0m
[38.957s] [ 87%] [32m[1mLinking CXX shared library liblivox_ros2_driver.so[0m
[40.759s] [ 87%] Built target livox_ros2_driver
[40.845s] [ 93%] [32mBuilding CXX object CMakeFiles/livox_ros2_driver_node.dir/rclcpp_components/node_main_livox_ros2_driver_node.cpp.o[0m
[43.052s] [100%] [32m[1mLinking CXX executable livox_ros2_driver_node[0m
[43.244s] [100%] Built target livox_ros2_driver_node
[43.261s] Invoked command in '/home/irobot/ros2_ws/build/livox_ros2_driver' returned '0': AMENT_PREFIX_PATH=/home/irobot/ros2_ws/install/livox_sdk_vendor:/home/irobot/ros2_ws/install/livox_interfaces:${AMENT_PREFIX_PATH} CMAKE_PREFIX_PATH=/home/irobot/ros2_ws/install/livox_sdk_vendor:/home/irobot/ros2_ws/install/livox_interfaces:/opt/ros/foxy LD_LIBRARY_PATH=/home/irobot/ros2_ws/install/livox_interfaces/lib:${LD_LIBRARY_PATH} PYTHONPATH=/home/irobot/ros2_ws/install/livox_interfaces/lib/python3.8/site-packages:${PYTHONPATH} /usr/bin/cmake --build /home/irobot/ros2_ws/build/livox_ros2_driver -- -j8 -l8
[43.328s] Invoking command in '/home/irobot/ros2_ws/build/livox_ros2_driver': AMENT_PREFIX_PATH=/home/irobot/ros2_ws/install/livox_sdk_vendor:/home/irobot/ros2_ws/install/livox_interfaces:${AMENT_PREFIX_PATH} CMAKE_PREFIX_PATH=/home/irobot/ros2_ws/install/livox_sdk_vendor:/home/irobot/ros2_ws/install/livox_interfaces:/opt/ros/foxy LD_LIBRARY_PATH=/home/irobot/ros2_ws/install/livox_interfaces/lib:${LD_LIBRARY_PATH} PYTHONPATH=/home/irobot/ros2_ws/install/livox_interfaces/lib/python3.8/site-packages:${PYTHONPATH} /usr/bin/cmake --install /home/irobot/ros2_ws/build/livox_ros2_driver
[43.339s] -- Install configuration: "Release"
[43.340s] -- Execute custom install script
[43.340s] -- Up-to-date symlink: /home/irobot/ros2_ws/install/livox_ros2_driver/lib/livox_ros2_driver/livox_ros2_driver_node
[43.340s] -- Up-to-date symlink: /home/irobot/ros2_ws/install/livox_ros2_driver/share/livox_ros2_driver/environment/library_path.sh
[43.340s] -- Up-to-date symlink: /home/irobot/ros2_ws/install/livox_ros2_driver/share/livox_ros2_driver/environment/library_path.dsv
[43.341s] -- Up-to-date symlink: /home/irobot/ros2_ws/install/livox_ros2_driver/lib/liblivox_ros2_driver.so
[43.341s] -- Up-to-date symlink: /home/irobot/ros2_ws/install/livox_ros2_driver/share/livox_ros2_driver/config/livox_hub.rviz
[43.341s] -- Up-to-date symlink: /home/irobot/ros2_ws/install/livox_ros2_driver/share/livox_ros2_driver/config/livox_hub_config.json
[43.342s] -- Up-to-date symlink: /home/irobot/ros2_ws/install/livox_ros2_driver/share/livox_ros2_driver/config/livox_lidar.rviz
[43.342s] -- Up-to-date symlink: /home/irobot/ros2_ws/install/livox_ros2_driver/share/livox_ros2_driver/config/livox_lidar_config.json
[43.342s] -- Up-to-date symlink: /home/irobot/ros2_ws/install/livox_ros2_driver/share/livox_ros2_driver/launch/livox_hub_launch.py
[43.342s] -- Up-to-date symlink: /home/irobot/ros2_ws/install/livox_ros2_driver/share/livox_ros2_driver/launch/livox_hub_msg_launch .py
[43.342s] -- Up-to-date symlink: /home/irobot/ros2_ws/install/livox_ros2_driver/share/livox_ros2_driver/launch/livox_hub_rviz_launch.py
[43.342s] -- Up-to-date symlink: /home/irobot/ros2_ws/install/livox_ros2_driver/share/livox_ros2_driver/launch/livox_lidar_launch.py
[43.343s] -- Up-to-date symlink: /home/irobot/ros2_ws/install/livox_ros2_driver/share/livox_ros2_driver/launch/livox_lidar_msg_launch.py
[43.343s] -- Up-to-date symlink: /home/irobot/ros2_ws/install/livox_ros2_driver/share/livox_ros2_driver/launch/livox_lidar_rviz_launch.py
[43.343s] -- Up-to-date symlink: /home/irobot/ros2_ws/install/livox_ros2_driver/share/livox_ros2_driver/launch/livox_template_launch.py
[43.343s] -- Up-to-date symlink: /home/irobot/ros2_ws/install/livox_ros2_driver/share/ament_index/resource_index/package_run_dependencies/livox_ros2_driver
[43.343s] -- Up-to-date symlink: /home/irobot/ros2_ws/install/livox_ros2_driver/share/ament_index/resource_index/parent_prefix_path/livox_ros2_driver
[43.343s] -- Up-to-date symlink: /home/irobot/ros2_ws/install/livox_ros2_driver/share/livox_ros2_driver/environment/ament_prefix_path.sh
[43.343s] -- Up-to-date symlink: /home/irobot/ros2_ws/install/livox_ros2_driver/share/livox_ros2_driver/environment/ament_prefix_path.dsv
[43.344s] -- Up-to-date symlink: /home/irobot/ros2_ws/install/livox_ros2_driver/share/livox_ros2_driver/environment/path.sh
[43.344s] -- Up-to-date symlink: /home/irobot/ros2_ws/install/livox_ros2_driver/share/livox_ros2_driver/environment/path.dsv
[43.344s] -- Up-to-date symlink: /home/irobot/ros2_ws/install/livox_ros2_driver/share/livox_ros2_driver/local_setup.bash
[43.344s] -- Up-to-date symlink: /home/irobot/ros2_ws/install/livox_ros2_driver/share/livox_ros2_driver/local_setup.sh
[43.344s] -- Up-to-date symlink: /home/irobot/ros2_ws/install/livox_ros2_driver/share/livox_ros2_driver/local_setup.zsh
[43.344s] -- Up-to-date symlink: /home/irobot/ros2_ws/install/livox_ros2_driver/share/livox_ros2_driver/local_setup.dsv
[43.345s] -- Symlinking: /home/irobot/ros2_ws/install/livox_ros2_driver/share/livox_ros2_driver/package.dsv
[43.359s] -- Up-to-date symlink: /home/irobot/ros2_ws/install/livox_ros2_driver/share/ament_index/resource_index/packages/livox_ros2_driver
[43.359s] -- Up-to-date symlink: /home/irobot/ros2_ws/install/livox_ros2_driver/share/ament_index/resource_index/rclcpp_components/livox_ros2_driver
[43.360s] -- Up-to-date symlink: /home/irobot/ros2_ws/install/livox_ros2_driver/share/livox_ros2_driver/cmake/ament_cmake_export_dependencies-extras.cmake
[43.360s] -- Up-to-date symlink: /home/irobot/ros2_ws/install/livox_ros2_driver/share/livox_ros2_driver/cmake/ament_cmake_export_libraries-extras.cmake
[43.360s] -- Up-to-date symlink: /home/irobot/ros2_ws/install/livox_ros2_driver/share/livox_ros2_driver/cmake/livox_ros2_driverConfig.cmake
[43.361s] -- Up-to-date symlink: /home/irobot/ros2_ws/install/livox_ros2_driver/share/livox_ros2_driver/cmake/livox_ros2_driverConfig-version.cmake
[43.361s] -- Up-to-date symlink: /home/irobot/ros2_ws/install/livox_ros2_driver/share/livox_ros2_driver/package.xml
[43.365s] Invoked command in '/home/irobot/ros2_ws/build/livox_ros2_driver' returned '0': AMENT_PREFIX_PATH=/home/irobot/ros2_ws/install/livox_sdk_vendor:/home/irobot/ros2_ws/install/livox_interfaces:${AMENT_PREFIX_PATH} CMAKE_PREFIX_PATH=/home/irobot/ros2_ws/install/livox_sdk_vendor:/home/irobot/ros2_ws/install/livox_interfaces:/opt/ros/foxy LD_LIBRARY_PATH=/home/irobot/ros2_ws/install/livox_interfaces/lib:${LD_LIBRARY_PATH} PYTHONPATH=/home/irobot/ros2_ws/install/livox_interfaces/lib/python3.8/site-packages:${PYTHONPATH} /usr/bin/cmake --install /home/irobot/ros2_ws/build/livox_ros2_driver
