[0.193s] Invoking command in '/home/irobot/ros2_ws/build/livox_interfaces': CMAKE_PREFIX_PATH=/opt/ros/foxy /usr/bin/cmake --build /home/irobot/ros2_ws/build/livox_interfaces -- -j8 -l8
[0.299s] [  2%] Built target livox_interfaces__cpp
[0.306s] [ 12%] Built target livox_interfaces__rosidl_generator_c
[0.347s] [ 23%] Built target livox_interfaces__rosidl_typesupport_c
[0.349s] [ 33%] Built target livox_interfaces__rosidl_typesupport_cpp
[0.358s] [ 53%] Built target livox_interfaces__rosidl_typesupport_introspection_c
[0.358s] [ 53%] Built target livox_interfaces__rosidl_typesupport_introspection_cpp
[0.358s] [ 64%] Built target livox_interfaces__rosidl_typesupport_fastrtps_cpp
[0.412s] [ 74%] Built target livox_interfaces__rosidl_typesupport_fastrtps_c
[0.519s] [ 74%] Built target livox_interfaces
[0.558s] [ 76%] Built target livox_interfaces__py
[0.613s] [ 84%] Built target livox_interfaces__python
[0.661s] [ 89%] Built target livox_interfaces__rosidl_typesupport_fastrtps_c__pyext
[0.672s] [ 94%] Built target livox_interfaces__rosidl_typesupport_introspection_c__pyext
[0.677s] [100%] Built target livox_interfaces__rosidl_typesupport_c__pyext
[0.775s] Invoked command in '/home/irobot/ros2_ws/build/livox_interfaces' returned '0': CMAKE_PREFIX_PATH=/opt/ros/foxy /usr/bin/cmake --build /home/irobot/ros2_ws/build/livox_interfaces -- -j8 -l8
[1.103s] Invoking command in '/home/irobot/ros2_ws/build/livox_interfaces': CMAKE_PREFIX_PATH=/opt/ros/foxy /usr/bin/cmake --install /home/irobot/ros2_ws/build/livox_interfaces
[1.115s] -- Install configuration: "Release"
[1.116s] -- Execute custom install script
[1.116s] -- Up-to-date symlink: /home/irobot/ros2_ws/install/livox_interfaces/share/ament_index/resource_index/rosidl_interfaces/livox_interfaces
[1.116s] -- Up-to-date symlink: /home/irobot/ros2_ws/install/livox_interfaces/include/livox_interfaces/msg/custom_msg.h
[1.116s] -- Up-to-date symlink: /home/irobot/ros2_ws/install/livox_interfaces/include/livox_interfaces/msg/custom_point.h
[1.117s] -- Up-to-date symlink: /home/irobot/ros2_ws/install/livox_interfaces/include/livox_interfaces/msg/detail/custom_msg__functions.h
[1.117s] -- Up-to-date symlink: /home/irobot/ros2_ws/install/livox_interfaces/include/livox_interfaces/msg/detail/custom_msg__struct.h
[1.117s] -- Up-to-date symlink: /home/irobot/ros2_ws/install/livox_interfaces/include/livox_interfaces/msg/detail/custom_msg__type_support.h
[1.117s] -- Up-to-date symlink: /home/irobot/ros2_ws/install/livox_interfaces/include/livox_interfaces/msg/detail/custom_point__functions.h
[1.117s] -- Up-to-date symlink: /home/irobot/ros2_ws/install/livox_interfaces/include/livox_interfaces/msg/detail/custom_point__struct.h
[1.117s] -- Up-to-date symlink: /home/irobot/ros2_ws/install/livox_interfaces/include/livox_interfaces/msg/detail/custom_point__type_support.h
[1.117s] -- Up-to-date symlink: /home/irobot/ros2_ws/install/livox_interfaces/include/livox_interfaces/msg/rosidl_generator_c__visibility_control.h
[1.118s] -- Up-to-date symlink: /home/irobot/ros2_ws/install/livox_interfaces/share/livox_interfaces/environment/library_path.sh
[1.118s] -- Up-to-date symlink: /home/irobot/ros2_ws/install/livox_interfaces/share/livox_interfaces/environment/library_path.dsv
[1.119s] -- Up-to-date symlink: /home/irobot/ros2_ws/install/livox_interfaces/include/livox_interfaces/msg/detail/custom_msg__rosidl_typesupport_fastrtps_c.h
[1.119s] -- Up-to-date symlink: /home/irobot/ros2_ws/install/livox_interfaces/include/livox_interfaces/msg/detail/custom_point__rosidl_typesupport_fastrtps_c.h
[1.119s] -- Up-to-date symlink: /home/irobot/ros2_ws/install/livox_interfaces/include/livox_interfaces/msg/rosidl_typesupport_fastrtps_c__visibility_control.h
[1.119s] -- Up-to-date symlink: /home/irobot/ros2_ws/install/livox_interfaces/lib/liblivox_interfaces__rosidl_typesupport_fastrtps_c.so
[1.119s] -- Up-to-date symlink: /home/irobot/ros2_ws/install/livox_interfaces/include/livox_interfaces/msg/detail/custom_msg__rosidl_typesupport_fastrtps_cpp.hpp
[1.120s] -- Up-to-date symlink: /home/irobot/ros2_ws/install/livox_interfaces/include/livox_interfaces/msg/detail/custom_point__rosidl_typesupport_fastrtps_cpp.hpp
[1.120s] -- Up-to-date symlink: /home/irobot/ros2_ws/install/livox_interfaces/include/livox_interfaces/msg/rosidl_typesupport_fastrtps_cpp__visibility_control.h
[1.120s] -- Up-to-date symlink: /home/irobot/ros2_ws/install/livox_interfaces/lib/liblivox_interfaces__rosidl_typesupport_fastrtps_cpp.so
[1.121s] -- Up-to-date symlink: /home/irobot/ros2_ws/install/livox_interfaces/include/livox_interfaces/msg/detail/custom_msg__rosidl_typesupport_introspection_c.h
[1.121s] -- Up-to-date symlink: /home/irobot/ros2_ws/install/livox_interfaces/include/livox_interfaces/msg/detail/custom_point__rosidl_typesupport_introspection_c.h
[1.121s] -- Up-to-date symlink: /home/irobot/ros2_ws/install/livox_interfaces/include/livox_interfaces/msg/rosidl_typesupport_introspection_c__visibility_control.h
[1.121s] -- Up-to-date symlink: /home/irobot/ros2_ws/install/livox_interfaces/include/livox_interfaces/msg/custom_msg.hpp
[1.122s] -- Up-to-date symlink: /home/irobot/ros2_ws/install/livox_interfaces/include/livox_interfaces/msg/custom_point.hpp
[1.122s] -- Up-to-date symlink: /home/irobot/ros2_ws/install/livox_interfaces/include/livox_interfaces/msg/detail/custom_msg__builder.hpp
[1.122s] -- Up-to-date symlink: /home/irobot/ros2_ws/install/livox_interfaces/include/livox_interfaces/msg/detail/custom_msg__struct.hpp
[1.122s] -- Up-to-date symlink: /home/irobot/ros2_ws/install/livox_interfaces/include/livox_interfaces/msg/detail/custom_msg__traits.hpp
[1.122s] -- Up-to-date symlink: /home/irobot/ros2_ws/install/livox_interfaces/include/livox_interfaces/msg/detail/custom_msg__type_support.hpp
[1.122s] -- Up-to-date symlink: /home/irobot/ros2_ws/install/livox_interfaces/include/livox_interfaces/msg/detail/custom_point__builder.hpp
[1.123s] -- Up-to-date symlink: /home/irobot/ros2_ws/install/livox_interfaces/include/livox_interfaces/msg/detail/custom_point__struct.hpp
[1.123s] -- Up-to-date symlink: /home/irobot/ros2_ws/install/livox_interfaces/include/livox_interfaces/msg/detail/custom_point__traits.hpp
[1.123s] -- Up-to-date symlink: /home/irobot/ros2_ws/install/livox_interfaces/include/livox_interfaces/msg/detail/custom_point__type_support.hpp
[1.123s] -- Up-to-date symlink: /home/irobot/ros2_ws/install/livox_interfaces/include/livox_interfaces/msg/rosidl_generator_cpp__visibility_control.hpp
[1.123s] -- Up-to-date symlink: /home/irobot/ros2_ws/install/livox_interfaces/include/livox_interfaces/msg/detail/custom_msg__rosidl_typesupport_introspection_cpp.hpp
[1.123s] -- Up-to-date symlink: /home/irobot/ros2_ws/install/livox_interfaces/include/livox_interfaces/msg/detail/custom_point__rosidl_typesupport_introspection_cpp.hpp
[1.123s] -- Up-to-date symlink: /home/irobot/ros2_ws/install/livox_interfaces/share/livox_interfaces/environment/pythonpath.sh
[1.124s] -- Up-to-date symlink: /home/irobot/ros2_ws/install/livox_interfaces/share/livox_interfaces/environment/pythonpath.dsv
[1.124s] -- Up-to-date symlink: /home/irobot/ros2_ws/install/livox_interfaces/lib/python3.8/site-packages/livox_interfaces/__init__.py
[1.128s] -- Up-to-date symlink: /home/irobot/ros2_ws/install/livox_interfaces/lib/python3.8/site-packages/livox_interfaces/msg/__init__.py
[1.128s] -- Up-to-date symlink: /home/irobot/ros2_ws/install/livox_interfaces/lib/python3.8/site-packages/livox_interfaces/msg/_custom_msg.py
[1.128s] -- Up-to-date symlink: /home/irobot/ros2_ws/install/livox_interfaces/lib/python3.8/site-packages/livox_interfaces/msg/_custom_point.py
[1.129s] -- Up-to-date symlink: /home/irobot/ros2_ws/install/livox_interfaces/lib/python3.8/site-packages/livox_interfaces/livox_interfaces_s__rosidl_typesupport_fastrtps_c.cpython-38-x86_64-linux-gnu.so
[1.129s] -- Up-to-date symlink: /home/irobot/ros2_ws/install/livox_interfaces/lib/python3.8/site-packages/livox_interfaces/livox_interfaces_s__rosidl_typesupport_introspection_c.cpython-38-x86_64-linux-gnu.so
[1.129s] -- Up-to-date symlink: /home/irobot/ros2_ws/install/livox_interfaces/lib/python3.8/site-packages/livox_interfaces/livox_interfaces_s__rosidl_typesupport_c.cpython-38-x86_64-linux-gnu.so
[1.129s] -- Up-to-date symlink: /home/irobot/ros2_ws/install/livox_interfaces/lib/liblivox_interfaces__python.so
[1.129s] -- Up-to-date symlink: /home/irobot/ros2_ws/install/livox_interfaces/share/livox_interfaces/msg/CustomPoint.idl
[1.129s] -- Up-to-date symlink: /home/irobot/ros2_ws/install/livox_interfaces/share/livox_interfaces/msg/CustomMsg.idl
[1.129s] -- Up-to-date symlink: /home/irobot/ros2_ws/install/livox_interfaces/share/livox_interfaces/msg/CustomPoint.msg
[1.129s] -- Up-to-date symlink: /home/irobot/ros2_ws/install/livox_interfaces/share/livox_interfaces/msg/CustomMsg.msg
[1.129s] -- Up-to-date symlink: /home/irobot/ros2_ws/install/livox_interfaces/share/ament_index/resource_index/package_run_dependencies/livox_interfaces
[1.129s] -- Up-to-date symlink: /home/irobot/ros2_ws/install/livox_interfaces/share/ament_index/resource_index/parent_prefix_path/livox_interfaces
[1.129s] -- Up-to-date symlink: /home/irobot/ros2_ws/install/livox_interfaces/share/livox_interfaces/environment/ament_prefix_path.sh
[1.129s] -- Up-to-date symlink: /home/irobot/ros2_ws/install/livox_interfaces/share/livox_interfaces/environment/ament_prefix_path.dsv
[1.129s] -- Up-to-date symlink: /home/irobot/ros2_ws/install/livox_interfaces/share/livox_interfaces/environment/path.sh
[1.129s] -- Up-to-date symlink: /home/irobot/ros2_ws/install/livox_interfaces/share/livox_interfaces/environment/path.dsv
[1.129s] -- Up-to-date symlink: /home/irobot/ros2_ws/install/livox_interfaces/share/livox_interfaces/local_setup.bash
[1.129s] -- Up-to-date symlink: /home/irobot/ros2_ws/install/livox_interfaces/share/livox_interfaces/local_setup.sh
[1.130s] -- Up-to-date symlink: /home/irobot/ros2_ws/install/livox_interfaces/share/livox_interfaces/local_setup.zsh
[1.130s] -- Up-to-date symlink: /home/irobot/ros2_ws/install/livox_interfaces/share/livox_interfaces/local_setup.dsv
[1.130s] -- Symlinking: /home/irobot/ros2_ws/install/livox_interfaces/share/livox_interfaces/package.dsv
[1.139s] -- Up-to-date symlink: /home/irobot/ros2_ws/install/livox_interfaces/share/ament_index/resource_index/packages/livox_interfaces
[1.139s] -- Up-to-date symlink: /home/irobot/ros2_ws/install/livox_interfaces/share/livox_interfaces/cmake/rosidl_cmake-extras.cmake
[1.139s] -- Up-to-date symlink: /home/irobot/ros2_ws/install/livox_interfaces/share/livox_interfaces/cmake/ament_cmake_export_dependencies-extras.cmake
[1.139s] -- Up-to-date symlink: /home/irobot/ros2_ws/install/livox_interfaces/share/livox_interfaces/cmake/ament_cmake_export_libraries-extras.cmake
[1.139s] -- Up-to-date symlink: /home/irobot/ros2_ws/install/livox_interfaces/share/livox_interfaces/cmake/ament_cmake_export_targets-extras.cmake
[1.140s] -- Up-to-date symlink: /home/irobot/ros2_ws/install/livox_interfaces/share/livox_interfaces/cmake/ament_cmake_export_include_directories-extras.cmake
[1.140s] -- Up-to-date symlink: /home/irobot/ros2_ws/install/livox_interfaces/share/livox_interfaces/cmake/rosidl_cmake_export_typesupport_libraries-extras.cmake
[1.140s] -- Up-to-date symlink: /home/irobot/ros2_ws/install/livox_interfaces/share/livox_interfaces/cmake/rosidl_cmake_export_typesupport_targets-extras.cmake
[1.141s] -- Up-to-date symlink: /home/irobot/ros2_ws/install/livox_interfaces/share/livox_interfaces/cmake/livox_interfacesConfig.cmake
[1.141s] -- Up-to-date symlink: /home/irobot/ros2_ws/install/livox_interfaces/share/livox_interfaces/cmake/livox_interfacesConfig-version.cmake
[1.141s] -- Up-to-date symlink: /home/irobot/ros2_ws/install/livox_interfaces/share/livox_interfaces/package.xml
[1.141s] -- Up-to-date: /home/irobot/ros2_ws/install/livox_interfaces/lib/liblivox_interfaces__rosidl_generator_c.so
[1.142s] -- Up-to-date: /home/irobot/ros2_ws/install/livox_interfaces/lib/liblivox_interfaces__rosidl_typesupport_introspection_c.so
[1.142s] -- Up-to-date: /home/irobot/ros2_ws/install/livox_interfaces/lib/liblivox_interfaces__rosidl_typesupport_c.so
[1.142s] -- Up-to-date: /home/irobot/ros2_ws/install/livox_interfaces/lib/liblivox_interfaces__rosidl_typesupport_introspection_cpp.so
[1.143s] -- Up-to-date: /home/irobot/ros2_ws/install/livox_interfaces/lib/liblivox_interfaces__rosidl_typesupport_cpp.so
[1.193s] -- Up-to-date: /home/irobot/ros2_ws/install/livox_interfaces/share/livox_interfaces/cmake/livox_interfaces__rosidl_generator_cExport.cmake
[1.193s] -- Up-to-date: /home/irobot/ros2_ws/install/livox_interfaces/share/livox_interfaces/cmake/livox_interfaces__rosidl_generator_cExport-release.cmake
[1.193s] -- Up-to-date: /home/irobot/ros2_ws/install/livox_interfaces/share/livox_interfaces/cmake/livox_interfaces__rosidl_typesupport_introspection_cExport.cmake
[1.193s] -- Up-to-date: /home/irobot/ros2_ws/install/livox_interfaces/share/livox_interfaces/cmake/livox_interfaces__rosidl_typesupport_introspection_cExport-release.cmake
[1.193s] -- Up-to-date: /home/irobot/ros2_ws/install/livox_interfaces/share/livox_interfaces/cmake/livox_interfaces__rosidl_typesupport_cExport.cmake
[1.193s] -- Up-to-date: /home/irobot/ros2_ws/install/livox_interfaces/share/livox_interfaces/cmake/livox_interfaces__rosidl_typesupport_cExport-release.cmake
[1.193s] -- Up-to-date: /home/irobot/ros2_ws/install/livox_interfaces/share/livox_interfaces/cmake/livox_interfaces__rosidl_generator_cppExport.cmake
[1.194s] -- Up-to-date: /home/irobot/ros2_ws/install/livox_interfaces/share/livox_interfaces/cmake/livox_interfaces__rosidl_typesupport_introspection_cppExport.cmake
[1.194s] -- Up-to-date: /home/irobot/ros2_ws/install/livox_interfaces/share/livox_interfaces/cmake/livox_interfaces__rosidl_typesupport_introspection_cppExport-release.cmake
[1.194s] -- Up-to-date: /home/irobot/ros2_ws/install/livox_interfaces/share/livox_interfaces/cmake/livox_interfaces__rosidl_typesupport_cppExport.cmake
[1.194s] -- Up-to-date: /home/irobot/ros2_ws/install/livox_interfaces/share/livox_interfaces/cmake/livox_interfaces__rosidl_typesupport_cppExport-release.cmake
[1.210s] Invoked command in '/home/irobot/ros2_ws/build/livox_interfaces' returned '0': CMAKE_PREFIX_PATH=/opt/ros/foxy /usr/bin/cmake --install /home/irobot/ros2_ws/build/livox_interfaces
