[0.934s] Invoking command in '/home/irobot/ros2_ws/build/vineslam': CMAKE_PREFIX_PATH=/opt/ros/foxy /usr/bin/cmake /home/irobot/ros2_ws/src/vineslam1/vineslam -DCMAKE_BUILD_TYPE=Release -DCMAKE_INSTALL_PREFIX=/home/irobot/ros2_ws/install/vineslam
[1.433s] -- The C compiler identification is GNU 9.4.0
[1.433s] -- The CXX compiler identification is GNU 9.4.0
[1.433s] -- Check for working C compiler: /usr/bin/cc
[1.580s] -- Check for working C compiler: /usr/bin/cc -- works
[1.581s] -- Detecting C compiler ABI info
[1.670s] -- Detecting C compiler ABI info - done
[1.681s] -- Detecting C compile features
[1.681s] -- Detecting C compile features - done
[1.684s] -- Check for working CXX compiler: /usr/bin/c++
[1.875s] -- Check for working CXX compiler: /usr/bin/c++ -- works
[1.875s] -- Detecting CXX compiler ABI info
[2.092s] -- Detecting CXX compiler ABI info - done
[2.107s] -- Detecting CXX compile features
[2.107s] -- Detecting CXX compile features - done
[2.171s] -- Found ament_cmake: 0.9.12 (/opt/ros/foxy/share/ament_cmake/cmake)
[2.203s] -- Found PythonInterp: /usr/bin/python3 (found suitable version "3.8.10", minimum required is "3") 
[2.203s] -- Using PYTHON_EXECUTABLE: /usr/bin/python3
[3.178s] -- Found Boost: /usr/lib/x86_64-linux-gnu/cmake/Boost-1.71.0/BoostConfig.cmake (found version "1.71.0")  
[3.436s] -- Found OpenCV: /usr (found version "4.2.0") 
[3.436s] -- Looking for a CUDA compiler
[3.594s] -- Looking for a CUDA compiler - NOTFOUND
[3.667s] -- Configuring done
[3.676s] -- Generating done
[3.707s] -- Build files have been written to: /home/irobot/ros2_ws/build/vineslam
[3.714s] Invoked command in '/home/irobot/ros2_ws/build/vineslam' returned '0': CMAKE_PREFIX_PATH=/opt/ros/foxy /usr/bin/cmake /home/irobot/ros2_ws/src/vineslam1/vineslam -DCMAKE_BUILD_TYPE=Release -DCMAKE_INSTALL_PREFIX=/home/irobot/ros2_ws/install/vineslam
[3.718s] Invoking command in '/home/irobot/ros2_ws/build/vineslam': CMAKE_PREFIX_PATH=/opt/ros/foxy /usr/bin/cmake --build /home/irobot/ros2_ws/build/vineslam -- -j8 -l8
[3.769s] [35m[1mScanning dependencies of target vineslam[0m
[4.087s] [  5%] [32mBuilding CXX object CMakeFiles/vineslam.dir/src/mapping/lidar_mapping.cpp.o[0m
[4.092s] [ 10%] [32mBuilding CXX object CMakeFiles/vineslam.dir/src/mapping/landmark_ekf.cpp.o[0m
[4.092s] [ 15%] [32mBuilding CXX object CMakeFiles/vineslam.dir/src/mapping/landmark_mapping.cpp.o[0m
[4.097s] [ 21%] [32mBuilding CXX object CMakeFiles/vineslam.dir/src/mapping/lidar_mapping_omnidirectional.cpp.o[0m
[4.107s] [ 26%] [32mBuilding CXX object CMakeFiles/vineslam.dir/src/mapping/lidar_mapping_livox.cpp.o[0m
[4.108s] [ 31%] [32mBuilding CXX object CMakeFiles/vineslam.dir/src/mapping/occupancy_map.cpp.o[0m
[4.110s] [ 36%] [32mBuilding CXX object CMakeFiles/vineslam.dir/src/mapping/topological_map.cpp.o[0m
[4.132s] [ 42%] [32mBuilding CXX object CMakeFiles/vineslam.dir/src/mapping/elevation_map.cpp.o[0m
[7.936s] [ 47%] [32mBuilding CXX object CMakeFiles/vineslam.dir/src/localization/localizer.cpp.o[0m
[10.408s] [ 52%] [32mBuilding CXX object CMakeFiles/vineslam.dir/src/localization/pf.cpp.o[0m
[18.712s] [ 57%] [32mBuilding CXX object CMakeFiles/vineslam.dir/src/interface/localization_mapping_interface.cpp.o[0m
[33.259s] [ 63%] [32mBuilding CXX object CMakeFiles/vineslam.dir/include/vineslam/extern/thread_pool.cpp.o[0m
[34.425s] [ 68%] [32mBuilding CXX object CMakeFiles/vineslam.dir/src/map_io/elevation_map_parser.cpp.o[0m
[36.440s] [ 73%] [32mBuilding CXX object CMakeFiles/vineslam.dir/src/map_io/elevation_map_writer.cpp.o[0m
[38.361s] [ 78%] [32mBuilding CXX object CMakeFiles/vineslam.dir/src/map_io/topological_map_parser.cpp.o[0m
[44.271s] [ 84%] [32mBuilding CXX object CMakeFiles/vineslam.dir/src/map_io/topological_map_writer.cpp.o[0m
[49.586s] [ 89%] [32mBuilding CXX object CMakeFiles/vineslam.dir/src/map_io/map_parser.cpp.o[0m
[52.526s] [ 94%] [32mBuilding CXX object CMakeFiles/vineslam.dir/src/map_io/map_writer.cpp.o[0m
[56.128s] [100%] [32m[1mLinking CXX static library libvineslam.a[0m
[56.372s] [100%] Built target vineslam
[56.388s] Invoked command in '/home/irobot/ros2_ws/build/vineslam' returned '0': CMAKE_PREFIX_PATH=/opt/ros/foxy /usr/bin/cmake --build /home/irobot/ros2_ws/build/vineslam -- -j8 -l8
[56.459s] Invoking command in '/home/irobot/ros2_ws/build/vineslam': CMAKE_PREFIX_PATH=/opt/ros/foxy /usr/bin/cmake --install /home/irobot/ros2_ws/build/vineslam
[56.476s] -- Install configuration: "Release"
[56.476s] -- Installing: /home/irobot/ros2_ws/install/vineslam/share/vineslam/environment/library_path.sh
[56.476s] -- Installing: /home/irobot/ros2_ws/install/vineslam/share/vineslam/environment/library_path.dsv
[56.476s] -- Installing: /home/irobot/ros2_ws/install/vineslam/lib/libvineslam.a
[56.476s] -- Installing: /home/irobot/ros2_ws/install/vineslam/include//vineslam
[56.476s] -- Installing: /home/irobot/ros2_ws/install/vineslam/include//vineslam/params.hpp
[56.476s] -- Installing: /home/irobot/ros2_ws/install/vineslam/include//vineslam/extern
[56.476s] -- Installing: /home/irobot/ros2_ws/install/vineslam/include//vineslam/extern/concurrentqueue.h
[56.477s] -- Installing: /home/irobot/ros2_ws/install/vineslam/include//vineslam/extern/thread_pool.h
[56.477s] -- Installing: /home/irobot/ros2_ws/install/vineslam/include//vineslam/extern/thread_pool.cpp
[56.477s] -- Installing: /home/irobot/ros2_ws/install/vineslam/include//vineslam/math
[56.477s] -- Installing: /home/irobot/ros2_ws/install/vineslam/include//vineslam/math/Tf.hpp
[56.478s] -- Installing: /home/irobot/ros2_ws/install/vineslam/include//vineslam/math/Geodetic.hpp
[56.479s] -- Installing: /home/irobot/ros2_ws/install/vineslam/include//vineslam/math/Pose.hpp
[56.479s] -- Installing: /home/irobot/ros2_ws/install/vineslam/include//vineslam/math/Stat.hpp
[56.479s] -- Installing: /home/irobot/ros2_ws/install/vineslam/include//vineslam/math/Vec.hpp
[56.479s] -- Installing: /home/irobot/ros2_ws/install/vineslam/include//vineslam/math/Point.hpp
[56.479s] -- Installing: /home/irobot/ros2_ws/install/vineslam/include//vineslam/math/Const.hpp
[56.479s] -- Installing: /home/irobot/ros2_ws/install/vineslam/include//vineslam/feature
[56.479s] -- Installing: /home/irobot/ros2_ws/install/vineslam/include//vineslam/feature/semantic.hpp
[56.479s] -- Installing: /home/irobot/ros2_ws/install/vineslam/include//vineslam/feature/three_dimensional.hpp
[56.480s] -- Installing: /home/irobot/ros2_ws/install/vineslam/include//vineslam/feature/visual.hpp
[56.480s] -- Installing: /home/irobot/ros2_ws/install/vineslam/include//vineslam/feature/feature.hpp
[56.480s] -- Installing: /home/irobot/ros2_ws/install/vineslam/include//vineslam/map_io
[56.480s] -- Installing: /home/irobot/ros2_ws/install/vineslam/include//vineslam/map_io/elevation_map_parser.hpp
[56.480s] -- Installing: /home/irobot/ros2_ws/install/vineslam/include//vineslam/map_io/map_writer.hpp
[56.480s] -- Installing: /home/irobot/ros2_ws/install/vineslam/include//vineslam/map_io/topological_map_writer.hpp
[56.480s] -- Installing: /home/irobot/ros2_ws/install/vineslam/include//vineslam/map_io/elevation_map_writer.hpp
[56.480s] -- Installing: /home/irobot/ros2_ws/install/vineslam/include//vineslam/map_io/map_parser.hpp
[56.481s] -- Installing: /home/irobot/ros2_ws/install/vineslam/include//vineslam/map_io/topological_map_parser.hpp
[56.481s] -- Installing: /home/irobot/ros2_ws/install/vineslam/include//vineslam/utils
[56.481s] -- Installing: /home/irobot/ros2_ws/install/vineslam/include//vineslam/utils/save_data.hpp
[56.482s] -- Installing: /home/irobot/ros2_ws/install/vineslam/include//vineslam/utils/Timer.hpp
[56.482s] -- Installing: /home/irobot/ros2_ws/install/vineslam/include//vineslam/utils/scripts
[56.482s] -- Installing: /home/irobot/ros2_ws/install/vineslam/include//vineslam/utils/scripts/plot_clusters.py
[56.482s] -- Installing: /home/irobot/ros2_ws/install/vineslam/include//vineslam/filters
[56.482s] -- Installing: /home/irobot/ros2_ws/install/vineslam/include//vineslam/filters/ransac.hpp
[56.482s] -- Installing: /home/irobot/ros2_ws/install/vineslam/include//vineslam/filters/convex_hull.hpp
[56.482s] -- Installing: /home/irobot/ros2_ws/install/vineslam/include//vineslam/filters/ransac_cu.hpp
[56.482s] -- Installing: /home/irobot/ros2_ws/install/vineslam/include//vineslam/interface
[56.483s] -- Installing: /home/irobot/ros2_ws/install/vineslam/include//vineslam/interface/localization_mapping_interface.hpp
[56.483s] -- Installing: /home/irobot/ros2_ws/install/vineslam/include//vineslam/mapping
[56.483s] -- Installing: /home/irobot/ros2_ws/install/vineslam/include//vineslam/mapping/topological_map.hpp
[56.484s] -- Installing: /home/irobot/ros2_ws/install/vineslam/include//vineslam/mapping/lidar_mapping.hpp
[56.484s] -- Installing: /home/irobot/ros2_ws/install/vineslam/include//vineslam/mapping/static
[56.484s] -- Installing: /home/irobot/ros2_ws/install/vineslam/include//vineslam/mapping/static/occupancy_map_static.hpp
[56.484s] -- Installing: /home/irobot/ros2_ws/install/vineslam/include//vineslam/mapping/lidar_mapping_livox.hpp
[56.484s] -- Installing: /home/irobot/ros2_ws/install/vineslam/include//vineslam/mapping/landmark_ekf.hpp
[56.484s] -- Installing: /home/irobot/ros2_ws/install/vineslam/include//vineslam/mapping/lidar_mapping_omnidirectional.hpp
[56.484s] -- Installing: /home/irobot/ros2_ws/install/vineslam/include//vineslam/mapping/landmark_mapping.hpp
[56.484s] -- Installing: /home/irobot/ros2_ws/install/vineslam/include//vineslam/mapping/elevation_map.hpp
[56.484s] -- Installing: /home/irobot/ros2_ws/install/vineslam/include//vineslam/mapping/occupancy_map.hpp
[56.484s] -- Installing: /home/irobot/ros2_ws/install/vineslam/include//vineslam/matcher
[56.484s] -- Installing: /home/irobot/ros2_ws/install/vineslam/include//vineslam/matcher/icp.hpp
[56.484s] -- Installing: /home/irobot/ros2_ws/install/vineslam/include//vineslam/localization
[56.484s] -- Installing: /home/irobot/ros2_ws/install/vineslam/include//vineslam/localization/pf.hpp
[56.484s] -- Installing: /home/irobot/ros2_ws/install/vineslam/include//vineslam/localization/localizer.hpp
[56.485s] -- Installing: /home/irobot/ros2_ws/install/vineslam/share/ament_index/resource_index/package_run_dependencies/vineslam
[56.485s] -- Installing: /home/irobot/ros2_ws/install/vineslam/share/ament_index/resource_index/parent_prefix_path/vineslam
[56.485s] -- Installing: /home/irobot/ros2_ws/install/vineslam/share/vineslam/environment/ament_prefix_path.sh
[56.485s] -- Installing: /home/irobot/ros2_ws/install/vineslam/share/vineslam/environment/ament_prefix_path.dsv
[56.485s] -- Installing: /home/irobot/ros2_ws/install/vineslam/share/vineslam/environment/path.sh
[56.485s] -- Installing: /home/irobot/ros2_ws/install/vineslam/share/vineslam/environment/path.dsv
[56.485s] -- Installing: /home/irobot/ros2_ws/install/vineslam/share/vineslam/local_setup.bash
[56.485s] -- Installing: /home/irobot/ros2_ws/install/vineslam/share/vineslam/local_setup.sh
[56.485s] -- Installing: /home/irobot/ros2_ws/install/vineslam/share/vineslam/local_setup.zsh
[56.485s] -- Installing: /home/irobot/ros2_ws/install/vineslam/share/vineslam/local_setup.dsv
[56.485s] -- Installing: /home/irobot/ros2_ws/install/vineslam/share/vineslam/package.dsv
[56.486s] -- Installing: /home/irobot/ros2_ws/install/vineslam/share/ament_index/resource_index/packages/vineslam
[56.486s] -- Installing: /home/irobot/ros2_ws/install/vineslam/share/vineslam/cmake/export_vineslamExport.cmake
[56.486s] -- Installing: /home/irobot/ros2_ws/install/vineslam/share/vineslam/cmake/export_vineslamExport-release.cmake
[56.486s] -- Installing: /home/irobot/ros2_ws/install/vineslam/share/vineslam/cmake/ament_cmake_export_targets-extras.cmake
[56.486s] -- Installing: /home/irobot/ros2_ws/install/vineslam/share/vineslam/cmake/ament_cmake_export_dependencies-extras.cmake
[56.486s] -- Installing: /home/irobot/ros2_ws/install/vineslam/share/vineslam/cmake/vineslamConfig.cmake
[56.486s] -- Installing: /home/irobot/ros2_ws/install/vineslam/share/vineslam/cmake/vineslamConfig-version.cmake
[56.486s] -- Installing: /home/irobot/ros2_ws/install/vineslam/share/vineslam/package.xml
[56.487s] Invoked command in '/home/irobot/ros2_ws/build/vineslam' returned '0': CMAKE_PREFIX_PATH=/opt/ros/foxy /usr/bin/cmake --install /home/irobot/ros2_ws/build/vineslam
