running develop
running egg_info
creating geofence.egg-info
writing geofence.egg-info/PKG-INFO
writing dependency_links to geofence.egg-info/dependency_links.txt
writing entry points to geofence.egg-info/entry_points.txt
writing requirements to geofence.egg-info/requires.txt
writing top-level names to geofence.egg-info/top_level.txt
writing manifest file 'geofence.egg-info/SOURCES.txt'
reading manifest file 'geofence.egg-info/SOURCES.txt'
writing manifest file 'geofence.egg-info/SOURCES.txt'
running build_ext
Creating /home/irobot/ros2_ws/install/geofence/lib/python3.8/site-packages/geofence.egg-link (link to .)
Installing pointInPolygon script to /home/irobot/ros2_ws/install/geofence/lib/geofence

Installed /home/irobot/ros2_ws/build/geofence
running symlink_data
creating /home/irobot/ros2_ws/install/geofence/share/ament_index
creating /home/irobot/ros2_ws/install/geofence/share/ament_index/resource_index
creating /home/irobot/ros2_ws/install/geofence/share/ament_index/resource_index/packages
symbolically linking /home/irobot/ros2_ws/build/geofence/resource/geofence -> /home/irobot/ros2_ws/install/geofence/share/ament_index/resource_index/packages
symbolically linking /home/irobot/ros2_ws/build/geofence/package.xml -> /home/irobot/ros2_ws/install/geofence/share/geofence
