[0.029s] Invoking command in '/home/irobot/ros2_ws/build/livox_ros2_driver': AMENT_PREFIX_PATH=/home/irobot/ros2_ws/install/livox_sdk_vendor:/home/irobot/ros2_ws/install/livox_interfaces:${AMENT_PREFIX_PATH} CMAKE_PREFIX_PATH=/home/irobot/ros2_ws/install/livox_sdk_vendor:/home/irobot/ros2_ws/install/livox_interfaces:/opt/ros/foxy LD_LIBRARY_PATH=/home/irobot/ros2_ws/install/livox_interfaces/lib:${LD_LIBRARY_PATH} PYTHONPATH=/home/irobot/ros2_ws/install/livox_interfaces/lib/python3.8/site-packages:${PYTHONPATH} /usr/bin/cmake /home/irobot/ros2_ws/src/livox/livox_ros2_driver -DAMENT_CMAKE_SYMLINK_INSTALL=1 -DCMAKE_INSTALL_PREFIX=/home/irobot/ros2_ws/install/livox_ros2_driver
[0.120s] -- The C compiler identification is GNU 9.4.0
[0.193s] -- The CXX compiler identification is GNU 9.4.0
[0.200s] -- Check for working C compiler: /usr/bin/cc
[0.307s] -- Check for working C compiler: /usr/bin/cc -- works
[0.308s] -- Detecting C compiler ABI info
[0.406s] -- Detecting C compiler ABI info - done
[0.416s] -- Detecting C compile features
[0.416s] -- Detecting C compile features - done
[0.419s] -- Check for working CXX compiler: /usr/bin/c++
[0.565s] -- Check for working CXX compiler: /usr/bin/c++ -- works
[0.565s] -- Detecting CXX compiler ABI info
[0.672s] -- Detecting CXX compiler ABI info - done
[0.684s] -- Detecting CXX compile features
[0.684s] -- Detecting CXX compile features - done
[0.696s] -- livox_ros2_driver version: 0.0.1
[0.708s] -- Found ament_cmake_auto: 0.9.12 (/opt/ros/foxy/share/ament_cmake_auto/cmake)
[0.743s] -- Found PythonInterp: /usr/bin/python3 (found suitable version "3.8.10", minimum required is "3") 
[0.743s] -- Using PYTHON_EXECUTABLE: /usr/bin/python3
[0.979s] -- Override CMake install command with custom implementation using symlinks instead of copying resources
[1.867s] -- Using all available rosidl_typesupport_c: rosidl_typesupport_fastrtps_c;rosidl_typesupport_introspection_c
[1.874s] -- Found rosidl_adapter: 1.3.1 (/opt/ros/foxy/share/rosidl_adapter/cmake)
[1.995s] -- Found OpenSSL: /usr/lib/x86_64-linux-gnu/libcrypto.so (found version "1.1.1f")  
[2.033s] -- Found FastRTPS: /opt/ros/foxy/include  
[2.111s] -- Using all available rosidl_typesupport_cpp: rosidl_typesupport_fastrtps_cpp;rosidl_typesupport_introspection_cpp
[4.772s] -- Found rmw_implementation_cmake: 1.0.4 (/opt/ros/foxy/share/rmw_implementation_cmake/cmake)
[4.788s] -- Using RMW implementation 'rmw_fastrtps_cpp' as default
[4.822s] -- Looking for pthread.h
[4.921s] -- Looking for pthread.h - found
[4.922s] -- Performing Test CMAKE_HAVE_LIBC_PTHREAD
[5.048s] -- Performing Test CMAKE_HAVE_LIBC_PTHREAD - Failed
[5.048s] -- Looking for pthread_create in pthreads
[5.164s] -- Looking for pthread_create in pthreads - not found
[5.164s] -- Looking for pthread_create in pthread
[5.270s] -- Looking for pthread_create in pthread - found
[5.272s] -- Found Threads: TRUE  
[7.179s] -- Checking for module 'eigen3'
[7.223s] --   Found eigen3, version 3.3.7
[7.309s] -- Found Eigen: /usr/include/eigen3 (Required is at least version "3.1") 
[7.310s] -- Eigen found (include: /usr/include/eigen3, version: 3.3.7)
[7.379s] -- Found Boost: /usr/include (found suitable version "1.71.0", minimum required is "1.55.0") found components: system filesystem date_time iostreams regex 
[7.413s] -- Checking for module 'flann'
[7.455s] --   Found flann, version 1.9.1
[7.576s] -- Found FLANN: /usr/lib/x86_64-linux-gnu/libflann_cpp.so  
[7.734s] -- The imported target "vtkParseOGLExt" references the file
[7.734s]    "/usr/bin/vtkParseOGLExt-7.1"
[7.734s] but this file does not exist.  Possible reasons include:
[7.734s] * The file was deleted, renamed, or moved to another location.
[7.734s] * An install or uninstall procedure did not complete successfully.
[7.734s] * The installation package was faulty and contained
[7.734s]    "/usr/lib/cmake/vtk-7.1/VTKTargets.cmake"
[7.734s] but not all the files it references.
[7.734s] 
[7.736s] -- The imported target "vtkRenderingPythonTkWidgets" references the file
[7.736s]    "/usr/lib/x86_64-linux-gnu/libvtkRenderingPythonTkWidgets.so"
[7.736s] but this file does not exist.  Possible reasons include:
[7.736s] * The file was deleted, renamed, or moved to another location.
[7.737s] * An install or uninstall procedure did not complete successfully.
[7.737s] * The installation package was faulty and contained
[7.737s]    "/usr/lib/cmake/vtk-7.1/VTKTargets.cmake"
[7.737s] but not all the files it references.
[7.737s] 
[7.738s] -- The imported target "vtk" references the file
[7.739s]    "/usr/bin/vtk"
[7.739s] but this file does not exist.  Possible reasons include:
[7.739s] * The file was deleted, renamed, or moved to another location.
[7.739s] * An install or uninstall procedure did not complete successfully.
[7.739s] * The installation package was faulty and contained
[7.739s]    "/usr/lib/cmake/vtk-7.1/VTKTargets.cmake"
[7.739s] but not all the files it references.
[7.739s] 
[7.740s] -- The imported target "pvtk" references the file
[7.740s]    "/usr/bin/pvtk"
[7.740s] but this file does not exist.  Possible reasons include:
[7.740s] * The file was deleted, renamed, or moved to another location.
[7.740s] * An install or uninstall procedure did not complete successfully.
[7.741s] * The installation package was faulty and contained
[7.741s]    "/usr/lib/cmake/vtk-7.1/VTKTargets.cmake"
[7.741s] but not all the files it references.
[7.741s] 
[7.911s] -- Checking for module 'libusb-1.0'
[7.948s] --   Found libusb-1.0, version 1.0.23
[8.022s] -- Found USB_10: /usr/lib/x86_64-linux-gnu/libusb-1.0.so  
[8.174s] -- Found OpenNI: /usr/lib/libOpenNI.so  
[8.174s] -- OpenNI found (include: /usr/include/ni, lib: /usr/lib/libOpenNI.so)
[8.342s] -- Found OpenNI2: /usr/lib/libOpenNI2.so  
[8.342s] -- OpenNI2 found (include: /usr/include/openni2, lib: /usr/lib/libOpenNI2.so)
[8.342s] ** WARNING ** io features related to pcap will be disabled
[8.342s] ** WARNING ** io features related to png will be disabled
[8.360s] -- Found libusb-1.0: /usr/include  
[8.361s] ** WARNING ** io features related to libusb-1.0 will be disabled
[8.368s] -- OpenNI found (include: /usr/include/ni, lib: /usr/lib/libOpenNI.so)
[8.377s] -- OpenNI2 found (include: /usr/include/openni2, lib: /usr/lib/libOpenNI2.so)
[8.453s] -- Found Qhull: optimized;/usr/lib/x86_64-linux-gnu/libqhull.so;debug;/usr/lib/x86_64-linux-gnu/libqhull.so  
[8.453s] -- QHULL found (include: /usr/include, lib: optimized;/usr/lib/x86_64-linux-gnu/libqhull.so;debug;/usr/lib/x86_64-linux-gnu/libqhull.so)
[8.463s] -- OpenNI found (include: /usr/include/ni, lib: /usr/lib/libOpenNI.so)
[8.482s] -- looking for PCL_COMMON
[8.484s] -- Found PCL_COMMON: /usr/lib/x86_64-linux-gnu/libpcl_common.so  
[8.484s] -- looking for PCL_KDTREE
[8.486s] -- Found PCL_KDTREE: /usr/lib/x86_64-linux-gnu/libpcl_kdtree.so  
[8.486s] -- looking for PCL_OCTREE
[8.489s] -- Found PCL_OCTREE: /usr/lib/x86_64-linux-gnu/libpcl_octree.so  
[8.489s] -- looking for PCL_SEARCH
[8.491s] -- Found PCL_SEARCH: /usr/lib/x86_64-linux-gnu/libpcl_search.so  
[8.491s] -- looking for PCL_SAMPLE_CONSENSUS
[8.493s] -- Found PCL_SAMPLE_CONSENSUS: /usr/lib/x86_64-linux-gnu/libpcl_sample_consensus.so  
[8.493s] -- looking for PCL_FILTERS
[8.495s] -- Found PCL_FILTERS: /usr/lib/x86_64-linux-gnu/libpcl_filters.so  
[8.496s] -- looking for PCL_2D
[8.496s] -- Found PCL_2D: /usr/include/pcl-1.10  
[8.496s] -- looking for PCL_GEOMETRY
[8.497s] -- Found PCL_GEOMETRY: /usr/include/pcl-1.10  
[8.497s] -- looking for PCL_IO
[8.499s] -- Found PCL_IO: /usr/lib/x86_64-linux-gnu/libpcl_io.so  
[8.500s] -- looking for PCL_FEATURES
[8.501s] -- Found PCL_FEATURES: /usr/lib/x86_64-linux-gnu/libpcl_features.so  
[8.502s] -- looking for PCL_ML
[8.503s] -- Found PCL_ML: /usr/lib/x86_64-linux-gnu/libpcl_ml.so  
[8.504s] -- looking for PCL_SEGMENTATION
[8.509s] -- Found PCL_SEGMENTATION: /usr/lib/x86_64-linux-gnu/libpcl_segmentation.so  
[8.509s] -- looking for PCL_VISUALIZATION
[8.511s] -- Found PCL_VISUALIZATION: /usr/lib/x86_64-linux-gnu/libpcl_visualization.so  
[8.512s] -- looking for PCL_SURFACE
[8.515s] -- Found PCL_SURFACE: /usr/lib/x86_64-linux-gnu/libpcl_surface.so  
[8.517s] -- looking for PCL_REGISTRATION
[8.520s] -- Found PCL_REGISTRATION: /usr/lib/x86_64-linux-gnu/libpcl_registration.so  
[8.522s] -- looking for PCL_KEYPOINTS
[8.525s] -- Found PCL_KEYPOINTS: /usr/lib/x86_64-linux-gnu/libpcl_keypoints.so  
[8.527s] -- looking for PCL_TRACKING
[8.529s] -- Found PCL_TRACKING: /usr/lib/x86_64-linux-gnu/libpcl_tracking.so  
[8.530s] -- looking for PCL_RECOGNITION
[8.532s] -- Found PCL_RECOGNITION: /usr/lib/x86_64-linux-gnu/libpcl_recognition.so  
[8.533s] -- looking for PCL_STEREO
[8.535s] -- Found PCL_STEREO: /usr/lib/x86_64-linux-gnu/libpcl_stereo.so  
[8.536s] -- looking for PCL_APPS
[8.538s] -- Found PCL_APPS: /usr/lib/x86_64-linux-gnu/libpcl_apps.so  
[8.540s] -- looking for PCL_IN_HAND_SCANNER
[8.540s] -- Found PCL_IN_HAND_SCANNER: /usr/include/pcl-1.10  
[8.541s] -- looking for PCL_POINT_CLOUD_EDITOR
[8.542s] -- Found PCL_POINT_CLOUD_EDITOR: /usr/include/pcl-1.10  
[8.543s] -- looking for PCL_OUTOFCORE
[8.545s] -- Found PCL_OUTOFCORE: /usr/lib/x86_64-linux-gnu/libpcl_outofcore.so  
[8.545s] -- looking for PCL_PEOPLE
[8.547s] -- Found PCL_PEOPLE: /usr/lib/x86_64-linux-gnu/libpcl_people.so  
[8.549s] -- Found PCL: pcl_common;pcl_kdtree;pcl_octree;pcl_search;pcl_sample_consensus;pcl_filters;pcl_io;pcl_features;pcl_ml;pcl_segmentation;pcl_visualization;pcl_surface;pcl_registration;pcl_keypoints;pcl_tracking;pcl_recognition;pcl_stereo;pcl_apps;pcl_outofcore;pcl_people;/usr/lib/x86_64-linux-gnu/libboost_system.so;/usr/lib/x86_64-linux-gnu/libboost_filesystem.so;/usr/lib/x86_64-linux-gnu/libboost_date_time.so;/usr/lib/x86_64-linux-gnu/libboost_iostreams.so;/usr/lib/x86_64-linux-gnu/libboost_regex.so;optimized;/usr/lib/x86_64-linux-gnu/libqhull.so;debug;/usr/lib/x86_64-linux-gnu/libqhull.so;/usr/lib/libOpenNI.so;/usr/lib/libOpenNI2.so;vtkChartsCore;vtkCommonColor;vtkCommonCore;vtksys;vtkCommonDataModel;vtkCommonMath;vtkCommonMisc;vtkCommonSystem;vtkCommonTransforms;vtkCommonExecutionModel;vtkFiltersGeneral;vtkCommonComputationalGeometry;vtkFiltersCore;vtkInfovisCore;vtkFiltersExtraction;vtkFiltersStatistics;vtkImagingFourier;vtkImagingCore;vtkalglib;vtkRenderingContext2D;vtkRenderingCore;vtkFiltersGeometry;vtkFiltersSources;vtkRenderingFreeType;/usr/lib/x86_64-linux-gnu/libfreetype.so;/usr/lib/x86_64-linux-gnu/libz.so;vtkFiltersModeling;vtkImagingSources;vtkInteractionStyle;vtkInteractionWidgets;vtkFiltersHybrid;vtkImagingColor;vtkImagingGeneral;vtkImagingHybrid;vtkIOImage;vtkDICOMParser;vtkmetaio;/usr/lib/x86_64-linux-gnu/libjpeg.so;/usr/lib/x86_64-linux-gnu/libpng.so;/usr/lib/x86_64-linux-gnu/libtiff.so;vtkRenderingAnnotation;vtkRenderingVolume;vtkIOXML;vtkIOCore;vtkIOXMLParser;/usr/lib/x86_64-linux-gnu/libexpat.so;vtkIOGeometry;vtkIOLegacy;vtkIOPLY;vtkRenderingLOD;vtkViewsContext2D;vtkViewsCore;vtkRenderingContextOpenGL2;vtkRenderingOpenGL2;FLANN::FLANN  
[8.551s] -- Found livox_sdk: /home/irobot/ros2_ws/install/livox_sdk_vendor/include  
[8.559s] -- Found PkgConfig: /usr/bin/pkg-config (found version "0.29.1") 
[8.562s] -- Checking for module 'apr-1'
[8.605s] --   Found apr-1, version 1.6.5
[8.687s] /usr/include/apr-1.0
[8.687s] apr-1
[8.754s] -- Found ament_lint_auto: 0.9.8 (/opt/ros/foxy/share/ament_lint_auto/cmake)
[8.790s] -- Added test 'copyright' to check source files copyright and LICENSE
[8.799s] -- Added test 'cppcheck' to perform static code analysis on C / C++ code
[8.801s] -- Configured cppcheck include dirs: /home/irobot/ros2_ws/src/livox/livox_ros2_driver/common;/home/irobot/ros2_ws/src/livox/livox_ros2_driver/common/rapidjson;/home/irobot/ros2_ws/src/livox/livox_ros2_driver/comon/rapdidxml;/home/irobot/ros2_ws/src/livox/livox_ros2_driver/common/comm;/home/irobot/ros2_ws/src/livox/livox_ros2_driver/timesync;/home/irobot/ros2_ws/src/livox/livox_ros2_driver/timesync/user_uart;/home/irobot/ros2_ws/src/livox/livox_ros2_driver/livox_ros2_driver
[8.801s] -- Configured cppcheck exclude dirs and/or files: 
[8.805s] -- Added test 'cpplint' to check C / C++ code against the Google style
[8.806s] -- Configured cpplint exclude dirs and/or files: 
[8.806s] -- Added test 'flake8' to check Python code syntax and style conventions
[8.808s] -- Added test 'lint_cmake' to check CMake code style
[8.809s] -- Added test 'pep257' to check Python code against some of the style conventions in PEP 257
[8.813s] -- Added test 'uncrustify' to check C / C++ code style
[8.813s] -- Configured uncrustify additional arguments: 
[8.814s] -- Added test 'xmllint' to check XML markup files
[8.820s] -- Configuring done
[9.284s] -- Generating done
[9.291s] -- Build files have been written to: /home/irobot/ros2_ws/build/livox_ros2_driver
[9.345s] Invoked command in '/home/irobot/ros2_ws/build/livox_ros2_driver' returned '0': AMENT_PREFIX_PATH=/home/irobot/ros2_ws/install/livox_sdk_vendor:/home/irobot/ros2_ws/install/livox_interfaces:${AMENT_PREFIX_PATH} CMAKE_PREFIX_PATH=/home/irobot/ros2_ws/install/livox_sdk_vendor:/home/irobot/ros2_ws/install/livox_interfaces:/opt/ros/foxy LD_LIBRARY_PATH=/home/irobot/ros2_ws/install/livox_interfaces/lib:${LD_LIBRARY_PATH} PYTHONPATH=/home/irobot/ros2_ws/install/livox_interfaces/lib/python3.8/site-packages:${PYTHONPATH} /usr/bin/cmake /home/irobot/ros2_ws/src/livox/livox_ros2_driver -DAMENT_CMAKE_SYMLINK_INSTALL=1 -DCMAKE_INSTALL_PREFIX=/home/irobot/ros2_ws/install/livox_ros2_driver
[9.348s] Invoking command in '/home/irobot/ros2_ws/build/livox_ros2_driver': AMENT_PREFIX_PATH=/home/irobot/ros2_ws/install/livox_sdk_vendor:/home/irobot/ros2_ws/install/livox_interfaces:${AMENT_PREFIX_PATH} CMAKE_PREFIX_PATH=/home/irobot/ros2_ws/install/livox_sdk_vendor:/home/irobot/ros2_ws/install/livox_interfaces:/opt/ros/foxy LD_LIBRARY_PATH=/home/irobot/ros2_ws/install/livox_interfaces/lib:${LD_LIBRARY_PATH} PYTHONPATH=/home/irobot/ros2_ws/install/livox_interfaces/lib/python3.8/site-packages:${PYTHONPATH} /usr/bin/cmake --build /home/irobot/ros2_ws/build/livox_ros2_driver -- -j8 -l8
[9.429s] [35m[1mScanning dependencies of target livox_ros2_driver_node[0m
[9.434s] [35m[1mScanning dependencies of target livox_ros2_driver[0m
[9.674s] [  6%] [32mBuilding CXX object CMakeFiles/livox_ros2_driver_node.dir/rclcpp_components/node_main_livox_ros2_driver_node.cpp.o[0m
[12.069s] [ 12%] [32m[1mLinking CXX executable livox_ros2_driver_node[0m
[14.529s] [ 12%] Built target livox_ros2_driver_node
[14.886s] [ 18%] [32mBuilding CXX object CMakeFiles/livox_ros2_driver.dir/livox_ros2_driver/lvx_file.cpp.o[0m
[14.896s] [ 25%] [32mBuilding CXX object CMakeFiles/livox_ros2_driver.dir/livox_ros2_driver/ldq.cpp.o[0m
[14.925s] [ 31%] [32mBuilding CXX object CMakeFiles/livox_ros2_driver.dir/livox_ros2_driver/lds.cpp.o[0m
[14.971s] [ 37%] [32mBuilding CXX object CMakeFiles/livox_ros2_driver.dir/livox_ros2_driver/livox_ros2_driver.cpp.o[0m
[15.030s] [ 43%] [32mBuilding CXX object CMakeFiles/livox_ros2_driver.dir/timesync/timesync.cpp.o[0m
[15.039s] [ 50%] [32mBuilding CXX object CMakeFiles/livox_ros2_driver.dir/livox_ros2_driver/lddc.cpp.o[0m
[15.688s] [ 56%] [32mBuilding CXX object CMakeFiles/livox_ros2_driver.dir/livox_ros2_driver/lds_hub.cpp.o[0m
[15.786s] [ 62%] [32mBuilding CXX object CMakeFiles/livox_ros2_driver.dir/timesync/user_uart/user_uart.cpp.o[0m
[15.965s] [ 68%] [32mBuilding CXX object CMakeFiles/livox_ros2_driver.dir/common/comm/comm_protocol.cpp.o[0m
[16.009s] [ 75%] [32mBuilding CXX object CMakeFiles/livox_ros2_driver.dir/common/comm/sdk_protocol.cpp.o[0m
[16.018s] [ 81%] [32mBuilding CXX object CMakeFiles/livox_ros2_driver.dir/livox_ros2_driver/lds_lidar.cpp.o[0m
[16.195s] [ 87%] [32mBuilding CXX object CMakeFiles/livox_ros2_driver.dir/livox_ros2_driver/lds_lvx.cpp.o[0m
[16.306s] [ 93%] [32mBuilding CXX object CMakeFiles/livox_ros2_driver.dir/common/comm/gps_protocol.cpp.o[0m
[26.932s] [100%] [32m[1mLinking CXX shared library liblivox_ros2_driver.so[0m
[32.346s] [100%] Built target livox_ros2_driver
[32.390s] Invoked command in '/home/irobot/ros2_ws/build/livox_ros2_driver' returned '0': AMENT_PREFIX_PATH=/home/irobot/ros2_ws/install/livox_sdk_vendor:/home/irobot/ros2_ws/install/livox_interfaces:${AMENT_PREFIX_PATH} CMAKE_PREFIX_PATH=/home/irobot/ros2_ws/install/livox_sdk_vendor:/home/irobot/ros2_ws/install/livox_interfaces:/opt/ros/foxy LD_LIBRARY_PATH=/home/irobot/ros2_ws/install/livox_interfaces/lib:${LD_LIBRARY_PATH} PYTHONPATH=/home/irobot/ros2_ws/install/livox_interfaces/lib/python3.8/site-packages:${PYTHONPATH} /usr/bin/cmake --build /home/irobot/ros2_ws/build/livox_ros2_driver -- -j8 -l8
[32.469s] Invoking command in '/home/irobot/ros2_ws/build/livox_ros2_driver': AMENT_PREFIX_PATH=/home/irobot/ros2_ws/install/livox_sdk_vendor:/home/irobot/ros2_ws/install/livox_interfaces:${AMENT_PREFIX_PATH} CMAKE_PREFIX_PATH=/home/irobot/ros2_ws/install/livox_sdk_vendor:/home/irobot/ros2_ws/install/livox_interfaces:/opt/ros/foxy LD_LIBRARY_PATH=/home/irobot/ros2_ws/install/livox_interfaces/lib:${LD_LIBRARY_PATH} PYTHONPATH=/home/irobot/ros2_ws/install/livox_interfaces/lib/python3.8/site-packages:${PYTHONPATH} /usr/bin/cmake --install /home/irobot/ros2_ws/build/livox_ros2_driver
[32.481s] -- Install configuration: ""
[32.484s] -- Execute custom install script
[32.484s] -- Symlinking: /home/irobot/ros2_ws/install/livox_ros2_driver/lib/livox_ros2_driver/livox_ros2_driver_node
[32.493s] -- Symlinking: /home/irobot/ros2_ws/install/livox_ros2_driver/share/livox_ros2_driver/environment/library_path.sh
[32.508s] -- Symlinking: /home/irobot/ros2_ws/install/livox_ros2_driver/share/livox_ros2_driver/environment/library_path.dsv
[32.520s] -- Symlinking: /home/irobot/ros2_ws/install/livox_ros2_driver/lib/liblivox_ros2_driver.so
[32.535s] -- Symlinking: /home/irobot/ros2_ws/install/livox_ros2_driver/share/livox_ros2_driver/config/livox_hub.rviz
[32.547s] -- Symlinking: /home/irobot/ros2_ws/install/livox_ros2_driver/share/livox_ros2_driver/config/livox_hub_config.json
[32.559s] -- Symlinking: /home/irobot/ros2_ws/install/livox_ros2_driver/share/livox_ros2_driver/config/livox_lidar.rviz
[32.576s] -- Symlinking: /home/irobot/ros2_ws/install/livox_ros2_driver/share/livox_ros2_driver/config/livox_lidar_config.json
[32.585s] -- Symlinking: /home/irobot/ros2_ws/install/livox_ros2_driver/share/livox_ros2_driver/launch/livox_hub_launch.py
[32.597s] -- Symlinking: /home/irobot/ros2_ws/install/livox_ros2_driver/share/livox_ros2_driver/launch/livox_hub_msg_launch .py
[32.608s] -- Symlinking: /home/irobot/ros2_ws/install/livox_ros2_driver/share/livox_ros2_driver/launch/livox_hub_rviz_launch.py
[32.616s] -- Symlinking: /home/irobot/ros2_ws/install/livox_ros2_driver/share/livox_ros2_driver/launch/livox_lidar_launch.py
[32.625s] -- Symlinking: /home/irobot/ros2_ws/install/livox_ros2_driver/share/livox_ros2_driver/launch/livox_lidar_msg_launch.py
[32.634s] -- Symlinking: /home/irobot/ros2_ws/install/livox_ros2_driver/share/livox_ros2_driver/launch/livox_lidar_rviz_launch.py
[32.647s] -- Symlinking: /home/irobot/ros2_ws/install/livox_ros2_driver/share/livox_ros2_driver/launch/livox_template_launch.py
[32.661s] -- Symlinking: /home/irobot/ros2_ws/install/livox_ros2_driver/share/ament_index/resource_index/package_run_dependencies/livox_ros2_driver
[32.670s] -- Symlinking: /home/irobot/ros2_ws/install/livox_ros2_driver/share/ament_index/resource_index/parent_prefix_path/livox_ros2_driver
[32.683s] -- Symlinking: /home/irobot/ros2_ws/install/livox_ros2_driver/share/livox_ros2_driver/environment/ament_prefix_path.sh
[32.694s] -- Symlinking: /home/irobot/ros2_ws/install/livox_ros2_driver/share/livox_ros2_driver/environment/ament_prefix_path.dsv
[32.711s] -- Symlinking: /home/irobot/ros2_ws/install/livox_ros2_driver/share/livox_ros2_driver/environment/path.sh
[32.725s] -- Symlinking: /home/irobot/ros2_ws/install/livox_ros2_driver/share/livox_ros2_driver/environment/path.dsv
[32.735s] -- Symlinking: /home/irobot/ros2_ws/install/livox_ros2_driver/share/livox_ros2_driver/local_setup.bash
[32.745s] -- Symlinking: /home/irobot/ros2_ws/install/livox_ros2_driver/share/livox_ros2_driver/local_setup.sh
[32.761s] -- Symlinking: /home/irobot/ros2_ws/install/livox_ros2_driver/share/livox_ros2_driver/local_setup.zsh
[32.773s] -- Symlinking: /home/irobot/ros2_ws/install/livox_ros2_driver/share/livox_ros2_driver/local_setup.dsv
[32.784s] -- Symlinking: /home/irobot/ros2_ws/install/livox_ros2_driver/share/livox_ros2_driver/package.dsv
[32.797s] -- Symlinking: /home/irobot/ros2_ws/install/livox_ros2_driver/share/ament_index/resource_index/packages/livox_ros2_driver
[32.809s] -- Symlinking: /home/irobot/ros2_ws/install/livox_ros2_driver/share/ament_index/resource_index/rclcpp_components/livox_ros2_driver
[32.828s] -- Symlinking: /home/irobot/ros2_ws/install/livox_ros2_driver/share/livox_ros2_driver/cmake/ament_cmake_export_dependencies-extras.cmake
[32.844s] -- Symlinking: /home/irobot/ros2_ws/install/livox_ros2_driver/share/livox_ros2_driver/cmake/ament_cmake_export_libraries-extras.cmake
[32.853s] -- Symlinking: /home/irobot/ros2_ws/install/livox_ros2_driver/share/livox_ros2_driver/cmake/livox_ros2_driverConfig.cmake
[32.865s] -- Symlinking: /home/irobot/ros2_ws/install/livox_ros2_driver/share/livox_ros2_driver/cmake/livox_ros2_driverConfig-version.cmake
[32.879s] -- Symlinking: /home/irobot/ros2_ws/install/livox_ros2_driver/share/livox_ros2_driver/package.xml
[32.893s] Invoked command in '/home/irobot/ros2_ws/build/livox_ros2_driver' returned '0': AMENT_PREFIX_PATH=/home/irobot/ros2_ws/install/livox_sdk_vendor:/home/irobot/ros2_ws/install/livox_interfaces:${AMENT_PREFIX_PATH} CMAKE_PREFIX_PATH=/home/irobot/ros2_ws/install/livox_sdk_vendor:/home/irobot/ros2_ws/install/livox_interfaces:/opt/ros/foxy LD_LIBRARY_PATH=/home/irobot/ros2_ws/install/livox_interfaces/lib:${LD_LIBRARY_PATH} PYTHONPATH=/home/irobot/ros2_ws/install/livox_interfaces/lib/python3.8/site-packages:${PYTHONPATH} /usr/bin/cmake --install /home/irobot/ros2_ws/build/livox_ros2_driver
