[0.017s] Invoking command in '/home/irobot/ros2_ws/build/livox_ros2_driver': CMAKE_PREFIX_PATH=/home/irobot/ros2_ws/install/livox_sdk_vendor:/home/irobot/ros2_ws/install/livox_interfaces:/home/irobot/ros2_ws/install/vineslam_ros:/home/irobot/ros2_ws/install/vineslam:/home/irobot/ros2_ws/install/ublox:/home/irobot/ros2_ws/install/ublox_gps:/home/irobot/ros2_ws/install/ublox_msgs:/home/irobot/ros2_ws/install/ublox_serialization:/home/irobot/ros2_ws/install/livox_ros2_driver:/home/irobot/ros2_ws/install/geofence:/opt/ros/foxy LD_LIBRARY_PATH=/home/irobot/ros2_ws/install/livox_interfaces/lib:/home/irobot/ros2_ws/install/vineslam_ros/lib:/home/irobot/ros2_ws/install/vineslam/lib:/home/irobot/ros2_ws/install/ublox_gps/lib:/home/irobot/ros2_ws/install/ublox_msgs/lib:/home/irobot/ros2_ws/install/livox_ros2_driver/lib:/opt/ros/foxy/opt/yaml_cpp_vendor/lib:/opt/ros/foxy/opt/rviz_ogre_vendor/lib:/opt/ros/foxy/lib/x86_64-linux-gnu:/opt/ros/foxy/lib PYTHONPATH=/home/irobot/ros2_ws/install/livox_interfaces/lib/python3.8/site-packages:/home/irobot/ros2_ws/install/vineslam_ros/lib/python3.8/site-packages:/home/irobot/ros2_ws/install/ublox_msgs/lib/python3.8/site-packages:/home/irobot/ros2_ws/install/geofence/lib/python3.8/site-packages:/opt/ros/foxy/lib/python3.8/site-packages /usr/bin/cmake /home/irobot/ros2_ws/src/livox/livox_ros2_driver -DAMENT_CMAKE_SYMLINK_INSTALL=1 -DCMAKE_INSTALL_PREFIX=/home/irobot/ros2_ws/install/livox_ros2_driver
[0.033s] -- livox_ros2_driver version: 0.0.1
[0.033s] -- Found ament_cmake_auto: 0.9.12 (/opt/ros/foxy/share/ament_cmake_auto/cmake)
[0.068s] -- Using PYTHON_EXECUTABLE: /usr/bin/python3
[0.247s] -- Override CMake install command with custom implementation using symlinks instead of copying resources
[0.355s] -- Using all available rosidl_typesupport_c: rosidl_typesupport_fastrtps_c;rosidl_typesupport_introspection_c
[0.358s] -- Found rosidl_adapter: 1.3.1 (/opt/ros/foxy/share/rosidl_adapter/cmake)
[0.479s] -- Using all available rosidl_typesupport_cpp: rosidl_typesupport_fastrtps_cpp;rosidl_typesupport_introspection_cpp
[0.521s] -- Found rmw_implementation_cmake: 1.0.4 (/opt/ros/foxy/share/rmw_implementation_cmake/cmake)
[0.523s] -- Using RMW implementation 'rmw_fastrtps_cpp' as default
[1.005s] -- Eigen found (include: /usr/include/eigen3, version: 3.3.7)
[1.111s] -- The imported target "vtkParseOGLExt" references the file
[1.111s]    "/usr/bin/vtkParseOGLExt-7.1"
[1.111s] but this file does not exist.  Possible reasons include:
[1.111s] * The file was deleted, renamed, or moved to another location.
[1.111s] * An install or uninstall procedure did not complete successfully.
[1.111s] * The installation package was faulty and contained
[1.111s]    "/usr/lib/cmake/vtk-7.1/VTKTargets.cmake"
[1.112s] but not all the files it references.
[1.112s] 
[1.112s] -- The imported target "vtkRenderingPythonTkWidgets" references the file
[1.112s]    "/usr/lib/x86_64-linux-gnu/libvtkRenderingPythonTkWidgets.so"
[1.112s] but this file does not exist.  Possible reasons include:
[1.112s] * The file was deleted, renamed, or moved to another location.
[1.112s] * An install or uninstall procedure did not complete successfully.
[1.112s] * The installation package was faulty and contained
[1.112s]    "/usr/lib/cmake/vtk-7.1/VTKTargets.cmake"
[1.113s] but not all the files it references.
[1.113s] 
[1.113s] -- The imported target "vtk" references the file
[1.113s]    "/usr/bin/vtk"
[1.113s] but this file does not exist.  Possible reasons include:
[1.113s] * The file was deleted, renamed, or moved to another location.
[1.113s] * An install or uninstall procedure did not complete successfully.
[1.113s] * The installation package was faulty and contained
[1.114s]    "/usr/lib/cmake/vtk-7.1/VTKTargets.cmake"
[1.114s] but not all the files it references.
[1.114s] 
[1.114s] -- The imported target "pvtk" references the file
[1.114s]    "/usr/bin/pvtk"
[1.114s] but this file does not exist.  Possible reasons include:
[1.114s] * The file was deleted, renamed, or moved to another location.
[1.114s] * An install or uninstall procedure did not complete successfully.
[1.114s] * The installation package was faulty and contained
[1.114s]    "/usr/lib/cmake/vtk-7.1/VTKTargets.cmake"
[1.115s] but not all the files it references.
[1.115s] 
[1.130s] -- OpenNI found (include: /usr/include/ni, lib: /usr/lib/libOpenNI.so)
[1.139s] -- OpenNI2 found (include: /usr/include/openni2, lib: /usr/lib/libOpenNI2.so)
[1.139s] ** WARNING ** io features related to pcap will be disabled
[1.139s] ** WARNING ** io features related to png will be disabled
[1.154s] ** WARNING ** io features related to libusb-1.0 will be disabled
[1.160s] -- OpenNI found (include: /usr/include/ni, lib: /usr/lib/libOpenNI.so)
[1.167s] -- OpenNI2 found (include: /usr/include/openni2, lib: /usr/lib/libOpenNI2.so)
[1.185s] -- QHULL found (include: /usr/include, lib: optimized;/usr/lib/x86_64-linux-gnu/libqhull.so;debug;/usr/lib/x86_64-linux-gnu/libqhull.so)
[1.192s] -- OpenNI found (include: /usr/include/ni, lib: /usr/lib/libOpenNI.so)
[1.202s] -- looking for PCL_COMMON
[1.203s] -- looking for PCL_KDTREE
[1.203s] -- looking for PCL_OCTREE
[1.203s] -- looking for PCL_SEARCH
[1.204s] -- looking for PCL_SAMPLE_CONSENSUS
[1.204s] -- looking for PCL_FILTERS
[1.204s] -- looking for PCL_2D
[1.205s] -- looking for PCL_GEOMETRY
[1.205s] -- looking for PCL_IO
[1.206s] -- looking for PCL_FEATURES
[1.206s] -- looking for PCL_ML
[1.206s] -- looking for PCL_SEGMENTATION
[1.207s] -- looking for PCL_VISUALIZATION
[1.207s] -- looking for PCL_SURFACE
[1.208s] -- looking for PCL_REGISTRATION
[1.208s] -- looking for PCL_KEYPOINTS
[1.209s] -- looking for PCL_TRACKING
[1.209s] -- looking for PCL_RECOGNITION
[1.210s] -- looking for PCL_STEREO
[1.210s] -- looking for PCL_APPS
[1.211s] -- looking for PCL_IN_HAND_SCANNER
[1.211s] -- looking for PCL_POINT_CLOUD_EDITOR
[1.212s] -- looking for PCL_OUTOFCORE
[1.212s] -- looking for PCL_PEOPLE
[1.218s] /usr/include/apr-1.0
[1.219s] apr-1
[1.262s] -- Found ament_lint_auto: 0.9.8 (/opt/ros/foxy/share/ament_lint_auto/cmake)
[1.277s] -- Added test 'copyright' to check source files copyright and LICENSE
[1.279s] -- Added test 'cppcheck' to perform static code analysis on C / C++ code
[1.280s] -- Configured cppcheck include dirs: /home/irobot/ros2_ws/src/livox/livox_ros2_driver/common;/home/irobot/ros2_ws/src/livox/livox_ros2_driver/common/rapidjson;/home/irobot/ros2_ws/src/livox/livox_ros2_driver/comon/rapdidxml;/home/irobot/ros2_ws/src/livox/livox_ros2_driver/common/comm;/home/irobot/ros2_ws/src/livox/livox_ros2_driver/timesync;/home/irobot/ros2_ws/src/livox/livox_ros2_driver/timesync/user_uart;/home/irobot/ros2_ws/src/livox/livox_ros2_driver/livox_ros2_driver
[1.280s] -- Configured cppcheck exclude dirs and/or files: 
[1.282s] -- Added test 'cpplint' to check C / C++ code against the Google style
[1.282s] -- Configured cpplint exclude dirs and/or files: 
[1.283s] -- Added test 'flake8' to check Python code syntax and style conventions
[1.283s] -- Added test 'lint_cmake' to check CMake code style
[1.284s] -- Added test 'pep257' to check Python code against some of the style conventions in PEP 257
[1.286s] -- Added test 'uncrustify' to check C / C++ code style
[1.286s] -- Configured uncrustify additional arguments: 
[1.286s] -- Added test 'xmllint' to check XML markup files
[1.290s] -- Configuring done
[1.333s] -- Generating done
[1.347s] -- Build files have been written to: /home/irobot/ros2_ws/build/livox_ros2_driver
[1.359s] Invoked command in '/home/irobot/ros2_ws/build/livox_ros2_driver' returned '0': CMAKE_PREFIX_PATH=/home/irobot/ros2_ws/install/livox_sdk_vendor:/home/irobot/ros2_ws/install/livox_interfaces:/home/irobot/ros2_ws/install/vineslam_ros:/home/irobot/ros2_ws/install/vineslam:/home/irobot/ros2_ws/install/ublox:/home/irobot/ros2_ws/install/ublox_gps:/home/irobot/ros2_ws/install/ublox_msgs:/home/irobot/ros2_ws/install/ublox_serialization:/home/irobot/ros2_ws/install/livox_ros2_driver:/home/irobot/ros2_ws/install/geofence:/opt/ros/foxy LD_LIBRARY_PATH=/home/irobot/ros2_ws/install/livox_interfaces/lib:/home/irobot/ros2_ws/install/vineslam_ros/lib:/home/irobot/ros2_ws/install/vineslam/lib:/home/irobot/ros2_ws/install/ublox_gps/lib:/home/irobot/ros2_ws/install/ublox_msgs/lib:/home/irobot/ros2_ws/install/livox_ros2_driver/lib:/opt/ros/foxy/opt/yaml_cpp_vendor/lib:/opt/ros/foxy/opt/rviz_ogre_vendor/lib:/opt/ros/foxy/lib/x86_64-linux-gnu:/opt/ros/foxy/lib PYTHONPATH=/home/irobot/ros2_ws/install/livox_interfaces/lib/python3.8/site-packages:/home/irobot/ros2_ws/install/vineslam_ros/lib/python3.8/site-packages:/home/irobot/ros2_ws/install/ublox_msgs/lib/python3.8/site-packages:/home/irobot/ros2_ws/install/geofence/lib/python3.8/site-packages:/opt/ros/foxy/lib/python3.8/site-packages /usr/bin/cmake /home/irobot/ros2_ws/src/livox/livox_ros2_driver -DAMENT_CMAKE_SYMLINK_INSTALL=1 -DCMAKE_INSTALL_PREFIX=/home/irobot/ros2_ws/install/livox_ros2_driver
[1.361s] Invoking command in '/home/irobot/ros2_ws/build/livox_ros2_driver': CMAKE_PREFIX_PATH=/home/irobot/ros2_ws/install/livox_sdk_vendor:/home/irobot/ros2_ws/install/livox_interfaces:/home/irobot/ros2_ws/install/vineslam_ros:/home/irobot/ros2_ws/install/vineslam:/home/irobot/ros2_ws/install/ublox:/home/irobot/ros2_ws/install/ublox_gps:/home/irobot/ros2_ws/install/ublox_msgs:/home/irobot/ros2_ws/install/ublox_serialization:/home/irobot/ros2_ws/install/livox_ros2_driver:/home/irobot/ros2_ws/install/geofence:/opt/ros/foxy LD_LIBRARY_PATH=/home/irobot/ros2_ws/install/livox_interfaces/lib:/home/irobot/ros2_ws/install/vineslam_ros/lib:/home/irobot/ros2_ws/install/vineslam/lib:/home/irobot/ros2_ws/install/ublox_gps/lib:/home/irobot/ros2_ws/install/ublox_msgs/lib:/home/irobot/ros2_ws/install/livox_ros2_driver/lib:/opt/ros/foxy/opt/yaml_cpp_vendor/lib:/opt/ros/foxy/opt/rviz_ogre_vendor/lib:/opt/ros/foxy/lib/x86_64-linux-gnu:/opt/ros/foxy/lib PYTHONPATH=/home/irobot/ros2_ws/install/livox_interfaces/lib/python3.8/site-packages:/home/irobot/ros2_ws/install/vineslam_ros/lib/python3.8/site-packages:/home/irobot/ros2_ws/install/ublox_msgs/lib/python3.8/site-packages:/home/irobot/ros2_ws/install/geofence/lib/python3.8/site-packages:/opt/ros/foxy/lib/python3.8/site-packages /usr/bin/cmake --build /home/irobot/ros2_ws/build/livox_ros2_driver -- -j8 -l8
[1.442s] [ 12%] Built target livox_ros2_driver_node
[1.453s] [ 18%] [32m[1mLinking CXX shared library liblivox_ros2_driver.so[0m
[2.279s] [100%] Built target livox_ros2_driver
[2.298s] Invoked command in '/home/irobot/ros2_ws/build/livox_ros2_driver' returned '0': CMAKE_PREFIX_PATH=/home/irobot/ros2_ws/install/livox_sdk_vendor:/home/irobot/ros2_ws/install/livox_interfaces:/home/irobot/ros2_ws/install/vineslam_ros:/home/irobot/ros2_ws/install/vineslam:/home/irobot/ros2_ws/install/ublox:/home/irobot/ros2_ws/install/ublox_gps:/home/irobot/ros2_ws/install/ublox_msgs:/home/irobot/ros2_ws/install/ublox_serialization:/home/irobot/ros2_ws/install/livox_ros2_driver:/home/irobot/ros2_ws/install/geofence:/opt/ros/foxy LD_LIBRARY_PATH=/home/irobot/ros2_ws/install/livox_interfaces/lib:/home/irobot/ros2_ws/install/vineslam_ros/lib:/home/irobot/ros2_ws/install/vineslam/lib:/home/irobot/ros2_ws/install/ublox_gps/lib:/home/irobot/ros2_ws/install/ublox_msgs/lib:/home/irobot/ros2_ws/install/livox_ros2_driver/lib:/opt/ros/foxy/opt/yaml_cpp_vendor/lib:/opt/ros/foxy/opt/rviz_ogre_vendor/lib:/opt/ros/foxy/lib/x86_64-linux-gnu:/opt/ros/foxy/lib PYTHONPATH=/home/irobot/ros2_ws/install/livox_interfaces/lib/python3.8/site-packages:/home/irobot/ros2_ws/install/vineslam_ros/lib/python3.8/site-packages:/home/irobot/ros2_ws/install/ublox_msgs/lib/python3.8/site-packages:/home/irobot/ros2_ws/install/geofence/lib/python3.8/site-packages:/opt/ros/foxy/lib/python3.8/site-packages /usr/bin/cmake --build /home/irobot/ros2_ws/build/livox_ros2_driver -- -j8 -l8
[2.381s] Invoking command in '/home/irobot/ros2_ws/build/livox_ros2_driver': CMAKE_PREFIX_PATH=/home/irobot/ros2_ws/install/livox_sdk_vendor:/home/irobot/ros2_ws/install/livox_interfaces:/home/irobot/ros2_ws/install/vineslam_ros:/home/irobot/ros2_ws/install/vineslam:/home/irobot/ros2_ws/install/ublox:/home/irobot/ros2_ws/install/ublox_gps:/home/irobot/ros2_ws/install/ublox_msgs:/home/irobot/ros2_ws/install/ublox_serialization:/home/irobot/ros2_ws/install/livox_ros2_driver:/home/irobot/ros2_ws/install/geofence:/opt/ros/foxy LD_LIBRARY_PATH=/home/irobot/ros2_ws/install/livox_interfaces/lib:/home/irobot/ros2_ws/install/vineslam_ros/lib:/home/irobot/ros2_ws/install/vineslam/lib:/home/irobot/ros2_ws/install/ublox_gps/lib:/home/irobot/ros2_ws/install/ublox_msgs/lib:/home/irobot/ros2_ws/install/livox_ros2_driver/lib:/opt/ros/foxy/opt/yaml_cpp_vendor/lib:/opt/ros/foxy/opt/rviz_ogre_vendor/lib:/opt/ros/foxy/lib/x86_64-linux-gnu:/opt/ros/foxy/lib PYTHONPATH=/home/irobot/ros2_ws/install/livox_interfaces/lib/python3.8/site-packages:/home/irobot/ros2_ws/install/vineslam_ros/lib/python3.8/site-packages:/home/irobot/ros2_ws/install/ublox_msgs/lib/python3.8/site-packages:/home/irobot/ros2_ws/install/geofence/lib/python3.8/site-packages:/opt/ros/foxy/lib/python3.8/site-packages /usr/bin/cmake --install /home/irobot/ros2_ws/build/livox_ros2_driver
[2.390s] -- Install configuration: "Release"
[2.391s] -- Execute custom install script
[2.391s] -- Up-to-date symlink: /home/irobot/ros2_ws/install/livox_ros2_driver/lib/livox_ros2_driver/livox_ros2_driver_node
[2.391s] -- Up-to-date symlink: /home/irobot/ros2_ws/install/livox_ros2_driver/share/livox_ros2_driver/environment/library_path.sh
[2.391s] -- Up-to-date symlink: /home/irobot/ros2_ws/install/livox_ros2_driver/share/livox_ros2_driver/environment/library_path.dsv
[2.392s] -- Up-to-date symlink: /home/irobot/ros2_ws/install/livox_ros2_driver/lib/liblivox_ros2_driver.so
[2.392s] -- Up-to-date symlink: /home/irobot/ros2_ws/install/livox_ros2_driver/share/livox_ros2_driver/config/livox_hub.rviz
[2.392s] -- Up-to-date symlink: /home/irobot/ros2_ws/install/livox_ros2_driver/share/livox_ros2_driver/config/livox_hub_config.json
[2.392s] -- Up-to-date symlink: /home/irobot/ros2_ws/install/livox_ros2_driver/share/livox_ros2_driver/config/livox_lidar.rviz
[2.393s] -- Up-to-date symlink: /home/irobot/ros2_ws/install/livox_ros2_driver/share/livox_ros2_driver/config/livox_lidar_config.json
[2.393s] -- Up-to-date symlink: /home/irobot/ros2_ws/install/livox_ros2_driver/share/livox_ros2_driver/launch/livox_hub_launch.py
[2.393s] -- Up-to-date symlink: /home/irobot/ros2_ws/install/livox_ros2_driver/share/livox_ros2_driver/launch/livox_hub_msg_launch .py
[2.393s] -- Up-to-date symlink: /home/irobot/ros2_ws/install/livox_ros2_driver/share/livox_ros2_driver/launch/livox_hub_rviz_launch.py
[2.393s] -- Up-to-date symlink: /home/irobot/ros2_ws/install/livox_ros2_driver/share/livox_ros2_driver/launch/livox_lidar_launch.py
[2.394s] -- Up-to-date symlink: /home/irobot/ros2_ws/install/livox_ros2_driver/share/livox_ros2_driver/launch/livox_lidar_msg_launch.py
[2.394s] -- Up-to-date symlink: /home/irobot/ros2_ws/install/livox_ros2_driver/share/livox_ros2_driver/launch/livox_lidar_rviz_launch.py
[2.394s] -- Up-to-date symlink: /home/irobot/ros2_ws/install/livox_ros2_driver/share/livox_ros2_driver/launch/livox_template_launch.py
[2.394s] -- Up-to-date symlink: /home/irobot/ros2_ws/install/livox_ros2_driver/share/ament_index/resource_index/package_run_dependencies/livox_ros2_driver
[2.394s] -- Up-to-date symlink: /home/irobot/ros2_ws/install/livox_ros2_driver/share/ament_index/resource_index/parent_prefix_path/livox_ros2_driver
[2.394s] -- Up-to-date symlink: /home/irobot/ros2_ws/install/livox_ros2_driver/share/livox_ros2_driver/environment/ament_prefix_path.sh
[2.394s] -- Up-to-date symlink: /home/irobot/ros2_ws/install/livox_ros2_driver/share/livox_ros2_driver/environment/ament_prefix_path.dsv
[2.395s] -- Up-to-date symlink: /home/irobot/ros2_ws/install/livox_ros2_driver/share/livox_ros2_driver/environment/path.sh
[2.395s] -- Up-to-date symlink: /home/irobot/ros2_ws/install/livox_ros2_driver/share/livox_ros2_driver/environment/path.dsv
[2.395s] -- Up-to-date symlink: /home/irobot/ros2_ws/install/livox_ros2_driver/share/livox_ros2_driver/local_setup.bash
[2.395s] -- Up-to-date symlink: /home/irobot/ros2_ws/install/livox_ros2_driver/share/livox_ros2_driver/local_setup.sh
[2.395s] -- Up-to-date symlink: /home/irobot/ros2_ws/install/livox_ros2_driver/share/livox_ros2_driver/local_setup.zsh
[2.395s] -- Up-to-date symlink: /home/irobot/ros2_ws/install/livox_ros2_driver/share/livox_ros2_driver/local_setup.dsv
[2.395s] -- Symlinking: /home/irobot/ros2_ws/install/livox_ros2_driver/share/livox_ros2_driver/package.dsv
[2.410s] -- Up-to-date symlink: /home/irobot/ros2_ws/install/livox_ros2_driver/share/ament_index/resource_index/packages/livox_ros2_driver
[2.411s] -- Up-to-date symlink: /home/irobot/ros2_ws/install/livox_ros2_driver/share/ament_index/resource_index/rclcpp_components/livox_ros2_driver
[2.411s] -- Up-to-date symlink: /home/irobot/ros2_ws/install/livox_ros2_driver/share/livox_ros2_driver/cmake/ament_cmake_export_dependencies-extras.cmake
[2.411s] -- Up-to-date symlink: /home/irobot/ros2_ws/install/livox_ros2_driver/share/livox_ros2_driver/cmake/ament_cmake_export_libraries-extras.cmake
[2.412s] -- Up-to-date symlink: /home/irobot/ros2_ws/install/livox_ros2_driver/share/livox_ros2_driver/cmake/livox_ros2_driverConfig.cmake
[2.412s] -- Up-to-date symlink: /home/irobot/ros2_ws/install/livox_ros2_driver/share/livox_ros2_driver/cmake/livox_ros2_driverConfig-version.cmake
[2.412s] -- Up-to-date symlink: /home/irobot/ros2_ws/install/livox_ros2_driver/share/livox_ros2_driver/package.xml
[2.417s] Invoked command in '/home/irobot/ros2_ws/build/livox_ros2_driver' returned '0': CMAKE_PREFIX_PATH=/home/irobot/ros2_ws/install/livox_sdk_vendor:/home/irobot/ros2_ws/install/livox_interfaces:/home/irobot/ros2_ws/install/vineslam_ros:/home/irobot/ros2_ws/install/vineslam:/home/irobot/ros2_ws/install/ublox:/home/irobot/ros2_ws/install/ublox_gps:/home/irobot/ros2_ws/install/ublox_msgs:/home/irobot/ros2_ws/install/ublox_serialization:/home/irobot/ros2_ws/install/livox_ros2_driver:/home/irobot/ros2_ws/install/geofence:/opt/ros/foxy LD_LIBRARY_PATH=/home/irobot/ros2_ws/install/livox_interfaces/lib:/home/irobot/ros2_ws/install/vineslam_ros/lib:/home/irobot/ros2_ws/install/vineslam/lib:/home/irobot/ros2_ws/install/ublox_gps/lib:/home/irobot/ros2_ws/install/ublox_msgs/lib:/home/irobot/ros2_ws/install/livox_ros2_driver/lib:/opt/ros/foxy/opt/yaml_cpp_vendor/lib:/opt/ros/foxy/opt/rviz_ogre_vendor/lib:/opt/ros/foxy/lib/x86_64-linux-gnu:/opt/ros/foxy/lib PYTHONPATH=/home/irobot/ros2_ws/install/livox_interfaces/lib/python3.8/site-packages:/home/irobot/ros2_ws/install/vineslam_ros/lib/python3.8/site-packages:/home/irobot/ros2_ws/install/ublox_msgs/lib/python3.8/site-packages:/home/irobot/ros2_ws/install/geofence/lib/python3.8/site-packages:/opt/ros/foxy/lib/python3.8/site-packages /usr/bin/cmake --install /home/irobot/ros2_ws/build/livox_ros2_driver
