[0.030s] Invoking command in '/home/irobot/ros2_ws/build/ublox': AMENT_PREFIX_PATH=/home/irobot/ros2_ws/install/ublox_gps:/home/irobot/ros2_ws/install/ublox_msgs:/home/irobot/ros2_ws/install/ublox_serialization:${AMENT_PREFIX_PATH} CMAKE_PREFIX_PATH=/home/irobot/ros2_ws/install/ublox_gps:/home/irobot/ros2_ws/install/ublox_msgs:/home/irobot/ros2_ws/install/ublox_serialization:/opt/ros/foxy LD_LIBRARY_PATH=/home/irobot/ros2_ws/install/ublox_gps/lib:/home/irobot/ros2_ws/install/ublox_msgs/lib:${LD_LIBRARY_PATH} PYTHONPATH=/home/irobot/ros2_ws/install/ublox_msgs/lib/python3.8/site-packages:${PYTHONPATH} /usr/bin/cmake --build /home/irobot/ros2_ws/build/ublox -- -j8 -l8
[0.082s] Invoked command in '/home/irobot/ros2_ws/build/ublox' returned '0': AMENT_PREFIX_PATH=/home/irobot/ros2_ws/install/ublox_gps:/home/irobot/ros2_ws/install/ublox_msgs:/home/irobot/ros2_ws/install/ublox_serialization:${AMENT_PREFIX_PATH} CMAKE_PREFIX_PATH=/home/irobot/ros2_ws/install/ublox_gps:/home/irobot/ros2_ws/install/ublox_msgs:/home/irobot/ros2_ws/install/ublox_serialization:/opt/ros/foxy LD_LIBRARY_PATH=/home/irobot/ros2_ws/install/ublox_gps/lib:/home/irobot/ros2_ws/install/ublox_msgs/lib:${LD_LIBRARY_PATH} PYTHONPATH=/home/irobot/ros2_ws/install/ublox_msgs/lib/python3.8/site-packages:${PYTHONPATH} /usr/bin/cmake --build /home/irobot/ros2_ws/build/ublox -- -j8 -l8
[0.116s] Invoking command in '/home/irobot/ros2_ws/build/ublox': AMENT_PREFIX_PATH=/home/irobot/ros2_ws/install/ublox_gps:/home/irobot/ros2_ws/install/ublox_msgs:/home/irobot/ros2_ws/install/ublox_serialization:${AMENT_PREFIX_PATH} CMAKE_PREFIX_PATH=/home/irobot/ros2_ws/install/ublox_gps:/home/irobot/ros2_ws/install/ublox_msgs:/home/irobot/ros2_ws/install/ublox_serialization:/opt/ros/foxy LD_LIBRARY_PATH=/home/irobot/ros2_ws/install/ublox_gps/lib:/home/irobot/ros2_ws/install/ublox_msgs/lib:${LD_LIBRARY_PATH} PYTHONPATH=/home/irobot/ros2_ws/install/ublox_msgs/lib/python3.8/site-packages:${PYTHONPATH} /usr/bin/cmake --install /home/irobot/ros2_ws/build/ublox
[0.131s] -- Install configuration: ""
[0.132s] -- Execute custom install script
[0.132s] -- Up-to-date symlink: /home/irobot/ros2_ws/install/ublox/share/ament_index/resource_index/package_run_dependencies/ublox
[0.132s] -- Up-to-date symlink: /home/irobot/ros2_ws/install/ublox/share/ament_index/resource_index/parent_prefix_path/ublox
[0.132s] -- Up-to-date symlink: /home/irobot/ros2_ws/install/ublox/share/ublox/environment/ament_prefix_path.sh
[0.132s] -- Up-to-date symlink: /home/irobot/ros2_ws/install/ublox/share/ublox/environment/ament_prefix_path.dsv
[0.133s] -- Up-to-date symlink: /home/irobot/ros2_ws/install/ublox/share/ublox/environment/path.sh
[0.133s] -- Up-to-date symlink: /home/irobot/ros2_ws/install/ublox/share/ublox/environment/path.dsv
[0.133s] -- Up-to-date symlink: /home/irobot/ros2_ws/install/ublox/share/ublox/local_setup.bash
[0.133s] -- Up-to-date symlink: /home/irobot/ros2_ws/install/ublox/share/ublox/local_setup.sh
[0.133s] -- Up-to-date symlink: /home/irobot/ros2_ws/install/ublox/share/ublox/local_setup.zsh
[0.134s] -- Up-to-date symlink: /home/irobot/ros2_ws/install/ublox/share/ublox/local_setup.dsv
[0.134s] -- Symlinking: /home/irobot/ros2_ws/install/ublox/share/ublox/package.dsv
[0.170s] -- Up-to-date symlink: /home/irobot/ros2_ws/install/ublox/share/ament_index/resource_index/packages/ublox
[0.170s] -- Up-to-date symlink: /home/irobot/ros2_ws/install/ublox/share/ublox/cmake/ubloxConfig.cmake
[0.171s] -- Up-to-date symlink: /home/irobot/ros2_ws/install/ublox/share/ublox/cmake/ubloxConfig-version.cmake
[0.171s] -- Up-to-date symlink: /home/irobot/ros2_ws/install/ublox/share/ublox/package.xml
[0.176s] Invoked command in '/home/irobot/ros2_ws/build/ublox' returned '0': AMENT_PREFIX_PATH=/home/irobot/ros2_ws/install/ublox_gps:/home/irobot/ros2_ws/install/ublox_msgs:/home/irobot/ros2_ws/install/ublox_serialization:${AMENT_PREFIX_PATH} CMAKE_PREFIX_PATH=/home/irobot/ros2_ws/install/ublox_gps:/home/irobot/ros2_ws/install/ublox_msgs:/home/irobot/ros2_ws/install/ublox_serialization:/opt/ros/foxy LD_LIBRARY_PATH=/home/irobot/ros2_ws/install/ublox_gps/lib:/home/irobot/ros2_ws/install/ublox_msgs/lib:${LD_LIBRARY_PATH} PYTHONPATH=/home/irobot/ros2_ws/install/ublox_msgs/lib/python3.8/site-packages:${PYTHONPATH} /usr/bin/cmake --install /home/irobot/ros2_ws/build/ublox
