[0.038s] Invoking command in '/home/irobot/ros2_ws/build/vineslam': CMAKE_PREFIX_PATH=${CMAKE_PREFIX_PATH}:/opt/ros/foxy /usr/bin/cmake /home/irobot/ros2_ws/src/vineslam/vineslam -DAMENT_CMAKE_SYMLINK_INSTALL=1 -DCMAKE_INSTALL_PREFIX=/home/irobot/ros2_ws/install/vineslam
[0.331s] -- The C compiler identification is GNU 9.4.0
[0.402s] -- The CXX compiler identification is GNU 9.4.0
[0.406s] -- Check for working C compiler: /usr/bin/cc
[0.493s] -- Check for working C compiler: /usr/bin/cc -- works
[0.494s] -- Detecting C compiler ABI info
[0.585s] -- Detecting C compiler ABI info - done
[0.596s] -- Detecting C compile features
[0.597s] -- Detecting C compile features - done
[0.600s] -- Check for working CXX compiler: /usr/bin/c++
[0.692s] -- Check for working CXX compiler: /usr/bin/c++ -- works
[0.694s] -- Detecting CXX compiler ABI info
[0.791s] -- Detecting CXX compiler ABI info - done
[0.802s] -- Detecting CXX compile features
[0.802s] -- Detecting CXX compile features - done
[0.892s] -- Found ament_cmake: 0.9.12 (/opt/ros/foxy/share/ament_cmake/cmake)
[0.988s] -- Found PythonInterp: /usr/bin/python3 (found suitable version "3.8.10", minimum required is "3") 
[0.988s] -- Using PYTHON_EXECUTABLE: /usr/bin/python3
[1.264s] -- Override CMake install command with custom implementation using symlinks instead of copying resources
[1.644s] -- Found Boost: /usr/lib/x86_64-linux-gnu/cmake/Boost-1.71.0/BoostConfig.cmake (found version "1.71.0")  
[1.715s] -- Found OpenCV: /usr (found version "4.2.0") 
[1.716s] -- Looking for a CUDA compiler
[1.778s] -- Looking for a CUDA compiler - NOTFOUND
[1.870s] -- Configuring done
[1.878s] -- Generating done
[1.879s] -- Build files have been written to: /home/irobot/ros2_ws/build/vineslam
[1.883s] Invoked command in '/home/irobot/ros2_ws/build/vineslam' returned '0': CMAKE_PREFIX_PATH=${CMAKE_PREFIX_PATH}:/opt/ros/foxy /usr/bin/cmake /home/irobot/ros2_ws/src/vineslam/vineslam -DAMENT_CMAKE_SYMLINK_INSTALL=1 -DCMAKE_INSTALL_PREFIX=/home/irobot/ros2_ws/install/vineslam
[1.886s] Invoking command in '/home/irobot/ros2_ws/build/vineslam': CMAKE_PREFIX_PATH=${CMAKE_PREFIX_PATH}:/opt/ros/foxy /usr/bin/cmake --build /home/irobot/ros2_ws/build/vineslam -- -j8 -l8
[1.933s] [35m[1mScanning dependencies of target vineslam[0m
[2.846s] [ 10%] [32mBuilding CXX object CMakeFiles/vineslam.dir/src/mapping/landmark_mapping.cpp.o[0m
[2.847s] [ 10%] [32mBuilding CXX object CMakeFiles/vineslam.dir/src/mapping/lidar_mapping.cpp.o[0m
[2.853s] [ 15%] [32mBuilding CXX object CMakeFiles/vineslam.dir/src/mapping/landmark_ekf.cpp.o[0m
[2.853s] [ 21%] [32mBuilding CXX object CMakeFiles/vineslam.dir/src/mapping/lidar_mapping_omnidirectional.cpp.o[0m
[2.857s] [ 26%] [32mBuilding CXX object CMakeFiles/vineslam.dir/src/mapping/occupancy_map.cpp.o[0m
[2.861s] [ 31%] [32mBuilding CXX object CMakeFiles/vineslam.dir/src/mapping/lidar_mapping_livox.cpp.o[0m
[2.866s] [ 36%] [32mBuilding CXX object CMakeFiles/vineslam.dir/src/mapping/topological_map.cpp.o[0m
[2.875s] [ 42%] [32mBuilding CXX object CMakeFiles/vineslam.dir/src/mapping/elevation_map.cpp.o[0m
[4.316s] [ 47%] [32mBuilding CXX object CMakeFiles/vineslam.dir/src/localization/localizer.cpp.o[0m
[6.399s] [ 52%] [32mBuilding CXX object CMakeFiles/vineslam.dir/src/localization/pf.cpp.o[0m
[15.763s] [ 57%] [32mBuilding CXX object CMakeFiles/vineslam.dir/src/interface/localization_mapping_interface.cpp.o[0m
[31.597s] [ 63%] [32mBuilding CXX object CMakeFiles/vineslam.dir/include/vineslam/extern/thread_pool.cpp.o[0m
[32.360s] [ 68%] [32mBuilding CXX object CMakeFiles/vineslam.dir/src/map_io/elevation_map_parser.cpp.o[0m
[33.907s] [ 73%] [32mBuilding CXX object CMakeFiles/vineslam.dir/src/map_io/elevation_map_writer.cpp.o[0m
[35.403s] [ 78%] [32mBuilding CXX object CMakeFiles/vineslam.dir/src/map_io/topological_map_parser.cpp.o[0m
[40.390s] [ 84%] [32mBuilding CXX object CMakeFiles/vineslam.dir/src/map_io/topological_map_writer.cpp.o[0m
[44.688s] [ 89%] [32mBuilding CXX object CMakeFiles/vineslam.dir/src/map_io/map_parser.cpp.o[0m
[46.276s] [ 94%] [32mBuilding CXX object CMakeFiles/vineslam.dir/src/map_io/map_writer.cpp.o[0m
[48.038s] [100%] [32m[1mLinking CXX static library libvineslam.a[0m
[49.825s] [100%] Built target vineslam
[49.847s] Invoked command in '/home/irobot/ros2_ws/build/vineslam' returned '0': CMAKE_PREFIX_PATH=${CMAKE_PREFIX_PATH}:/opt/ros/foxy /usr/bin/cmake --build /home/irobot/ros2_ws/build/vineslam -- -j8 -l8
[49.931s] Invoking command in '/home/irobot/ros2_ws/build/vineslam': CMAKE_PREFIX_PATH=${CMAKE_PREFIX_PATH}:/opt/ros/foxy /usr/bin/cmake --install /home/irobot/ros2_ws/build/vineslam
[49.938s] -- Install configuration: ""
[49.939s] -- Execute custom install script
[49.939s] -- Symlinking: /home/irobot/ros2_ws/install/vineslam/share/vineslam/environment/library_path.sh
[49.950s] -- Symlinking: /home/irobot/ros2_ws/install/vineslam/share/vineslam/environment/library_path.dsv
[49.965s] -- Symlinking: /home/irobot/ros2_ws/install/vineslam/include//vineslam/extern/concurrentqueue.h
[49.984s] -- Symlinking: /home/irobot/ros2_ws/install/vineslam/include//vineslam/extern/thread_pool.cpp
[49.992s] -- Symlinking: /home/irobot/ros2_ws/install/vineslam/include//vineslam/extern/thread_pool.h
[50.001s] -- Symlinking: /home/irobot/ros2_ws/install/vineslam/include//vineslam/feature/feature.hpp
[50.018s] -- Symlinking: /home/irobot/ros2_ws/install/vineslam/include//vineslam/feature/semantic.hpp
[50.027s] -- Symlinking: /home/irobot/ros2_ws/install/vineslam/include//vineslam/feature/three_dimensional.hpp
[50.041s] -- Symlinking: /home/irobot/ros2_ws/install/vineslam/include//vineslam/feature/visual.hpp
[50.049s] -- Symlinking: /home/irobot/ros2_ws/install/vineslam/include//vineslam/filters/convex_hull.hpp
[50.064s] -- Symlinking: /home/irobot/ros2_ws/install/vineslam/include//vineslam/filters/ransac.hpp
[50.080s] -- Symlinking: /home/irobot/ros2_ws/install/vineslam/include//vineslam/filters/ransac_cu.hpp
[50.089s] -- Symlinking: /home/irobot/ros2_ws/install/vineslam/include//vineslam/interface/localization_mapping_interface.hpp
[50.102s] -- Symlinking: /home/irobot/ros2_ws/install/vineslam/include//vineslam/localization/localizer.hpp
[50.118s] -- Symlinking: /home/irobot/ros2_ws/install/vineslam/include//vineslam/localization/pf.hpp
[50.127s] -- Symlinking: /home/irobot/ros2_ws/install/vineslam/include//vineslam/map_io/elevation_map_parser.hpp
[50.136s] -- Symlinking: /home/irobot/ros2_ws/install/vineslam/include//vineslam/map_io/elevation_map_writer.hpp
[50.144s] -- Symlinking: /home/irobot/ros2_ws/install/vineslam/include//vineslam/map_io/map_parser.hpp
[50.153s] -- Symlinking: /home/irobot/ros2_ws/install/vineslam/include//vineslam/map_io/map_writer.hpp
[50.163s] -- Symlinking: /home/irobot/ros2_ws/install/vineslam/include//vineslam/map_io/topological_map_parser.hpp
[50.171s] -- Symlinking: /home/irobot/ros2_ws/install/vineslam/include//vineslam/map_io/topological_map_writer.hpp
[50.180s] -- Symlinking: /home/irobot/ros2_ws/install/vineslam/include//vineslam/mapping/elevation_map.hpp
[50.189s] -- Symlinking: /home/irobot/ros2_ws/install/vineslam/include//vineslam/mapping/landmark_ekf.hpp
[50.198s] -- Symlinking: /home/irobot/ros2_ws/install/vineslam/include//vineslam/mapping/landmark_mapping.hpp
[50.210s] -- Symlinking: /home/irobot/ros2_ws/install/vineslam/include//vineslam/mapping/lidar_mapping.hpp
[50.223s] -- Symlinking: /home/irobot/ros2_ws/install/vineslam/include//vineslam/mapping/lidar_mapping_livox.hpp
[50.234s] -- Symlinking: /home/irobot/ros2_ws/install/vineslam/include//vineslam/mapping/lidar_mapping_omnidirectional.hpp
[50.242s] -- Symlinking: /home/irobot/ros2_ws/install/vineslam/include//vineslam/mapping/occupancy_map.hpp
[50.255s] -- Symlinking: /home/irobot/ros2_ws/install/vineslam/include//vineslam/mapping/static/occupancy_map_static.hpp
[50.268s] -- Symlinking: /home/irobot/ros2_ws/install/vineslam/include//vineslam/mapping/topological_map.hpp
[50.283s] -- Symlinking: /home/irobot/ros2_ws/install/vineslam/include//vineslam/matcher/icp.hpp
[50.300s] -- Symlinking: /home/irobot/ros2_ws/install/vineslam/include//vineslam/math/Const.hpp
[50.316s] -- Symlinking: /home/irobot/ros2_ws/install/vineslam/include//vineslam/math/Geodetic.hpp
[50.334s] -- Symlinking: /home/irobot/ros2_ws/install/vineslam/include//vineslam/math/Point.hpp
[50.349s] -- Symlinking: /home/irobot/ros2_ws/install/vineslam/include//vineslam/math/Pose.hpp
[50.364s] -- Symlinking: /home/irobot/ros2_ws/install/vineslam/include//vineslam/math/Stat.hpp
[50.377s] -- Symlinking: /home/irobot/ros2_ws/install/vineslam/include//vineslam/math/Tf.hpp
[50.386s] -- Symlinking: /home/irobot/ros2_ws/install/vineslam/include//vineslam/math/Vec.hpp
[50.402s] -- Symlinking: /home/irobot/ros2_ws/install/vineslam/include//vineslam/params.hpp
[50.417s] -- Symlinking: /home/irobot/ros2_ws/install/vineslam/include//vineslam/utils/Timer.hpp
[50.432s] -- Symlinking: /home/irobot/ros2_ws/install/vineslam/include//vineslam/utils/save_data.hpp
[50.445s] -- Symlinking: /home/irobot/ros2_ws/install/vineslam/include//vineslam/utils/scripts/plot_clusters.py
[50.458s] -- Symlinking: /home/irobot/ros2_ws/install/vineslam/share/ament_index/resource_index/package_run_dependencies/vineslam
[50.472s] -- Symlinking: /home/irobot/ros2_ws/install/vineslam/share/ament_index/resource_index/parent_prefix_path/vineslam
[50.483s] -- Symlinking: /home/irobot/ros2_ws/install/vineslam/share/vineslam/environment/ament_prefix_path.sh
[50.517s] -- Symlinking: /home/irobot/ros2_ws/install/vineslam/share/vineslam/environment/ament_prefix_path.dsv
[50.533s] -- Symlinking: /home/irobot/ros2_ws/install/vineslam/share/vineslam/environment/path.sh
[50.550s] -- Symlinking: /home/irobot/ros2_ws/install/vineslam/share/vineslam/environment/path.dsv
[50.561s] -- Symlinking: /home/irobot/ros2_ws/install/vineslam/share/vineslam/local_setup.bash
[50.572s] -- Symlinking: /home/irobot/ros2_ws/install/vineslam/share/vineslam/local_setup.sh
[50.587s] -- Symlinking: /home/irobot/ros2_ws/install/vineslam/share/vineslam/local_setup.zsh
[50.602s] -- Symlinking: /home/irobot/ros2_ws/install/vineslam/share/vineslam/local_setup.dsv
[50.618s] -- Symlinking: /home/irobot/ros2_ws/install/vineslam/share/vineslam/package.dsv
[50.628s] -- Symlinking: /home/irobot/ros2_ws/install/vineslam/share/ament_index/resource_index/packages/vineslam
[50.641s] -- Symlinking: /home/irobot/ros2_ws/install/vineslam/share/vineslam/cmake/ament_cmake_export_targets-extras.cmake
[50.657s] -- Symlinking: /home/irobot/ros2_ws/install/vineslam/share/vineslam/cmake/ament_cmake_export_dependencies-extras.cmake
[50.668s] -- Symlinking: /home/irobot/ros2_ws/install/vineslam/share/vineslam/cmake/vineslamConfig.cmake
[50.686s] -- Symlinking: /home/irobot/ros2_ws/install/vineslam/share/vineslam/cmake/vineslamConfig-version.cmake
[50.701s] -- Symlinking: /home/irobot/ros2_ws/install/vineslam/share/vineslam/package.xml
[50.711s] -- Installing: /home/irobot/ros2_ws/install/vineslam/lib/libvineslam.a
[50.745s] -- Installing: /home/irobot/ros2_ws/install/vineslam/share/vineslam/cmake/export_vineslamExport.cmake
[50.746s] -- Installing: /home/irobot/ros2_ws/install/vineslam/share/vineslam/cmake/export_vineslamExport-noconfig.cmake
[50.755s] Invoked command in '/home/irobot/ros2_ws/build/vineslam' returned '0': CMAKE_PREFIX_PATH=${CMAKE_PREFIX_PATH}:/opt/ros/foxy /usr/bin/cmake --install /home/irobot/ros2_ws/build/vineslam
