[0.031s] Invoking command in '/home/irobot/ros2_ws/build/livox_interfaces': CMAKE_PREFIX_PATH=${CMAKE_PREFIX_PATH}:/home/irobot/ros2_ws/install/geofence:/opt/ros/foxy /usr/bin/cmake --build /home/irobot/ros2_ws/build/livox_interfaces -- -j8 -l8
[0.104s] [  2%] Built target livox_interfaces__cpp
[0.133s] [ 12%] Built target livox_interfaces__rosidl_generator_c
[0.164s] [ 23%] Built target livox_interfaces__rosidl_typesupport_cpp
[0.194s] [ 33%] Built target livox_interfaces__rosidl_typesupport_c
[0.226s] [ 43%] Built target livox_interfaces__rosidl_typesupport_introspection_c
[0.265s] [ 53%] Built target livox_interfaces__rosidl_typesupport_fastrtps_cpp
[0.300s] [ 64%] Built target livox_interfaces__rosidl_typesupport_introspection_cpp
[0.333s] [ 74%] Built target livox_interfaces__rosidl_typesupport_fastrtps_c
[0.361s] [ 74%] Built target livox_interfaces
[0.394s] [ 76%] Built target livox_interfaces__py
[0.444s] [ 84%] Built target livox_interfaces__python
[0.481s] [ 89%] Built target livox_interfaces__rosidl_typesupport_c__pyext
[0.521s] [ 94%] Built target livox_interfaces__rosidl_typesupport_fastrtps_c__pyext
[0.557s] [100%] Built target livox_interfaces__rosidl_typesupport_introspection_c__pyext
[0.571s] Invoked command in '/home/irobot/ros2_ws/build/livox_interfaces' returned '0': CMAKE_PREFIX_PATH=${CMAKE_PREFIX_PATH}:/home/irobot/ros2_ws/install/geofence:/opt/ros/foxy /usr/bin/cmake --build /home/irobot/ros2_ws/build/livox_interfaces -- -j8 -l8
[0.644s] Invoking command in '/home/irobot/ros2_ws/build/livox_interfaces': CMAKE_PREFIX_PATH=${CMAKE_PREFIX_PATH}:/home/irobot/ros2_ws/install/geofence:/opt/ros/foxy /usr/bin/cmake --install /home/irobot/ros2_ws/build/livox_interfaces
[0.658s] -- Install configuration: "Release"
[0.658s] -- Execute custom install script
[0.659s] -- Up-to-date symlink: /home/irobot/ros2_ws/install/livox_interfaces/share/ament_index/resource_index/rosidl_interfaces/livox_interfaces
[0.659s] -- Up-to-date symlink: /home/irobot/ros2_ws/install/livox_interfaces/include/livox_interfaces/msg/custom_msg.h
[0.659s] -- Up-to-date symlink: /home/irobot/ros2_ws/install/livox_interfaces/include/livox_interfaces/msg/custom_point.h
[0.659s] -- Up-to-date symlink: /home/irobot/ros2_ws/install/livox_interfaces/include/livox_interfaces/msg/detail/custom_msg__functions.h
[0.660s] -- Up-to-date symlink: /home/irobot/ros2_ws/install/livox_interfaces/include/livox_interfaces/msg/detail/custom_msg__struct.h
[0.660s] -- Up-to-date symlink: /home/irobot/ros2_ws/install/livox_interfaces/include/livox_interfaces/msg/detail/custom_msg__type_support.h
[0.660s] -- Up-to-date symlink: /home/irobot/ros2_ws/install/livox_interfaces/include/livox_interfaces/msg/detail/custom_point__functions.h
[0.660s] -- Up-to-date symlink: /home/irobot/ros2_ws/install/livox_interfaces/include/livox_interfaces/msg/detail/custom_point__struct.h
[0.660s] -- Up-to-date symlink: /home/irobot/ros2_ws/install/livox_interfaces/include/livox_interfaces/msg/detail/custom_point__type_support.h
[0.660s] -- Up-to-date symlink: /home/irobot/ros2_ws/install/livox_interfaces/include/livox_interfaces/msg/rosidl_generator_c__visibility_control.h
[0.660s] -- Up-to-date symlink: /home/irobot/ros2_ws/install/livox_interfaces/share/livox_interfaces/environment/library_path.sh
[0.660s] -- Up-to-date symlink: /home/irobot/ros2_ws/install/livox_interfaces/share/livox_interfaces/environment/library_path.dsv
[0.661s] -- Up-to-date symlink: /home/irobot/ros2_ws/install/livox_interfaces/include/livox_interfaces/msg/detail/custom_msg__rosidl_typesupport_fastrtps_c.h
[0.661s] -- Up-to-date symlink: /home/irobot/ros2_ws/install/livox_interfaces/include/livox_interfaces/msg/detail/custom_point__rosidl_typesupport_fastrtps_c.h
[0.661s] -- Up-to-date symlink: /home/irobot/ros2_ws/install/livox_interfaces/include/livox_interfaces/msg/rosidl_typesupport_fastrtps_c__visibility_control.h
[0.661s] -- Up-to-date symlink: /home/irobot/ros2_ws/install/livox_interfaces/lib/liblivox_interfaces__rosidl_typesupport_fastrtps_c.so
[0.661s] -- Up-to-date symlink: /home/irobot/ros2_ws/install/livox_interfaces/include/livox_interfaces/msg/detail/custom_msg__rosidl_typesupport_fastrtps_cpp.hpp
[0.662s] -- Up-to-date symlink: /home/irobot/ros2_ws/install/livox_interfaces/include/livox_interfaces/msg/detail/custom_point__rosidl_typesupport_fastrtps_cpp.hpp
[0.662s] -- Up-to-date symlink: /home/irobot/ros2_ws/install/livox_interfaces/include/livox_interfaces/msg/rosidl_typesupport_fastrtps_cpp__visibility_control.h
[0.662s] -- Up-to-date symlink: /home/irobot/ros2_ws/install/livox_interfaces/lib/liblivox_interfaces__rosidl_typesupport_fastrtps_cpp.so
[0.662s] -- Up-to-date symlink: /home/irobot/ros2_ws/install/livox_interfaces/include/livox_interfaces/msg/detail/custom_msg__rosidl_typesupport_introspection_c.h
[0.662s] -- Up-to-date symlink: /home/irobot/ros2_ws/install/livox_interfaces/include/livox_interfaces/msg/detail/custom_point__rosidl_typesupport_introspection_c.h
[0.663s] -- Up-to-date symlink: /home/irobot/ros2_ws/install/livox_interfaces/include/livox_interfaces/msg/rosidl_typesupport_introspection_c__visibility_control.h
[0.663s] -- Up-to-date symlink: /home/irobot/ros2_ws/install/livox_interfaces/include/livox_interfaces/msg/custom_msg.hpp
[0.663s] -- Up-to-date symlink: /home/irobot/ros2_ws/install/livox_interfaces/include/livox_interfaces/msg/custom_point.hpp
[0.663s] -- Up-to-date symlink: /home/irobot/ros2_ws/install/livox_interfaces/include/livox_interfaces/msg/detail/custom_msg__builder.hpp
[0.663s] -- Up-to-date symlink: /home/irobot/ros2_ws/install/livox_interfaces/include/livox_interfaces/msg/detail/custom_msg__struct.hpp
[0.663s] -- Up-to-date symlink: /home/irobot/ros2_ws/install/livox_interfaces/include/livox_interfaces/msg/detail/custom_msg__traits.hpp
[0.664s] -- Up-to-date symlink: /home/irobot/ros2_ws/install/livox_interfaces/include/livox_interfaces/msg/detail/custom_msg__type_support.hpp
[0.664s] -- Up-to-date symlink: /home/irobot/ros2_ws/install/livox_interfaces/include/livox_interfaces/msg/detail/custom_point__builder.hpp
[0.664s] -- Up-to-date symlink: /home/irobot/ros2_ws/install/livox_interfaces/include/livox_interfaces/msg/detail/custom_point__struct.hpp
[0.664s] -- Up-to-date symlink: /home/irobot/ros2_ws/install/livox_interfaces/include/livox_interfaces/msg/detail/custom_point__traits.hpp
[0.664s] -- Up-to-date symlink: /home/irobot/ros2_ws/install/livox_interfaces/include/livox_interfaces/msg/detail/custom_point__type_support.hpp
[0.664s] -- Up-to-date symlink: /home/irobot/ros2_ws/install/livox_interfaces/include/livox_interfaces/msg/rosidl_generator_cpp__visibility_control.hpp
[0.664s] -- Up-to-date symlink: /home/irobot/ros2_ws/install/livox_interfaces/include/livox_interfaces/msg/detail/custom_msg__rosidl_typesupport_introspection_cpp.hpp
[0.664s] -- Up-to-date symlink: /home/irobot/ros2_ws/install/livox_interfaces/include/livox_interfaces/msg/detail/custom_point__rosidl_typesupport_introspection_cpp.hpp
[0.665s] -- Up-to-date symlink: /home/irobot/ros2_ws/install/livox_interfaces/share/livox_interfaces/environment/pythonpath.sh
[0.665s] -- Up-to-date symlink: /home/irobot/ros2_ws/install/livox_interfaces/share/livox_interfaces/environment/pythonpath.dsv
[0.665s] -- Up-to-date symlink: /home/irobot/ros2_ws/install/livox_interfaces/lib/python3.8/site-packages/livox_interfaces/__init__.py
[0.665s] -- Up-to-date symlink: /home/irobot/ros2_ws/install/livox_interfaces/lib/python3.8/site-packages/livox_interfaces/msg/__init__.py
[0.665s] -- Up-to-date symlink: /home/irobot/ros2_ws/install/livox_interfaces/lib/python3.8/site-packages/livox_interfaces/msg/_custom_msg.py
[0.666s] -- Up-to-date symlink: /home/irobot/ros2_ws/install/livox_interfaces/lib/python3.8/site-packages/livox_interfaces/msg/_custom_point.py
[0.666s] -- Up-to-date symlink: /home/irobot/ros2_ws/install/livox_interfaces/lib/python3.8/site-packages/livox_interfaces/livox_interfaces_s__rosidl_typesupport_fastrtps_c.cpython-38-x86_64-linux-gnu.so
[0.666s] -- Up-to-date symlink: /home/irobot/ros2_ws/install/livox_interfaces/lib/python3.8/site-packages/livox_interfaces/livox_interfaces_s__rosidl_typesupport_introspection_c.cpython-38-x86_64-linux-gnu.so
[0.666s] -- Up-to-date symlink: /home/irobot/ros2_ws/install/livox_interfaces/lib/python3.8/site-packages/livox_interfaces/livox_interfaces_s__rosidl_typesupport_c.cpython-38-x86_64-linux-gnu.so
[0.667s] -- Up-to-date symlink: /home/irobot/ros2_ws/install/livox_interfaces/lib/liblivox_interfaces__python.so
[0.667s] -- Up-to-date symlink: /home/irobot/ros2_ws/install/livox_interfaces/share/livox_interfaces/msg/CustomPoint.idl
[0.667s] -- Up-to-date symlink: /home/irobot/ros2_ws/install/livox_interfaces/share/livox_interfaces/msg/CustomMsg.idl
[0.667s] -- Up-to-date symlink: /home/irobot/ros2_ws/install/livox_interfaces/share/livox_interfaces/msg/CustomPoint.msg
[0.667s] -- Up-to-date symlink: /home/irobot/ros2_ws/install/livox_interfaces/share/livox_interfaces/msg/CustomMsg.msg
[0.667s] -- Up-to-date symlink: /home/irobot/ros2_ws/install/livox_interfaces/share/ament_index/resource_index/package_run_dependencies/livox_interfaces
[0.668s] -- Up-to-date symlink: /home/irobot/ros2_ws/install/livox_interfaces/share/ament_index/resource_index/parent_prefix_path/livox_interfaces
[0.668s] -- Up-to-date symlink: /home/irobot/ros2_ws/install/livox_interfaces/share/livox_interfaces/environment/ament_prefix_path.sh
[0.668s] -- Up-to-date symlink: /home/irobot/ros2_ws/install/livox_interfaces/share/livox_interfaces/environment/ament_prefix_path.dsv
[0.668s] -- Up-to-date symlink: /home/irobot/ros2_ws/install/livox_interfaces/share/livox_interfaces/environment/path.sh
[0.668s] -- Up-to-date symlink: /home/irobot/ros2_ws/install/livox_interfaces/share/livox_interfaces/environment/path.dsv
[0.668s] -- Up-to-date symlink: /home/irobot/ros2_ws/install/livox_interfaces/share/livox_interfaces/local_setup.bash
[0.669s] -- Up-to-date symlink: /home/irobot/ros2_ws/install/livox_interfaces/share/livox_interfaces/local_setup.sh
[0.669s] -- Up-to-date symlink: /home/irobot/ros2_ws/install/livox_interfaces/share/livox_interfaces/local_setup.zsh
[0.669s] -- Up-to-date symlink: /home/irobot/ros2_ws/install/livox_interfaces/share/livox_interfaces/local_setup.dsv
[0.669s] -- Symlinking: /home/irobot/ros2_ws/install/livox_interfaces/share/livox_interfaces/package.dsv
[0.684s] -- Up-to-date symlink: /home/irobot/ros2_ws/install/livox_interfaces/share/ament_index/resource_index/packages/livox_interfaces
[0.684s] -- Up-to-date symlink: /home/irobot/ros2_ws/install/livox_interfaces/share/livox_interfaces/cmake/rosidl_cmake-extras.cmake
[0.685s] -- Up-to-date symlink: /home/irobot/ros2_ws/install/livox_interfaces/share/livox_interfaces/cmake/ament_cmake_export_dependencies-extras.cmake
[0.685s] -- Up-to-date symlink: /home/irobot/ros2_ws/install/livox_interfaces/share/livox_interfaces/cmake/ament_cmake_export_libraries-extras.cmake
[0.685s] -- Up-to-date symlink: /home/irobot/ros2_ws/install/livox_interfaces/share/livox_interfaces/cmake/ament_cmake_export_targets-extras.cmake
[0.686s] -- Up-to-date symlink: /home/irobot/ros2_ws/install/livox_interfaces/share/livox_interfaces/cmake/ament_cmake_export_include_directories-extras.cmake
[0.686s] -- Up-to-date symlink: /home/irobot/ros2_ws/install/livox_interfaces/share/livox_interfaces/cmake/rosidl_cmake_export_typesupport_libraries-extras.cmake
[0.687s] -- Up-to-date symlink: /home/irobot/ros2_ws/install/livox_interfaces/share/livox_interfaces/cmake/rosidl_cmake_export_typesupport_targets-extras.cmake
[0.687s] -- Up-to-date symlink: /home/irobot/ros2_ws/install/livox_interfaces/share/livox_interfaces/cmake/livox_interfacesConfig.cmake
[0.687s] -- Up-to-date symlink: /home/irobot/ros2_ws/install/livox_interfaces/share/livox_interfaces/cmake/livox_interfacesConfig-version.cmake
[0.688s] -- Up-to-date symlink: /home/irobot/ros2_ws/install/livox_interfaces/share/livox_interfaces/package.xml
[0.688s] -- Up-to-date: /home/irobot/ros2_ws/install/livox_interfaces/lib/liblivox_interfaces__rosidl_generator_c.so
[0.688s] -- Up-to-date: /home/irobot/ros2_ws/install/livox_interfaces/lib/liblivox_interfaces__rosidl_typesupport_introspection_c.so
[0.689s] -- Up-to-date: /home/irobot/ros2_ws/install/livox_interfaces/lib/liblivox_interfaces__rosidl_typesupport_c.so
[0.690s] -- Up-to-date: /home/irobot/ros2_ws/install/livox_interfaces/lib/liblivox_interfaces__rosidl_typesupport_introspection_cpp.so
[0.690s] -- Up-to-date: /home/irobot/ros2_ws/install/livox_interfaces/lib/liblivox_interfaces__rosidl_typesupport_cpp.so
[0.721s] -- Up-to-date: /home/irobot/ros2_ws/install/livox_interfaces/share/livox_interfaces/cmake/livox_interfaces__rosidl_generator_cExport.cmake
[0.722s] -- Up-to-date: /home/irobot/ros2_ws/install/livox_interfaces/share/livox_interfaces/cmake/livox_interfaces__rosidl_generator_cExport-release.cmake
[0.722s] -- Up-to-date: /home/irobot/ros2_ws/install/livox_interfaces/share/livox_interfaces/cmake/livox_interfaces__rosidl_typesupport_introspection_cExport.cmake
[0.722s] -- Up-to-date: /home/irobot/ros2_ws/install/livox_interfaces/share/livox_interfaces/cmake/livox_interfaces__rosidl_typesupport_introspection_cExport-release.cmake
[0.722s] -- Up-to-date: /home/irobot/ros2_ws/install/livox_interfaces/share/livox_interfaces/cmake/livox_interfaces__rosidl_typesupport_cExport.cmake
[0.722s] -- Up-to-date: /home/irobot/ros2_ws/install/livox_interfaces/share/livox_interfaces/cmake/livox_interfaces__rosidl_typesupport_cExport-release.cmake
[0.722s] -- Up-to-date: /home/irobot/ros2_ws/install/livox_interfaces/share/livox_interfaces/cmake/livox_interfaces__rosidl_generator_cppExport.cmake
[0.723s] -- Up-to-date: /home/irobot/ros2_ws/install/livox_interfaces/share/livox_interfaces/cmake/livox_interfaces__rosidl_typesupport_introspection_cppExport.cmake
[0.723s] -- Up-to-date: /home/irobot/ros2_ws/install/livox_interfaces/share/livox_interfaces/cmake/livox_interfaces__rosidl_typesupport_introspection_cppExport-release.cmake
[0.723s] -- Up-to-date: /home/irobot/ros2_ws/install/livox_interfaces/share/livox_interfaces/cmake/livox_interfaces__rosidl_typesupport_cppExport.cmake
[0.723s] -- Up-to-date: /home/irobot/ros2_ws/install/livox_interfaces/share/livox_interfaces/cmake/livox_interfaces__rosidl_typesupport_cppExport-release.cmake
[0.727s] Invoked command in '/home/irobot/ros2_ws/build/livox_interfaces' returned '0': CMAKE_PREFIX_PATH=${CMAKE_PREFIX_PATH}:/home/irobot/ros2_ws/install/geofence:/opt/ros/foxy /usr/bin/cmake --install /home/irobot/ros2_ws/build/livox_interfaces
