[0.017s] Invoking command in '/home/irobot/ros2_ws/build/ublox_gps': AMENT_PREFIX_PATH=/home/irobot/ros2_ws/install/ublox_msgs:/home/irobot/ros2_ws/install/ublox_serialization:${AMENT_PREFIX_PATH} CMAKE_PREFIX_PATH=/home/irobot/ros2_ws/install/ublox_msgs:/home/irobot/ros2_ws/install/ublox_serialization:/opt/ros/foxy LD_LIBRARY_PATH=/home/irobot/ros2_ws/install/ublox_msgs/lib:${LD_LIBRARY_PATH} PYTHONPATH=/home/irobot/ros2_ws/install/ublox_msgs/lib/python3.8/site-packages:${PYTHONPATH} /usr/bin/cmake /home/irobot/ros2_ws/src/ublox/ublox_gps -DAMENT_CMAKE_SYMLINK_INSTALL=1 -DCMAKE_INSTALL_PREFIX=/home/irobot/ros2_ws/install/ublox_gps
[0.108s] -- The C compiler identification is GNU 9.4.0
[0.170s] -- The CXX compiler identification is GNU 9.4.0
[0.177s] -- Check for working C compiler: /usr/bin/cc
[0.269s] -- Check for working C compiler: /usr/bin/cc -- works
[0.270s] -- Detecting C compiler ABI info
[0.355s] -- Detecting C compiler ABI info - done
[0.371s] -- Detecting C compile features
[0.372s] -- Detecting C compile features - done
[0.374s] -- Check for working CXX compiler: /usr/bin/c++
[0.474s] -- Check for working CXX compiler: /usr/bin/c++ -- works
[0.476s] -- Detecting CXX compiler ABI info
[0.570s] -- Detecting CXX compiler ABI info - done
[0.585s] -- Detecting CXX compile features
[0.587s] -- Detecting CXX compile features - done
[0.587s] -- Found ament_cmake_ros: 0.9.2 (/opt/ros/foxy/share/ament_cmake_ros/cmake)
[0.626s] -- Found PythonInterp: /usr/bin/python3 (found suitable version "3.8.10", minimum required is "3") 
[0.626s] -- Using PYTHON_EXECUTABLE: /usr/bin/python3
[0.812s] -- Override CMake install command with custom implementation using symlinks instead of copying resources
[0.856s] -- Found asio: /usr/include  
[0.870s] -- Found diagnostic_msgs: 2.0.5 (/opt/ros/foxy/share/diagnostic_msgs/cmake)
[0.905s] -- Using all available rosidl_typesupport_c: rosidl_typesupport_fastrtps_c;rosidl_typesupport_introspection_c
[0.910s] -- Found rosidl_adapter: 1.3.1 (/opt/ros/foxy/share/rosidl_adapter/cmake)
[1.032s] -- Found OpenSSL: /usr/lib/x86_64-linux-gnu/libcrypto.so (found version "1.1.1f")  
[1.066s] -- Found FastRTPS: /opt/ros/foxy/include  
[1.141s] -- Using all available rosidl_typesupport_cpp: rosidl_typesupport_fastrtps_cpp;rosidl_typesupport_introspection_cpp
[1.340s] -- Found diagnostic_updater: 3.1.2 (/opt/ros/foxy/share/diagnostic_updater/cmake)
[1.407s] -- Found rmw_implementation_cmake: 1.0.4 (/opt/ros/foxy/share/rmw_implementation_cmake/cmake)
[1.409s] -- Using RMW implementation 'rmw_fastrtps_cpp' as default
[1.409s] -- Looking for pthread.h
[1.556s] -- Looking for pthread.h - found
[1.556s] -- Performing Test CMAKE_HAVE_LIBC_PTHREAD
[1.731s] -- Performing Test CMAKE_HAVE_LIBC_PTHREAD - Failed
[1.731s] -- Looking for pthread_create in pthreads
[1.996s] -- Looking for pthread_create in pthreads - not found
[1.996s] -- Looking for pthread_create in pthread
[2.346s] -- Looking for pthread_create in pthread - found
[2.346s] -- Found Threads: TRUE  
[2.659s] -- Found geometry_msgs: 2.0.5 (/opt/ros/foxy/share/geometry_msgs/cmake)
[2.689s] -- Found rclcpp_components: 2.4.3 (/opt/ros/foxy/share/rclcpp_components/cmake)
[2.740s] -- Found sensor_msgs: 2.0.5 (/opt/ros/foxy/share/sensor_msgs/cmake)
[3.173s] -- Found tf2: 0.13.14 (/opt/ros/foxy/share/tf2/cmake)
[3.708s] -- Found ublox_msgs: 2.1.0 (/home/irobot/ros2_ws/install/ublox_msgs/share/ublox_msgs/cmake)
[3.907s] -- Configuring done
[3.930s] -- Generating done
[3.931s] -- Build files have been written to: /home/irobot/ros2_ws/build/ublox_gps
[3.942s] Invoked command in '/home/irobot/ros2_ws/build/ublox_gps' returned '0': AMENT_PREFIX_PATH=/home/irobot/ros2_ws/install/ublox_msgs:/home/irobot/ros2_ws/install/ublox_serialization:${AMENT_PREFIX_PATH} CMAKE_PREFIX_PATH=/home/irobot/ros2_ws/install/ublox_msgs:/home/irobot/ros2_ws/install/ublox_serialization:/opt/ros/foxy LD_LIBRARY_PATH=/home/irobot/ros2_ws/install/ublox_msgs/lib:${LD_LIBRARY_PATH} PYTHONPATH=/home/irobot/ros2_ws/install/ublox_msgs/lib/python3.8/site-packages:${PYTHONPATH} /usr/bin/cmake /home/irobot/ros2_ws/src/ublox/ublox_gps -DAMENT_CMAKE_SYMLINK_INSTALL=1 -DCMAKE_INSTALL_PREFIX=/home/irobot/ros2_ws/install/ublox_gps
[3.945s] Invoking command in '/home/irobot/ros2_ws/build/ublox_gps': AMENT_PREFIX_PATH=/home/irobot/ros2_ws/install/ublox_msgs:/home/irobot/ros2_ws/install/ublox_serialization:${AMENT_PREFIX_PATH} CMAKE_PREFIX_PATH=/home/irobot/ros2_ws/install/ublox_msgs:/home/irobot/ros2_ws/install/ublox_serialization:/opt/ros/foxy LD_LIBRARY_PATH=/home/irobot/ros2_ws/install/ublox_msgs/lib:${LD_LIBRARY_PATH} PYTHONPATH=/home/irobot/ros2_ws/install/ublox_msgs/lib/python3.8/site-packages:${PYTHONPATH} /usr/bin/cmake --build /home/irobot/ros2_ws/build/ublox_gps -- -j8 -l8
[4.007s] [35m[1mScanning dependencies of target ublox_logger_node[0m
[4.008s] [35m[1mScanning dependencies of target ublox_gps[0m
[4.141s] [  4%] [32mBuilding CXX object CMakeFiles/ublox_logger_node.dir/src/logger_node_pa.cpp.o[0m
[4.141s] [  9%] [32mBuilding CXX object CMakeFiles/ublox_logger_node.dir/src/raw_data_pa.cpp.o[0m
[4.962s] [ 18%] [32mBuilding CXX object CMakeFiles/ublox_gps.dir/src/gnss.cpp.o[0m
[4.962s] [ 18%] [32mBuilding CXX object CMakeFiles/ublox_gps.dir/src/gps.cpp.o[0m
[4.965s] [ 22%] [32mBuilding CXX object CMakeFiles/ublox_gps.dir/src/adr_udr_product.cpp.o[0m
[4.966s] [ 27%] [32mBuilding CXX object CMakeFiles/ublox_gps.dir/src/hp_pos_rec_product.cpp.o[0m
[4.974s] [ 36%] [32mBuilding CXX object CMakeFiles/ublox_gps.dir/src/hpg_ref_product.cpp.o[0m
[4.974s] [ 36%] [32mBuilding CXX object CMakeFiles/ublox_gps.dir/src/hpg_rov_product.cpp.o[0m
[5.381s] [ 40%] [32mBuilding C object CMakeFiles/ublox_gps.dir/src/mkgmtime.c.o[0m
[5.498s] [ 45%] [32mBuilding CXX object CMakeFiles/ublox_gps.dir/src/node.cpp.o[0m
[5.937s] [ 50%] [32mBuilding CXX object CMakeFiles/ublox_gps.dir/src/raw_data_pa.cpp.o[0m
[11.977s] [ 54%] [32m[1mLinking CXX executable ublox_logger[0m
[12.774s] [ 54%] Built target ublox_logger_node
[12.814s] [ 59%] [32mBuilding CXX object CMakeFiles/ublox_gps.dir/src/raw_data_product.cpp.o[0m
[13.950s] [ 63%] [32mBuilding CXX object CMakeFiles/ublox_gps.dir/src/tim_product.cpp.o[0m
[14.058s] [ 68%] [32mBuilding CXX object CMakeFiles/ublox_gps.dir/src/ublox_firmware.cpp.o[0m
[15.105s] [ 72%] [32mBuilding CXX object CMakeFiles/ublox_gps.dir/src/ublox_firmware6.cpp.o[0m
[15.144s] [ 77%] [32mBuilding CXX object CMakeFiles/ublox_gps.dir/src/ublox_firmware7.cpp.o[0m
[15.712s] [ 81%] [32mBuilding CXX object CMakeFiles/ublox_gps.dir/src/ublox_firmware8.cpp.o[0m
[19.715s] [ 86%] [32mBuilding CXX object CMakeFiles/ublox_gps.dir/src/ublox_firmware9.cpp.o[0m
[28.186s] [ 90%] [32m[1mLinking CXX shared library libublox_gps.so[0m
[30.364s] [ 90%] Built target ublox_gps
[30.382s] [35m[1mScanning dependencies of target ublox_gps_node[0m
[30.471s] [ 95%] [32mBuilding CXX object CMakeFiles/ublox_gps_node.dir/src/node_main.cpp.o[0m
[33.511s] [100%] [32m[1mLinking CXX executable ublox_gps_node[0m
[34.407s] [100%] Built target ublox_gps_node
[34.425s] Invoked command in '/home/irobot/ros2_ws/build/ublox_gps' returned '0': AMENT_PREFIX_PATH=/home/irobot/ros2_ws/install/ublox_msgs:/home/irobot/ros2_ws/install/ublox_serialization:${AMENT_PREFIX_PATH} CMAKE_PREFIX_PATH=/home/irobot/ros2_ws/install/ublox_msgs:/home/irobot/ros2_ws/install/ublox_serialization:/opt/ros/foxy LD_LIBRARY_PATH=/home/irobot/ros2_ws/install/ublox_msgs/lib:${LD_LIBRARY_PATH} PYTHONPATH=/home/irobot/ros2_ws/install/ublox_msgs/lib/python3.8/site-packages:${PYTHONPATH} /usr/bin/cmake --build /home/irobot/ros2_ws/build/ublox_gps -- -j8 -l8
[34.489s] Invoking command in '/home/irobot/ros2_ws/build/ublox_gps': AMENT_PREFIX_PATH=/home/irobot/ros2_ws/install/ublox_msgs:/home/irobot/ros2_ws/install/ublox_serialization:${AMENT_PREFIX_PATH} CMAKE_PREFIX_PATH=/home/irobot/ros2_ws/install/ublox_msgs:/home/irobot/ros2_ws/install/ublox_serialization:/opt/ros/foxy LD_LIBRARY_PATH=/home/irobot/ros2_ws/install/ublox_msgs/lib:${LD_LIBRARY_PATH} PYTHONPATH=/home/irobot/ros2_ws/install/ublox_msgs/lib/python3.8/site-packages:${PYTHONPATH} /usr/bin/cmake --install /home/irobot/ros2_ws/build/ublox_gps
[34.502s] -- Install configuration: ""
[34.503s] -- Execute custom install script
[34.503s] -- Symlinking: /home/irobot/ros2_ws/install/ublox_gps/lib/libublox_gps.so
[34.516s] -- Symlinking: /home/irobot/ros2_ws/install/ublox_gps/lib/ublox_gps/ublox_gps_node
[34.530s] -- Symlinking: /home/irobot/ros2_ws/install/ublox_gps/lib/ublox_gps/ublox_logger
[34.539s] -- Symlinking: /home/irobot/ros2_ws/install/ublox_gps/include/ublox_gps/adr_udr_product.hpp
[34.551s] -- Symlinking: /home/irobot/ros2_ws/install/ublox_gps/include/ublox_gps/async_worker.hpp
[34.565s] -- Symlinking: /home/irobot/ros2_ws/install/ublox_gps/include/ublox_gps/callback.hpp
[34.579s] -- Symlinking: /home/irobot/ros2_ws/install/ublox_gps/include/ublox_gps/component_interface.hpp
[34.593s] -- Symlinking: /home/irobot/ros2_ws/install/ublox_gps/include/ublox_gps/fix_diagnostic.hpp
[34.602s] -- Symlinking: /home/irobot/ros2_ws/install/ublox_gps/include/ublox_gps/fts_product.hpp
[34.617s] -- Symlinking: /home/irobot/ros2_ws/install/ublox_gps/include/ublox_gps/gnss.hpp
[34.631s] -- Symlinking: /home/irobot/ros2_ws/install/ublox_gps/include/ublox_gps/gps.hpp
[34.640s] -- Symlinking: /home/irobot/ros2_ws/install/ublox_gps/include/ublox_gps/hp_pos_rec_product.hpp
[34.648s] -- Symlinking: /home/irobot/ros2_ws/install/ublox_gps/include/ublox_gps/hpg_ref_product.hpp
[34.657s] -- Symlinking: /home/irobot/ros2_ws/install/ublox_gps/include/ublox_gps/hpg_rov_product.hpp
[34.665s] -- Symlinking: /home/irobot/ros2_ws/install/ublox_gps/include/ublox_gps/mkgmtime.h
[34.673s] -- Symlinking: /home/irobot/ros2_ws/install/ublox_gps/include/ublox_gps/node.hpp
[34.682s] -- Symlinking: /home/irobot/ros2_ws/install/ublox_gps/include/ublox_gps/raw_data_pa.hpp
[34.689s] -- Symlinking: /home/irobot/ros2_ws/install/ublox_gps/include/ublox_gps/raw_data_product.hpp
[34.698s] -- Symlinking: /home/irobot/ros2_ws/install/ublox_gps/include/ublox_gps/rtcm.hpp
[34.707s] -- Symlinking: /home/irobot/ros2_ws/install/ublox_gps/include/ublox_gps/tim_product.hpp
[34.716s] -- Symlinking: /home/irobot/ros2_ws/install/ublox_gps/include/ublox_gps/ublox_firmware.hpp
[34.724s] -- Symlinking: /home/irobot/ros2_ws/install/ublox_gps/include/ublox_gps/ublox_firmware6.hpp
[34.733s] -- Symlinking: /home/irobot/ros2_ws/install/ublox_gps/include/ublox_gps/ublox_firmware7.hpp
[34.747s] -- Symlinking: /home/irobot/ros2_ws/install/ublox_gps/include/ublox_gps/ublox_firmware7plus.hpp
[34.760s] -- Symlinking: /home/irobot/ros2_ws/install/ublox_gps/include/ublox_gps/ublox_firmware8.hpp
[34.767s] -- Symlinking: /home/irobot/ros2_ws/install/ublox_gps/include/ublox_gps/ublox_firmware9.hpp
[34.775s] -- Symlinking: /home/irobot/ros2_ws/install/ublox_gps/include/ublox_gps/ublox_topic_diagnostic.hpp
[34.783s] -- Symlinking: /home/irobot/ros2_ws/install/ublox_gps/include/ublox_gps/utils.hpp
[34.791s] -- Symlinking: /home/irobot/ros2_ws/install/ublox_gps/include/ublox_gps/worker.hpp
[34.799s] -- Symlinking: /home/irobot/ros2_ws/install/ublox_gps/share/ublox_gps/launch/ublox_gps_node-composed-launch.py
[34.808s] -- Symlinking: /home/irobot/ros2_ws/install/ublox_gps/share/ublox_gps/launch/ublox_gps_node-launch.py
[34.817s] -- Symlinking: /home/irobot/ros2_ws/install/ublox_gps/share/ublox_gps/config/c94_m8p_base.yaml
[34.825s] -- Symlinking: /home/irobot/ros2_ws/install/ublox_gps/share/ublox_gps/config/c94_m8p_rover.yaml
[34.833s] -- Symlinking: /home/irobot/ros2_ws/install/ublox_gps/share/ublox_gps/config/c94_m8t_base.yaml
[34.841s] -- Symlinking: /home/irobot/ros2_ws/install/ublox_gps/share/ublox_gps/config/c94_m8t_rover.yaml
[34.849s] -- Symlinking: /home/irobot/ros2_ws/install/ublox_gps/share/ublox_gps/config/neo_m8u_rover.yaml
[34.858s] -- Symlinking: /home/irobot/ros2_ws/install/ublox_gps/share/ublox_gps/config/nmea.yaml
[34.866s] -- Symlinking: /home/irobot/ros2_ws/install/ublox_gps/share/ublox_gps/config/zed_f9p.yaml
[34.875s] -- Symlinking: /home/irobot/ros2_ws/install/ublox_gps/share/ament_index/resource_index/package_run_dependencies/ublox_gps
[34.883s] -- Symlinking: /home/irobot/ros2_ws/install/ublox_gps/share/ament_index/resource_index/parent_prefix_path/ublox_gps
[34.891s] -- Symlinking: /home/irobot/ros2_ws/install/ublox_gps/share/ublox_gps/environment/ament_prefix_path.sh
[34.905s] -- Symlinking: /home/irobot/ros2_ws/install/ublox_gps/share/ublox_gps/environment/ament_prefix_path.dsv
[34.913s] -- Symlinking: /home/irobot/ros2_ws/install/ublox_gps/share/ublox_gps/environment/path.sh
[34.927s] -- Symlinking: /home/irobot/ros2_ws/install/ublox_gps/share/ublox_gps/environment/path.dsv
[34.936s] -- Symlinking: /home/irobot/ros2_ws/install/ublox_gps/share/ublox_gps/local_setup.bash
[34.945s] -- Symlinking: /home/irobot/ros2_ws/install/ublox_gps/share/ublox_gps/local_setup.sh
[34.960s] -- Symlinking: /home/irobot/ros2_ws/install/ublox_gps/share/ublox_gps/local_setup.zsh
[34.967s] -- Symlinking: /home/irobot/ros2_ws/install/ublox_gps/share/ublox_gps/local_setup.dsv
[35.056s] -- Symlinking: /home/irobot/ros2_ws/install/ublox_gps/share/ublox_gps/package.dsv
[35.070s] -- Symlinking: /home/irobot/ros2_ws/install/ublox_gps/share/ament_index/resource_index/packages/ublox_gps
[35.085s] -- Symlinking: /home/irobot/ros2_ws/install/ublox_gps/share/ament_index/resource_index/rclcpp_components/ublox_gps
[35.099s] -- Symlinking: /home/irobot/ros2_ws/install/ublox_gps/share/ublox_gps/cmake/ublox_gpsConfig.cmake
[35.109s] -- Symlinking: /home/irobot/ros2_ws/install/ublox_gps/share/ublox_gps/cmake/ublox_gpsConfig-version.cmake
[35.117s] -- Symlinking: /home/irobot/ros2_ws/install/ublox_gps/share/ublox_gps/package.xml
[35.135s] Invoked command in '/home/irobot/ros2_ws/build/ublox_gps' returned '0': AMENT_PREFIX_PATH=/home/irobot/ros2_ws/install/ublox_msgs:/home/irobot/ros2_ws/install/ublox_serialization:${AMENT_PREFIX_PATH} CMAKE_PREFIX_PATH=/home/irobot/ros2_ws/install/ublox_msgs:/home/irobot/ros2_ws/install/ublox_serialization:/opt/ros/foxy LD_LIBRARY_PATH=/home/irobot/ros2_ws/install/ublox_msgs/lib:${LD_LIBRARY_PATH} PYTHONPATH=/home/irobot/ros2_ws/install/ublox_msgs/lib/python3.8/site-packages:${PYTHONPATH} /usr/bin/cmake --install /home/irobot/ros2_ws/build/ublox_gps
