[0.154s] Invoking command in '/home/irobot/ros2_ws/build/vineslam': CMAKE_PREFIX_PATH=/home/irobot/ros2_ws/install/vineslam_ros:/home/irobot/ros2_ws/install/vineslam:/home/irobot/ros2_ws/install/ublox:/home/irobot/ros2_ws/install/ublox_gps:/home/irobot/ros2_ws/install/ublox_msgs:/home/irobot/ros2_ws/install/ublox_serialization:/home/irobot/ros2_ws/install/livox_ros2_driver:/home/irobot/ros2_ws/install/livox_sdk_vendor:/home/irobot/ros2_ws/install/livox_interfaces:/home/irobot/ros2_ws/install/geofence:/opt/ros/foxy:/home/irobot/vinebot_ws/devel:/opt/ros/noetic /usr/bin/cmake --build /home/irobot/ros2_ws/build/vineslam -- -j8 -l8
[0.631s] [100%] Built target vineslam
[0.651s] Invoked command in '/home/irobot/ros2_ws/build/vineslam' returned '0': CMAKE_PREFIX_PATH=/home/irobot/ros2_ws/install/vineslam_ros:/home/irobot/ros2_ws/install/vineslam:/home/irobot/ros2_ws/install/ublox:/home/irobot/ros2_ws/install/ublox_gps:/home/irobot/ros2_ws/install/ublox_msgs:/home/irobot/ros2_ws/install/ublox_serialization:/home/irobot/ros2_ws/install/livox_ros2_driver:/home/irobot/ros2_ws/install/livox_sdk_vendor:/home/irobot/ros2_ws/install/livox_interfaces:/home/irobot/ros2_ws/install/geofence:/opt/ros/foxy:/home/irobot/vinebot_ws/devel:/opt/ros/noetic /usr/bin/cmake --build /home/irobot/ros2_ws/build/vineslam -- -j8 -l8
[0.741s] Invoking command in '/home/irobot/ros2_ws/build/vineslam': CMAKE_PREFIX_PATH=/home/irobot/ros2_ws/install/vineslam_ros:/home/irobot/ros2_ws/install/vineslam:/home/irobot/ros2_ws/install/ublox:/home/irobot/ros2_ws/install/ublox_gps:/home/irobot/ros2_ws/install/ublox_msgs:/home/irobot/ros2_ws/install/ublox_serialization:/home/irobot/ros2_ws/install/livox_ros2_driver:/home/irobot/ros2_ws/install/livox_sdk_vendor:/home/irobot/ros2_ws/install/livox_interfaces:/home/irobot/ros2_ws/install/geofence:/opt/ros/foxy:/home/irobot/vinebot_ws/devel:/opt/ros/noetic /usr/bin/cmake --install /home/irobot/ros2_ws/build/vineslam
[0.889s] -- Install configuration: ""
[1.027s] -- Execute custom install script
[1.029s] -- Up-to-date symlink: /home/irobot/ros2_ws/install/vineslam/share/vineslam/environment/library_path.sh
[1.030s] -- Up-to-date symlink: /home/irobot/ros2_ws/install/vineslam/share/vineslam/environment/library_path.dsv
[1.041s] -- Up-to-date symlink: /home/irobot/ros2_ws/install/vineslam/include//vineslam/extern/concurrentqueue.h
[1.052s] -- Up-to-date symlink: /home/irobot/ros2_ws/install/vineslam/include//vineslam/extern/thread_pool.cpp
[1.053s] -- Up-to-date symlink: /home/irobot/ros2_ws/install/vineslam/include//vineslam/extern/thread_pool.h
[1.056s] -- Up-to-date symlink: /home/irobot/ros2_ws/install/vineslam/include//vineslam/feature/feature.hpp
[1.057s] -- Up-to-date symlink: /home/irobot/ros2_ws/install/vineslam/include//vineslam/feature/semantic.hpp
[1.057s] -- Up-to-date symlink: /home/irobot/ros2_ws/install/vineslam/include//vineslam/feature/three_dimensional.hpp
[1.059s] -- Up-to-date symlink: /home/irobot/ros2_ws/install/vineslam/include//vineslam/feature/visual.hpp
[1.061s] -- Up-to-date symlink: /home/irobot/ros2_ws/install/vineslam/include//vineslam/filters/convex_hull.hpp
[1.062s] -- Up-to-date symlink: /home/irobot/ros2_ws/install/vineslam/include//vineslam/filters/ransac.hpp
[1.063s] -- Up-to-date symlink: /home/irobot/ros2_ws/install/vineslam/include//vineslam/filters/ransac_cu.hpp
[1.065s] -- Up-to-date symlink: /home/irobot/ros2_ws/install/vineslam/include//vineslam/interface/localization_mapping_interface.hpp
[1.066s] -- Up-to-date symlink: /home/irobot/ros2_ws/install/vineslam/include//vineslam/localization/localizer.hpp
[1.068s] -- Up-to-date symlink: /home/irobot/ros2_ws/install/vineslam/include//vineslam/localization/pf.hpp
[1.069s] -- Up-to-date symlink: /home/irobot/ros2_ws/install/vineslam/include//vineslam/map_io/elevation_map_parser.hpp
[1.069s] -- Up-to-date symlink: /home/irobot/ros2_ws/install/vineslam/include//vineslam/map_io/elevation_map_writer.hpp
[1.070s] -- Up-to-date symlink: /home/irobot/ros2_ws/install/vineslam/include//vineslam/map_io/map_parser.hpp
[1.072s] -- Up-to-date symlink: /home/irobot/ros2_ws/install/vineslam/include//vineslam/map_io/map_writer.hpp
[1.073s] -- Up-to-date symlink: /home/irobot/ros2_ws/install/vineslam/include//vineslam/map_io/topological_map_parser.hpp
[1.073s] -- Up-to-date symlink: /home/irobot/ros2_ws/install/vineslam/include//vineslam/map_io/topological_map_writer.hpp
[1.074s] -- Up-to-date symlink: /home/irobot/ros2_ws/install/vineslam/include//vineslam/mapping/elevation_map.hpp
[1.074s] -- Up-to-date symlink: /home/irobot/ros2_ws/install/vineslam/include//vineslam/mapping/landmark_ekf.hpp
[1.075s] -- Up-to-date symlink: /home/irobot/ros2_ws/install/vineslam/include//vineslam/mapping/landmark_mapping.hpp
[1.076s] -- Up-to-date symlink: /home/irobot/ros2_ws/install/vineslam/include//vineslam/mapping/lidar_mapping.hpp
[1.077s] -- Up-to-date symlink: /home/irobot/ros2_ws/install/vineslam/include//vineslam/mapping/lidar_mapping_livox.hpp
[1.077s] -- Up-to-date symlink: /home/irobot/ros2_ws/install/vineslam/include//vineslam/mapping/lidar_mapping_omnidirectional.hpp
[1.077s] -- Up-to-date symlink: /home/irobot/ros2_ws/install/vineslam/include//vineslam/mapping/occupancy_map.hpp
[1.078s] -- Up-to-date symlink: /home/irobot/ros2_ws/install/vineslam/include//vineslam/mapping/static/occupancy_map_static.hpp
[1.080s] -- Up-to-date symlink: /home/irobot/ros2_ws/install/vineslam/include//vineslam/mapping/topological_map.hpp
[1.081s] -- Up-to-date symlink: /home/irobot/ros2_ws/install/vineslam/include//vineslam/matcher/icp.hpp
[1.084s] -- Up-to-date symlink: /home/irobot/ros2_ws/install/vineslam/include//vineslam/math/Const.hpp
[1.084s] -- Up-to-date symlink: /home/irobot/ros2_ws/install/vineslam/include//vineslam/math/Geodetic.hpp
[1.084s] -- Up-to-date symlink: /home/irobot/ros2_ws/install/vineslam/include//vineslam/math/Point.hpp
[1.085s] -- Up-to-date symlink: /home/irobot/ros2_ws/install/vineslam/include//vineslam/math/Pose.hpp
[1.086s] -- Up-to-date symlink: /home/irobot/ros2_ws/install/vineslam/include//vineslam/math/Stat.hpp
[1.086s] -- Up-to-date symlink: /home/irobot/ros2_ws/install/vineslam/include//vineslam/math/Tf.hpp
[1.087s] -- Up-to-date symlink: /home/irobot/ros2_ws/install/vineslam/include//vineslam/math/Vec.hpp
[1.089s] -- Up-to-date symlink: /home/irobot/ros2_ws/install/vineslam/include//vineslam/params.hpp
[1.090s] -- Up-to-date symlink: /home/irobot/ros2_ws/install/vineslam/include//vineslam/utils/Timer.hpp
[1.091s] -- Up-to-date symlink: /home/irobot/ros2_ws/install/vineslam/include//vineslam/utils/save_data.hpp
[1.095s] -- Up-to-date symlink: /home/irobot/ros2_ws/install/vineslam/include//vineslam/utils/scripts/plot_clusters.py
[1.095s] -- Up-to-date symlink: /home/irobot/ros2_ws/install/vineslam/share/ament_index/resource_index/package_run_dependencies/vineslam
[1.097s] -- Up-to-date symlink: /home/irobot/ros2_ws/install/vineslam/share/ament_index/resource_index/parent_prefix_path/vineslam
[1.099s] -- Up-to-date symlink: /home/irobot/ros2_ws/install/vineslam/share/vineslam/environment/ament_prefix_path.sh
[1.099s] -- Up-to-date symlink: /home/irobot/ros2_ws/install/vineslam/share/vineslam/environment/ament_prefix_path.dsv
[1.101s] -- Up-to-date symlink: /home/irobot/ros2_ws/install/vineslam/share/vineslam/environment/path.sh
[1.102s] -- Up-to-date symlink: /home/irobot/ros2_ws/install/vineslam/share/vineslam/environment/path.dsv
[1.108s] -- Up-to-date symlink: /home/irobot/ros2_ws/install/vineslam/share/vineslam/local_setup.bash
[1.114s] -- Up-to-date symlink: /home/irobot/ros2_ws/install/vineslam/share/vineslam/local_setup.sh
[1.117s] -- Up-to-date symlink: /home/irobot/ros2_ws/install/vineslam/share/vineslam/local_setup.zsh
[1.117s] -- Up-to-date symlink: /home/irobot/ros2_ws/install/vineslam/share/vineslam/local_setup.dsv
[1.118s] -- Symlinking: /home/irobot/ros2_ws/install/vineslam/share/vineslam/package.dsv
[1.141s] -- Up-to-date symlink: /home/irobot/ros2_ws/install/vineslam/share/ament_index/resource_index/packages/vineslam
[1.144s] -- Up-to-date symlink: /home/irobot/ros2_ws/install/vineslam/share/vineslam/cmake/ament_cmake_export_targets-extras.cmake
[1.145s] -- Up-to-date symlink: /home/irobot/ros2_ws/install/vineslam/share/vineslam/cmake/ament_cmake_export_dependencies-extras.cmake
[1.148s] -- Up-to-date symlink: /home/irobot/ros2_ws/install/vineslam/share/vineslam/cmake/vineslamConfig.cmake
[1.157s] -- Up-to-date symlink: /home/irobot/ros2_ws/install/vineslam/share/vineslam/cmake/vineslamConfig-version.cmake
[1.157s] -- Up-to-date symlink: /home/irobot/ros2_ws/install/vineslam/share/vineslam/package.xml
[1.158s] -- Up-to-date: /home/irobot/ros2_ws/install/vineslam/lib/libvineslam.a
[1.159s] -- Up-to-date: /home/irobot/ros2_ws/install/vineslam/share/vineslam/cmake/export_vineslamExport.cmake
[1.159s] -- Up-to-date: /home/irobot/ros2_ws/install/vineslam/share/vineslam/cmake/export_vineslamExport-noconfig.cmake
[1.159s] Invoked command in '/home/irobot/ros2_ws/build/vineslam' returned '0': CMAKE_PREFIX_PATH=/home/irobot/ros2_ws/install/vineslam_ros:/home/irobot/ros2_ws/install/vineslam:/home/irobot/ros2_ws/install/ublox:/home/irobot/ros2_ws/install/ublox_gps:/home/irobot/ros2_ws/install/ublox_msgs:/home/irobot/ros2_ws/install/ublox_serialization:/home/irobot/ros2_ws/install/livox_ros2_driver:/home/irobot/ros2_ws/install/livox_sdk_vendor:/home/irobot/ros2_ws/install/livox_interfaces:/home/irobot/ros2_ws/install/geofence:/opt/ros/foxy:/home/irobot/vinebot_ws/devel:/opt/ros/noetic /usr/bin/cmake --install /home/irobot/ros2_ws/build/vineslam
