-- The C compiler identification is GNU 9.4.0
-- The CXX compiler identification is GNU 9.4.0
-- Check for working C compiler: /usr/bin/cc
-- Check for working C compiler: /usr/bin/cc -- works
-- Detecting C compiler ABI info
-- Detecting C compiler ABI info - done
-- Detecting C compile features
-- Detecting C compile features - done
-- Check for working CXX compiler: /usr/bin/c++
-- Check for working CXX compiler: /usr/bin/c++ -- works
-- Detecting CXX compiler ABI info
-- Detecting CXX compiler ABI info - done
-- Detecting CXX compile features
-- Detecting CXX compile features - done
-- Found ament_cmake: 0.9.12 (/opt/ros/foxy/share/ament_cmake/cmake)
-- Found PythonInterp: /usr/bin/python3 (found suitable version "3.8.10", minimum required is "3") 
-- Using PYTHON_EXECUTABLE: /usr/bin/python3
-- Override CMake install command with custom implementation using symlinks instead of copying resources
-- Configuring done
-- Generating done
-- Build files have been written to: /home/irobot/ros2_ws/build/ublox_serialization
-- Install configuration: ""
-- Execute custom install script
-- Symlinking: /home/irobot/ros2_ws/install/ublox_serialization/include/ublox_serialization/checksum.hpp
-- Symlinking: /home/irobot/ros2_ws/install/ublox_serialization/include/ublox_serialization/serialization.hpp
-- Symlinking: /home/irobot/ros2_ws/install/ublox_serialization/share/ament_index/resource_index/package_run_dependencies/ublox_serialization
-- Symlinking: /home/irobot/ros2_ws/install/ublox_serialization/share/ament_index/resource_index/parent_prefix_path/ublox_serialization
-- Symlinking: /home/irobot/ros2_ws/install/ublox_serialization/share/ublox_serialization/environment/ament_prefix_path.sh
-- Symlinking: /home/irobot/ros2_ws/install/ublox_serialization/share/ublox_serialization/environment/ament_prefix_path.dsv
-- Symlinking: /home/irobot/ros2_ws/install/ublox_serialization/share/ublox_serialization/environment/path.sh
-- Symlinking: /home/irobot/ros2_ws/install/ublox_serialization/share/ublox_serialization/environment/path.dsv
-- Symlinking: /home/irobot/ros2_ws/install/ublox_serialization/share/ublox_serialization/local_setup.bash
-- Symlinking: /home/irobot/ros2_ws/install/ublox_serialization/share/ublox_serialization/local_setup.sh
-- Symlinking: /home/irobot/ros2_ws/install/ublox_serialization/share/ublox_serialization/local_setup.zsh
-- Symlinking: /home/irobot/ros2_ws/install/ublox_serialization/share/ublox_serialization/local_setup.dsv
-- Symlinking: /home/irobot/ros2_ws/install/ublox_serialization/share/ublox_serialization/package.dsv
-- Symlinking: /home/irobot/ros2_ws/install/ublox_serialization/share/ament_index/resource_index/packages/ublox_serialization
-- Symlinking: /home/irobot/ros2_ws/install/ublox_serialization/share/ublox_serialization/cmake/ament_cmake_export_include_directories-extras.cmake
-- Symlinking: /home/irobot/ros2_ws/install/ublox_serialization/share/ublox_serialization/cmake/ublox_serializationConfig.cmake
-- Symlinking: /home/irobot/ros2_ws/install/ublox_serialization/share/ublox_serialization/cmake/ublox_serializationConfig-version.cmake
-- Symlinking: /home/irobot/ros2_ws/install/ublox_serialization/share/ublox_serialization/package.xml
