[0.072s] Invoking command in '/home/irobot/ros2_ws/build/ublox_serialization': CMAKE_PREFIX_PATH=${CMAKE_PREFIX_PATH}:/opt/ros/foxy /usr/bin/cmake /home/irobot/ros2_ws/src/ublox/ublox_serialization -DAMENT_CMAKE_SYMLINK_INSTALL=1 -DCMAKE_INSTALL_PREFIX=/home/irobot/ros2_ws/install/ublox_serialization
[0.391s] -- The C compiler identification is GNU 9.4.0
[0.454s] -- The CXX compiler identification is GNU 9.4.0
[0.458s] -- Check for working C compiler: /usr/bin/cc
[0.564s] -- Check for working C compiler: /usr/bin/cc -- works
[0.565s] -- Detecting C compiler ABI info
[0.652s] -- Detecting C compiler ABI info - done
[0.663s] -- Detecting C compile features
[0.663s] -- Detecting C compile features - done
[0.666s] -- Check for working CXX compiler: /usr/bin/c++
[0.766s] -- Check for working CXX compiler: /usr/bin/c++ -- works
[0.766s] -- Detecting CXX compiler ABI info
[0.862s] -- Detecting CXX compiler ABI info - done
[0.877s] -- Detecting CXX compile features
[0.878s] -- Detecting CXX compile features - done
[0.957s] -- Found ament_cmake: 0.9.12 (/opt/ros/foxy/share/ament_cmake/cmake)
[1.054s] -- Found PythonInterp: /usr/bin/python3 (found suitable version "3.8.10", minimum required is "3") 
[1.054s] -- Using PYTHON_EXECUTABLE: /usr/bin/python3
[1.329s] -- Override CMake install command with custom implementation using symlinks instead of copying resources
[1.713s] -- Configuring done
[1.717s] -- Generating done
[1.719s] -- Build files have been written to: /home/irobot/ros2_ws/build/ublox_serialization
[1.723s] Invoked command in '/home/irobot/ros2_ws/build/ublox_serialization' returned '0': CMAKE_PREFIX_PATH=${CMAKE_PREFIX_PATH}:/opt/ros/foxy /usr/bin/cmake /home/irobot/ros2_ws/src/ublox/ublox_serialization -DAMENT_CMAKE_SYMLINK_INSTALL=1 -DCMAKE_INSTALL_PREFIX=/home/irobot/ros2_ws/install/ublox_serialization
[1.727s] Invoking command in '/home/irobot/ros2_ws/build/ublox_serialization': CMAKE_PREFIX_PATH=${CMAKE_PREFIX_PATH}:/opt/ros/foxy /usr/bin/cmake --build /home/irobot/ros2_ws/build/ublox_serialization -- -j8 -l8
[1.776s] Invoked command in '/home/irobot/ros2_ws/build/ublox_serialization' returned '0': CMAKE_PREFIX_PATH=${CMAKE_PREFIX_PATH}:/opt/ros/foxy /usr/bin/cmake --build /home/irobot/ros2_ws/build/ublox_serialization -- -j8 -l8
[1.820s] Invoking command in '/home/irobot/ros2_ws/build/ublox_serialization': CMAKE_PREFIX_PATH=${CMAKE_PREFIX_PATH}:/opt/ros/foxy /usr/bin/cmake --install /home/irobot/ros2_ws/build/ublox_serialization
[1.826s] -- Install configuration: ""
[1.826s] -- Execute custom install script
[1.826s] -- Symlinking: /home/irobot/ros2_ws/install/ublox_serialization/include/ublox_serialization/checksum.hpp
[1.840s] -- Symlinking: /home/irobot/ros2_ws/install/ublox_serialization/include/ublox_serialization/serialization.hpp
[1.847s] -- Symlinking: /home/irobot/ros2_ws/install/ublox_serialization/share/ament_index/resource_index/package_run_dependencies/ublox_serialization
[1.858s] -- Symlinking: /home/irobot/ros2_ws/install/ublox_serialization/share/ament_index/resource_index/parent_prefix_path/ublox_serialization
[1.873s] -- Symlinking: /home/irobot/ros2_ws/install/ublox_serialization/share/ublox_serialization/environment/ament_prefix_path.sh
[1.881s] -- Symlinking: /home/irobot/ros2_ws/install/ublox_serialization/share/ublox_serialization/environment/ament_prefix_path.dsv
[1.890s] -- Symlinking: /home/irobot/ros2_ws/install/ublox_serialization/share/ublox_serialization/environment/path.sh
[1.905s] -- Symlinking: /home/irobot/ros2_ws/install/ublox_serialization/share/ublox_serialization/environment/path.dsv
[1.914s] -- Symlinking: /home/irobot/ros2_ws/install/ublox_serialization/share/ublox_serialization/local_setup.bash
[1.922s] -- Symlinking: /home/irobot/ros2_ws/install/ublox_serialization/share/ublox_serialization/local_setup.sh
[1.937s] -- Symlinking: /home/irobot/ros2_ws/install/ublox_serialization/share/ublox_serialization/local_setup.zsh
[1.952s] -- Symlinking: /home/irobot/ros2_ws/install/ublox_serialization/share/ublox_serialization/local_setup.dsv
[1.964s] -- Symlinking: /home/irobot/ros2_ws/install/ublox_serialization/share/ublox_serialization/package.dsv
[1.977s] -- Symlinking: /home/irobot/ros2_ws/install/ublox_serialization/share/ament_index/resource_index/packages/ublox_serialization
[1.990s] -- Symlinking: /home/irobot/ros2_ws/install/ublox_serialization/share/ublox_serialization/cmake/ament_cmake_export_include_directories-extras.cmake
[1.999s] -- Symlinking: /home/irobot/ros2_ws/install/ublox_serialization/share/ublox_serialization/cmake/ublox_serializationConfig.cmake
[2.014s] -- Symlinking: /home/irobot/ros2_ws/install/ublox_serialization/share/ublox_serialization/cmake/ublox_serializationConfig-version.cmake
[2.025s] -- Symlinking: /home/irobot/ros2_ws/install/ublox_serialization/share/ublox_serialization/package.xml
[2.035s] Invoked command in '/home/irobot/ros2_ws/build/ublox_serialization' returned '0': CMAKE_PREFIX_PATH=${CMAKE_PREFIX_PATH}:/opt/ros/foxy /usr/bin/cmake --install /home/irobot/ros2_ws/build/ublox_serialization
