-- Found ament_cmake_ros: 0.9.2 (/opt/ros/foxy/share/ament_cmake_ros/cmake)
-- Using PYTHON_EXECUTABLE: /usr/bin/python3
-- Override CMake install command with custom implementation using symlinks instead of copying resources
-- Found diagnostic_msgs: 2.0.5 (/opt/ros/foxy/share/diagnostic_msgs/cmake)
-- Using all available rosidl_typesupport_c: rosidl_typesupport_fastrtps_c;rosidl_typesupport_introspection_c
-- Found rosidl_adapter: 1.3.1 (/opt/ros/foxy/share/rosidl_adapter/cmake)
-- Using all available rosidl_typesupport_cpp: rosidl_typesupport_fastrtps_cpp;rosidl_typesupport_introspection_cpp
-- Found diagnostic_updater: 3.1.2 (/opt/ros/foxy/share/diagnostic_updater/cmake)
-- Found rmw_implementation_cmake: 1.0.4 (/opt/ros/foxy/share/rmw_implementation_cmake/cmake)
-- Using RMW implementation 'rmw_fastrtps_cpp' as default
-- Found geometry_msgs: 2.0.5 (/opt/ros/foxy/share/geometry_msgs/cmake)
-- Found rclcpp_components: 2.4.3 (/opt/ros/foxy/share/rclcpp_components/cmake)
-- Found sensor_msgs: 2.0.5 (/opt/ros/foxy/share/sensor_msgs/cmake)
-- Found tf2: 0.13.14 (/opt/ros/foxy/share/tf2/cmake)
-- Found ublox_msgs: 2.1.0 (/home/irobot/ros2_ws/install/ublox_msgs/share/ublox_msgs/cmake)
-- Configuring done
-- Generating done
-- Build files have been written to: /home/irobot/ros2_ws/build/ublox_gps
[  4%] [32mBuilding CXX object CMakeFiles/ublox_logger_node.dir/src/logger_node_pa.cpp.o[0m
[  9%] [32mBuilding CXX object CMakeFiles/ublox_logger_node.dir/src/raw_data_pa.cpp.o[0m
[ 13%] [32mBuilding CXX object CMakeFiles/ublox_gps.dir/src/adr_udr_product.cpp.o[0m
[ 18%] [32mBuilding CXX object CMakeFiles/ublox_gps.dir/src/gnss.cpp.o[0m
[ 22%] [32mBuilding CXX object CMakeFiles/ublox_gps.dir/src/gps.cpp.o[0m
[ 27%] [32mBuilding CXX object CMakeFiles/ublox_gps.dir/src/hpg_rov_product.cpp.o[0m
[ 31%] [32mBuilding C object CMakeFiles/ublox_gps.dir/src/mkgmtime.c.o[0m
[ 36%] [32mBuilding CXX object CMakeFiles/ublox_gps.dir/src/hpg_ref_product.cpp.o[0m
[ 40%] [32mBuilding CXX object CMakeFiles/ublox_gps.dir/src/node.cpp.o[0m
[ 45%] [32mBuilding CXX object CMakeFiles/ublox_gps.dir/src/raw_data_pa.cpp.o[0m
[ 50%] [32mBuilding CXX object CMakeFiles/ublox_gps.dir/src/hp_pos_rec_product.cpp.o[0m
[ 54%] [32m[1mLinking CXX executable ublox_logger[0m
[ 54%] Built target ublox_logger_node
[ 59%] [32mBuilding CXX object CMakeFiles/ublox_gps.dir/src/ublox_firmware8.cpp.o[0m
[ 63%] [32mBuilding CXX object CMakeFiles/ublox_gps.dir/src/ublox_firmware9.cpp.o[0m
[ 68%] [32mBuilding CXX object CMakeFiles/ublox_gps.dir/src/ublox_firmware7.cpp.o[0m
[ 77%] [32mBuilding CXX object CMakeFiles/ublox_gps.dir/src/ublox_firmware6.cpp.o[0m
[ 77%] [32mBuilding CXX object CMakeFiles/ublox_gps.dir/src/ublox_firmware.cpp.o[0m
[ 81%] [32mBuilding CXX object CMakeFiles/ublox_gps.dir/src/tim_product.cpp.o[0m
[ 86%] [32mBuilding CXX object CMakeFiles/ublox_gps.dir/src/raw_data_product.cpp.o[0m
[ 90%] [32m[1mLinking CXX shared library libublox_gps.so[0m
[ 90%] Built target ublox_gps
[ 95%] [32mBuilding CXX object CMakeFiles/ublox_gps_node.dir/src/node_main.cpp.o[0m
[100%] [32m[1mLinking CXX executable ublox_gps_node[0m
[100%] Built target ublox_gps_node
-- Install configuration: "Release"
-- Execute custom install script
-- Up-to-date symlink: /home/irobot/ros2_ws/install/ublox_gps/lib/libublox_gps.so
-- Up-to-date symlink: /home/irobot/ros2_ws/install/ublox_gps/lib/ublox_gps/ublox_gps_node
-- Up-to-date symlink: /home/irobot/ros2_ws/install/ublox_gps/lib/ublox_gps/ublox_logger
-- Up-to-date symlink: /home/irobot/ros2_ws/install/ublox_gps/include/ublox_gps/adr_udr_product.hpp
-- Up-to-date symlink: /home/irobot/ros2_ws/install/ublox_gps/include/ublox_gps/async_worker.hpp
-- Up-to-date symlink: /home/irobot/ros2_ws/install/ublox_gps/include/ublox_gps/callback.hpp
-- Up-to-date symlink: /home/irobot/ros2_ws/install/ublox_gps/include/ublox_gps/component_interface.hpp
-- Up-to-date symlink: /home/irobot/ros2_ws/install/ublox_gps/include/ublox_gps/fix_diagnostic.hpp
-- Up-to-date symlink: /home/irobot/ros2_ws/install/ublox_gps/include/ublox_gps/fts_product.hpp
-- Up-to-date symlink: /home/irobot/ros2_ws/install/ublox_gps/include/ublox_gps/gnss.hpp
-- Up-to-date symlink: /home/irobot/ros2_ws/install/ublox_gps/include/ublox_gps/gps.hpp
-- Up-to-date symlink: /home/irobot/ros2_ws/install/ublox_gps/include/ublox_gps/hp_pos_rec_product.hpp
-- Up-to-date symlink: /home/irobot/ros2_ws/install/ublox_gps/include/ublox_gps/hpg_ref_product.hpp
-- Up-to-date symlink: /home/irobot/ros2_ws/install/ublox_gps/include/ublox_gps/hpg_rov_product.hpp
-- Up-to-date symlink: /home/irobot/ros2_ws/install/ublox_gps/include/ublox_gps/mkgmtime.h
-- Up-to-date symlink: /home/irobot/ros2_ws/install/ublox_gps/include/ublox_gps/node.hpp
-- Up-to-date symlink: /home/irobot/ros2_ws/install/ublox_gps/include/ublox_gps/raw_data_pa.hpp
-- Up-to-date symlink: /home/irobot/ros2_ws/install/ublox_gps/include/ublox_gps/raw_data_product.hpp
-- Up-to-date symlink: /home/irobot/ros2_ws/install/ublox_gps/include/ublox_gps/rtcm.hpp
-- Up-to-date symlink: /home/irobot/ros2_ws/install/ublox_gps/include/ublox_gps/tim_product.hpp
-- Up-to-date symlink: /home/irobot/ros2_ws/install/ublox_gps/include/ublox_gps/ublox_firmware.hpp
-- Up-to-date symlink: /home/irobot/ros2_ws/install/ublox_gps/include/ublox_gps/ublox_firmware6.hpp
-- Up-to-date symlink: /home/irobot/ros2_ws/install/ublox_gps/include/ublox_gps/ublox_firmware7.hpp
-- Up-to-date symlink: /home/irobot/ros2_ws/install/ublox_gps/include/ublox_gps/ublox_firmware7plus.hpp
-- Up-to-date symlink: /home/irobot/ros2_ws/install/ublox_gps/include/ublox_gps/ublox_firmware8.hpp
-- Up-to-date symlink: /home/irobot/ros2_ws/install/ublox_gps/include/ublox_gps/ublox_firmware9.hpp
-- Up-to-date symlink: /home/irobot/ros2_ws/install/ublox_gps/include/ublox_gps/ublox_topic_diagnostic.hpp
-- Up-to-date symlink: /home/irobot/ros2_ws/install/ublox_gps/include/ublox_gps/utils.hpp
-- Up-to-date symlink: /home/irobot/ros2_ws/install/ublox_gps/include/ublox_gps/worker.hpp
-- Up-to-date symlink: /home/irobot/ros2_ws/install/ublox_gps/share/ublox_gps/launch/ublox_gps_node-composed-launch.py
-- Up-to-date symlink: /home/irobot/ros2_ws/install/ublox_gps/share/ublox_gps/launch/ublox_gps_node-launch.py
-- Up-to-date symlink: /home/irobot/ros2_ws/install/ublox_gps/share/ublox_gps/config/c94_m8p_base.yaml
-- Up-to-date symlink: /home/irobot/ros2_ws/install/ublox_gps/share/ublox_gps/config/c94_m8p_rover.yaml
-- Up-to-date symlink: /home/irobot/ros2_ws/install/ublox_gps/share/ublox_gps/config/c94_m8t_base.yaml
-- Up-to-date symlink: /home/irobot/ros2_ws/install/ublox_gps/share/ublox_gps/config/c94_m8t_rover.yaml
-- Up-to-date symlink: /home/irobot/ros2_ws/install/ublox_gps/share/ublox_gps/config/neo_m8u_rover.yaml
-- Up-to-date symlink: /home/irobot/ros2_ws/install/ublox_gps/share/ublox_gps/config/nmea.yaml
-- Up-to-date symlink: /home/irobot/ros2_ws/install/ublox_gps/share/ublox_gps/config/zed_f9p.yaml
-- Up-to-date symlink: /home/irobot/ros2_ws/install/ublox_gps/share/ament_index/resource_index/package_run_dependencies/ublox_gps
-- Up-to-date symlink: /home/irobot/ros2_ws/install/ublox_gps/share/ament_index/resource_index/parent_prefix_path/ublox_gps
-- Up-to-date symlink: /home/irobot/ros2_ws/install/ublox_gps/share/ublox_gps/environment/ament_prefix_path.sh
-- Up-to-date symlink: /home/irobot/ros2_ws/install/ublox_gps/share/ublox_gps/environment/ament_prefix_path.dsv
-- Up-to-date symlink: /home/irobot/ros2_ws/install/ublox_gps/share/ublox_gps/environment/path.sh
-- Up-to-date symlink: /home/irobot/ros2_ws/install/ublox_gps/share/ublox_gps/environment/path.dsv
-- Up-to-date symlink: /home/irobot/ros2_ws/install/ublox_gps/share/ublox_gps/local_setup.bash
-- Up-to-date symlink: /home/irobot/ros2_ws/install/ublox_gps/share/ublox_gps/local_setup.sh
-- Up-to-date symlink: /home/irobot/ros2_ws/install/ublox_gps/share/ublox_gps/local_setup.zsh
-- Up-to-date symlink: /home/irobot/ros2_ws/install/ublox_gps/share/ublox_gps/local_setup.dsv
-- Symlinking: /home/irobot/ros2_ws/install/ublox_gps/share/ublox_gps/package.dsv
-- Up-to-date symlink: /home/irobot/ros2_ws/install/ublox_gps/share/ament_index/resource_index/packages/ublox_gps
-- Up-to-date symlink: /home/irobot/ros2_ws/install/ublox_gps/share/ament_index/resource_index/rclcpp_components/ublox_gps
-- Up-to-date symlink: /home/irobot/ros2_ws/install/ublox_gps/share/ublox_gps/cmake/ublox_gpsConfig.cmake
-- Up-to-date symlink: /home/irobot/ros2_ws/install/ublox_gps/share/ublox_gps/cmake/ublox_gpsConfig-version.cmake
-- Up-to-date symlink: /home/irobot/ros2_ws/install/ublox_gps/share/ublox_gps/package.xml
