[0.020s] Invoking command in '/home/irobot/ros2_ws/build/ublox_gps': AMENT_PREFIX_PATH=/home/irobot/ros2_ws/install/ublox_msgs:/home/irobot/ros2_ws/install/ublox_serialization:${AMENT_PREFIX_PATH} CMAKE_PREFIX_PATH=/home/irobot/ros2_ws/install/ublox_msgs:/home/irobot/ros2_ws/install/ublox_serialization:/opt/ros/foxy LD_LIBRARY_PATH=/home/irobot/ros2_ws/install/ublox_msgs/lib:${LD_LIBRARY_PATH} PYTHONPATH=/home/irobot/ros2_ws/install/ublox_msgs/lib/python3.8/site-packages:${PYTHONPATH} /usr/bin/cmake /home/irobot/ros2_ws/src/ublox/ublox_gps -DCMAKE_BUILD_TYPE=Release -DCMAKE_INSTALL_PREFIX=/home/irobot/ros2_ws/install/ublox_gps
[0.033s] -- Found ament_cmake_ros: 0.9.2 (/opt/ros/foxy/share/ament_cmake_ros/cmake)
[0.061s] -- Using PYTHON_EXECUTABLE: /usr/bin/python3
[0.249s] -- Override CMake install command with custom implementation using symlinks instead of copying resources
[0.266s] -- Found diagnostic_msgs: 2.0.5 (/opt/ros/foxy/share/diagnostic_msgs/cmake)
[0.282s] -- Using all available rosidl_typesupport_c: rosidl_typesupport_fastrtps_c;rosidl_typesupport_introspection_c
[0.285s] -- Found rosidl_adapter: 1.3.1 (/opt/ros/foxy/share/rosidl_adapter/cmake)
[0.415s] -- Using all available rosidl_typesupport_cpp: rosidl_typesupport_fastrtps_cpp;rosidl_typesupport_introspection_cpp
[0.498s] -- Found diagnostic_updater: 3.1.2 (/opt/ros/foxy/share/diagnostic_updater/cmake)
[0.541s] -- Found rmw_implementation_cmake: 1.0.4 (/opt/ros/foxy/share/rmw_implementation_cmake/cmake)
[0.542s] -- Using RMW implementation 'rmw_fastrtps_cpp' as default
[0.691s] -- Found geometry_msgs: 2.0.5 (/opt/ros/foxy/share/geometry_msgs/cmake)
[0.726s] -- Found rclcpp_components: 2.4.3 (/opt/ros/foxy/share/rclcpp_components/cmake)
[0.781s] -- Found sensor_msgs: 2.0.5 (/opt/ros/foxy/share/sensor_msgs/cmake)
[0.854s] -- Found tf2: 0.13.14 (/opt/ros/foxy/share/tf2/cmake)
[0.884s] -- Found ublox_msgs: 2.1.0 (/home/irobot/ros2_ws/install/ublox_msgs/share/ublox_msgs/cmake)
[1.118s] -- Configuring done
[1.239s] -- Generating done
[1.289s] -- Build files have been written to: /home/irobot/ros2_ws/build/ublox_gps
[1.302s] Invoked command in '/home/irobot/ros2_ws/build/ublox_gps' returned '0': AMENT_PREFIX_PATH=/home/irobot/ros2_ws/install/ublox_msgs:/home/irobot/ros2_ws/install/ublox_serialization:${AMENT_PREFIX_PATH} CMAKE_PREFIX_PATH=/home/irobot/ros2_ws/install/ublox_msgs:/home/irobot/ros2_ws/install/ublox_serialization:/opt/ros/foxy LD_LIBRARY_PATH=/home/irobot/ros2_ws/install/ublox_msgs/lib:${LD_LIBRARY_PATH} PYTHONPATH=/home/irobot/ros2_ws/install/ublox_msgs/lib/python3.8/site-packages:${PYTHONPATH} /usr/bin/cmake /home/irobot/ros2_ws/src/ublox/ublox_gps -DCMAKE_BUILD_TYPE=Release -DCMAKE_INSTALL_PREFIX=/home/irobot/ros2_ws/install/ublox_gps
[1.305s] Invoking command in '/home/irobot/ros2_ws/build/ublox_gps': AMENT_PREFIX_PATH=/home/irobot/ros2_ws/install/ublox_msgs:/home/irobot/ros2_ws/install/ublox_serialization:${AMENT_PREFIX_PATH} CMAKE_PREFIX_PATH=/home/irobot/ros2_ws/install/ublox_msgs:/home/irobot/ros2_ws/install/ublox_serialization:/opt/ros/foxy LD_LIBRARY_PATH=/home/irobot/ros2_ws/install/ublox_msgs/lib:${LD_LIBRARY_PATH} PYTHONPATH=/home/irobot/ros2_ws/install/ublox_msgs/lib/python3.8/site-packages:${PYTHONPATH} /usr/bin/cmake --build /home/irobot/ros2_ws/build/ublox_gps -- -j8 -l8
[1.384s] [  4%] [32mBuilding CXX object CMakeFiles/ublox_logger_node.dir/src/logger_node_pa.cpp.o[0m
[1.387s] [  9%] [32mBuilding CXX object CMakeFiles/ublox_logger_node.dir/src/raw_data_pa.cpp.o[0m
[1.438s] [ 13%] [32mBuilding CXX object CMakeFiles/ublox_gps.dir/src/adr_udr_product.cpp.o[0m
[1.439s] [ 18%] [32mBuilding CXX object CMakeFiles/ublox_gps.dir/src/gnss.cpp.o[0m
[1.448s] [ 22%] [32mBuilding CXX object CMakeFiles/ublox_gps.dir/src/gps.cpp.o[0m
[1.743s] [ 27%] [32mBuilding CXX object CMakeFiles/ublox_gps.dir/src/hpg_rov_product.cpp.o[0m
[2.755s] [ 31%] [32mBuilding C object CMakeFiles/ublox_gps.dir/src/mkgmtime.c.o[0m
[2.838s] [ 36%] [32mBuilding CXX object CMakeFiles/ublox_gps.dir/src/hpg_ref_product.cpp.o[0m
[3.622s] [ 40%] [32mBuilding CXX object CMakeFiles/ublox_gps.dir/src/node.cpp.o[0m
[3.636s] [ 45%] [32mBuilding CXX object CMakeFiles/ublox_gps.dir/src/raw_data_pa.cpp.o[0m
[4.679s] [ 50%] [32mBuilding CXX object CMakeFiles/ublox_gps.dir/src/hp_pos_rec_product.cpp.o[0m
[13.430s] [ 54%] [32m[1mLinking CXX executable ublox_logger[0m
[13.727s] [ 54%] Built target ublox_logger_node
[32.962s] [ 59%] [32mBuilding CXX object CMakeFiles/ublox_gps.dir/src/ublox_firmware8.cpp.o[0m
[32.963s] [ 63%] [32mBuilding CXX object CMakeFiles/ublox_gps.dir/src/ublox_firmware9.cpp.o[0m
[40.655s] [ 68%] [32mBuilding CXX object CMakeFiles/ublox_gps.dir/src/ublox_firmware7.cpp.o[0m
[42.026s] [ 77%] [32mBuilding CXX object CMakeFiles/ublox_gps.dir/src/ublox_firmware6.cpp.o[0m
[42.027s] [ 77%] [32mBuilding CXX object CMakeFiles/ublox_gps.dir/src/ublox_firmware.cpp.o[0m
[46.847s] [ 81%] [32mBuilding CXX object CMakeFiles/ublox_gps.dir/src/tim_product.cpp.o[0m
[48.198s] [ 86%] [32mBuilding CXX object CMakeFiles/ublox_gps.dir/src/raw_data_product.cpp.o[0m
[57.188s] [ 90%] [32m[1mLinking CXX shared library libublox_gps.so[0m
[57.708s] [ 90%] Built target ublox_gps
[57.762s] [ 95%] [32mBuilding CXX object CMakeFiles/ublox_gps_node.dir/src/node_main.cpp.o[0m
[61.930s] [100%] [32m[1mLinking CXX executable ublox_gps_node[0m
[62.246s] [100%] Built target ublox_gps_node
[62.275s] Invoked command in '/home/irobot/ros2_ws/build/ublox_gps' returned '0': AMENT_PREFIX_PATH=/home/irobot/ros2_ws/install/ublox_msgs:/home/irobot/ros2_ws/install/ublox_serialization:${AMENT_PREFIX_PATH} CMAKE_PREFIX_PATH=/home/irobot/ros2_ws/install/ublox_msgs:/home/irobot/ros2_ws/install/ublox_serialization:/opt/ros/foxy LD_LIBRARY_PATH=/home/irobot/ros2_ws/install/ublox_msgs/lib:${LD_LIBRARY_PATH} PYTHONPATH=/home/irobot/ros2_ws/install/ublox_msgs/lib/python3.8/site-packages:${PYTHONPATH} /usr/bin/cmake --build /home/irobot/ros2_ws/build/ublox_gps -- -j8 -l8
[62.375s] Invoking command in '/home/irobot/ros2_ws/build/ublox_gps': AMENT_PREFIX_PATH=/home/irobot/ros2_ws/install/ublox_msgs:/home/irobot/ros2_ws/install/ublox_serialization:${AMENT_PREFIX_PATH} CMAKE_PREFIX_PATH=/home/irobot/ros2_ws/install/ublox_msgs:/home/irobot/ros2_ws/install/ublox_serialization:/opt/ros/foxy LD_LIBRARY_PATH=/home/irobot/ros2_ws/install/ublox_msgs/lib:${LD_LIBRARY_PATH} PYTHONPATH=/home/irobot/ros2_ws/install/ublox_msgs/lib/python3.8/site-packages:${PYTHONPATH} /usr/bin/cmake --install /home/irobot/ros2_ws/build/ublox_gps
[62.388s] -- Install configuration: "Release"
[62.389s] -- Execute custom install script
[62.390s] -- Up-to-date symlink: /home/irobot/ros2_ws/install/ublox_gps/lib/libublox_gps.so
[62.390s] -- Up-to-date symlink: /home/irobot/ros2_ws/install/ublox_gps/lib/ublox_gps/ublox_gps_node
[62.392s] -- Up-to-date symlink: /home/irobot/ros2_ws/install/ublox_gps/lib/ublox_gps/ublox_logger
[62.395s] -- Up-to-date symlink: /home/irobot/ros2_ws/install/ublox_gps/include/ublox_gps/adr_udr_product.hpp
[62.395s] -- Up-to-date symlink: /home/irobot/ros2_ws/install/ublox_gps/include/ublox_gps/async_worker.hpp
[62.395s] -- Up-to-date symlink: /home/irobot/ros2_ws/install/ublox_gps/include/ublox_gps/callback.hpp
[62.395s] -- Up-to-date symlink: /home/irobot/ros2_ws/install/ublox_gps/include/ublox_gps/component_interface.hpp
[62.395s] -- Up-to-date symlink: /home/irobot/ros2_ws/install/ublox_gps/include/ublox_gps/fix_diagnostic.hpp
[62.395s] -- Up-to-date symlink: /home/irobot/ros2_ws/install/ublox_gps/include/ublox_gps/fts_product.hpp
[62.395s] -- Up-to-date symlink: /home/irobot/ros2_ws/install/ublox_gps/include/ublox_gps/gnss.hpp
[62.395s] -- Up-to-date symlink: /home/irobot/ros2_ws/install/ublox_gps/include/ublox_gps/gps.hpp
[62.395s] -- Up-to-date symlink: /home/irobot/ros2_ws/install/ublox_gps/include/ublox_gps/hp_pos_rec_product.hpp
[62.395s] -- Up-to-date symlink: /home/irobot/ros2_ws/install/ublox_gps/include/ublox_gps/hpg_ref_product.hpp
[62.395s] -- Up-to-date symlink: /home/irobot/ros2_ws/install/ublox_gps/include/ublox_gps/hpg_rov_product.hpp
[62.396s] -- Up-to-date symlink: /home/irobot/ros2_ws/install/ublox_gps/include/ublox_gps/mkgmtime.h
[62.396s] -- Up-to-date symlink: /home/irobot/ros2_ws/install/ublox_gps/include/ublox_gps/node.hpp
[62.396s] -- Up-to-date symlink: /home/irobot/ros2_ws/install/ublox_gps/include/ublox_gps/raw_data_pa.hpp
[62.396s] -- Up-to-date symlink: /home/irobot/ros2_ws/install/ublox_gps/include/ublox_gps/raw_data_product.hpp
[62.396s] -- Up-to-date symlink: /home/irobot/ros2_ws/install/ublox_gps/include/ublox_gps/rtcm.hpp
[62.396s] -- Up-to-date symlink: /home/irobot/ros2_ws/install/ublox_gps/include/ublox_gps/tim_product.hpp
[62.396s] -- Up-to-date symlink: /home/irobot/ros2_ws/install/ublox_gps/include/ublox_gps/ublox_firmware.hpp
[62.397s] -- Up-to-date symlink: /home/irobot/ros2_ws/install/ublox_gps/include/ublox_gps/ublox_firmware6.hpp
[62.397s] -- Up-to-date symlink: /home/irobot/ros2_ws/install/ublox_gps/include/ublox_gps/ublox_firmware7.hpp
[62.397s] -- Up-to-date symlink: /home/irobot/ros2_ws/install/ublox_gps/include/ublox_gps/ublox_firmware7plus.hpp
[62.398s] -- Up-to-date symlink: /home/irobot/ros2_ws/install/ublox_gps/include/ublox_gps/ublox_firmware8.hpp
[62.398s] -- Up-to-date symlink: /home/irobot/ros2_ws/install/ublox_gps/include/ublox_gps/ublox_firmware9.hpp
[62.398s] -- Up-to-date symlink: /home/irobot/ros2_ws/install/ublox_gps/include/ublox_gps/ublox_topic_diagnostic.hpp
[62.399s] -- Up-to-date symlink: /home/irobot/ros2_ws/install/ublox_gps/include/ublox_gps/utils.hpp
[62.399s] -- Up-to-date symlink: /home/irobot/ros2_ws/install/ublox_gps/include/ublox_gps/worker.hpp
[62.400s] -- Up-to-date symlink: /home/irobot/ros2_ws/install/ublox_gps/share/ublox_gps/launch/ublox_gps_node-composed-launch.py
[62.400s] -- Up-to-date symlink: /home/irobot/ros2_ws/install/ublox_gps/share/ublox_gps/launch/ublox_gps_node-launch.py
[62.401s] -- Up-to-date symlink: /home/irobot/ros2_ws/install/ublox_gps/share/ublox_gps/config/c94_m8p_base.yaml
[62.403s] -- Up-to-date symlink: /home/irobot/ros2_ws/install/ublox_gps/share/ublox_gps/config/c94_m8p_rover.yaml
[62.403s] -- Up-to-date symlink: /home/irobot/ros2_ws/install/ublox_gps/share/ublox_gps/config/c94_m8t_base.yaml
[62.403s] -- Up-to-date symlink: /home/irobot/ros2_ws/install/ublox_gps/share/ublox_gps/config/c94_m8t_rover.yaml
[62.403s] -- Up-to-date symlink: /home/irobot/ros2_ws/install/ublox_gps/share/ublox_gps/config/neo_m8u_rover.yaml
[62.403s] -- Up-to-date symlink: /home/irobot/ros2_ws/install/ublox_gps/share/ublox_gps/config/nmea.yaml
[62.403s] -- Up-to-date symlink: /home/irobot/ros2_ws/install/ublox_gps/share/ublox_gps/config/zed_f9p.yaml
[62.403s] -- Up-to-date symlink: /home/irobot/ros2_ws/install/ublox_gps/share/ament_index/resource_index/package_run_dependencies/ublox_gps
[62.403s] -- Up-to-date symlink: /home/irobot/ros2_ws/install/ublox_gps/share/ament_index/resource_index/parent_prefix_path/ublox_gps
[62.404s] -- Up-to-date symlink: /home/irobot/ros2_ws/install/ublox_gps/share/ublox_gps/environment/ament_prefix_path.sh
[62.404s] -- Up-to-date symlink: /home/irobot/ros2_ws/install/ublox_gps/share/ublox_gps/environment/ament_prefix_path.dsv
[62.404s] -- Up-to-date symlink: /home/irobot/ros2_ws/install/ublox_gps/share/ublox_gps/environment/path.sh
[62.404s] -- Up-to-date symlink: /home/irobot/ros2_ws/install/ublox_gps/share/ublox_gps/environment/path.dsv
[62.404s] -- Up-to-date symlink: /home/irobot/ros2_ws/install/ublox_gps/share/ublox_gps/local_setup.bash
[62.404s] -- Up-to-date symlink: /home/irobot/ros2_ws/install/ublox_gps/share/ublox_gps/local_setup.sh
[62.405s] -- Up-to-date symlink: /home/irobot/ros2_ws/install/ublox_gps/share/ublox_gps/local_setup.zsh
[62.405s] -- Up-to-date symlink: /home/irobot/ros2_ws/install/ublox_gps/share/ublox_gps/local_setup.dsv
[62.405s] -- Symlinking: /home/irobot/ros2_ws/install/ublox_gps/share/ublox_gps/package.dsv
[62.421s] -- Up-to-date symlink: /home/irobot/ros2_ws/install/ublox_gps/share/ament_index/resource_index/packages/ublox_gps
[62.423s] -- Up-to-date symlink: /home/irobot/ros2_ws/install/ublox_gps/share/ament_index/resource_index/rclcpp_components/ublox_gps
[62.423s] -- Up-to-date symlink: /home/irobot/ros2_ws/install/ublox_gps/share/ublox_gps/cmake/ublox_gpsConfig.cmake
[62.423s] -- Up-to-date symlink: /home/irobot/ros2_ws/install/ublox_gps/share/ublox_gps/cmake/ublox_gpsConfig-version.cmake
[62.424s] -- Up-to-date symlink: /home/irobot/ros2_ws/install/ublox_gps/share/ublox_gps/package.xml
[62.432s] Invoked command in '/home/irobot/ros2_ws/build/ublox_gps' returned '0': AMENT_PREFIX_PATH=/home/irobot/ros2_ws/install/ublox_msgs:/home/irobot/ros2_ws/install/ublox_serialization:${AMENT_PREFIX_PATH} CMAKE_PREFIX_PATH=/home/irobot/ros2_ws/install/ublox_msgs:/home/irobot/ros2_ws/install/ublox_serialization:/opt/ros/foxy LD_LIBRARY_PATH=/home/irobot/ros2_ws/install/ublox_msgs/lib:${LD_LIBRARY_PATH} PYTHONPATH=/home/irobot/ros2_ws/install/ublox_msgs/lib/python3.8/site-packages:${PYTHONPATH} /usr/bin/cmake --install /home/irobot/ros2_ws/build/ublox_gps
