[0.038s] Invoking command in '/home/irobot/ros2_ws/build/vineslam': CMAKE_PREFIX_PATH=${CMAKE_PREFIX_PATH}:/home/irobot/ros2_ws/install/geofence:/opt/ros/foxy /usr/bin/cmake --build /home/irobot/ros2_ws/build/vineslam -- -j8 -l8
[0.098s] [100%] Built target vineslam
[0.115s] Invoked command in '/home/irobot/ros2_ws/build/vineslam' returned '0': CMAKE_PREFIX_PATH=${CMAKE_PREFIX_PATH}:/home/irobot/ros2_ws/install/geofence:/opt/ros/foxy /usr/bin/cmake --build /home/irobot/ros2_ws/build/vineslam -- -j8 -l8
[0.172s] Invoking command in '/home/irobot/ros2_ws/build/vineslam': CMAKE_PREFIX_PATH=${CMAKE_PREFIX_PATH}:/home/irobot/ros2_ws/install/geofence:/opt/ros/foxy /usr/bin/cmake --install /home/irobot/ros2_ws/build/vineslam
[0.183s] -- Install configuration: "Release"
[0.183s] -- Execute custom install script
[0.184s] -- Up-to-date symlink: /home/irobot/ros2_ws/install/vineslam/share/vineslam/environment/library_path.sh
[0.184s] -- Up-to-date symlink: /home/irobot/ros2_ws/install/vineslam/share/vineslam/environment/library_path.dsv
[0.184s] -- Up-to-date symlink: /home/irobot/ros2_ws/install/vineslam/include//vineslam/extern/concurrentqueue.h
[0.184s] -- Up-to-date symlink: /home/irobot/ros2_ws/install/vineslam/include//vineslam/extern/thread_pool.cpp
[0.184s] -- Up-to-date symlink: /home/irobot/ros2_ws/install/vineslam/include//vineslam/extern/thread_pool.h
[0.184s] -- Up-to-date symlink: /home/irobot/ros2_ws/install/vineslam/include//vineslam/feature/feature.hpp
[0.185s] -- Up-to-date symlink: /home/irobot/ros2_ws/install/vineslam/include//vineslam/feature/semantic.hpp
[0.185s] -- Up-to-date symlink: /home/irobot/ros2_ws/install/vineslam/include//vineslam/feature/three_dimensional.hpp
[0.185s] -- Up-to-date symlink: /home/irobot/ros2_ws/install/vineslam/include//vineslam/feature/visual.hpp
[0.185s] -- Up-to-date symlink: /home/irobot/ros2_ws/install/vineslam/include//vineslam/filters/convex_hull.hpp
[0.186s] -- Up-to-date symlink: /home/irobot/ros2_ws/install/vineslam/include//vineslam/filters/ransac.hpp
[0.186s] -- Up-to-date symlink: /home/irobot/ros2_ws/install/vineslam/include//vineslam/filters/ransac_cu.hpp
[0.186s] -- Up-to-date symlink: /home/irobot/ros2_ws/install/vineslam/include//vineslam/interface/localization_mapping_interface.hpp
[0.186s] -- Up-to-date symlink: /home/irobot/ros2_ws/install/vineslam/include//vineslam/localization/localizer.hpp
[0.187s] -- Up-to-date symlink: /home/irobot/ros2_ws/install/vineslam/include//vineslam/localization/pf.hpp
[0.187s] -- Up-to-date symlink: /home/irobot/ros2_ws/install/vineslam/include//vineslam/map_io/elevation_map_parser.hpp
[0.187s] -- Up-to-date symlink: /home/irobot/ros2_ws/install/vineslam/include//vineslam/map_io/elevation_map_writer.hpp
[0.187s] -- Up-to-date symlink: /home/irobot/ros2_ws/install/vineslam/include//vineslam/map_io/map_parser.hpp
[0.187s] -- Up-to-date symlink: /home/irobot/ros2_ws/install/vineslam/include//vineslam/map_io/map_writer.hpp
[0.187s] -- Up-to-date symlink: /home/irobot/ros2_ws/install/vineslam/include//vineslam/map_io/topological_map_parser.hpp
[0.187s] -- Up-to-date symlink: /home/irobot/ros2_ws/install/vineslam/include//vineslam/map_io/topological_map_writer.hpp
[0.187s] -- Up-to-date symlink: /home/irobot/ros2_ws/install/vineslam/include//vineslam/mapping/elevation_map.hpp
[0.188s] -- Up-to-date symlink: /home/irobot/ros2_ws/install/vineslam/include//vineslam/mapping/landmark_ekf.hpp
[0.188s] -- Up-to-date symlink: /home/irobot/ros2_ws/install/vineslam/include//vineslam/mapping/landmark_mapping.hpp
[0.188s] -- Up-to-date symlink: /home/irobot/ros2_ws/install/vineslam/include//vineslam/mapping/lidar_mapping.hpp
[0.188s] -- Up-to-date symlink: /home/irobot/ros2_ws/install/vineslam/include//vineslam/mapping/lidar_mapping_livox.hpp
[0.188s] -- Up-to-date symlink: /home/irobot/ros2_ws/install/vineslam/include//vineslam/mapping/lidar_mapping_omnidirectional.hpp
[0.188s] -- Up-to-date symlink: /home/irobot/ros2_ws/install/vineslam/include//vineslam/mapping/occupancy_map.hpp
[0.188s] -- Up-to-date symlink: /home/irobot/ros2_ws/install/vineslam/include//vineslam/mapping/static/occupancy_map_static.hpp
[0.188s] -- Up-to-date symlink: /home/irobot/ros2_ws/install/vineslam/include//vineslam/mapping/topological_map.hpp
[0.189s] -- Up-to-date symlink: /home/irobot/ros2_ws/install/vineslam/include//vineslam/matcher/icp.hpp
[0.189s] -- Up-to-date symlink: /home/irobot/ros2_ws/install/vineslam/include//vineslam/math/Const.hpp
[0.189s] -- Up-to-date symlink: /home/irobot/ros2_ws/install/vineslam/include//vineslam/math/Geodetic.hpp
[0.189s] -- Up-to-date symlink: /home/irobot/ros2_ws/install/vineslam/include//vineslam/math/Point.hpp
[0.189s] -- Up-to-date symlink: /home/irobot/ros2_ws/install/vineslam/include//vineslam/math/Pose.hpp
[0.189s] -- Up-to-date symlink: /home/irobot/ros2_ws/install/vineslam/include//vineslam/math/Stat.hpp
[0.189s] -- Up-to-date symlink: /home/irobot/ros2_ws/install/vineslam/include//vineslam/math/Tf.hpp
[0.189s] -- Up-to-date symlink: /home/irobot/ros2_ws/install/vineslam/include//vineslam/math/Vec.hpp
[0.189s] -- Up-to-date symlink: /home/irobot/ros2_ws/install/vineslam/include//vineslam/params.hpp
[0.190s] -- Up-to-date symlink: /home/irobot/ros2_ws/install/vineslam/include//vineslam/utils/Timer.hpp
[0.190s] -- Up-to-date symlink: /home/irobot/ros2_ws/install/vineslam/include//vineslam/utils/save_data.hpp
[0.191s] -- Up-to-date symlink: /home/irobot/ros2_ws/install/vineslam/include//vineslam/utils/scripts/plot_clusters.py
[0.191s] -- Up-to-date symlink: /home/irobot/ros2_ws/install/vineslam/share/ament_index/resource_index/package_run_dependencies/vineslam
[0.191s] -- Up-to-date symlink: /home/irobot/ros2_ws/install/vineslam/share/ament_index/resource_index/parent_prefix_path/vineslam
[0.191s] -- Up-to-date symlink: /home/irobot/ros2_ws/install/vineslam/share/vineslam/environment/ament_prefix_path.sh
[0.191s] -- Up-to-date symlink: /home/irobot/ros2_ws/install/vineslam/share/vineslam/environment/ament_prefix_path.dsv
[0.191s] -- Up-to-date symlink: /home/irobot/ros2_ws/install/vineslam/share/vineslam/environment/path.sh
[0.191s] -- Up-to-date symlink: /home/irobot/ros2_ws/install/vineslam/share/vineslam/environment/path.dsv
[0.191s] -- Up-to-date symlink: /home/irobot/ros2_ws/install/vineslam/share/vineslam/local_setup.bash
[0.191s] -- Up-to-date symlink: /home/irobot/ros2_ws/install/vineslam/share/vineslam/local_setup.sh
[0.192s] -- Up-to-date symlink: /home/irobot/ros2_ws/install/vineslam/share/vineslam/local_setup.zsh
[0.192s] -- Up-to-date symlink: /home/irobot/ros2_ws/install/vineslam/share/vineslam/local_setup.dsv
[0.192s] -- Symlinking: /home/irobot/ros2_ws/install/vineslam/share/vineslam/package.dsv
[0.203s] -- Up-to-date symlink: /home/irobot/ros2_ws/install/vineslam/share/ament_index/resource_index/packages/vineslam
[0.203s] -- Up-to-date symlink: /home/irobot/ros2_ws/install/vineslam/share/vineslam/cmake/ament_cmake_export_targets-extras.cmake
[0.204s] -- Up-to-date symlink: /home/irobot/ros2_ws/install/vineslam/share/vineslam/cmake/ament_cmake_export_dependencies-extras.cmake
[0.204s] -- Up-to-date symlink: /home/irobot/ros2_ws/install/vineslam/share/vineslam/cmake/vineslamConfig.cmake
[0.205s] -- Up-to-date symlink: /home/irobot/ros2_ws/install/vineslam/share/vineslam/cmake/vineslamConfig-version.cmake
[0.206s] -- Up-to-date symlink: /home/irobot/ros2_ws/install/vineslam/share/vineslam/package.xml
[0.209s] -- Up-to-date: /home/irobot/ros2_ws/install/vineslam/lib/libvineslam.a
[0.211s] -- Up-to-date: /home/irobot/ros2_ws/install/vineslam/share/vineslam/cmake/export_vineslamExport.cmake
[0.212s] -- Up-to-date: /home/irobot/ros2_ws/install/vineslam/share/vineslam/cmake/export_vineslamExport-release.cmake
[0.214s] Invoked command in '/home/irobot/ros2_ws/build/vineslam' returned '0': CMAKE_PREFIX_PATH=${CMAKE_PREFIX_PATH}:/home/irobot/ros2_ws/install/geofence:/opt/ros/foxy /usr/bin/cmake --install /home/irobot/ros2_ws/build/vineslam
