[0.178s] Invoking command in '/home/irobot/ros2_ws/build/ublox_serialization': CMAKE_PREFIX_PATH=${CMAKE_PREFIX_PATH}:/opt/ros/foxy /usr/bin/cmake --build /home/irobot/ros2_ws/build/ublox_serialization -- -j8 -l8
[2.766s] Invoked command in '/home/irobot/ros2_ws/build/ublox_serialization' returned '0': CMAKE_PREFIX_PATH=${CMAKE_PREFIX_PATH}:/opt/ros/foxy /usr/bin/cmake --build /home/irobot/ros2_ws/build/ublox_serialization -- -j8 -l8
[2.824s] Invoking command in '/home/irobot/ros2_ws/build/ublox_serialization': CMAKE_PREFIX_PATH=${CMAKE_PREFIX_PATH}:/opt/ros/foxy /usr/bin/cmake --install /home/irobot/ros2_ws/build/ublox_serialization
[2.842s] -- Install configuration: ""
[2.923s] -- Execute custom install script
[3.111s] -- Up-to-date symlink: /home/irobot/ros2_ws/install/ublox_serialization/include/ublox_serialization/checksum.hpp
[3.111s] -- Up-to-date symlink: /home/irobot/ros2_ws/install/ublox_serialization/include/ublox_serialization/serialization.hpp
[3.111s] -- Up-to-date symlink: /home/irobot/ros2_ws/install/ublox_serialization/share/ament_index/resource_index/package_run_dependencies/ublox_serialization
[3.112s] -- Up-to-date symlink: /home/irobot/ros2_ws/install/ublox_serialization/share/ament_index/resource_index/parent_prefix_path/ublox_serialization
[3.113s] -- Up-to-date symlink: /home/irobot/ros2_ws/install/ublox_serialization/share/ublox_serialization/environment/ament_prefix_path.sh
[3.113s] -- Up-to-date symlink: /home/irobot/ros2_ws/install/ublox_serialization/share/ublox_serialization/environment/ament_prefix_path.dsv
[3.114s] -- Up-to-date symlink: /home/irobot/ros2_ws/install/ublox_serialization/share/ublox_serialization/environment/path.sh
[3.114s] -- Up-to-date symlink: /home/irobot/ros2_ws/install/ublox_serialization/share/ublox_serialization/environment/path.dsv
[3.114s] -- Up-to-date symlink: /home/irobot/ros2_ws/install/ublox_serialization/share/ublox_serialization/local_setup.bash
[3.115s] -- Up-to-date symlink: /home/irobot/ros2_ws/install/ublox_serialization/share/ublox_serialization/local_setup.sh
[3.115s] -- Up-to-date symlink: /home/irobot/ros2_ws/install/ublox_serialization/share/ublox_serialization/local_setup.zsh
[3.116s] -- Up-to-date symlink: /home/irobot/ros2_ws/install/ublox_serialization/share/ublox_serialization/local_setup.dsv
[3.116s] -- Symlinking: /home/irobot/ros2_ws/install/ublox_serialization/share/ublox_serialization/package.dsv
[3.211s] -- Up-to-date symlink: /home/irobot/ros2_ws/install/ublox_serialization/share/ament_index/resource_index/packages/ublox_serialization
[3.212s] -- Up-to-date symlink: /home/irobot/ros2_ws/install/ublox_serialization/share/ublox_serialization/cmake/ament_cmake_export_include_directories-extras.cmake
[3.213s] -- Up-to-date symlink: /home/irobot/ros2_ws/install/ublox_serialization/share/ublox_serialization/cmake/ublox_serializationConfig.cmake
[3.213s] -- Up-to-date symlink: /home/irobot/ros2_ws/install/ublox_serialization/share/ublox_serialization/cmake/ublox_serializationConfig-version.cmake
[3.213s] -- Up-to-date symlink: /home/irobot/ros2_ws/install/ublox_serialization/share/ublox_serialization/package.xml
[3.217s] Invoked command in '/home/irobot/ros2_ws/build/ublox_serialization' returned '0': CMAKE_PREFIX_PATH=${CMAKE_PREFIX_PATH}:/opt/ros/foxy /usr/bin/cmake --install /home/irobot/ros2_ws/build/ublox_serialization
