[0.020s] Invoking command in '/home/irobot/ros2_ws/build/ublox_gps': CMAKE_PREFIX_PATH=/home/irobot/ros2_ws/install/ublox_msgs:/home/irobot/ros2_ws/install/ublox_serialization:/home/irobot/ros2_ws/install/vineslam_ros:/home/irobot/ros2_ws/install/vineslam:/home/irobot/ros2_ws/install/ublox:/home/irobot/ros2_ws/install/ublox_gps:/home/irobot/ros2_ws/install/livox_ros2_driver:/home/irobot/ros2_ws/install/livox_sdk_vendor:/home/irobot/ros2_ws/install/livox_interfaces:/home/irobot/ros2_ws/install/geofence:/opt/ros/foxy LD_LIBRARY_PATH=/home/irobot/ros2_ws/install/ublox_msgs/lib:/home/irobot/ros2_ws/install/vineslam_ros/lib:/home/irobot/ros2_ws/install/vineslam/lib:/home/irobot/ros2_ws/install/ublox_gps/lib:/home/irobot/ros2_ws/install/livox_ros2_driver/lib:/home/irobot/ros2_ws/install/livox_interfaces/lib:/opt/ros/foxy/opt/yaml_cpp_vendor/lib:/opt/ros/foxy/opt/rviz_ogre_vendor/lib:/opt/ros/foxy/lib/x86_64-linux-gnu:/opt/ros/foxy/lib PYTHONPATH=/home/irobot/ros2_ws/install/ublox_msgs/lib/python3.8/site-packages:/home/irobot/ros2_ws/install/vineslam_ros/lib/python3.8/site-packages:/home/irobot/ros2_ws/install/livox_interfaces/lib/python3.8/site-packages:/home/irobot/ros2_ws/install/geofence/lib/python3.8/site-packages:/opt/ros/foxy/lib/python3.8/site-packages /usr/bin/cmake /home/irobot/ros2_ws/src/ublox/ublox_gps -DAMENT_CMAKE_SYMLINK_INSTALL=1 -DCMAKE_INSTALL_PREFIX=/home/irobot/ros2_ws/install/ublox_gps
[0.037s] -- Found ament_cmake_ros: 0.9.2 (/opt/ros/foxy/share/ament_cmake_ros/cmake)
[0.063s] -- Using PYTHON_EXECUTABLE: /usr/bin/python3
[0.231s] -- Override CMake install command with custom implementation using symlinks instead of copying resources
[0.256s] -- Found diagnostic_msgs: 2.0.5 (/opt/ros/foxy/share/diagnostic_msgs/cmake)
[0.280s] -- Using all available rosidl_typesupport_c: rosidl_typesupport_fastrtps_c;rosidl_typesupport_introspection_c
[0.283s] -- Found rosidl_adapter: 1.3.1 (/opt/ros/foxy/share/rosidl_adapter/cmake)
[0.390s] -- Using all available rosidl_typesupport_cpp: rosidl_typesupport_fastrtps_cpp;rosidl_typesupport_introspection_cpp
[0.561s] -- Found diagnostic_updater: 3.1.2 (/opt/ros/foxy/share/diagnostic_updater/cmake)
[0.617s] -- Found rmw_implementation_cmake: 1.0.4 (/opt/ros/foxy/share/rmw_implementation_cmake/cmake)
[0.618s] -- Using RMW implementation 'rmw_fastrtps_cpp' as default
[0.752s] -- Found geometry_msgs: 2.0.5 (/opt/ros/foxy/share/geometry_msgs/cmake)
[0.779s] -- Found rclcpp_components: 2.4.3 (/opt/ros/foxy/share/rclcpp_components/cmake)
[0.823s] -- Found sensor_msgs: 2.0.5 (/opt/ros/foxy/share/sensor_msgs/cmake)
[0.881s] -- Found tf2: 0.13.14 (/opt/ros/foxy/share/tf2/cmake)
[0.888s] -- Found ublox_msgs: 2.1.0 (/home/irobot/ros2_ws/install/ublox_msgs/share/ublox_msgs/cmake)
[1.072s] -- Configuring done
[1.096s] -- Generating done
[1.099s] -- Build files have been written to: /home/irobot/ros2_ws/build/ublox_gps
[1.110s] Invoked command in '/home/irobot/ros2_ws/build/ublox_gps' returned '0': CMAKE_PREFIX_PATH=/home/irobot/ros2_ws/install/ublox_msgs:/home/irobot/ros2_ws/install/ublox_serialization:/home/irobot/ros2_ws/install/vineslam_ros:/home/irobot/ros2_ws/install/vineslam:/home/irobot/ros2_ws/install/ublox:/home/irobot/ros2_ws/install/ublox_gps:/home/irobot/ros2_ws/install/livox_ros2_driver:/home/irobot/ros2_ws/install/livox_sdk_vendor:/home/irobot/ros2_ws/install/livox_interfaces:/home/irobot/ros2_ws/install/geofence:/opt/ros/foxy LD_LIBRARY_PATH=/home/irobot/ros2_ws/install/ublox_msgs/lib:/home/irobot/ros2_ws/install/vineslam_ros/lib:/home/irobot/ros2_ws/install/vineslam/lib:/home/irobot/ros2_ws/install/ublox_gps/lib:/home/irobot/ros2_ws/install/livox_ros2_driver/lib:/home/irobot/ros2_ws/install/livox_interfaces/lib:/opt/ros/foxy/opt/yaml_cpp_vendor/lib:/opt/ros/foxy/opt/rviz_ogre_vendor/lib:/opt/ros/foxy/lib/x86_64-linux-gnu:/opt/ros/foxy/lib PYTHONPATH=/home/irobot/ros2_ws/install/ublox_msgs/lib/python3.8/site-packages:/home/irobot/ros2_ws/install/vineslam_ros/lib/python3.8/site-packages:/home/irobot/ros2_ws/install/livox_interfaces/lib/python3.8/site-packages:/home/irobot/ros2_ws/install/geofence/lib/python3.8/site-packages:/opt/ros/foxy/lib/python3.8/site-packages /usr/bin/cmake /home/irobot/ros2_ws/src/ublox/ublox_gps -DAMENT_CMAKE_SYMLINK_INSTALL=1 -DCMAKE_INSTALL_PREFIX=/home/irobot/ros2_ws/install/ublox_gps
[1.115s] Invoking command in '/home/irobot/ros2_ws/build/ublox_gps': CMAKE_PREFIX_PATH=/home/irobot/ros2_ws/install/ublox_msgs:/home/irobot/ros2_ws/install/ublox_serialization:/home/irobot/ros2_ws/install/vineslam_ros:/home/irobot/ros2_ws/install/vineslam:/home/irobot/ros2_ws/install/ublox:/home/irobot/ros2_ws/install/ublox_gps:/home/irobot/ros2_ws/install/livox_ros2_driver:/home/irobot/ros2_ws/install/livox_sdk_vendor:/home/irobot/ros2_ws/install/livox_interfaces:/home/irobot/ros2_ws/install/geofence:/opt/ros/foxy LD_LIBRARY_PATH=/home/irobot/ros2_ws/install/ublox_msgs/lib:/home/irobot/ros2_ws/install/vineslam_ros/lib:/home/irobot/ros2_ws/install/vineslam/lib:/home/irobot/ros2_ws/install/ublox_gps/lib:/home/irobot/ros2_ws/install/livox_ros2_driver/lib:/home/irobot/ros2_ws/install/livox_interfaces/lib:/opt/ros/foxy/opt/yaml_cpp_vendor/lib:/opt/ros/foxy/opt/rviz_ogre_vendor/lib:/opt/ros/foxy/lib/x86_64-linux-gnu:/opt/ros/foxy/lib PYTHONPATH=/home/irobot/ros2_ws/install/ublox_msgs/lib/python3.8/site-packages:/home/irobot/ros2_ws/install/vineslam_ros/lib/python3.8/site-packages:/home/irobot/ros2_ws/install/livox_interfaces/lib/python3.8/site-packages:/home/irobot/ros2_ws/install/geofence/lib/python3.8/site-packages:/opt/ros/foxy/lib/python3.8/site-packages /usr/bin/cmake --build /home/irobot/ros2_ws/build/ublox_gps -- -j8 -l8
[1.210s] [ 13%] Built target ublox_logger_node
[1.255s] [ 90%] Built target ublox_gps
[1.303s] [100%] Built target ublox_gps_node
[1.319s] Invoked command in '/home/irobot/ros2_ws/build/ublox_gps' returned '0': CMAKE_PREFIX_PATH=/home/irobot/ros2_ws/install/ublox_msgs:/home/irobot/ros2_ws/install/ublox_serialization:/home/irobot/ros2_ws/install/vineslam_ros:/home/irobot/ros2_ws/install/vineslam:/home/irobot/ros2_ws/install/ublox:/home/irobot/ros2_ws/install/ublox_gps:/home/irobot/ros2_ws/install/livox_ros2_driver:/home/irobot/ros2_ws/install/livox_sdk_vendor:/home/irobot/ros2_ws/install/livox_interfaces:/home/irobot/ros2_ws/install/geofence:/opt/ros/foxy LD_LIBRARY_PATH=/home/irobot/ros2_ws/install/ublox_msgs/lib:/home/irobot/ros2_ws/install/vineslam_ros/lib:/home/irobot/ros2_ws/install/vineslam/lib:/home/irobot/ros2_ws/install/ublox_gps/lib:/home/irobot/ros2_ws/install/livox_ros2_driver/lib:/home/irobot/ros2_ws/install/livox_interfaces/lib:/opt/ros/foxy/opt/yaml_cpp_vendor/lib:/opt/ros/foxy/opt/rviz_ogre_vendor/lib:/opt/ros/foxy/lib/x86_64-linux-gnu:/opt/ros/foxy/lib PYTHONPATH=/home/irobot/ros2_ws/install/ublox_msgs/lib/python3.8/site-packages:/home/irobot/ros2_ws/install/vineslam_ros/lib/python3.8/site-packages:/home/irobot/ros2_ws/install/livox_interfaces/lib/python3.8/site-packages:/home/irobot/ros2_ws/install/geofence/lib/python3.8/site-packages:/opt/ros/foxy/lib/python3.8/site-packages /usr/bin/cmake --build /home/irobot/ros2_ws/build/ublox_gps -- -j8 -l8
[1.382s] Invoking command in '/home/irobot/ros2_ws/build/ublox_gps': CMAKE_PREFIX_PATH=/home/irobot/ros2_ws/install/ublox_msgs:/home/irobot/ros2_ws/install/ublox_serialization:/home/irobot/ros2_ws/install/vineslam_ros:/home/irobot/ros2_ws/install/vineslam:/home/irobot/ros2_ws/install/ublox:/home/irobot/ros2_ws/install/ublox_gps:/home/irobot/ros2_ws/install/livox_ros2_driver:/home/irobot/ros2_ws/install/livox_sdk_vendor:/home/irobot/ros2_ws/install/livox_interfaces:/home/irobot/ros2_ws/install/geofence:/opt/ros/foxy LD_LIBRARY_PATH=/home/irobot/ros2_ws/install/ublox_msgs/lib:/home/irobot/ros2_ws/install/vineslam_ros/lib:/home/irobot/ros2_ws/install/vineslam/lib:/home/irobot/ros2_ws/install/ublox_gps/lib:/home/irobot/ros2_ws/install/livox_ros2_driver/lib:/home/irobot/ros2_ws/install/livox_interfaces/lib:/opt/ros/foxy/opt/yaml_cpp_vendor/lib:/opt/ros/foxy/opt/rviz_ogre_vendor/lib:/opt/ros/foxy/lib/x86_64-linux-gnu:/opt/ros/foxy/lib PYTHONPATH=/home/irobot/ros2_ws/install/ublox_msgs/lib/python3.8/site-packages:/home/irobot/ros2_ws/install/vineslam_ros/lib/python3.8/site-packages:/home/irobot/ros2_ws/install/livox_interfaces/lib/python3.8/site-packages:/home/irobot/ros2_ws/install/geofence/lib/python3.8/site-packages:/opt/ros/foxy/lib/python3.8/site-packages /usr/bin/cmake --install /home/irobot/ros2_ws/build/ublox_gps
[1.393s] -- Install configuration: "Release"
[1.393s] -- Execute custom install script
[1.393s] -- Up-to-date symlink: /home/irobot/ros2_ws/install/ublox_gps/lib/libublox_gps.so
[1.393s] -- Up-to-date symlink: /home/irobot/ros2_ws/install/ublox_gps/lib/ublox_gps/ublox_gps_node
[1.394s] -- Up-to-date symlink: /home/irobot/ros2_ws/install/ublox_gps/lib/ublox_gps/ublox_logger
[1.394s] -- Up-to-date symlink: /home/irobot/ros2_ws/install/ublox_gps/include/ublox_gps/adr_udr_product.hpp
[1.394s] -- Up-to-date symlink: /home/irobot/ros2_ws/install/ublox_gps/include/ublox_gps/async_worker.hpp
[1.394s] -- Up-to-date symlink: /home/irobot/ros2_ws/install/ublox_gps/include/ublox_gps/callback.hpp
[1.395s] -- Up-to-date symlink: /home/irobot/ros2_ws/install/ublox_gps/include/ublox_gps/component_interface.hpp
[1.395s] -- Up-to-date symlink: /home/irobot/ros2_ws/install/ublox_gps/include/ublox_gps/fix_diagnostic.hpp
[1.395s] -- Up-to-date symlink: /home/irobot/ros2_ws/install/ublox_gps/include/ublox_gps/fts_product.hpp
[1.395s] -- Up-to-date symlink: /home/irobot/ros2_ws/install/ublox_gps/include/ublox_gps/gnss.hpp
[1.395s] -- Up-to-date symlink: /home/irobot/ros2_ws/install/ublox_gps/include/ublox_gps/gps.hpp
[1.395s] -- Up-to-date symlink: /home/irobot/ros2_ws/install/ublox_gps/include/ublox_gps/hp_pos_rec_product.hpp
[1.396s] -- Up-to-date symlink: /home/irobot/ros2_ws/install/ublox_gps/include/ublox_gps/hpg_ref_product.hpp
[1.396s] -- Up-to-date symlink: /home/irobot/ros2_ws/install/ublox_gps/include/ublox_gps/hpg_rov_product.hpp
[1.396s] -- Up-to-date symlink: /home/irobot/ros2_ws/install/ublox_gps/include/ublox_gps/mkgmtime.h
[1.396s] -- Up-to-date symlink: /home/irobot/ros2_ws/install/ublox_gps/include/ublox_gps/node.hpp
[1.396s] -- Up-to-date symlink: /home/irobot/ros2_ws/install/ublox_gps/include/ublox_gps/raw_data_pa.hpp
[1.396s] -- Up-to-date symlink: /home/irobot/ros2_ws/install/ublox_gps/include/ublox_gps/raw_data_product.hpp
[1.396s] -- Up-to-date symlink: /home/irobot/ros2_ws/install/ublox_gps/include/ublox_gps/rtcm.hpp
[1.397s] -- Up-to-date symlink: /home/irobot/ros2_ws/install/ublox_gps/include/ublox_gps/tim_product.hpp
[1.397s] -- Up-to-date symlink: /home/irobot/ros2_ws/install/ublox_gps/include/ublox_gps/ublox_firmware.hpp
[1.397s] -- Up-to-date symlink: /home/irobot/ros2_ws/install/ublox_gps/include/ublox_gps/ublox_firmware6.hpp
[1.397s] -- Up-to-date symlink: /home/irobot/ros2_ws/install/ublox_gps/include/ublox_gps/ublox_firmware7.hpp
[1.397s] -- Up-to-date symlink: /home/irobot/ros2_ws/install/ublox_gps/include/ublox_gps/ublox_firmware7plus.hpp
[1.398s] -- Up-to-date symlink: /home/irobot/ros2_ws/install/ublox_gps/include/ublox_gps/ublox_firmware8.hpp
[1.398s] -- Up-to-date symlink: /home/irobot/ros2_ws/install/ublox_gps/include/ublox_gps/ublox_firmware9.hpp
[1.398s] -- Up-to-date symlink: /home/irobot/ros2_ws/install/ublox_gps/include/ublox_gps/ublox_topic_diagnostic.hpp
[1.398s] -- Up-to-date symlink: /home/irobot/ros2_ws/install/ublox_gps/include/ublox_gps/utils.hpp
[1.398s] -- Up-to-date symlink: /home/irobot/ros2_ws/install/ublox_gps/include/ublox_gps/worker.hpp
[1.398s] -- Symlinking: /home/irobot/ros2_ws/install/ublox_gps/share/ublox_gps/launch/__pycache__/ublox_gps_node-launch.cpython-38.pyc
[1.412s] -- Up-to-date symlink: /home/irobot/ros2_ws/install/ublox_gps/share/ublox_gps/launch/ublox_gps_node-composed-launch.py
[1.412s] -- Symlinking: /home/irobot/ros2_ws/install/ublox_gps/share/ublox_gps/launch/ublox_gps_node-composed-launch_vineslam.py
[1.420s] -- Up-to-date symlink: /home/irobot/ros2_ws/install/ublox_gps/share/ublox_gps/launch/ublox_gps_node-launch.py
[1.420s] -- Up-to-date symlink: /home/irobot/ros2_ws/install/ublox_gps/share/ublox_gps/config/c94_m8p_base.yaml
[1.420s] -- Up-to-date symlink: /home/irobot/ros2_ws/install/ublox_gps/share/ublox_gps/config/c94_m8p_rover.yaml
[1.421s] -- Up-to-date symlink: /home/irobot/ros2_ws/install/ublox_gps/share/ublox_gps/config/c94_m8t_base.yaml
[1.421s] -- Up-to-date symlink: /home/irobot/ros2_ws/install/ublox_gps/share/ublox_gps/config/c94_m8t_rover.yaml
[1.421s] -- Up-to-date symlink: /home/irobot/ros2_ws/install/ublox_gps/share/ublox_gps/config/neo_m8u_rover.yaml
[1.421s] -- Up-to-date symlink: /home/irobot/ros2_ws/install/ublox_gps/share/ublox_gps/config/nmea.yaml
[1.422s] -- Up-to-date symlink: /home/irobot/ros2_ws/install/ublox_gps/share/ublox_gps/config/zed_f9p.yaml
[1.422s] -- Up-to-date symlink: /home/irobot/ros2_ws/install/ublox_gps/share/ament_index/resource_index/package_run_dependencies/ublox_gps
[1.422s] -- Up-to-date symlink: /home/irobot/ros2_ws/install/ublox_gps/share/ament_index/resource_index/parent_prefix_path/ublox_gps
[1.423s] -- Up-to-date symlink: /home/irobot/ros2_ws/install/ublox_gps/share/ublox_gps/environment/ament_prefix_path.sh
[1.424s] -- Up-to-date symlink: /home/irobot/ros2_ws/install/ublox_gps/share/ublox_gps/environment/ament_prefix_path.dsv
[1.424s] -- Up-to-date symlink: /home/irobot/ros2_ws/install/ublox_gps/share/ublox_gps/environment/path.sh
[1.425s] -- Up-to-date symlink: /home/irobot/ros2_ws/install/ublox_gps/share/ublox_gps/environment/path.dsv
[1.425s] -- Up-to-date symlink: /home/irobot/ros2_ws/install/ublox_gps/share/ublox_gps/local_setup.bash
[1.425s] -- Up-to-date symlink: /home/irobot/ros2_ws/install/ublox_gps/share/ublox_gps/local_setup.sh
[1.426s] -- Up-to-date symlink: /home/irobot/ros2_ws/install/ublox_gps/share/ublox_gps/local_setup.zsh
[1.426s] -- Up-to-date symlink: /home/irobot/ros2_ws/install/ublox_gps/share/ublox_gps/local_setup.dsv
[1.427s] -- Symlinking: /home/irobot/ros2_ws/install/ublox_gps/share/ublox_gps/package.dsv
[1.442s] -- Up-to-date symlink: /home/irobot/ros2_ws/install/ublox_gps/share/ament_index/resource_index/packages/ublox_gps
[1.443s] -- Up-to-date symlink: /home/irobot/ros2_ws/install/ublox_gps/share/ament_index/resource_index/rclcpp_components/ublox_gps
[1.443s] -- Up-to-date symlink: /home/irobot/ros2_ws/install/ublox_gps/share/ublox_gps/cmake/ublox_gpsConfig.cmake
[1.443s] -- Up-to-date symlink: /home/irobot/ros2_ws/install/ublox_gps/share/ublox_gps/cmake/ublox_gpsConfig-version.cmake
[1.444s] -- Up-to-date symlink: /home/irobot/ros2_ws/install/ublox_gps/share/ublox_gps/package.xml
[1.448s] Invoked command in '/home/irobot/ros2_ws/build/ublox_gps' returned '0': CMAKE_PREFIX_PATH=/home/irobot/ros2_ws/install/ublox_msgs:/home/irobot/ros2_ws/install/ublox_serialization:/home/irobot/ros2_ws/install/vineslam_ros:/home/irobot/ros2_ws/install/vineslam:/home/irobot/ros2_ws/install/ublox:/home/irobot/ros2_ws/install/ublox_gps:/home/irobot/ros2_ws/install/livox_ros2_driver:/home/irobot/ros2_ws/install/livox_sdk_vendor:/home/irobot/ros2_ws/install/livox_interfaces:/home/irobot/ros2_ws/install/geofence:/opt/ros/foxy LD_LIBRARY_PATH=/home/irobot/ros2_ws/install/ublox_msgs/lib:/home/irobot/ros2_ws/install/vineslam_ros/lib:/home/irobot/ros2_ws/install/vineslam/lib:/home/irobot/ros2_ws/install/ublox_gps/lib:/home/irobot/ros2_ws/install/livox_ros2_driver/lib:/home/irobot/ros2_ws/install/livox_interfaces/lib:/opt/ros/foxy/opt/yaml_cpp_vendor/lib:/opt/ros/foxy/opt/rviz_ogre_vendor/lib:/opt/ros/foxy/lib/x86_64-linux-gnu:/opt/ros/foxy/lib PYTHONPATH=/home/irobot/ros2_ws/install/ublox_msgs/lib/python3.8/site-packages:/home/irobot/ros2_ws/install/vineslam_ros/lib/python3.8/site-packages:/home/irobot/ros2_ws/install/livox_interfaces/lib/python3.8/site-packages:/home/irobot/ros2_ws/install/geofence/lib/python3.8/site-packages:/opt/ros/foxy/lib/python3.8/site-packages /usr/bin/cmake --install /home/irobot/ros2_ws/build/ublox_gps
