[0.308s] DEBUG:colcon:Command line arguments: ['/usr/bin/colcon', 'build', '--symlink-install']
[0.308s] DEBUG:colcon:Parsed command line arguments: Namespace(allow_overriding=[], ament_cmake_args=None, base_paths=['.'], build_base='build', catkin_cmake_args=None, catkin_skip_building_tests=False, cmake_args=None, cmake_clean_cache=False, cmake_clean_first=False, cmake_force_configure=False, cmake_target=None, cmake_target_skip_unavailable=False, continue_on_error=False, event_handlers=None, executor='parallel', ignore_user_meta=False, install_base='install', log_base=None, log_level=None, main=<bound method BuildVerb.main of <colcon_core.verb.build.BuildVerb object at 0x7fbec6607c70>>, merge_install=False, metas=['./colcon.meta'], packages_above=None, packages_above_and_dependencies=None, packages_above_depth=None, packages_end=None, packages_ignore=None, packages_ignore_regex=None, packages_select=None, packages_select_build_failed=False, packages_select_by_dep=None, packages_select_regex=None, packages_select_test_failures=False, packages_skip=None, packages_skip_build_finished=False, packages_skip_by_dep=None, packages_skip_regex=None, packages_skip_test_passed=False, packages_skip_up_to=None, packages_start=None, packages_up_to=None, packages_up_to_regex=None, parallel_workers=8, paths=None, symlink_install=True, test_result_base=None, verb_extension=<colcon_core.verb.build.BuildVerb object at 0x7fbec6607c70>, verb_name='build', verb_parser=<colcon_defaults.argument_parser.defaults.DefaultArgumentsDecorator object at 0x7fbec64700d0>)
[0.502s] Level 1:colcon.colcon_core.package_discovery:discover_packages(colcon_meta) check parameters
[0.502s] Level 1:colcon.colcon_core.package_discovery:discover_packages(recursive) check parameters
[0.502s] Level 1:colcon.colcon_core.package_discovery:discover_packages(ignore) check parameters
[0.502s] Level 1:colcon.colcon_core.package_discovery:discover_packages(path) check parameters
[0.502s] Level 1:colcon.colcon_core.package_discovery:discover_packages(colcon_meta) discover
[0.502s] Level 1:colcon.colcon_core.package_discovery:discover_packages(recursive) discover
[0.502s] INFO:colcon.colcon_core.package_discovery:Crawling recursively for packages in '/home/irobot/ros2_ws'
[0.502s] Level 1:colcon.colcon_core.package_identification:_identify(.) by extensions ['ignore', 'ignore_ament_install']
[0.502s] Level 1:colcon.colcon_core.package_identification:_identify(.) by extension 'ignore'
[0.502s] Level 1:colcon.colcon_core.package_identification:_identify(.) by extension 'ignore_ament_install'
[0.502s] Level 1:colcon.colcon_core.package_identification:_identify(.) by extensions ['colcon_pkg']
[0.502s] Level 1:colcon.colcon_core.package_identification:_identify(.) by extension 'colcon_pkg'
[0.503s] Level 1:colcon.colcon_core.package_identification:_identify(.) by extensions ['colcon_meta']
[0.503s] Level 1:colcon.colcon_core.package_identification:_identify(.) by extension 'colcon_meta'
[0.503s] Level 1:colcon.colcon_core.package_identification:_identify(.) by extensions ['ros']
[0.503s] Level 1:colcon.colcon_core.package_identification:_identify(.) by extension 'ros'
[0.511s] Level 1:colcon.colcon_core.package_identification:_identify(.) by extensions ['cmake', 'python']
[0.511s] Level 1:colcon.colcon_core.package_identification:_identify(.) by extension 'cmake'
[0.511s] Level 1:colcon.colcon_core.package_identification:_identify(.) by extension 'python'
[0.511s] Level 1:colcon.colcon_core.package_identification:_identify(.) by extensions ['python_setup_py']
[0.511s] Level 1:colcon.colcon_core.package_identification:_identify(.) by extension 'python_setup_py'
[0.512s] Level 1:colcon.colcon_core.package_identification:_identify(build) by extensions ['ignore', 'ignore_ament_install']
[0.512s] Level 1:colcon.colcon_core.package_identification:_identify(build) by extension 'ignore'
[0.512s] Level 1:colcon.colcon_core.package_identification:_identify(build) ignored
[0.512s] Level 1:colcon.colcon_core.package_identification:_identify(install) by extensions ['ignore', 'ignore_ament_install']
[0.512s] Level 1:colcon.colcon_core.package_identification:_identify(install) by extension 'ignore'
[0.512s] Level 1:colcon.colcon_core.package_identification:_identify(install) ignored
[0.512s] Level 1:colcon.colcon_core.package_identification:_identify(log) by extensions ['ignore', 'ignore_ament_install']
[0.512s] Level 1:colcon.colcon_core.package_identification:_identify(log) by extension 'ignore'
[0.512s] Level 1:colcon.colcon_core.package_identification:_identify(log) ignored
[0.512s] Level 1:colcon.colcon_core.package_identification:_identify(src) by extensions ['ignore', 'ignore_ament_install']
[0.512s] Level 1:colcon.colcon_core.package_identification:_identify(src) by extension 'ignore'
[0.512s] Level 1:colcon.colcon_core.package_identification:_identify(src) by extension 'ignore_ament_install'
[0.512s] Level 1:colcon.colcon_core.package_identification:_identify(src) by extensions ['colcon_pkg']
[0.512s] Level 1:colcon.colcon_core.package_identification:_identify(src) by extension 'colcon_pkg'
[0.512s] Level 1:colcon.colcon_core.package_identification:_identify(src) by extensions ['colcon_meta']
[0.512s] Level 1:colcon.colcon_core.package_identification:_identify(src) by extension 'colcon_meta'
[0.513s] Level 1:colcon.colcon_core.package_identification:_identify(src) by extensions ['ros']
[0.513s] Level 1:colcon.colcon_core.package_identification:_identify(src) by extension 'ros'
[0.513s] Level 1:colcon.colcon_core.package_identification:_identify(src) by extensions ['cmake', 'python']
[0.513s] Level 1:colcon.colcon_core.package_identification:_identify(src) by extension 'cmake'
[0.513s] Level 1:colcon.colcon_core.package_identification:_identify(src) by extension 'python'
[0.513s] Level 1:colcon.colcon_core.package_identification:_identify(src) by extensions ['python_setup_py']
[0.513s] Level 1:colcon.colcon_core.package_identification:_identify(src) by extension 'python_setup_py'
[0.513s] Level 1:colcon.colcon_core.package_identification:_identify(src/geofence) by extensions ['ignore', 'ignore_ament_install']
[0.513s] Level 1:colcon.colcon_core.package_identification:_identify(src/geofence) by extension 'ignore'
[0.513s] Level 1:colcon.colcon_core.package_identification:_identify(src/geofence) by extension 'ignore_ament_install'
[0.513s] Level 1:colcon.colcon_core.package_identification:_identify(src/geofence) by extensions ['colcon_pkg']
[0.513s] Level 1:colcon.colcon_core.package_identification:_identify(src/geofence) by extension 'colcon_pkg'
[0.513s] Level 1:colcon.colcon_core.package_identification:_identify(src/geofence) by extensions ['colcon_meta']
[0.513s] Level 1:colcon.colcon_core.package_identification:_identify(src/geofence) by extension 'colcon_meta'
[0.513s] Level 1:colcon.colcon_core.package_identification:_identify(src/geofence) by extensions ['ros']
[0.513s] Level 1:colcon.colcon_core.package_identification:_identify(src/geofence) by extension 'ros'
[0.515s] DEBUG:colcon.colcon_core.package_identification:Package 'src/geofence' with type 'ros.ament_python' and name 'geofence'
[0.515s] Level 1:colcon.colcon_core.package_identification:_identify(src/livox) by extensions ['ignore', 'ignore_ament_install']
[0.515s] Level 1:colcon.colcon_core.package_identification:_identify(src/livox) by extension 'ignore'
[0.515s] Level 1:colcon.colcon_core.package_identification:_identify(src/livox) by extension 'ignore_ament_install'
[0.515s] Level 1:colcon.colcon_core.package_identification:_identify(src/livox) by extensions ['colcon_pkg']
[0.515s] Level 1:colcon.colcon_core.package_identification:_identify(src/livox) by extension 'colcon_pkg'
[0.515s] Level 1:colcon.colcon_core.package_identification:_identify(src/livox) by extensions ['colcon_meta']
[0.515s] Level 1:colcon.colcon_core.package_identification:_identify(src/livox) by extension 'colcon_meta'
[0.515s] Level 1:colcon.colcon_core.package_identification:_identify(src/livox) by extensions ['ros']
[0.515s] Level 1:colcon.colcon_core.package_identification:_identify(src/livox) by extension 'ros'
[0.515s] Level 1:colcon.colcon_core.package_identification:_identify(src/livox) by extensions ['cmake', 'python']
[0.516s] Level 1:colcon.colcon_core.package_identification:_identify(src/livox) by extension 'cmake'
[0.516s] Level 1:colcon.colcon_core.package_identification:_identify(src/livox) by extension 'python'
[0.516s] Level 1:colcon.colcon_core.package_identification:_identify(src/livox) by extensions ['python_setup_py']
[0.516s] Level 1:colcon.colcon_core.package_identification:_identify(src/livox) by extension 'python_setup_py'
[0.516s] Level 1:colcon.colcon_core.package_identification:_identify(src/livox/images) by extensions ['ignore', 'ignore_ament_install']
[0.516s] Level 1:colcon.colcon_core.package_identification:_identify(src/livox/images) by extension 'ignore'
[0.516s] Level 1:colcon.colcon_core.package_identification:_identify(src/livox/images) by extension 'ignore_ament_install'
[0.516s] Level 1:colcon.colcon_core.package_identification:_identify(src/livox/images) by extensions ['colcon_pkg']
[0.516s] Level 1:colcon.colcon_core.package_identification:_identify(src/livox/images) by extension 'colcon_pkg'
[0.516s] Level 1:colcon.colcon_core.package_identification:_identify(src/livox/images) by extensions ['colcon_meta']
[0.516s] Level 1:colcon.colcon_core.package_identification:_identify(src/livox/images) by extension 'colcon_meta'
[0.516s] Level 1:colcon.colcon_core.package_identification:_identify(src/livox/images) by extensions ['ros']
[0.516s] Level 1:colcon.colcon_core.package_identification:_identify(src/livox/images) by extension 'ros'
[0.516s] Level 1:colcon.colcon_core.package_identification:_identify(src/livox/images) by extensions ['cmake', 'python']
[0.516s] Level 1:colcon.colcon_core.package_identification:_identify(src/livox/images) by extension 'cmake'
[0.516s] Level 1:colcon.colcon_core.package_identification:_identify(src/livox/images) by extension 'python'
[0.516s] Level 1:colcon.colcon_core.package_identification:_identify(src/livox/images) by extensions ['python_setup_py']
[0.516s] Level 1:colcon.colcon_core.package_identification:_identify(src/livox/images) by extension 'python_setup_py'
[0.516s] Level 1:colcon.colcon_core.package_identification:_identify(src/livox/livox_interfaces) by extensions ['ignore', 'ignore_ament_install']
[0.516s] Level 1:colcon.colcon_core.package_identification:_identify(src/livox/livox_interfaces) by extension 'ignore'
[0.516s] Level 1:colcon.colcon_core.package_identification:_identify(src/livox/livox_interfaces) by extension 'ignore_ament_install'
[0.516s] Level 1:colcon.colcon_core.package_identification:_identify(src/livox/livox_interfaces) by extensions ['colcon_pkg']
[0.516s] Level 1:colcon.colcon_core.package_identification:_identify(src/livox/livox_interfaces) by extension 'colcon_pkg'
[0.516s] Level 1:colcon.colcon_core.package_identification:_identify(src/livox/livox_interfaces) by extensions ['colcon_meta']
[0.516s] Level 1:colcon.colcon_core.package_identification:_identify(src/livox/livox_interfaces) by extension 'colcon_meta'
[0.517s] Level 1:colcon.colcon_core.package_identification:_identify(src/livox/livox_interfaces) by extensions ['ros']
[0.517s] Level 1:colcon.colcon_core.package_identification:_identify(src/livox/livox_interfaces) by extension 'ros'
[0.517s] DEBUG:colcon.colcon_core.package_identification:Package 'src/livox/livox_interfaces' with type 'ros.ament_cmake' and name 'livox_interfaces'
[0.517s] Level 1:colcon.colcon_core.package_identification:_identify(src/livox/livox_ros2_driver) by extensions ['ignore', 'ignore_ament_install']
[0.517s] Level 1:colcon.colcon_core.package_identification:_identify(src/livox/livox_ros2_driver) by extension 'ignore'
[0.517s] Level 1:colcon.colcon_core.package_identification:_identify(src/livox/livox_ros2_driver) by extension 'ignore_ament_install'
[0.517s] Level 1:colcon.colcon_core.package_identification:_identify(src/livox/livox_ros2_driver) by extensions ['colcon_pkg']
[0.517s] Level 1:colcon.colcon_core.package_identification:_identify(src/livox/livox_ros2_driver) by extension 'colcon_pkg'
[0.517s] Level 1:colcon.colcon_core.package_identification:_identify(src/livox/livox_ros2_driver) by extensions ['colcon_meta']
[0.517s] Level 1:colcon.colcon_core.package_identification:_identify(src/livox/livox_ros2_driver) by extension 'colcon_meta'
[0.517s] Level 1:colcon.colcon_core.package_identification:_identify(src/livox/livox_ros2_driver) by extensions ['ros']
[0.517s] Level 1:colcon.colcon_core.package_identification:_identify(src/livox/livox_ros2_driver) by extension 'ros'
[0.519s] DEBUG:colcon.colcon_core.package_identification:Package 'src/livox/livox_ros2_driver' with type 'ros.ament_cmake' and name 'livox_ros2_driver'
[0.519s] Level 1:colcon.colcon_core.package_identification:_identify(src/livox/livox_sdk_vendor) by extensions ['ignore', 'ignore_ament_install']
[0.519s] Level 1:colcon.colcon_core.package_identification:_identify(src/livox/livox_sdk_vendor) by extension 'ignore'
[0.519s] Level 1:colcon.colcon_core.package_identification:_identify(src/livox/livox_sdk_vendor) by extension 'ignore_ament_install'
[0.519s] Level 1:colcon.colcon_core.package_identification:_identify(src/livox/livox_sdk_vendor) by extensions ['colcon_pkg']
[0.519s] Level 1:colcon.colcon_core.package_identification:_identify(src/livox/livox_sdk_vendor) by extension 'colcon_pkg'
[0.519s] Level 1:colcon.colcon_core.package_identification:_identify(src/livox/livox_sdk_vendor) by extensions ['colcon_meta']
[0.519s] Level 1:colcon.colcon_core.package_identification:_identify(src/livox/livox_sdk_vendor) by extension 'colcon_meta'
[0.519s] Level 1:colcon.colcon_core.package_identification:_identify(src/livox/livox_sdk_vendor) by extensions ['ros']
[0.519s] Level 1:colcon.colcon_core.package_identification:_identify(src/livox/livox_sdk_vendor) by extension 'ros'
[0.519s] DEBUG:colcon.colcon_core.package_identification:Package 'src/livox/livox_sdk_vendor' with type 'ros.ament_cmake' and name 'livox_sdk_vendor'
[0.519s] Level 1:colcon.colcon_core.package_identification:_identify(src/ublox) by extensions ['ignore', 'ignore_ament_install']
[0.520s] Level 1:colcon.colcon_core.package_identification:_identify(src/ublox) by extension 'ignore'
[0.520s] Level 1:colcon.colcon_core.package_identification:_identify(src/ublox) by extension 'ignore_ament_install'
[0.520s] Level 1:colcon.colcon_core.package_identification:_identify(src/ublox) by extensions ['colcon_pkg']
[0.520s] Level 1:colcon.colcon_core.package_identification:_identify(src/ublox) by extension 'colcon_pkg'
[0.520s] Level 1:colcon.colcon_core.package_identification:_identify(src/ublox) by extensions ['colcon_meta']
[0.520s] Level 1:colcon.colcon_core.package_identification:_identify(src/ublox) by extension 'colcon_meta'
[0.520s] Level 1:colcon.colcon_core.package_identification:_identify(src/ublox) by extensions ['ros']
[0.520s] Level 1:colcon.colcon_core.package_identification:_identify(src/ublox) by extension 'ros'
[0.520s] Level 1:colcon.colcon_core.package_identification:_identify(src/ublox) by extensions ['cmake', 'python']
[0.520s] Level 1:colcon.colcon_core.package_identification:_identify(src/ublox) by extension 'cmake'
[0.520s] Level 1:colcon.colcon_core.package_identification:_identify(src/ublox) by extension 'python'
[0.520s] Level 1:colcon.colcon_core.package_identification:_identify(src/ublox) by extensions ['python_setup_py']
[0.520s] Level 1:colcon.colcon_core.package_identification:_identify(src/ublox) by extension 'python_setup_py'
[0.520s] Level 1:colcon.colcon_core.package_identification:_identify(src/ublox/ublox) by extensions ['ignore', 'ignore_ament_install']
[0.520s] Level 1:colcon.colcon_core.package_identification:_identify(src/ublox/ublox) by extension 'ignore'
[0.520s] Level 1:colcon.colcon_core.package_identification:_identify(src/ublox/ublox) by extension 'ignore_ament_install'
[0.520s] Level 1:colcon.colcon_core.package_identification:_identify(src/ublox/ublox) by extensions ['colcon_pkg']
[0.520s] Level 1:colcon.colcon_core.package_identification:_identify(src/ublox/ublox) by extension 'colcon_pkg'
[0.520s] Level 1:colcon.colcon_core.package_identification:_identify(src/ublox/ublox) by extensions ['colcon_meta']
[0.520s] Level 1:colcon.colcon_core.package_identification:_identify(src/ublox/ublox) by extension 'colcon_meta'
[0.520s] Level 1:colcon.colcon_core.package_identification:_identify(src/ublox/ublox) by extensions ['ros']
[0.520s] Level 1:colcon.colcon_core.package_identification:_identify(src/ublox/ublox) by extension 'ros'
[0.521s] DEBUG:colcon.colcon_core.package_identification:Package 'src/ublox/ublox' with type 'ros.ament_cmake' and name 'ublox'
[0.521s] Level 1:colcon.colcon_core.package_identification:_identify(src/ublox/ublox_gps) by extensions ['ignore', 'ignore_ament_install']
[0.521s] Level 1:colcon.colcon_core.package_identification:_identify(src/ublox/ublox_gps) by extension 'ignore'
[0.521s] Level 1:colcon.colcon_core.package_identification:_identify(src/ublox/ublox_gps) by extension 'ignore_ament_install'
[0.521s] Level 1:colcon.colcon_core.package_identification:_identify(src/ublox/ublox_gps) by extensions ['colcon_pkg']
[0.521s] Level 1:colcon.colcon_core.package_identification:_identify(src/ublox/ublox_gps) by extension 'colcon_pkg'
[0.521s] Level 1:colcon.colcon_core.package_identification:_identify(src/ublox/ublox_gps) by extensions ['colcon_meta']
[0.521s] Level 1:colcon.colcon_core.package_identification:_identify(src/ublox/ublox_gps) by extension 'colcon_meta'
[0.521s] Level 1:colcon.colcon_core.package_identification:_identify(src/ublox/ublox_gps) by extensions ['ros']
[0.521s] Level 1:colcon.colcon_core.package_identification:_identify(src/ublox/ublox_gps) by extension 'ros'
[0.522s] DEBUG:colcon.colcon_core.package_identification:Package 'src/ublox/ublox_gps' with type 'ros.ament_cmake' and name 'ublox_gps'
[0.522s] Level 1:colcon.colcon_core.package_identification:_identify(src/ublox/ublox_msgs) by extensions ['ignore', 'ignore_ament_install']
[0.522s] Level 1:colcon.colcon_core.package_identification:_identify(src/ublox/ublox_msgs) by extension 'ignore'
[0.523s] Level 1:colcon.colcon_core.package_identification:_identify(src/ublox/ublox_msgs) by extension 'ignore_ament_install'
[0.523s] Level 1:colcon.colcon_core.package_identification:_identify(src/ublox/ublox_msgs) by extensions ['colcon_pkg']
[0.523s] Level 1:colcon.colcon_core.package_identification:_identify(src/ublox/ublox_msgs) by extension 'colcon_pkg'
[0.523s] Level 1:colcon.colcon_core.package_identification:_identify(src/ublox/ublox_msgs) by extensions ['colcon_meta']
[0.523s] Level 1:colcon.colcon_core.package_identification:_identify(src/ublox/ublox_msgs) by extension 'colcon_meta'
[0.523s] Level 1:colcon.colcon_core.package_identification:_identify(src/ublox/ublox_msgs) by extensions ['ros']
[0.523s] Level 1:colcon.colcon_core.package_identification:_identify(src/ublox/ublox_msgs) by extension 'ros'
[0.523s] DEBUG:colcon.colcon_core.package_identification:Package 'src/ublox/ublox_msgs' with type 'ros.ament_cmake' and name 'ublox_msgs'
[0.523s] Level 1:colcon.colcon_core.package_identification:_identify(src/ublox/ublox_serialization) by extensions ['ignore', 'ignore_ament_install']
[0.523s] Level 1:colcon.colcon_core.package_identification:_identify(src/ublox/ublox_serialization) by extension 'ignore'
[0.523s] Level 1:colcon.colcon_core.package_identification:_identify(src/ublox/ublox_serialization) by extension 'ignore_ament_install'
[0.523s] Level 1:colcon.colcon_core.package_identification:_identify(src/ublox/ublox_serialization) by extensions ['colcon_pkg']
[0.523s] Level 1:colcon.colcon_core.package_identification:_identify(src/ublox/ublox_serialization) by extension 'colcon_pkg'
[0.524s] Level 1:colcon.colcon_core.package_identification:_identify(src/ublox/ublox_serialization) by extensions ['colcon_meta']
[0.524s] Level 1:colcon.colcon_core.package_identification:_identify(src/ublox/ublox_serialization) by extension 'colcon_meta'
[0.524s] Level 1:colcon.colcon_core.package_identification:_identify(src/ublox/ublox_serialization) by extensions ['ros']
[0.524s] Level 1:colcon.colcon_core.package_identification:_identify(src/ublox/ublox_serialization) by extension 'ros'
[0.525s] DEBUG:colcon.colcon_core.package_identification:Package 'src/ublox/ublox_serialization' with type 'ros.ament_cmake' and name 'ublox_serialization'
[0.526s] Level 1:colcon.colcon_core.package_discovery:discover_packages(recursive) using defaults
[0.526s] Level 1:colcon.colcon_core.package_discovery:discover_packages(ignore) discover
[0.526s] Level 1:colcon.colcon_core.package_discovery:discover_packages(ignore) using defaults
[0.526s] Level 1:colcon.colcon_core.package_discovery:discover_packages(path) discover
[0.526s] Level 1:colcon.colcon_core.package_discovery:discover_packages(path) using defaults
[0.545s] Level 1:colcon.colcon_core.package_discovery:discover_packages(prefix_path) check parameters
[0.545s] Level 1:colcon.colcon_core.package_discovery:discover_packages(prefix_path) discover
[0.547s] DEBUG:colcon.colcon_installed_package_information.package_discovery:Found 263 installed packages in /opt/ros/foxy
[0.548s] Level 1:colcon.colcon_core.package_discovery:discover_packages(prefix_path) using defaults
[0.592s] Level 5:colcon.colcon_core.verb:set package 'geofence' build argument 'cmake_args' from command line to 'None'
[0.592s] Level 5:colcon.colcon_core.verb:set package 'geofence' build argument 'cmake_target' from command line to 'None'
[0.592s] Level 5:colcon.colcon_core.verb:set package 'geofence' build argument 'cmake_target_skip_unavailable' from command line to 'False'
[0.592s] Level 5:colcon.colcon_core.verb:set package 'geofence' build argument 'cmake_clean_cache' from command line to 'False'
[0.593s] Level 5:colcon.colcon_core.verb:set package 'geofence' build argument 'cmake_clean_first' from command line to 'False'
[0.593s] Level 5:colcon.colcon_core.verb:set package 'geofence' build argument 'cmake_force_configure' from command line to 'False'
[0.593s] Level 5:colcon.colcon_core.verb:set package 'geofence' build argument 'ament_cmake_args' from command line to 'None'
[0.593s] Level 5:colcon.colcon_core.verb:set package 'geofence' build argument 'catkin_cmake_args' from command line to 'None'
[0.593s] Level 5:colcon.colcon_core.verb:set package 'geofence' build argument 'catkin_skip_building_tests' from command line to 'False'
[0.593s] DEBUG:colcon.colcon_core.verb:Building package 'geofence' with the following arguments: {'ament_cmake_args': None, 'build_base': '/home/irobot/ros2_ws/build/geofence', 'catkin_cmake_args': None, 'catkin_skip_building_tests': False, 'cmake_args': None, 'cmake_clean_cache': False, 'cmake_clean_first': False, 'cmake_force_configure': False, 'cmake_target': None, 'cmake_target_skip_unavailable': False, 'install_base': '/home/irobot/ros2_ws/install/geofence', 'merge_install': False, 'path': '/home/irobot/ros2_ws/src/geofence', 'symlink_install': True, 'test_result_base': None}
[0.593s] Level 5:colcon.colcon_core.verb:set package 'livox_interfaces' build argument 'cmake_args' from command line to 'None'
[0.593s] Level 5:colcon.colcon_core.verb:set package 'livox_interfaces' build argument 'cmake_target' from command line to 'None'
[0.593s] Level 5:colcon.colcon_core.verb:set package 'livox_interfaces' build argument 'cmake_target_skip_unavailable' from command line to 'False'
[0.593s] Level 5:colcon.colcon_core.verb:set package 'livox_interfaces' build argument 'cmake_clean_cache' from command line to 'False'
[0.593s] Level 5:colcon.colcon_core.verb:set package 'livox_interfaces' build argument 'cmake_clean_first' from command line to 'False'
[0.593s] Level 5:colcon.colcon_core.verb:set package 'livox_interfaces' build argument 'cmake_force_configure' from command line to 'False'
[0.593s] Level 5:colcon.colcon_core.verb:set package 'livox_interfaces' build argument 'ament_cmake_args' from command line to 'None'
[0.593s] Level 5:colcon.colcon_core.verb:set package 'livox_interfaces' build argument 'catkin_cmake_args' from command line to 'None'
[0.593s] Level 5:colcon.colcon_core.verb:set package 'livox_interfaces' build argument 'catkin_skip_building_tests' from command line to 'False'
[0.593s] DEBUG:colcon.colcon_core.verb:Building package 'livox_interfaces' with the following arguments: {'ament_cmake_args': None, 'build_base': '/home/irobot/ros2_ws/build/livox_interfaces', 'catkin_cmake_args': None, 'catkin_skip_building_tests': False, 'cmake_args': None, 'cmake_clean_cache': False, 'cmake_clean_first': False, 'cmake_force_configure': False, 'cmake_target': None, 'cmake_target_skip_unavailable': False, 'install_base': '/home/irobot/ros2_ws/install/livox_interfaces', 'merge_install': False, 'path': '/home/irobot/ros2_ws/src/livox/livox_interfaces', 'symlink_install': True, 'test_result_base': None}
[0.593s] Level 5:colcon.colcon_core.verb:set package 'livox_sdk_vendor' build argument 'cmake_args' from command line to 'None'
[0.593s] Level 5:colcon.colcon_core.verb:set package 'livox_sdk_vendor' build argument 'cmake_target' from command line to 'None'
[0.593s] Level 5:colcon.colcon_core.verb:set package 'livox_sdk_vendor' build argument 'cmake_target_skip_unavailable' from command line to 'False'
[0.593s] Level 5:colcon.colcon_core.verb:set package 'livox_sdk_vendor' build argument 'cmake_clean_cache' from command line to 'False'
[0.594s] Level 5:colcon.colcon_core.verb:set package 'livox_sdk_vendor' build argument 'cmake_clean_first' from command line to 'False'
[0.594s] Level 5:colcon.colcon_core.verb:set package 'livox_sdk_vendor' build argument 'cmake_force_configure' from command line to 'False'
[0.594s] Level 5:colcon.colcon_core.verb:set package 'livox_sdk_vendor' build argument 'ament_cmake_args' from command line to 'None'
[0.594s] Level 5:colcon.colcon_core.verb:set package 'livox_sdk_vendor' build argument 'catkin_cmake_args' from command line to 'None'
[0.594s] Level 5:colcon.colcon_core.verb:set package 'livox_sdk_vendor' build argument 'catkin_skip_building_tests' from command line to 'False'
[0.594s] DEBUG:colcon.colcon_core.verb:Building package 'livox_sdk_vendor' with the following arguments: {'ament_cmake_args': None, 'build_base': '/home/irobot/ros2_ws/build/livox_sdk_vendor', 'catkin_cmake_args': None, 'catkin_skip_building_tests': False, 'cmake_args': None, 'cmake_clean_cache': False, 'cmake_clean_first': False, 'cmake_force_configure': False, 'cmake_target': None, 'cmake_target_skip_unavailable': False, 'install_base': '/home/irobot/ros2_ws/install/livox_sdk_vendor', 'merge_install': False, 'path': '/home/irobot/ros2_ws/src/livox/livox_sdk_vendor', 'symlink_install': True, 'test_result_base': None}
[0.594s] Level 5:colcon.colcon_core.verb:set package 'ublox_serialization' build argument 'cmake_args' from command line to 'None'
[0.594s] Level 5:colcon.colcon_core.verb:set package 'ublox_serialization' build argument 'cmake_target' from command line to 'None'
[0.594s] Level 5:colcon.colcon_core.verb:set package 'ublox_serialization' build argument 'cmake_target_skip_unavailable' from command line to 'False'
[0.594s] Level 5:colcon.colcon_core.verb:set package 'ublox_serialization' build argument 'cmake_clean_cache' from command line to 'False'
[0.594s] Level 5:colcon.colcon_core.verb:set package 'ublox_serialization' build argument 'cmake_clean_first' from command line to 'False'
[0.594s] Level 5:colcon.colcon_core.verb:set package 'ublox_serialization' build argument 'cmake_force_configure' from command line to 'False'
[0.594s] Level 5:colcon.colcon_core.verb:set package 'ublox_serialization' build argument 'ament_cmake_args' from command line to 'None'
[0.594s] Level 5:colcon.colcon_core.verb:set package 'ublox_serialization' build argument 'catkin_cmake_args' from command line to 'None'
[0.594s] Level 5:colcon.colcon_core.verb:set package 'ublox_serialization' build argument 'catkin_skip_building_tests' from command line to 'False'
[0.594s] DEBUG:colcon.colcon_core.verb:Building package 'ublox_serialization' with the following arguments: {'ament_cmake_args': None, 'build_base': '/home/irobot/ros2_ws/build/ublox_serialization', 'catkin_cmake_args': None, 'catkin_skip_building_tests': False, 'cmake_args': None, 'cmake_clean_cache': False, 'cmake_clean_first': False, 'cmake_force_configure': False, 'cmake_target': None, 'cmake_target_skip_unavailable': False, 'install_base': '/home/irobot/ros2_ws/install/ublox_serialization', 'merge_install': False, 'path': '/home/irobot/ros2_ws/src/ublox/ublox_serialization', 'symlink_install': True, 'test_result_base': None}
[0.594s] Level 5:colcon.colcon_core.verb:set package 'livox_ros2_driver' build argument 'cmake_args' from command line to 'None'
[0.594s] Level 5:colcon.colcon_core.verb:set package 'livox_ros2_driver' build argument 'cmake_target' from command line to 'None'
[0.594s] Level 5:colcon.colcon_core.verb:set package 'livox_ros2_driver' build argument 'cmake_target_skip_unavailable' from command line to 'False'
[0.594s] Level 5:colcon.colcon_core.verb:set package 'livox_ros2_driver' build argument 'cmake_clean_cache' from command line to 'False'
[0.594s] Level 5:colcon.colcon_core.verb:set package 'livox_ros2_driver' build argument 'cmake_clean_first' from command line to 'False'
[0.594s] Level 5:colcon.colcon_core.verb:set package 'livox_ros2_driver' build argument 'cmake_force_configure' from command line to 'False'
[0.594s] Level 5:colcon.colcon_core.verb:set package 'livox_ros2_driver' build argument 'ament_cmake_args' from command line to 'None'
[0.595s] Level 5:colcon.colcon_core.verb:set package 'livox_ros2_driver' build argument 'catkin_cmake_args' from command line to 'None'
[0.595s] Level 5:colcon.colcon_core.verb:set package 'livox_ros2_driver' build argument 'catkin_skip_building_tests' from command line to 'False'
[0.595s] DEBUG:colcon.colcon_core.verb:Building package 'livox_ros2_driver' with the following arguments: {'ament_cmake_args': None, 'build_base': '/home/irobot/ros2_ws/build/livox_ros2_driver', 'catkin_cmake_args': None, 'catkin_skip_building_tests': False, 'cmake_args': None, 'cmake_clean_cache': False, 'cmake_clean_first': False, 'cmake_force_configure': False, 'cmake_target': None, 'cmake_target_skip_unavailable': False, 'install_base': '/home/irobot/ros2_ws/install/livox_ros2_driver', 'merge_install': False, 'path': '/home/irobot/ros2_ws/src/livox/livox_ros2_driver', 'symlink_install': True, 'test_result_base': None}
[0.595s] Level 5:colcon.colcon_core.verb:set package 'ublox_msgs' build argument 'cmake_args' from command line to 'None'
[0.595s] Level 5:colcon.colcon_core.verb:set package 'ublox_msgs' build argument 'cmake_target' from command line to 'None'
[0.595s] Level 5:colcon.colcon_core.verb:set package 'ublox_msgs' build argument 'cmake_target_skip_unavailable' from command line to 'False'
[0.595s] Level 5:colcon.colcon_core.verb:set package 'ublox_msgs' build argument 'cmake_clean_cache' from command line to 'False'
[0.595s] Level 5:colcon.colcon_core.verb:set package 'ublox_msgs' build argument 'cmake_clean_first' from command line to 'False'
[0.595s] Level 5:colcon.colcon_core.verb:set package 'ublox_msgs' build argument 'cmake_force_configure' from command line to 'False'
[0.595s] Level 5:colcon.colcon_core.verb:set package 'ublox_msgs' build argument 'ament_cmake_args' from command line to 'None'
[0.595s] Level 5:colcon.colcon_core.verb:set package 'ublox_msgs' build argument 'catkin_cmake_args' from command line to 'None'
[0.595s] Level 5:colcon.colcon_core.verb:set package 'ublox_msgs' build argument 'catkin_skip_building_tests' from command line to 'False'
[0.595s] DEBUG:colcon.colcon_core.verb:Building package 'ublox_msgs' with the following arguments: {'ament_cmake_args': None, 'build_base': '/home/irobot/ros2_ws/build/ublox_msgs', 'catkin_cmake_args': None, 'catkin_skip_building_tests': False, 'cmake_args': None, 'cmake_clean_cache': False, 'cmake_clean_first': False, 'cmake_force_configure': False, 'cmake_target': None, 'cmake_target_skip_unavailable': False, 'install_base': '/home/irobot/ros2_ws/install/ublox_msgs', 'merge_install': False, 'path': '/home/irobot/ros2_ws/src/ublox/ublox_msgs', 'symlink_install': True, 'test_result_base': None}
[0.595s] Level 5:colcon.colcon_core.verb:set package 'ublox_gps' build argument 'cmake_args' from command line to 'None'
[0.595s] Level 5:colcon.colcon_core.verb:set package 'ublox_gps' build argument 'cmake_target' from command line to 'None'
[0.595s] Level 5:colcon.colcon_core.verb:set package 'ublox_gps' build argument 'cmake_target_skip_unavailable' from command line to 'False'
[0.595s] Level 5:colcon.colcon_core.verb:set package 'ublox_gps' build argument 'cmake_clean_cache' from command line to 'False'
[0.595s] Level 5:colcon.colcon_core.verb:set package 'ublox_gps' build argument 'cmake_clean_first' from command line to 'False'
[0.595s] Level 5:colcon.colcon_core.verb:set package 'ublox_gps' build argument 'cmake_force_configure' from command line to 'False'
[0.595s] Level 5:colcon.colcon_core.verb:set package 'ublox_gps' build argument 'ament_cmake_args' from command line to 'None'
[0.595s] Level 5:colcon.colcon_core.verb:set package 'ublox_gps' build argument 'catkin_cmake_args' from command line to 'None'
[0.595s] Level 5:colcon.colcon_core.verb:set package 'ublox_gps' build argument 'catkin_skip_building_tests' from command line to 'False'
[0.595s] DEBUG:colcon.colcon_core.verb:Building package 'ublox_gps' with the following arguments: {'ament_cmake_args': None, 'build_base': '/home/irobot/ros2_ws/build/ublox_gps', 'catkin_cmake_args': None, 'catkin_skip_building_tests': False, 'cmake_args': None, 'cmake_clean_cache': False, 'cmake_clean_first': False, 'cmake_force_configure': False, 'cmake_target': None, 'cmake_target_skip_unavailable': False, 'install_base': '/home/irobot/ros2_ws/install/ublox_gps', 'merge_install': False, 'path': '/home/irobot/ros2_ws/src/ublox/ublox_gps', 'symlink_install': True, 'test_result_base': None}
[0.596s] Level 5:colcon.colcon_core.verb:set package 'ublox' build argument 'cmake_args' from command line to 'None'
[0.596s] Level 5:colcon.colcon_core.verb:set package 'ublox' build argument 'cmake_target' from command line to 'None'
[0.596s] Level 5:colcon.colcon_core.verb:set package 'ublox' build argument 'cmake_target_skip_unavailable' from command line to 'False'
[0.596s] Level 5:colcon.colcon_core.verb:set package 'ublox' build argument 'cmake_clean_cache' from command line to 'False'
[0.596s] Level 5:colcon.colcon_core.verb:set package 'ublox' build argument 'cmake_clean_first' from command line to 'False'
[0.596s] Level 5:colcon.colcon_core.verb:set package 'ublox' build argument 'cmake_force_configure' from command line to 'False'
[0.596s] Level 5:colcon.colcon_core.verb:set package 'ublox' build argument 'ament_cmake_args' from command line to 'None'
[0.596s] Level 5:colcon.colcon_core.verb:set package 'ublox' build argument 'catkin_cmake_args' from command line to 'None'
[0.596s] Level 5:colcon.colcon_core.verb:set package 'ublox' build argument 'catkin_skip_building_tests' from command line to 'False'
[0.596s] DEBUG:colcon.colcon_core.verb:Building package 'ublox' with the following arguments: {'ament_cmake_args': None, 'build_base': '/home/irobot/ros2_ws/build/ublox', 'catkin_cmake_args': None, 'catkin_skip_building_tests': False, 'cmake_args': None, 'cmake_clean_cache': False, 'cmake_clean_first': False, 'cmake_force_configure': False, 'cmake_target': None, 'cmake_target_skip_unavailable': False, 'install_base': '/home/irobot/ros2_ws/install/ublox', 'merge_install': False, 'path': '/home/irobot/ros2_ws/src/ublox/ublox', 'symlink_install': True, 'test_result_base': None}
[0.596s] INFO:colcon.colcon_core.executor:Executing jobs using 'parallel' executor
[0.597s] DEBUG:colcon.colcon_parallel_executor.executor.parallel:run_until_complete
[0.597s] INFO:colcon.colcon_ros.task.ament_cmake.build:Building ROS package in '/home/irobot/ros2_ws/src/ublox/ublox_serialization' with build type 'ament_cmake'
[0.597s] INFO:colcon.colcon_cmake.task.cmake.build:Building CMake package in '/home/irobot/ros2_ws/src/ublox/ublox_serialization'
[0.599s] INFO:colcon.colcon_core.plugin_system:Skipping extension 'colcon_core.shell.bat': Not used on non-Windows systems
[0.599s] INFO:colcon.colcon_core.shell:Skip shell extension 'powershell' for command environment: Not usable outside of PowerShell
[0.599s] DEBUG:colcon.colcon_core.shell:Skip shell extension 'dsv' for command environment
[0.627s] INFO:colcon.colcon_ros.task.ament_cmake.build:Building ROS package in '/home/irobot/ros2_ws/src/livox/livox_interfaces' with build type 'ament_cmake'
[0.627s] INFO:colcon.colcon_cmake.task.cmake.build:Building CMake package in '/home/irobot/ros2_ws/src/livox/livox_interfaces'
[0.628s] INFO:colcon.colcon_core.shell:Skip shell extension 'powershell' for command environment: Not usable outside of PowerShell
[0.628s] DEBUG:colcon.colcon_core.shell:Skip shell extension 'dsv' for command environment
[0.677s] INFO:colcon.colcon_ros.task.ament_cmake.build:Building ROS package in '/home/irobot/ros2_ws/src/livox/livox_sdk_vendor' with build type 'ament_cmake'
[0.678s] INFO:colcon.colcon_cmake.task.cmake.build:Building CMake package in '/home/irobot/ros2_ws/src/livox/livox_sdk_vendor'
[0.678s] INFO:colcon.colcon_core.shell:Skip shell extension 'powershell' for command environment: Not usable outside of PowerShell
[0.678s] DEBUG:colcon.colcon_core.shell:Skip shell extension 'dsv' for command environment
[0.728s] INFO:colcon.colcon_ros.task.ament_python.build:Building ROS package in '/home/irobot/ros2_ws/src/geofence' with build type 'ament_python'
[0.729s] Level 1:colcon.colcon_core.shell:create_environment_hook('geofence', 'ament_prefix_path')
[0.730s] INFO:colcon.colcon_core.shell:Creating environment hook '/home/irobot/ros2_ws/install/geofence/share/geofence/hook/ament_prefix_path.ps1'
[0.787s] INFO:colcon.colcon_core.shell:Creating environment descriptor '/home/irobot/ros2_ws/install/geofence/share/geofence/hook/ament_prefix_path.dsv'
[0.854s] INFO:colcon.colcon_core.shell:Creating environment hook '/home/irobot/ros2_ws/install/geofence/share/geofence/hook/ament_prefix_path.sh'
[0.920s] INFO:colcon.colcon_core.shell:Skip shell extension 'powershell' for command environment: Not usable outside of PowerShell
[0.920s] DEBUG:colcon.colcon_core.shell:Skip shell extension 'dsv' for command environment
[1.128s] DEBUG:colcon.colcon_core.event_handler.log_command:Invoking command in '/home/irobot/ros2_ws/build/ublox_serialization': CMAKE_PREFIX_PATH=/opt/ros/foxy /usr/bin/cmake --build /home/irobot/ros2_ws/build/ublox_serialization -- -j8 -l8
[1.159s] DEBUG:colcon.colcon_core.event_handler.log_command:Invoking command in '/home/irobot/ros2_ws/build/livox_interfaces': CMAKE_PREFIX_PATH=/opt/ros/foxy /usr/bin/cmake --build /home/irobot/ros2_ws/build/livox_interfaces -- -j8 -l8
[1.178s] DEBUG:colcon.colcon_core.event_handler.log_command:Invoking command in '/home/irobot/ros2_ws/build/livox_sdk_vendor': CMAKE_PREFIX_PATH=/opt/ros/foxy /usr/bin/cmake --build /home/irobot/ros2_ws/build/livox_sdk_vendor -- -j8 -l8
[1.447s] INFO:colcon.colcon_core.task.python.build:Building Python package in '/home/irobot/ros2_ws/src/geofence'
[1.448s] INFO:colcon.colcon_core.shell:Skip shell extension 'powershell' for command environment: Not usable outside of PowerShell
[1.448s] DEBUG:colcon.colcon_core.shell:Skip shell extension 'dsv' for command environment
[1.468s] DEBUG:colcon.colcon_core.event_handler.log_command:Invoked command in '/home/irobot/ros2_ws/build/ublox_serialization' returned '0': CMAKE_PREFIX_PATH=/opt/ros/foxy /usr/bin/cmake --build /home/irobot/ros2_ws/build/ublox_serialization -- -j8 -l8
[1.475s] DEBUG:colcon.colcon_core.event_handler.log_command:Invoked command in '/home/irobot/ros2_ws/build/livox_interfaces' returned '0': CMAKE_PREFIX_PATH=/opt/ros/foxy /usr/bin/cmake --build /home/irobot/ros2_ws/build/livox_interfaces -- -j8 -l8
[1.633s] DEBUG:colcon.colcon_core.event_handler.log_command:Invoking command in '/home/irobot/ros2_ws/build/ublox_serialization': CMAKE_PREFIX_PATH=/opt/ros/foxy /usr/bin/cmake --install /home/irobot/ros2_ws/build/ublox_serialization
[1.636s] DEBUG:colcon.colcon_core.event_handler.log_command:Invoking command in '/home/irobot/ros2_ws/build/livox_interfaces': CMAKE_PREFIX_PATH=/opt/ros/foxy /usr/bin/cmake --install /home/irobot/ros2_ws/build/livox_interfaces
[1.669s] Level 1:colcon.colcon_core.environment:create_environment_scripts_only(ublox_serialization)
[1.671s] DEBUG:colcon.colcon_core.event_handler.log_command:Invoked command in '/home/irobot/ros2_ws/build/ublox_serialization' returned '0': CMAKE_PREFIX_PATH=/opt/ros/foxy /usr/bin/cmake --install /home/irobot/ros2_ws/build/ublox_serialization
[1.673s] Level 1:colcon.colcon_core.environment:checking '/home/irobot/ros2_ws/install/ublox_serialization' for CMake module files
[1.674s] Level 1:colcon.colcon_core.environment:checking '/home/irobot/ros2_ws/install/ublox_serialization' for CMake config files
[1.675s] Level 1:colcon.colcon_core.shell:create_environment_hook('ublox_serialization', 'cmake_prefix_path')
[1.675s] INFO:colcon.colcon_core.shell:Creating environment hook '/home/irobot/ros2_ws/install/ublox_serialization/share/ublox_serialization/hook/cmake_prefix_path.ps1'
[1.716s] INFO:colcon.colcon_core.shell:Creating environment descriptor '/home/irobot/ros2_ws/install/ublox_serialization/share/ublox_serialization/hook/cmake_prefix_path.dsv'
[1.797s] INFO:colcon.colcon_core.shell:Creating environment hook '/home/irobot/ros2_ws/install/ublox_serialization/share/ublox_serialization/hook/cmake_prefix_path.sh'
[1.798s] Level 1:colcon.colcon_core.environment:checking '/home/irobot/ros2_ws/install/ublox_serialization/bin'
[1.798s] Level 1:colcon.colcon_core.environment:checking '/home/irobot/ros2_ws/install/ublox_serialization/lib/pkgconfig/ublox_serialization.pc'
[1.799s] Level 1:colcon.colcon_core.environment:checking '/home/irobot/ros2_ws/install/ublox_serialization/lib/python3.8/site-packages'
[1.799s] Level 1:colcon.colcon_core.environment:checking '/home/irobot/ros2_ws/install/ublox_serialization/bin'
[1.800s] INFO:colcon.colcon_core.shell:Creating package script '/home/irobot/ros2_ws/install/ublox_serialization/share/ublox_serialization/package.ps1'
[1.947s] INFO:colcon.colcon_core.shell:Creating package descriptor '/home/irobot/ros2_ws/install/ublox_serialization/share/ublox_serialization/package.dsv'
[1.949s] INFO:colcon.colcon_core.shell:Creating package script '/home/irobot/ros2_ws/install/ublox_serialization/share/ublox_serialization/package.sh'
[2.109s] INFO:colcon.colcon_core.shell:Creating package script '/home/irobot/ros2_ws/install/ublox_serialization/share/ublox_serialization/package.bash'
[2.253s] INFO:colcon.colcon_core.shell:Creating package script '/home/irobot/ros2_ws/install/ublox_serialization/share/ublox_serialization/package.zsh'
[2.398s] Level 1:colcon.colcon_core.environment:create_file_with_runtime_dependencies(/home/irobot/ros2_ws/install/ublox_serialization/share/colcon-core/packages/ublox_serialization)
[2.409s] DEBUG:colcon.colcon_core.event_handler.log_command:Invoking command in '/home/irobot/ros2_ws/build/geofence': PYTHONPATH=/home/irobot/ros2_ws/build/geofence/prefix_override:/home/irobot/ros2_ws/install/geofence/lib/python3.8/site-packages:${PYTHONPATH} /usr/bin/python3 -W ignore:setup.py install is deprecated setup.py develop --editable --build-directory /home/irobot/ros2_ws/build/geofence/build --no-deps symlink_data
[2.410s] Level 1:colcon.colcon_core.environment:create_environment_scripts_only(livox_interfaces)
[2.411s] Level 1:colcon.colcon_core.environment:checking '/home/irobot/ros2_ws/install/livox_interfaces' for CMake module files
[2.412s] DEBUG:colcon.colcon_core.event_handler.log_command:Invoked command in '/home/irobot/ros2_ws/build/livox_interfaces' returned '0': CMAKE_PREFIX_PATH=/opt/ros/foxy /usr/bin/cmake --install /home/irobot/ros2_ws/build/livox_interfaces
[2.412s] Level 1:colcon.colcon_core.environment:checking '/home/irobot/ros2_ws/install/livox_interfaces' for CMake config files
[2.413s] Level 1:colcon.colcon_core.shell:create_environment_hook('livox_interfaces', 'cmake_prefix_path')
[2.414s] INFO:colcon.colcon_core.shell:Creating environment hook '/home/irobot/ros2_ws/install/livox_interfaces/share/livox_interfaces/hook/cmake_prefix_path.ps1'
[2.605s] INFO:colcon.colcon_core.shell:Creating environment descriptor '/home/irobot/ros2_ws/install/livox_interfaces/share/livox_interfaces/hook/cmake_prefix_path.dsv'
[2.606s] INFO:colcon.colcon_core.shell:Creating environment hook '/home/irobot/ros2_ws/install/livox_interfaces/share/livox_interfaces/hook/cmake_prefix_path.sh'
[2.713s] Level 1:colcon.colcon_core.environment:checking '/home/irobot/ros2_ws/install/livox_interfaces/lib'
[2.714s] Level 1:colcon.colcon_core.shell:create_environment_hook('livox_interfaces', 'ld_library_path_lib')
[2.714s] INFO:colcon.colcon_core.shell:Creating environment hook '/home/irobot/ros2_ws/install/livox_interfaces/share/livox_interfaces/hook/ld_library_path_lib.ps1'
[2.937s] INFO:colcon.colcon_core.shell:Creating environment descriptor '/home/irobot/ros2_ws/install/livox_interfaces/share/livox_interfaces/hook/ld_library_path_lib.dsv'
[3.030s] INFO:colcon.colcon_core.shell:Creating environment hook '/home/irobot/ros2_ws/install/livox_interfaces/share/livox_interfaces/hook/ld_library_path_lib.sh'
[3.253s] Level 1:colcon.colcon_core.environment:checking '/home/irobot/ros2_ws/install/livox_interfaces/bin'
[3.253s] Level 1:colcon.colcon_core.environment:checking '/home/irobot/ros2_ws/install/livox_interfaces/lib/pkgconfig/livox_interfaces.pc'
[3.254s] Level 1:colcon.colcon_core.environment:checking '/home/irobot/ros2_ws/install/livox_interfaces/lib/python3.8/site-packages'
[3.254s] Level 1:colcon.colcon_core.shell:create_environment_hook('livox_interfaces', 'pythonpath')
[3.254s] INFO:colcon.colcon_core.shell:Creating environment hook '/home/irobot/ros2_ws/install/livox_interfaces/share/livox_interfaces/hook/pythonpath.ps1'
[3.316s] INFO:colcon.colcon_core.shell:Creating environment descriptor '/home/irobot/ros2_ws/install/livox_interfaces/share/livox_interfaces/hook/pythonpath.dsv'
[3.373s] INFO:colcon.colcon_core.shell:Creating environment hook '/home/irobot/ros2_ws/install/livox_interfaces/share/livox_interfaces/hook/pythonpath.sh'
[3.444s] Level 1:colcon.colcon_core.environment:checking '/home/irobot/ros2_ws/install/livox_interfaces/bin'
[3.445s] INFO:colcon.colcon_core.shell:Creating package script '/home/irobot/ros2_ws/install/livox_interfaces/share/livox_interfaces/package.ps1'
[3.538s] INFO:colcon.colcon_core.shell:Creating package descriptor '/home/irobot/ros2_ws/install/livox_interfaces/share/livox_interfaces/package.dsv'
[3.539s] INFO:colcon.colcon_core.shell:Creating package script '/home/irobot/ros2_ws/install/livox_interfaces/share/livox_interfaces/package.sh'
[3.711s] INFO:colcon.colcon_core.shell:Creating package script '/home/irobot/ros2_ws/install/livox_interfaces/share/livox_interfaces/package.bash'
[3.806s] INFO:colcon.colcon_core.shell:Creating package script '/home/irobot/ros2_ws/install/livox_interfaces/share/livox_interfaces/package.zsh'
[3.968s] Level 1:colcon.colcon_core.environment:create_file_with_runtime_dependencies(/home/irobot/ros2_ws/install/livox_interfaces/share/colcon-core/packages/livox_interfaces)
[3.974s] Level 1:colcon.colcon_core.environment:create_environment_scripts_only(ublox_serialization)
[3.976s] Level 1:colcon.colcon_core.environment:checking '/home/irobot/ros2_ws/install/ublox_serialization' for CMake module files
[3.978s] Level 1:colcon.colcon_core.environment:checking '/home/irobot/ros2_ws/install/ublox_serialization' for CMake config files
[3.979s] Level 1:colcon.colcon_core.shell:create_environment_hook('ublox_serialization', 'cmake_prefix_path')
[3.980s] INFO:colcon.colcon_core.shell:Creating environment hook '/home/irobot/ros2_ws/install/ublox_serialization/share/ublox_serialization/hook/cmake_prefix_path.ps1'
[4.208s] INFO:colcon.colcon_core.shell:Creating environment descriptor '/home/irobot/ros2_ws/install/ublox_serialization/share/ublox_serialization/hook/cmake_prefix_path.dsv'
[4.209s] INFO:colcon.colcon_core.shell:Creating environment hook '/home/irobot/ros2_ws/install/ublox_serialization/share/ublox_serialization/hook/cmake_prefix_path.sh'
[4.360s] Level 1:colcon.colcon_core.environment:checking '/home/irobot/ros2_ws/install/ublox_serialization/bin'
[4.360s] Level 1:colcon.colcon_core.environment:checking '/home/irobot/ros2_ws/install/ublox_serialization/lib/pkgconfig/ublox_serialization.pc'
[4.361s] Level 1:colcon.colcon_core.environment:checking '/home/irobot/ros2_ws/install/ublox_serialization/lib/python3.8/site-packages'
[4.361s] Level 1:colcon.colcon_core.environment:checking '/home/irobot/ros2_ws/install/ublox_serialization/bin'
[4.362s] INFO:colcon.colcon_core.shell:Creating package script '/home/irobot/ros2_ws/install/ublox_serialization/share/ublox_serialization/package.ps1'
[4.455s] INFO:colcon.colcon_core.shell:Creating package descriptor '/home/irobot/ros2_ws/install/ublox_serialization/share/ublox_serialization/package.dsv'
[4.618s] INFO:colcon.colcon_core.shell:Creating package script '/home/irobot/ros2_ws/install/ublox_serialization/share/ublox_serialization/package.sh'
[4.619s] INFO:colcon.colcon_core.shell:Creating package script '/home/irobot/ros2_ws/install/ublox_serialization/share/ublox_serialization/package.bash'
[4.620s] INFO:colcon.colcon_core.shell:Creating package script '/home/irobot/ros2_ws/install/ublox_serialization/share/ublox_serialization/package.zsh'
[4.733s] Level 1:colcon.colcon_core.environment:create_file_with_runtime_dependencies(/home/irobot/ros2_ws/install/ublox_serialization/share/colcon-core/packages/ublox_serialization)
[4.735s] INFO:colcon.colcon_ros.task.ament_cmake.build:Building ROS package in '/home/irobot/ros2_ws/src/ublox/ublox_msgs' with build type 'ament_cmake'
[4.736s] INFO:colcon.colcon_cmake.task.cmake.build:Building CMake package in '/home/irobot/ros2_ws/src/ublox/ublox_msgs'
[4.737s] INFO:colcon.colcon_core.shell:Skip shell extension 'powershell' for command environment: Not usable outside of PowerShell
[4.737s] DEBUG:colcon.colcon_core.shell:Skip shell extension 'dsv' for command environment
[4.744s] Level 1:colcon.colcon_core.shell:create_environment_hook('geofence', 'pythonpath_develop')
[4.745s] INFO:colcon.colcon_core.shell:Creating environment hook '/home/irobot/ros2_ws/build/geofence/share/geofence/hook/pythonpath_develop.ps1'
[4.746s] DEBUG:colcon.colcon_core.event_handler.log_command:Invoked command in '/home/irobot/ros2_ws/build/geofence' returned '0': PYTHONPATH=/home/irobot/ros2_ws/build/geofence/prefix_override:/home/irobot/ros2_ws/install/geofence/lib/python3.8/site-packages:${PYTHONPATH} /usr/bin/python3 -W ignore:setup.py install is deprecated setup.py develop --editable --build-directory /home/irobot/ros2_ws/build/geofence/build --no-deps symlink_data
[4.746s] INFO:colcon.colcon_core.shell:Creating environment descriptor '/home/irobot/ros2_ws/build/geofence/share/geofence/hook/pythonpath_develop.dsv'
[4.746s] INFO:colcon.colcon_core.shell:Creating environment hook '/home/irobot/ros2_ws/build/geofence/share/geofence/hook/pythonpath_develop.sh'
[4.747s] Level 1:colcon.colcon_core.environment:checking '/home/irobot/ros2_ws/install/geofence' for CMake module files
[4.747s] Level 1:colcon.colcon_core.environment:checking '/home/irobot/ros2_ws/install/geofence' for CMake config files
[4.748s] Level 1:colcon.colcon_core.environment:checking '/home/irobot/ros2_ws/install/geofence/lib'
[4.748s] Level 1:colcon.colcon_core.environment:checking '/home/irobot/ros2_ws/install/geofence/bin'
[4.748s] Level 1:colcon.colcon_core.environment:checking '/home/irobot/ros2_ws/install/geofence/lib/pkgconfig/geofence.pc'
[4.748s] Level 1:colcon.colcon_core.environment:checking '/home/irobot/ros2_ws/install/geofence/lib/python3.8/site-packages'
[4.748s] Level 1:colcon.colcon_core.shell:create_environment_hook('geofence', 'pythonpath')
[4.748s] INFO:colcon.colcon_core.shell:Creating environment hook '/home/irobot/ros2_ws/install/geofence/share/geofence/hook/pythonpath.ps1'
[4.749s] INFO:colcon.colcon_core.shell:Creating environment descriptor '/home/irobot/ros2_ws/install/geofence/share/geofence/hook/pythonpath.dsv'
[4.749s] INFO:colcon.colcon_core.shell:Creating environment hook '/home/irobot/ros2_ws/install/geofence/share/geofence/hook/pythonpath.sh'
[4.749s] Level 1:colcon.colcon_core.environment:checking '/home/irobot/ros2_ws/install/geofence/bin'
[4.749s] Level 1:colcon.colcon_core.environment:create_environment_scripts_only(geofence)
[4.750s] INFO:colcon.colcon_core.shell:Creating package script '/home/irobot/ros2_ws/install/geofence/share/geofence/package.ps1'
[4.750s] INFO:colcon.colcon_core.shell:Creating package descriptor '/home/irobot/ros2_ws/install/geofence/share/geofence/package.dsv'
[4.750s] INFO:colcon.colcon_core.shell:Creating package script '/home/irobot/ros2_ws/install/geofence/share/geofence/package.sh'
[4.751s] INFO:colcon.colcon_core.shell:Creating package script '/home/irobot/ros2_ws/install/geofence/share/geofence/package.bash'
[4.751s] INFO:colcon.colcon_core.shell:Creating package script '/home/irobot/ros2_ws/install/geofence/share/geofence/package.zsh'
[4.751s] Level 1:colcon.colcon_core.environment:create_file_with_runtime_dependencies(/home/irobot/ros2_ws/install/geofence/share/colcon-core/packages/geofence)
[4.755s] DEBUG:colcon.colcon_core.event_handler.log_command:Invoked command in '/home/irobot/ros2_ws/build/livox_sdk_vendor' returned '0': CMAKE_PREFIX_PATH=/opt/ros/foxy /usr/bin/cmake --build /home/irobot/ros2_ws/build/livox_sdk_vendor -- -j8 -l8
[4.756s] Level 1:colcon.colcon_core.environment:create_environment_scripts_only(livox_interfaces)
[4.756s] Level 1:colcon.colcon_core.environment:checking '/home/irobot/ros2_ws/install/livox_interfaces' for CMake module files
[4.756s] Level 1:colcon.colcon_core.environment:checking '/home/irobot/ros2_ws/install/livox_interfaces' for CMake config files
[4.757s] Level 1:colcon.colcon_core.shell:create_environment_hook('livox_interfaces', 'cmake_prefix_path')
[4.757s] INFO:colcon.colcon_core.shell:Creating environment hook '/home/irobot/ros2_ws/install/livox_interfaces/share/livox_interfaces/hook/cmake_prefix_path.ps1'
[4.758s] INFO:colcon.colcon_core.shell:Creating environment descriptor '/home/irobot/ros2_ws/install/livox_interfaces/share/livox_interfaces/hook/cmake_prefix_path.dsv'
[4.758s] INFO:colcon.colcon_core.shell:Creating environment hook '/home/irobot/ros2_ws/install/livox_interfaces/share/livox_interfaces/hook/cmake_prefix_path.sh'
[4.761s] Level 1:colcon.colcon_core.environment:checking '/home/irobot/ros2_ws/install/livox_interfaces/lib'
[4.762s] Level 1:colcon.colcon_core.shell:create_environment_hook('livox_interfaces', 'ld_library_path_lib')
[4.762s] INFO:colcon.colcon_core.shell:Creating environment hook '/home/irobot/ros2_ws/install/livox_interfaces/share/livox_interfaces/hook/ld_library_path_lib.ps1'
[4.762s] INFO:colcon.colcon_core.shell:Creating environment descriptor '/home/irobot/ros2_ws/install/livox_interfaces/share/livox_interfaces/hook/ld_library_path_lib.dsv'
[4.763s] INFO:colcon.colcon_core.shell:Creating environment hook '/home/irobot/ros2_ws/install/livox_interfaces/share/livox_interfaces/hook/ld_library_path_lib.sh'
[4.763s] Level 1:colcon.colcon_core.environment:checking '/home/irobot/ros2_ws/install/livox_interfaces/bin'
[4.764s] Level 1:colcon.colcon_core.environment:checking '/home/irobot/ros2_ws/install/livox_interfaces/lib/pkgconfig/livox_interfaces.pc'
[4.764s] Level 1:colcon.colcon_core.environment:checking '/home/irobot/ros2_ws/install/livox_interfaces/lib/python3.8/site-packages'
[4.764s] Level 1:colcon.colcon_core.shell:create_environment_hook('livox_interfaces', 'pythonpath')
[4.764s] INFO:colcon.colcon_core.shell:Creating environment hook '/home/irobot/ros2_ws/install/livox_interfaces/share/livox_interfaces/hook/pythonpath.ps1'
[4.765s] INFO:colcon.colcon_core.shell:Creating environment descriptor '/home/irobot/ros2_ws/install/livox_interfaces/share/livox_interfaces/hook/pythonpath.dsv'
[4.765s] INFO:colcon.colcon_core.shell:Creating environment hook '/home/irobot/ros2_ws/install/livox_interfaces/share/livox_interfaces/hook/pythonpath.sh'
[4.766s] Level 1:colcon.colcon_core.environment:checking '/home/irobot/ros2_ws/install/livox_interfaces/bin'
[4.767s] INFO:colcon.colcon_core.shell:Creating package script '/home/irobot/ros2_ws/install/livox_interfaces/share/livox_interfaces/package.ps1'
[4.768s] INFO:colcon.colcon_core.shell:Creating package descriptor '/home/irobot/ros2_ws/install/livox_interfaces/share/livox_interfaces/package.dsv'
[4.769s] INFO:colcon.colcon_core.shell:Creating package script '/home/irobot/ros2_ws/install/livox_interfaces/share/livox_interfaces/package.sh'
[4.770s] INFO:colcon.colcon_core.shell:Creating package script '/home/irobot/ros2_ws/install/livox_interfaces/share/livox_interfaces/package.bash'
[4.771s] INFO:colcon.colcon_core.shell:Creating package script '/home/irobot/ros2_ws/install/livox_interfaces/share/livox_interfaces/package.zsh'
[4.771s] Level 1:colcon.colcon_core.environment:create_file_with_runtime_dependencies(/home/irobot/ros2_ws/install/livox_interfaces/share/colcon-core/packages/livox_interfaces)
[4.785s] DEBUG:colcon.colcon_core.event_handler.log_command:Invoking command in '/home/irobot/ros2_ws/build/ublox_msgs': AMENT_PREFIX_PATH=/home/irobot/ros2_ws/install/ublox_serialization:${AMENT_PREFIX_PATH} CMAKE_PREFIX_PATH=/home/irobot/ros2_ws/install/ublox_serialization:/opt/ros/foxy /usr/bin/cmake --build /home/irobot/ros2_ws/build/ublox_msgs -- -j8 -l8
[4.787s] DEBUG:colcon.colcon_core.event_handler.log_command:Invoking command in '/home/irobot/ros2_ws/build/livox_sdk_vendor': CMAKE_PREFIX_PATH=/opt/ros/foxy /usr/bin/cmake --install /home/irobot/ros2_ws/build/livox_sdk_vendor
[4.819s] Level 1:colcon.colcon_core.environment:create_environment_scripts_only(livox_sdk_vendor)
[4.820s] Level 1:colcon.colcon_core.environment:checking '/home/irobot/ros2_ws/install/livox_sdk_vendor' for CMake module files
[4.821s] DEBUG:colcon.colcon_core.event_handler.log_command:Invoked command in '/home/irobot/ros2_ws/build/livox_sdk_vendor' returned '0': CMAKE_PREFIX_PATH=/opt/ros/foxy /usr/bin/cmake --install /home/irobot/ros2_ws/build/livox_sdk_vendor
[4.822s] Level 1:colcon.colcon_core.environment:checking '/home/irobot/ros2_ws/install/livox_sdk_vendor' for CMake config files
[4.822s] Level 1:colcon.colcon_core.shell:create_environment_hook('livox_sdk_vendor', 'cmake_prefix_path')
[4.822s] INFO:colcon.colcon_core.shell:Creating environment hook '/home/irobot/ros2_ws/install/livox_sdk_vendor/share/livox_sdk_vendor/hook/cmake_prefix_path.ps1'
[4.823s] INFO:colcon.colcon_core.shell:Creating environment descriptor '/home/irobot/ros2_ws/install/livox_sdk_vendor/share/livox_sdk_vendor/hook/cmake_prefix_path.dsv'
[4.824s] INFO:colcon.colcon_core.shell:Creating environment hook '/home/irobot/ros2_ws/install/livox_sdk_vendor/share/livox_sdk_vendor/hook/cmake_prefix_path.sh'
[4.825s] Level 1:colcon.colcon_core.environment:checking '/home/irobot/ros2_ws/install/livox_sdk_vendor/lib'
[4.825s] Level 1:colcon.colcon_core.environment:checking '/home/irobot/ros2_ws/install/livox_sdk_vendor/bin'
[4.825s] Level 1:colcon.colcon_core.environment:checking '/home/irobot/ros2_ws/install/livox_sdk_vendor/lib/pkgconfig/livox_sdk_vendor.pc'
[4.825s] Level 1:colcon.colcon_core.environment:checking '/home/irobot/ros2_ws/install/livox_sdk_vendor/lib/python3.8/site-packages'
[4.825s] Level 1:colcon.colcon_core.environment:checking '/home/irobot/ros2_ws/install/livox_sdk_vendor/bin'
[4.826s] INFO:colcon.colcon_core.shell:Creating package script '/home/irobot/ros2_ws/install/livox_sdk_vendor/share/livox_sdk_vendor/package.ps1'
[4.826s] INFO:colcon.colcon_core.shell:Creating package descriptor '/home/irobot/ros2_ws/install/livox_sdk_vendor/share/livox_sdk_vendor/package.dsv'
[4.827s] INFO:colcon.colcon_core.shell:Creating package script '/home/irobot/ros2_ws/install/livox_sdk_vendor/share/livox_sdk_vendor/package.sh'
[4.827s] INFO:colcon.colcon_core.shell:Creating package script '/home/irobot/ros2_ws/install/livox_sdk_vendor/share/livox_sdk_vendor/package.bash'
[4.827s] INFO:colcon.colcon_core.shell:Creating package script '/home/irobot/ros2_ws/install/livox_sdk_vendor/share/livox_sdk_vendor/package.zsh'
[4.827s] Level 1:colcon.colcon_core.environment:create_file_with_runtime_dependencies(/home/irobot/ros2_ws/install/livox_sdk_vendor/share/colcon-core/packages/livox_sdk_vendor)
[4.856s] Level 1:colcon.colcon_core.environment:create_environment_scripts_only(livox_sdk_vendor)
[4.857s] Level 1:colcon.colcon_core.environment:checking '/home/irobot/ros2_ws/install/livox_sdk_vendor' for CMake module files
[4.858s] Level 1:colcon.colcon_core.environment:checking '/home/irobot/ros2_ws/install/livox_sdk_vendor' for CMake config files
[4.858s] Level 1:colcon.colcon_core.shell:create_environment_hook('livox_sdk_vendor', 'cmake_prefix_path')
[4.858s] INFO:colcon.colcon_core.shell:Creating environment hook '/home/irobot/ros2_ws/install/livox_sdk_vendor/share/livox_sdk_vendor/hook/cmake_prefix_path.ps1'
[4.859s] INFO:colcon.colcon_core.shell:Creating environment descriptor '/home/irobot/ros2_ws/install/livox_sdk_vendor/share/livox_sdk_vendor/hook/cmake_prefix_path.dsv'
[4.860s] INFO:colcon.colcon_core.shell:Creating environment hook '/home/irobot/ros2_ws/install/livox_sdk_vendor/share/livox_sdk_vendor/hook/cmake_prefix_path.sh'
[4.861s] Level 1:colcon.colcon_core.environment:checking '/home/irobot/ros2_ws/install/livox_sdk_vendor/lib'
[4.861s] Level 1:colcon.colcon_core.environment:checking '/home/irobot/ros2_ws/install/livox_sdk_vendor/bin'
[4.861s] Level 1:colcon.colcon_core.environment:checking '/home/irobot/ros2_ws/install/livox_sdk_vendor/lib/pkgconfig/livox_sdk_vendor.pc'
[4.861s] Level 1:colcon.colcon_core.environment:checking '/home/irobot/ros2_ws/install/livox_sdk_vendor/lib/python3.8/site-packages'
[4.862s] Level 1:colcon.colcon_core.environment:checking '/home/irobot/ros2_ws/install/livox_sdk_vendor/bin'
[4.862s] INFO:colcon.colcon_core.shell:Creating package script '/home/irobot/ros2_ws/install/livox_sdk_vendor/share/livox_sdk_vendor/package.ps1'
[4.863s] INFO:colcon.colcon_core.shell:Creating package descriptor '/home/irobot/ros2_ws/install/livox_sdk_vendor/share/livox_sdk_vendor/package.dsv'
[4.863s] INFO:colcon.colcon_core.shell:Creating package script '/home/irobot/ros2_ws/install/livox_sdk_vendor/share/livox_sdk_vendor/package.sh'
[4.863s] INFO:colcon.colcon_core.shell:Creating package script '/home/irobot/ros2_ws/install/livox_sdk_vendor/share/livox_sdk_vendor/package.bash'
[4.863s] INFO:colcon.colcon_core.shell:Creating package script '/home/irobot/ros2_ws/install/livox_sdk_vendor/share/livox_sdk_vendor/package.zsh'
[4.864s] Level 1:colcon.colcon_core.environment:create_file_with_runtime_dependencies(/home/irobot/ros2_ws/install/livox_sdk_vendor/share/colcon-core/packages/livox_sdk_vendor)
[4.864s] INFO:colcon.colcon_ros.task.ament_cmake.build:Building ROS package in '/home/irobot/ros2_ws/src/livox/livox_ros2_driver' with build type 'ament_cmake'
[4.864s] INFO:colcon.colcon_cmake.task.cmake.build:Building CMake package in '/home/irobot/ros2_ws/src/livox/livox_ros2_driver'
[4.865s] INFO:colcon.colcon_core.shell:Skip shell extension 'powershell' for command environment: Not usable outside of PowerShell
[4.865s] DEBUG:colcon.colcon_core.shell:Skip shell extension 'dsv' for command environment
[4.890s] DEBUG:colcon.colcon_core.event_handler.log_command:Invoking command in '/home/irobot/ros2_ws/build/livox_ros2_driver': AMENT_PREFIX_PATH=/home/irobot/ros2_ws/install/livox_sdk_vendor:/home/irobot/ros2_ws/install/livox_interfaces:${AMENT_PREFIX_PATH} CMAKE_PREFIX_PATH=/home/irobot/ros2_ws/install/livox_sdk_vendor:/home/irobot/ros2_ws/install/livox_interfaces:/opt/ros/foxy LD_LIBRARY_PATH=/home/irobot/ros2_ws/install/livox_interfaces/lib:${LD_LIBRARY_PATH} PYTHONPATH=/home/irobot/ros2_ws/install/livox_interfaces/lib/python3.8/site-packages:${PYTHONPATH} /usr/bin/cmake --build /home/irobot/ros2_ws/build/livox_ros2_driver -- -j8 -l8
[4.994s] DEBUG:colcon.colcon_core.event_handler.log_command:Invoked command in '/home/irobot/ros2_ws/build/livox_ros2_driver' returned '0': AMENT_PREFIX_PATH=/home/irobot/ros2_ws/install/livox_sdk_vendor:/home/irobot/ros2_ws/install/livox_interfaces:${AMENT_PREFIX_PATH} CMAKE_PREFIX_PATH=/home/irobot/ros2_ws/install/livox_sdk_vendor:/home/irobot/ros2_ws/install/livox_interfaces:/opt/ros/foxy LD_LIBRARY_PATH=/home/irobot/ros2_ws/install/livox_interfaces/lib:${LD_LIBRARY_PATH} PYTHONPATH=/home/irobot/ros2_ws/install/livox_interfaces/lib/python3.8/site-packages:${PYTHONPATH} /usr/bin/cmake --build /home/irobot/ros2_ws/build/livox_ros2_driver -- -j8 -l8
[5.053s] DEBUG:colcon.colcon_core.event_handler.log_command:Invoking command in '/home/irobot/ros2_ws/build/livox_ros2_driver': AMENT_PREFIX_PATH=/home/irobot/ros2_ws/install/livox_sdk_vendor:/home/irobot/ros2_ws/install/livox_interfaces:${AMENT_PREFIX_PATH} CMAKE_PREFIX_PATH=/home/irobot/ros2_ws/install/livox_sdk_vendor:/home/irobot/ros2_ws/install/livox_interfaces:/opt/ros/foxy LD_LIBRARY_PATH=/home/irobot/ros2_ws/install/livox_interfaces/lib:${LD_LIBRARY_PATH} PYTHONPATH=/home/irobot/ros2_ws/install/livox_interfaces/lib/python3.8/site-packages:${PYTHONPATH} /usr/bin/cmake --install /home/irobot/ros2_ws/build/livox_ros2_driver
[5.091s] Level 1:colcon.colcon_core.environment:create_environment_scripts_only(livox_ros2_driver)
[5.091s] Level 1:colcon.colcon_core.environment:checking '/home/irobot/ros2_ws/install/livox_ros2_driver' for CMake module files
[5.092s] DEBUG:colcon.colcon_core.event_handler.log_command:Invoked command in '/home/irobot/ros2_ws/build/livox_ros2_driver' returned '0': AMENT_PREFIX_PATH=/home/irobot/ros2_ws/install/livox_sdk_vendor:/home/irobot/ros2_ws/install/livox_interfaces:${AMENT_PREFIX_PATH} CMAKE_PREFIX_PATH=/home/irobot/ros2_ws/install/livox_sdk_vendor:/home/irobot/ros2_ws/install/livox_interfaces:/opt/ros/foxy LD_LIBRARY_PATH=/home/irobot/ros2_ws/install/livox_interfaces/lib:${LD_LIBRARY_PATH} PYTHONPATH=/home/irobot/ros2_ws/install/livox_interfaces/lib/python3.8/site-packages:${PYTHONPATH} /usr/bin/cmake --install /home/irobot/ros2_ws/build/livox_ros2_driver
[5.092s] Level 1:colcon.colcon_core.environment:checking '/home/irobot/ros2_ws/install/livox_ros2_driver' for CMake config files
[5.092s] Level 1:colcon.colcon_core.shell:create_environment_hook('livox_ros2_driver', 'cmake_prefix_path')
[5.093s] INFO:colcon.colcon_core.shell:Creating environment hook '/home/irobot/ros2_ws/install/livox_ros2_driver/share/livox_ros2_driver/hook/cmake_prefix_path.ps1'
[5.094s] INFO:colcon.colcon_core.shell:Creating environment descriptor '/home/irobot/ros2_ws/install/livox_ros2_driver/share/livox_ros2_driver/hook/cmake_prefix_path.dsv'
[5.095s] INFO:colcon.colcon_core.shell:Creating environment hook '/home/irobot/ros2_ws/install/livox_ros2_driver/share/livox_ros2_driver/hook/cmake_prefix_path.sh'
[5.096s] Level 1:colcon.colcon_core.environment:checking '/home/irobot/ros2_ws/install/livox_ros2_driver/lib'
[5.096s] Level 1:colcon.colcon_core.shell:create_environment_hook('livox_ros2_driver', 'ld_library_path_lib')
[5.096s] INFO:colcon.colcon_core.shell:Creating environment hook '/home/irobot/ros2_ws/install/livox_ros2_driver/share/livox_ros2_driver/hook/ld_library_path_lib.ps1'
[5.097s] INFO:colcon.colcon_core.shell:Creating environment descriptor '/home/irobot/ros2_ws/install/livox_ros2_driver/share/livox_ros2_driver/hook/ld_library_path_lib.dsv'
[5.098s] INFO:colcon.colcon_core.shell:Creating environment hook '/home/irobot/ros2_ws/install/livox_ros2_driver/share/livox_ros2_driver/hook/ld_library_path_lib.sh'
[5.098s] Level 1:colcon.colcon_core.environment:checking '/home/irobot/ros2_ws/install/livox_ros2_driver/bin'
[5.098s] Level 1:colcon.colcon_core.environment:checking '/home/irobot/ros2_ws/install/livox_ros2_driver/lib/pkgconfig/livox_ros2_driver.pc'
[5.099s] Level 1:colcon.colcon_core.environment:checking '/home/irobot/ros2_ws/install/livox_ros2_driver/lib/python3.8/site-packages'
[5.099s] Level 1:colcon.colcon_core.environment:checking '/home/irobot/ros2_ws/install/livox_ros2_driver/bin'
[5.100s] INFO:colcon.colcon_core.shell:Creating package script '/home/irobot/ros2_ws/install/livox_ros2_driver/share/livox_ros2_driver/package.ps1'
[5.100s] INFO:colcon.colcon_core.shell:Creating package descriptor '/home/irobot/ros2_ws/install/livox_ros2_driver/share/livox_ros2_driver/package.dsv'
[5.103s] INFO:colcon.colcon_core.shell:Creating package script '/home/irobot/ros2_ws/install/livox_ros2_driver/share/livox_ros2_driver/package.sh'
[5.104s] INFO:colcon.colcon_core.shell:Creating package script '/home/irobot/ros2_ws/install/livox_ros2_driver/share/livox_ros2_driver/package.bash'
[5.104s] INFO:colcon.colcon_core.shell:Creating package script '/home/irobot/ros2_ws/install/livox_ros2_driver/share/livox_ros2_driver/package.zsh'
[5.105s] Level 1:colcon.colcon_core.environment:create_file_with_runtime_dependencies(/home/irobot/ros2_ws/install/livox_ros2_driver/share/colcon-core/packages/livox_ros2_driver)
[5.159s] Level 1:colcon.colcon_core.environment:create_environment_scripts_only(livox_ros2_driver)
[5.159s] Level 1:colcon.colcon_core.environment:checking '/home/irobot/ros2_ws/install/livox_ros2_driver' for CMake module files
[5.160s] Level 1:colcon.colcon_core.environment:checking '/home/irobot/ros2_ws/install/livox_ros2_driver' for CMake config files
[5.161s] Level 1:colcon.colcon_core.shell:create_environment_hook('livox_ros2_driver', 'cmake_prefix_path')
[5.161s] INFO:colcon.colcon_core.shell:Creating environment hook '/home/irobot/ros2_ws/install/livox_ros2_driver/share/livox_ros2_driver/hook/cmake_prefix_path.ps1'
[5.162s] INFO:colcon.colcon_core.shell:Creating environment descriptor '/home/irobot/ros2_ws/install/livox_ros2_driver/share/livox_ros2_driver/hook/cmake_prefix_path.dsv'
[5.162s] INFO:colcon.colcon_core.shell:Creating environment hook '/home/irobot/ros2_ws/install/livox_ros2_driver/share/livox_ros2_driver/hook/cmake_prefix_path.sh'
[5.163s] Level 1:colcon.colcon_core.environment:checking '/home/irobot/ros2_ws/install/livox_ros2_driver/lib'
[5.163s] Level 1:colcon.colcon_core.shell:create_environment_hook('livox_ros2_driver', 'ld_library_path_lib')
[5.164s] INFO:colcon.colcon_core.shell:Creating environment hook '/home/irobot/ros2_ws/install/livox_ros2_driver/share/livox_ros2_driver/hook/ld_library_path_lib.ps1'
[5.164s] INFO:colcon.colcon_core.shell:Creating environment descriptor '/home/irobot/ros2_ws/install/livox_ros2_driver/share/livox_ros2_driver/hook/ld_library_path_lib.dsv'
[5.165s] INFO:colcon.colcon_core.shell:Creating environment hook '/home/irobot/ros2_ws/install/livox_ros2_driver/share/livox_ros2_driver/hook/ld_library_path_lib.sh'
[5.165s] Level 1:colcon.colcon_core.environment:checking '/home/irobot/ros2_ws/install/livox_ros2_driver/bin'
[5.165s] Level 1:colcon.colcon_core.environment:checking '/home/irobot/ros2_ws/install/livox_ros2_driver/lib/pkgconfig/livox_ros2_driver.pc'
[5.165s] Level 1:colcon.colcon_core.environment:checking '/home/irobot/ros2_ws/install/livox_ros2_driver/lib/python3.8/site-packages'
[5.165s] Level 1:colcon.colcon_core.environment:checking '/home/irobot/ros2_ws/install/livox_ros2_driver/bin'
[5.166s] INFO:colcon.colcon_core.shell:Creating package script '/home/irobot/ros2_ws/install/livox_ros2_driver/share/livox_ros2_driver/package.ps1'
[5.166s] INFO:colcon.colcon_core.shell:Creating package descriptor '/home/irobot/ros2_ws/install/livox_ros2_driver/share/livox_ros2_driver/package.dsv'
[5.167s] INFO:colcon.colcon_core.shell:Creating package script '/home/irobot/ros2_ws/install/livox_ros2_driver/share/livox_ros2_driver/package.sh'
[5.167s] INFO:colcon.colcon_core.shell:Creating package script '/home/irobot/ros2_ws/install/livox_ros2_driver/share/livox_ros2_driver/package.bash'
[5.168s] INFO:colcon.colcon_core.shell:Creating package script '/home/irobot/ros2_ws/install/livox_ros2_driver/share/livox_ros2_driver/package.zsh'
[5.168s] Level 1:colcon.colcon_core.environment:create_file_with_runtime_dependencies(/home/irobot/ros2_ws/install/livox_ros2_driver/share/colcon-core/packages/livox_ros2_driver)
[5.280s] DEBUG:colcon.colcon_core.event_handler.log_command:Invoked command in '/home/irobot/ros2_ws/build/ublox_msgs' returned '0': AMENT_PREFIX_PATH=/home/irobot/ros2_ws/install/ublox_serialization:${AMENT_PREFIX_PATH} CMAKE_PREFIX_PATH=/home/irobot/ros2_ws/install/ublox_serialization:/opt/ros/foxy /usr/bin/cmake --build /home/irobot/ros2_ws/build/ublox_msgs -- -j8 -l8
[6.726s] DEBUG:colcon.colcon_core.event_handler.log_command:Invoking command in '/home/irobot/ros2_ws/build/ublox_msgs': AMENT_PREFIX_PATH=/home/irobot/ros2_ws/install/ublox_serialization:${AMENT_PREFIX_PATH} CMAKE_PREFIX_PATH=/home/irobot/ros2_ws/install/ublox_serialization:/opt/ros/foxy /usr/bin/cmake --install /home/irobot/ros2_ws/build/ublox_msgs
[7.042s] Level 1:colcon.colcon_core.environment:create_environment_scripts_only(ublox_msgs)
[7.043s] Level 1:colcon.colcon_core.environment:checking '/home/irobot/ros2_ws/install/ublox_msgs' for CMake module files
[7.043s] DEBUG:colcon.colcon_core.event_handler.log_command:Invoked command in '/home/irobot/ros2_ws/build/ublox_msgs' returned '0': AMENT_PREFIX_PATH=/home/irobot/ros2_ws/install/ublox_serialization:${AMENT_PREFIX_PATH} CMAKE_PREFIX_PATH=/home/irobot/ros2_ws/install/ublox_serialization:/opt/ros/foxy /usr/bin/cmake --install /home/irobot/ros2_ws/build/ublox_msgs
[7.044s] Level 1:colcon.colcon_core.environment:checking '/home/irobot/ros2_ws/install/ublox_msgs' for CMake config files
[7.053s] Level 1:colcon.colcon_core.shell:create_environment_hook('ublox_msgs', 'cmake_prefix_path')
[7.053s] INFO:colcon.colcon_core.shell:Creating environment hook '/home/irobot/ros2_ws/install/ublox_msgs/share/ublox_msgs/hook/cmake_prefix_path.ps1'
[7.162s] INFO:colcon.colcon_core.shell:Creating environment descriptor '/home/irobot/ros2_ws/install/ublox_msgs/share/ublox_msgs/hook/cmake_prefix_path.dsv'
[7.285s] INFO:colcon.colcon_core.shell:Creating environment hook '/home/irobot/ros2_ws/install/ublox_msgs/share/ublox_msgs/hook/cmake_prefix_path.sh'
[7.399s] Level 1:colcon.colcon_core.environment:checking '/home/irobot/ros2_ws/install/ublox_msgs/lib'
[7.400s] Level 1:colcon.colcon_core.shell:create_environment_hook('ublox_msgs', 'ld_library_path_lib')
[7.400s] INFO:colcon.colcon_core.shell:Creating environment hook '/home/irobot/ros2_ws/install/ublox_msgs/share/ublox_msgs/hook/ld_library_path_lib.ps1'
[7.629s] INFO:colcon.colcon_core.shell:Creating environment descriptor '/home/irobot/ros2_ws/install/ublox_msgs/share/ublox_msgs/hook/ld_library_path_lib.dsv'
[7.738s] INFO:colcon.colcon_core.shell:Creating environment hook '/home/irobot/ros2_ws/install/ublox_msgs/share/ublox_msgs/hook/ld_library_path_lib.sh'
[7.869s] Level 1:colcon.colcon_core.environment:checking '/home/irobot/ros2_ws/install/ublox_msgs/bin'
[7.870s] Level 1:colcon.colcon_core.environment:checking '/home/irobot/ros2_ws/install/ublox_msgs/lib/pkgconfig/ublox_msgs.pc'
[7.870s] Level 1:colcon.colcon_core.environment:checking '/home/irobot/ros2_ws/install/ublox_msgs/lib/python3.8/site-packages'
[7.870s] Level 1:colcon.colcon_core.shell:create_environment_hook('ublox_msgs', 'pythonpath')
[7.871s] INFO:colcon.colcon_core.shell:Creating environment hook '/home/irobot/ros2_ws/install/ublox_msgs/share/ublox_msgs/hook/pythonpath.ps1'
[8.079s] INFO:colcon.colcon_core.shell:Creating environment descriptor '/home/irobot/ros2_ws/install/ublox_msgs/share/ublox_msgs/hook/pythonpath.dsv'
[8.344s] INFO:colcon.colcon_core.shell:Creating environment hook '/home/irobot/ros2_ws/install/ublox_msgs/share/ublox_msgs/hook/pythonpath.sh'
[8.345s] Level 1:colcon.colcon_core.environment:checking '/home/irobot/ros2_ws/install/ublox_msgs/bin'
[8.346s] INFO:colcon.colcon_core.shell:Creating package script '/home/irobot/ros2_ws/install/ublox_msgs/share/ublox_msgs/package.ps1'
[8.439s] INFO:colcon.colcon_core.shell:Creating package descriptor '/home/irobot/ros2_ws/install/ublox_msgs/share/ublox_msgs/package.dsv'
[8.440s] INFO:colcon.colcon_core.shell:Creating package script '/home/irobot/ros2_ws/install/ublox_msgs/share/ublox_msgs/package.sh'
[8.441s] INFO:colcon.colcon_core.shell:Creating package script '/home/irobot/ros2_ws/install/ublox_msgs/share/ublox_msgs/package.bash'
[8.441s] INFO:colcon.colcon_core.shell:Creating package script '/home/irobot/ros2_ws/install/ublox_msgs/share/ublox_msgs/package.zsh'
[8.442s] Level 1:colcon.colcon_core.environment:create_file_with_runtime_dependencies(/home/irobot/ros2_ws/install/ublox_msgs/share/colcon-core/packages/ublox_msgs)
[9.687s] Level 1:colcon.colcon_core.environment:create_environment_scripts_only(ublox_msgs)
[9.687s] Level 1:colcon.colcon_core.environment:checking '/home/irobot/ros2_ws/install/ublox_msgs' for CMake module files
[9.688s] Level 1:colcon.colcon_core.environment:checking '/home/irobot/ros2_ws/install/ublox_msgs' for CMake config files
[9.696s] Level 1:colcon.colcon_core.shell:create_environment_hook('ublox_msgs', 'cmake_prefix_path')
[9.697s] INFO:colcon.colcon_core.shell:Creating environment hook '/home/irobot/ros2_ws/install/ublox_msgs/share/ublox_msgs/hook/cmake_prefix_path.ps1'
[9.698s] INFO:colcon.colcon_core.shell:Creating environment descriptor '/home/irobot/ros2_ws/install/ublox_msgs/share/ublox_msgs/hook/cmake_prefix_path.dsv'
[9.698s] INFO:colcon.colcon_core.shell:Creating environment hook '/home/irobot/ros2_ws/install/ublox_msgs/share/ublox_msgs/hook/cmake_prefix_path.sh'
[9.699s] Level 1:colcon.colcon_core.environment:checking '/home/irobot/ros2_ws/install/ublox_msgs/lib'
[9.699s] Level 1:colcon.colcon_core.shell:create_environment_hook('ublox_msgs', 'ld_library_path_lib')
[9.700s] INFO:colcon.colcon_core.shell:Creating environment hook '/home/irobot/ros2_ws/install/ublox_msgs/share/ublox_msgs/hook/ld_library_path_lib.ps1'
[9.700s] INFO:colcon.colcon_core.shell:Creating environment descriptor '/home/irobot/ros2_ws/install/ublox_msgs/share/ublox_msgs/hook/ld_library_path_lib.dsv'
[9.701s] INFO:colcon.colcon_core.shell:Creating environment hook '/home/irobot/ros2_ws/install/ublox_msgs/share/ublox_msgs/hook/ld_library_path_lib.sh'
[9.701s] Level 1:colcon.colcon_core.environment:checking '/home/irobot/ros2_ws/install/ublox_msgs/bin'
[9.701s] Level 1:colcon.colcon_core.environment:checking '/home/irobot/ros2_ws/install/ublox_msgs/lib/pkgconfig/ublox_msgs.pc'
[9.701s] Level 1:colcon.colcon_core.environment:checking '/home/irobot/ros2_ws/install/ublox_msgs/lib/python3.8/site-packages'
[9.701s] Level 1:colcon.colcon_core.shell:create_environment_hook('ublox_msgs', 'pythonpath')
[9.702s] INFO:colcon.colcon_core.shell:Creating environment hook '/home/irobot/ros2_ws/install/ublox_msgs/share/ublox_msgs/hook/pythonpath.ps1'
[9.702s] INFO:colcon.colcon_core.shell:Creating environment descriptor '/home/irobot/ros2_ws/install/ublox_msgs/share/ublox_msgs/hook/pythonpath.dsv'
[9.702s] INFO:colcon.colcon_core.shell:Creating environment hook '/home/irobot/ros2_ws/install/ublox_msgs/share/ublox_msgs/hook/pythonpath.sh'
[9.714s] Level 1:colcon.colcon_core.environment:checking '/home/irobot/ros2_ws/install/ublox_msgs/bin'
[9.715s] INFO:colcon.colcon_core.shell:Creating package script '/home/irobot/ros2_ws/install/ublox_msgs/share/ublox_msgs/package.ps1'
[9.716s] INFO:colcon.colcon_core.shell:Creating package descriptor '/home/irobot/ros2_ws/install/ublox_msgs/share/ublox_msgs/package.dsv'
[9.717s] INFO:colcon.colcon_core.shell:Creating package script '/home/irobot/ros2_ws/install/ublox_msgs/share/ublox_msgs/package.sh'
[9.718s] INFO:colcon.colcon_core.shell:Creating package script '/home/irobot/ros2_ws/install/ublox_msgs/share/ublox_msgs/package.bash'
[9.719s] INFO:colcon.colcon_core.shell:Creating package script '/home/irobot/ros2_ws/install/ublox_msgs/share/ublox_msgs/package.zsh'
[9.719s] Level 1:colcon.colcon_core.environment:create_file_with_runtime_dependencies(/home/irobot/ros2_ws/install/ublox_msgs/share/colcon-core/packages/ublox_msgs)
[9.720s] INFO:colcon.colcon_ros.task.ament_cmake.build:Building ROS package in '/home/irobot/ros2_ws/src/ublox/ublox_gps' with build type 'ament_cmake'
[9.720s] INFO:colcon.colcon_cmake.task.cmake.build:Building CMake package in '/home/irobot/ros2_ws/src/ublox/ublox_gps'
[9.721s] INFO:colcon.colcon_core.shell:Skip shell extension 'powershell' for command environment: Not usable outside of PowerShell
[9.721s] DEBUG:colcon.colcon_core.shell:Skip shell extension 'dsv' for command environment
[9.739s] DEBUG:colcon.colcon_core.event_handler.log_command:Invoking command in '/home/irobot/ros2_ws/build/ublox_gps': AMENT_PREFIX_PATH=/home/irobot/ros2_ws/install/ublox_msgs:/home/irobot/ros2_ws/install/ublox_serialization:${AMENT_PREFIX_PATH} CMAKE_PREFIX_PATH=/home/irobot/ros2_ws/install/ublox_msgs:/home/irobot/ros2_ws/install/ublox_serialization:/opt/ros/foxy LD_LIBRARY_PATH=/home/irobot/ros2_ws/install/ublox_msgs/lib:${LD_LIBRARY_PATH} PYTHONPATH=/home/irobot/ros2_ws/install/ublox_msgs/lib/python3.8/site-packages:${PYTHONPATH} /usr/bin/cmake --build /home/irobot/ros2_ws/build/ublox_gps -- -j8 -l8
[9.949s] DEBUG:colcon.colcon_core.event_handler.log_command:Invoked command in '/home/irobot/ros2_ws/build/ublox_gps' returned '0': AMENT_PREFIX_PATH=/home/irobot/ros2_ws/install/ublox_msgs:/home/irobot/ros2_ws/install/ublox_serialization:${AMENT_PREFIX_PATH} CMAKE_PREFIX_PATH=/home/irobot/ros2_ws/install/ublox_msgs:/home/irobot/ros2_ws/install/ublox_serialization:/opt/ros/foxy LD_LIBRARY_PATH=/home/irobot/ros2_ws/install/ublox_msgs/lib:${LD_LIBRARY_PATH} PYTHONPATH=/home/irobot/ros2_ws/install/ublox_msgs/lib/python3.8/site-packages:${PYTHONPATH} /usr/bin/cmake --build /home/irobot/ros2_ws/build/ublox_gps -- -j8 -l8
[10.034s] DEBUG:colcon.colcon_core.event_handler.log_command:Invoking command in '/home/irobot/ros2_ws/build/ublox_gps': AMENT_PREFIX_PATH=/home/irobot/ros2_ws/install/ublox_msgs:/home/irobot/ros2_ws/install/ublox_serialization:${AMENT_PREFIX_PATH} CMAKE_PREFIX_PATH=/home/irobot/ros2_ws/install/ublox_msgs:/home/irobot/ros2_ws/install/ublox_serialization:/opt/ros/foxy LD_LIBRARY_PATH=/home/irobot/ros2_ws/install/ublox_msgs/lib:${LD_LIBRARY_PATH} PYTHONPATH=/home/irobot/ros2_ws/install/ublox_msgs/lib/python3.8/site-packages:${PYTHONPATH} /usr/bin/cmake --install /home/irobot/ros2_ws/build/ublox_gps
[10.074s] Level 1:colcon.colcon_core.environment:create_environment_scripts_only(ublox_gps)
[10.074s] Level 1:colcon.colcon_core.environment:checking '/home/irobot/ros2_ws/install/ublox_gps' for CMake module files
[10.075s] DEBUG:colcon.colcon_core.event_handler.log_command:Invoked command in '/home/irobot/ros2_ws/build/ublox_gps' returned '0': AMENT_PREFIX_PATH=/home/irobot/ros2_ws/install/ublox_msgs:/home/irobot/ros2_ws/install/ublox_serialization:${AMENT_PREFIX_PATH} CMAKE_PREFIX_PATH=/home/irobot/ros2_ws/install/ublox_msgs:/home/irobot/ros2_ws/install/ublox_serialization:/opt/ros/foxy LD_LIBRARY_PATH=/home/irobot/ros2_ws/install/ublox_msgs/lib:${LD_LIBRARY_PATH} PYTHONPATH=/home/irobot/ros2_ws/install/ublox_msgs/lib/python3.8/site-packages:${PYTHONPATH} /usr/bin/cmake --install /home/irobot/ros2_ws/build/ublox_gps
[10.076s] Level 1:colcon.colcon_core.environment:checking '/home/irobot/ros2_ws/install/ublox_gps' for CMake config files
[10.077s] Level 1:colcon.colcon_core.shell:create_environment_hook('ublox_gps', 'cmake_prefix_path')
[10.077s] INFO:colcon.colcon_core.shell:Creating environment hook '/home/irobot/ros2_ws/install/ublox_gps/share/ublox_gps/hook/cmake_prefix_path.ps1'
[10.079s] INFO:colcon.colcon_core.shell:Creating environment descriptor '/home/irobot/ros2_ws/install/ublox_gps/share/ublox_gps/hook/cmake_prefix_path.dsv'
[10.084s] INFO:colcon.colcon_core.shell:Creating environment hook '/home/irobot/ros2_ws/install/ublox_gps/share/ublox_gps/hook/cmake_prefix_path.sh'
[10.089s] Level 1:colcon.colcon_core.environment:checking '/home/irobot/ros2_ws/install/ublox_gps/lib'
[10.089s] Level 1:colcon.colcon_core.shell:create_environment_hook('ublox_gps', 'ld_library_path_lib')
[10.090s] INFO:colcon.colcon_core.shell:Creating environment hook '/home/irobot/ros2_ws/install/ublox_gps/share/ublox_gps/hook/ld_library_path_lib.ps1'
[10.094s] INFO:colcon.colcon_core.shell:Creating environment descriptor '/home/irobot/ros2_ws/install/ublox_gps/share/ublox_gps/hook/ld_library_path_lib.dsv'
[10.100s] INFO:colcon.colcon_core.shell:Creating environment hook '/home/irobot/ros2_ws/install/ublox_gps/share/ublox_gps/hook/ld_library_path_lib.sh'
[10.105s] Level 1:colcon.colcon_core.environment:checking '/home/irobot/ros2_ws/install/ublox_gps/bin'
[10.105s] Level 1:colcon.colcon_core.environment:checking '/home/irobot/ros2_ws/install/ublox_gps/lib/pkgconfig/ublox_gps.pc'
[10.105s] Level 1:colcon.colcon_core.environment:checking '/home/irobot/ros2_ws/install/ublox_gps/lib/python3.8/site-packages'
[10.106s] Level 1:colcon.colcon_core.environment:checking '/home/irobot/ros2_ws/install/ublox_gps/bin'
[10.106s] INFO:colcon.colcon_core.shell:Creating package script '/home/irobot/ros2_ws/install/ublox_gps/share/ublox_gps/package.ps1'
[10.110s] INFO:colcon.colcon_core.shell:Creating package descriptor '/home/irobot/ros2_ws/install/ublox_gps/share/ublox_gps/package.dsv'
[10.111s] INFO:colcon.colcon_core.shell:Creating package script '/home/irobot/ros2_ws/install/ublox_gps/share/ublox_gps/package.sh'
[10.115s] INFO:colcon.colcon_core.shell:Creating package script '/home/irobot/ros2_ws/install/ublox_gps/share/ublox_gps/package.bash'
[10.121s] INFO:colcon.colcon_core.shell:Creating package script '/home/irobot/ros2_ws/install/ublox_gps/share/ublox_gps/package.zsh'
[10.127s] Level 1:colcon.colcon_core.environment:create_file_with_runtime_dependencies(/home/irobot/ros2_ws/install/ublox_gps/share/colcon-core/packages/ublox_gps)
[10.213s] Level 1:colcon.colcon_core.environment:create_environment_scripts_only(ublox_gps)
[10.214s] Level 1:colcon.colcon_core.environment:checking '/home/irobot/ros2_ws/install/ublox_gps' for CMake module files
[10.215s] Level 1:colcon.colcon_core.environment:checking '/home/irobot/ros2_ws/install/ublox_gps' for CMake config files
[10.215s] Level 1:colcon.colcon_core.shell:create_environment_hook('ublox_gps', 'cmake_prefix_path')
[10.216s] INFO:colcon.colcon_core.shell:Creating environment hook '/home/irobot/ros2_ws/install/ublox_gps/share/ublox_gps/hook/cmake_prefix_path.ps1'
[10.219s] INFO:colcon.colcon_core.shell:Creating environment descriptor '/home/irobot/ros2_ws/install/ublox_gps/share/ublox_gps/hook/cmake_prefix_path.dsv'
[10.231s] INFO:colcon.colcon_core.shell:Creating environment hook '/home/irobot/ros2_ws/install/ublox_gps/share/ublox_gps/hook/cmake_prefix_path.sh'
[10.245s] Level 1:colcon.colcon_core.environment:checking '/home/irobot/ros2_ws/install/ublox_gps/lib'
[10.245s] Level 1:colcon.colcon_core.shell:create_environment_hook('ublox_gps', 'ld_library_path_lib')
[10.246s] INFO:colcon.colcon_core.shell:Creating environment hook '/home/irobot/ros2_ws/install/ublox_gps/share/ublox_gps/hook/ld_library_path_lib.ps1'
[10.249s] INFO:colcon.colcon_core.shell:Creating environment descriptor '/home/irobot/ros2_ws/install/ublox_gps/share/ublox_gps/hook/ld_library_path_lib.dsv'
[10.254s] INFO:colcon.colcon_core.shell:Creating environment hook '/home/irobot/ros2_ws/install/ublox_gps/share/ublox_gps/hook/ld_library_path_lib.sh'
[10.259s] Level 1:colcon.colcon_core.environment:checking '/home/irobot/ros2_ws/install/ublox_gps/bin'
[10.259s] Level 1:colcon.colcon_core.environment:checking '/home/irobot/ros2_ws/install/ublox_gps/lib/pkgconfig/ublox_gps.pc'
[10.260s] Level 1:colcon.colcon_core.environment:checking '/home/irobot/ros2_ws/install/ublox_gps/lib/python3.8/site-packages'
[10.260s] Level 1:colcon.colcon_core.environment:checking '/home/irobot/ros2_ws/install/ublox_gps/bin'
[10.261s] INFO:colcon.colcon_core.shell:Creating package script '/home/irobot/ros2_ws/install/ublox_gps/share/ublox_gps/package.ps1'
[10.265s] INFO:colcon.colcon_core.shell:Creating package descriptor '/home/irobot/ros2_ws/install/ublox_gps/share/ublox_gps/package.dsv'
[10.269s] INFO:colcon.colcon_core.shell:Creating package script '/home/irobot/ros2_ws/install/ublox_gps/share/ublox_gps/package.sh'
[10.274s] INFO:colcon.colcon_core.shell:Creating package script '/home/irobot/ros2_ws/install/ublox_gps/share/ublox_gps/package.bash'
[10.279s] INFO:colcon.colcon_core.shell:Creating package script '/home/irobot/ros2_ws/install/ublox_gps/share/ublox_gps/package.zsh'
[10.284s] Level 1:colcon.colcon_core.environment:create_file_with_runtime_dependencies(/home/irobot/ros2_ws/install/ublox_gps/share/colcon-core/packages/ublox_gps)
[10.289s] INFO:colcon.colcon_ros.task.ament_cmake.build:Building ROS package in '/home/irobot/ros2_ws/src/ublox/ublox' with build type 'ament_cmake'
[10.289s] INFO:colcon.colcon_cmake.task.cmake.build:Building CMake package in '/home/irobot/ros2_ws/src/ublox/ublox'
[10.290s] INFO:colcon.colcon_core.shell:Skip shell extension 'powershell' for command environment: Not usable outside of PowerShell
[10.290s] DEBUG:colcon.colcon_core.shell:Skip shell extension 'dsv' for command environment
[10.324s] DEBUG:colcon.colcon_core.event_handler.log_command:Invoking command in '/home/irobot/ros2_ws/build/ublox': AMENT_PREFIX_PATH=/home/irobot/ros2_ws/install/ublox_gps:/home/irobot/ros2_ws/install/ublox_msgs:/home/irobot/ros2_ws/install/ublox_serialization:${AMENT_PREFIX_PATH} CMAKE_PREFIX_PATH=/home/irobot/ros2_ws/install/ublox_gps:/home/irobot/ros2_ws/install/ublox_msgs:/home/irobot/ros2_ws/install/ublox_serialization:/opt/ros/foxy LD_LIBRARY_PATH=/home/irobot/ros2_ws/install/ublox_gps/lib:/home/irobot/ros2_ws/install/ublox_msgs/lib:${LD_LIBRARY_PATH} PYTHONPATH=/home/irobot/ros2_ws/install/ublox_msgs/lib/python3.8/site-packages:${PYTHONPATH} /usr/bin/cmake --build /home/irobot/ros2_ws/build/ublox -- -j8 -l8
[10.375s] DEBUG:colcon.colcon_core.event_handler.log_command:Invoked command in '/home/irobot/ros2_ws/build/ublox' returned '0': AMENT_PREFIX_PATH=/home/irobot/ros2_ws/install/ublox_gps:/home/irobot/ros2_ws/install/ublox_msgs:/home/irobot/ros2_ws/install/ublox_serialization:${AMENT_PREFIX_PATH} CMAKE_PREFIX_PATH=/home/irobot/ros2_ws/install/ublox_gps:/home/irobot/ros2_ws/install/ublox_msgs:/home/irobot/ros2_ws/install/ublox_serialization:/opt/ros/foxy LD_LIBRARY_PATH=/home/irobot/ros2_ws/install/ublox_gps/lib:/home/irobot/ros2_ws/install/ublox_msgs/lib:${LD_LIBRARY_PATH} PYTHONPATH=/home/irobot/ros2_ws/install/ublox_msgs/lib/python3.8/site-packages:${PYTHONPATH} /usr/bin/cmake --build /home/irobot/ros2_ws/build/ublox -- -j8 -l8
[10.410s] DEBUG:colcon.colcon_core.event_handler.log_command:Invoking command in '/home/irobot/ros2_ws/build/ublox': AMENT_PREFIX_PATH=/home/irobot/ros2_ws/install/ublox_gps:/home/irobot/ros2_ws/install/ublox_msgs:/home/irobot/ros2_ws/install/ublox_serialization:${AMENT_PREFIX_PATH} CMAKE_PREFIX_PATH=/home/irobot/ros2_ws/install/ublox_gps:/home/irobot/ros2_ws/install/ublox_msgs:/home/irobot/ros2_ws/install/ublox_serialization:/opt/ros/foxy LD_LIBRARY_PATH=/home/irobot/ros2_ws/install/ublox_gps/lib:/home/irobot/ros2_ws/install/ublox_msgs/lib:${LD_LIBRARY_PATH} PYTHONPATH=/home/irobot/ros2_ws/install/ublox_msgs/lib/python3.8/site-packages:${PYTHONPATH} /usr/bin/cmake --install /home/irobot/ros2_ws/build/ublox
[10.467s] Level 1:colcon.colcon_core.environment:create_environment_scripts_only(ublox)
[10.468s] Level 1:colcon.colcon_core.environment:checking '/home/irobot/ros2_ws/install/ublox' for CMake module files
[10.469s] DEBUG:colcon.colcon_core.event_handler.log_command:Invoked command in '/home/irobot/ros2_ws/build/ublox' returned '0': AMENT_PREFIX_PATH=/home/irobot/ros2_ws/install/ublox_gps:/home/irobot/ros2_ws/install/ublox_msgs:/home/irobot/ros2_ws/install/ublox_serialization:${AMENT_PREFIX_PATH} CMAKE_PREFIX_PATH=/home/irobot/ros2_ws/install/ublox_gps:/home/irobot/ros2_ws/install/ublox_msgs:/home/irobot/ros2_ws/install/ublox_serialization:/opt/ros/foxy LD_LIBRARY_PATH=/home/irobot/ros2_ws/install/ublox_gps/lib:/home/irobot/ros2_ws/install/ublox_msgs/lib:${LD_LIBRARY_PATH} PYTHONPATH=/home/irobot/ros2_ws/install/ublox_msgs/lib/python3.8/site-packages:${PYTHONPATH} /usr/bin/cmake --install /home/irobot/ros2_ws/build/ublox
[10.470s] Level 1:colcon.colcon_core.environment:checking '/home/irobot/ros2_ws/install/ublox' for CMake config files
[10.470s] Level 1:colcon.colcon_core.shell:create_environment_hook('ublox', 'cmake_prefix_path')
[10.471s] INFO:colcon.colcon_core.shell:Creating environment hook '/home/irobot/ros2_ws/install/ublox/share/ublox/hook/cmake_prefix_path.ps1'
[10.484s] INFO:colcon.colcon_core.shell:Creating environment descriptor '/home/irobot/ros2_ws/install/ublox/share/ublox/hook/cmake_prefix_path.dsv'
[10.509s] INFO:colcon.colcon_core.shell:Creating environment hook '/home/irobot/ros2_ws/install/ublox/share/ublox/hook/cmake_prefix_path.sh'
[10.539s] Level 1:colcon.colcon_core.environment:checking '/home/irobot/ros2_ws/install/ublox/bin'
[10.539s] Level 1:colcon.colcon_core.environment:checking '/home/irobot/ros2_ws/install/ublox/lib/pkgconfig/ublox.pc'
[10.539s] Level 1:colcon.colcon_core.environment:checking '/home/irobot/ros2_ws/install/ublox/lib/python3.8/site-packages'
[10.539s] Level 1:colcon.colcon_core.environment:checking '/home/irobot/ros2_ws/install/ublox/bin'
[10.540s] INFO:colcon.colcon_core.shell:Creating package script '/home/irobot/ros2_ws/install/ublox/share/ublox/package.ps1'
[10.571s] INFO:colcon.colcon_core.shell:Creating package descriptor '/home/irobot/ros2_ws/install/ublox/share/ublox/package.dsv'
[10.572s] INFO:colcon.colcon_core.shell:Creating package script '/home/irobot/ros2_ws/install/ublox/share/ublox/package.sh'
[10.607s] INFO:colcon.colcon_core.shell:Creating package script '/home/irobot/ros2_ws/install/ublox/share/ublox/package.bash'
[10.650s] INFO:colcon.colcon_core.shell:Creating package script '/home/irobot/ros2_ws/install/ublox/share/ublox/package.zsh'
[10.692s] Level 1:colcon.colcon_core.environment:create_file_with_runtime_dependencies(/home/irobot/ros2_ws/install/ublox/share/colcon-core/packages/ublox)
[10.772s] Level 1:colcon.colcon_core.environment:create_environment_scripts_only(ublox)
[10.773s] Level 1:colcon.colcon_core.environment:checking '/home/irobot/ros2_ws/install/ublox' for CMake module files
[10.774s] Level 1:colcon.colcon_core.environment:checking '/home/irobot/ros2_ws/install/ublox' for CMake config files
[10.774s] Level 1:colcon.colcon_core.shell:create_environment_hook('ublox', 'cmake_prefix_path')
[10.774s] INFO:colcon.colcon_core.shell:Creating environment hook '/home/irobot/ros2_ws/install/ublox/share/ublox/hook/cmake_prefix_path.ps1'
[10.788s] INFO:colcon.colcon_core.shell:Creating environment descriptor '/home/irobot/ros2_ws/install/ublox/share/ublox/hook/cmake_prefix_path.dsv'
[10.851s] INFO:colcon.colcon_core.shell:Creating environment hook '/home/irobot/ros2_ws/install/ublox/share/ublox/hook/cmake_prefix_path.sh'
[10.927s] Level 1:colcon.colcon_core.environment:checking '/home/irobot/ros2_ws/install/ublox/bin'
[10.927s] Level 1:colcon.colcon_core.environment:checking '/home/irobot/ros2_ws/install/ublox/lib/pkgconfig/ublox.pc'
[10.928s] Level 1:colcon.colcon_core.environment:checking '/home/irobot/ros2_ws/install/ublox/lib/python3.8/site-packages'
[10.928s] Level 1:colcon.colcon_core.environment:checking '/home/irobot/ros2_ws/install/ublox/bin'
[10.929s] INFO:colcon.colcon_core.shell:Creating package script '/home/irobot/ros2_ws/install/ublox/share/ublox/package.ps1'
[11.007s] INFO:colcon.colcon_core.shell:Creating package descriptor '/home/irobot/ros2_ws/install/ublox/share/ublox/package.dsv'
[11.094s] INFO:colcon.colcon_core.shell:Creating package script '/home/irobot/ros2_ws/install/ublox/share/ublox/package.sh'
[11.186s] INFO:colcon.colcon_core.shell:Creating package script '/home/irobot/ros2_ws/install/ublox/share/ublox/package.bash'
[11.251s] INFO:colcon.colcon_core.shell:Creating package script '/home/irobot/ros2_ws/install/ublox/share/ublox/package.zsh'
[11.352s] Level 1:colcon.colcon_core.environment:create_file_with_runtime_dependencies(/home/irobot/ros2_ws/install/ublox/share/colcon-core/packages/ublox)
[11.410s] DEBUG:colcon.colcon_parallel_executor.executor.parallel:closing loop
[11.411s] DEBUG:colcon.colcon_parallel_executor.executor.parallel:loop closed
[11.411s] DEBUG:colcon.colcon_parallel_executor.executor.parallel:run_until_complete finished with '0'
[11.411s] DEBUG:colcon.colcon_core.event_reactor:joining thread
[11.524s] INFO:colcon.colcon_core.plugin_system:Skipping extension 'colcon_notification.desktop_notification.terminal_notifier': Not used on non-Darwin systems
[11.524s] INFO:colcon.colcon_core.plugin_system:Skipping extension 'colcon_notification.desktop_notification.win32': Not used on non-Windows systems
[11.525s] INFO:colcon.colcon_notification.desktop_notification:Sending desktop notification using 'notify2'
[11.545s] DEBUG:colcon.colcon_core.event_reactor:joined thread
[11.546s] INFO:colcon.colcon_core.shell:Creating prefix script '/home/irobot/ros2_ws/install/local_setup.ps1'
[11.628s] INFO:colcon.colcon_core.shell:Creating prefix util module '/home/irobot/ros2_ws/install/_local_setup_util_ps1.py'
[11.750s] INFO:colcon.colcon_core.shell:Creating prefix chain script '/home/irobot/ros2_ws/install/setup.ps1'
[11.911s] INFO:colcon.colcon_core.shell:Creating prefix script '/home/irobot/ros2_ws/install/local_setup.sh'
[12.044s] INFO:colcon.colcon_core.shell:Creating prefix util module '/home/irobot/ros2_ws/install/_local_setup_util_sh.py'
[12.045s] INFO:colcon.colcon_core.shell:Creating prefix chain script '/home/irobot/ros2_ws/install/setup.sh'
[12.257s] INFO:colcon.colcon_core.shell:Creating prefix script '/home/irobot/ros2_ws/install/local_setup.bash'
[12.383s] INFO:colcon.colcon_core.shell:Creating prefix chain script '/home/irobot/ros2_ws/install/setup.bash'
[12.576s] INFO:colcon.colcon_core.shell:Creating prefix script '/home/irobot/ros2_ws/install/local_setup.zsh'
[12.716s] INFO:colcon.colcon_core.shell:Creating prefix chain script '/home/irobot/ros2_ws/install/setup.zsh'
