[0.108s] Invoking command in '/home/irobot/ros2_ws/build/livox_sdk_vendor': CMAKE_PREFIX_PATH=/home/irobot/ros2_ws/install/vineslam_ros:/home/irobot/ros2_ws/install/vineslam:/home/irobot/ros2_ws/install/ublox:/home/irobot/ros2_ws/install/ublox_gps:/home/irobot/ros2_ws/install/ublox_msgs:/home/irobot/ros2_ws/install/ublox_serialization:/home/irobot/ros2_ws/install/livox_ros2_driver:/home/irobot/ros2_ws/install/livox_sdk_vendor:/home/irobot/ros2_ws/install/livox_interfaces:/home/irobot/ros2_ws/install/geofence:/opt/ros/foxy:/home/irobot/vinebot_ws/devel:/opt/ros/noetic /usr/bin/cmake --build /home/irobot/ros2_ws/build/livox_sdk_vendor -- -j8 -l8
[0.352s] [ 12%] [34m[1mPerforming update step for 'livox-sdk-v2.3.0'[0m
[0.478s] [ 25%] [34m[1mPerforming configure step for 'livox-sdk-v2.3.0'[0m
[0.533s] -- main project dir: /home/irobot/ros2_ws/build/livox_sdk_vendor/livox-sdk-v2.3.0-prefix/src/livox-sdk-v2.3.0
[0.581s] -- Configuring done
[1.024s] -- Generating done
[1.043s] -- Build files have been written to: /home/irobot/ros2_ws/build/livox_sdk_vendor/livox-sdk-v2.3.0-prefix/src/livox-sdk-v2.3.0-build
[1.067s] [ 37%] [34m[1mPerforming build step for 'livox-sdk-v2.3.0'[0m
[1.173s] [ 54%] Built target livox_sdk_static
[1.212s] [ 60%] Built target lidar_lvx_sample
[1.212s] [ 66%] Built target hub_lvx_sample
[1.223s] [ 70%] Built target lidar_sample
[1.230s] [ 75%] Built target hub_sample
[1.231s] [ 81%] Built target hub_sample_cc
[1.231s] [ 87%] Built target lidar_sample_cc
[1.232s] [ 91%] Built target trouble_shooting
[1.233s] [100%] Built target lidar_utc_sync
[1.271s] [ 50%] [34m[1mPerforming install step for 'livox-sdk-v2.3.0'[0m
[1.342s] [ 54%] Built target livox_sdk_static
[1.371s] [ 58%] Built target hub_sample
[1.372s] [ 64%] Built target lidar_lvx_sample
[1.373s] [ 70%] Built target lidar_sample_cc
[1.382s] [ 75%] Built target lidar_sample
[1.382s] [ 81%] Built target hub_sample_cc
[1.386s] [ 89%] Built target lidar_utc_sync
[1.386s] [ 97%] Built target trouble_shooting
[1.386s] [100%] Built target hub_lvx_sample
[1.414s] [36mInstall the project...[0m
[1.429s] -- Install configuration: ""
[1.429s] -- Up-to-date: /home/irobot/ros2_ws/build/livox_sdk_vendor/livox-sdk_install/lib/liblivox_sdk_static.a
[1.429s] -- Up-to-date: /home/irobot/ros2_ws/build/livox_sdk_vendor/livox-sdk_install/include/livox_def.h
[1.429s] -- Up-to-date: /home/irobot/ros2_ws/build/livox_sdk_vendor/livox-sdk_install/include/livox_sdk.h
[1.456s] [ 62%] [34m[1mCompleted 'livox-sdk-v2.3.0'[0m
[1.499s] [100%] Built target livox-sdk-v2.3.0
[1.518s] Invoked command in '/home/irobot/ros2_ws/build/livox_sdk_vendor' returned '0': CMAKE_PREFIX_PATH=/home/irobot/ros2_ws/install/vineslam_ros:/home/irobot/ros2_ws/install/vineslam:/home/irobot/ros2_ws/install/ublox:/home/irobot/ros2_ws/install/ublox_gps:/home/irobot/ros2_ws/install/ublox_msgs:/home/irobot/ros2_ws/install/ublox_serialization:/home/irobot/ros2_ws/install/livox_ros2_driver:/home/irobot/ros2_ws/install/livox_sdk_vendor:/home/irobot/ros2_ws/install/livox_interfaces:/home/irobot/ros2_ws/install/geofence:/opt/ros/foxy:/home/irobot/vinebot_ws/devel:/opt/ros/noetic /usr/bin/cmake --build /home/irobot/ros2_ws/build/livox_sdk_vendor -- -j8 -l8
[1.555s] Invoking command in '/home/irobot/ros2_ws/build/livox_sdk_vendor': CMAKE_PREFIX_PATH=/home/irobot/ros2_ws/install/vineslam_ros:/home/irobot/ros2_ws/install/vineslam:/home/irobot/ros2_ws/install/ublox:/home/irobot/ros2_ws/install/ublox_gps:/home/irobot/ros2_ws/install/ublox_msgs:/home/irobot/ros2_ws/install/ublox_serialization:/home/irobot/ros2_ws/install/livox_ros2_driver:/home/irobot/ros2_ws/install/livox_sdk_vendor:/home/irobot/ros2_ws/install/livox_interfaces:/home/irobot/ros2_ws/install/geofence:/opt/ros/foxy:/home/irobot/vinebot_ws/devel:/opt/ros/noetic /usr/bin/cmake --install /home/irobot/ros2_ws/build/livox_sdk_vendor
[1.578s] -- Install configuration: ""
[1.594s] -- Execute custom install script
[1.596s] -- Up-to-date symlink: /home/irobot/ros2_ws/install/livox_sdk_vendor/include/livox_def.h
[1.596s] -- Up-to-date symlink: /home/irobot/ros2_ws/install/livox_sdk_vendor/include/livox_sdk.h
[1.597s] -- Up-to-date symlink: /home/irobot/ros2_ws/install/livox_sdk_vendor/lib/liblivox_sdk_static.a
[1.598s] -- Up-to-date symlink: /home/irobot/ros2_ws/install/livox_sdk_vendor/share/livox_sdk_vendor/cmake/Modules/Findlivox_sdk.cmake
[1.598s] -- Up-to-date symlink: /home/irobot/ros2_ws/install/livox_sdk_vendor/share/ament_index/resource_index/package_run_dependencies/livox_sdk_vendor
[1.599s] -- Up-to-date symlink: /home/irobot/ros2_ws/install/livox_sdk_vendor/share/ament_index/resource_index/parent_prefix_path/livox_sdk_vendor
[1.599s] -- Up-to-date symlink: /home/irobot/ros2_ws/install/livox_sdk_vendor/share/livox_sdk_vendor/environment/ament_prefix_path.sh
[1.599s] -- Up-to-date symlink: /home/irobot/ros2_ws/install/livox_sdk_vendor/share/livox_sdk_vendor/environment/ament_prefix_path.dsv
[1.600s] -- Up-to-date symlink: /home/irobot/ros2_ws/install/livox_sdk_vendor/share/livox_sdk_vendor/environment/path.sh
[1.600s] -- Up-to-date symlink: /home/irobot/ros2_ws/install/livox_sdk_vendor/share/livox_sdk_vendor/environment/path.dsv
[1.600s] -- Up-to-date symlink: /home/irobot/ros2_ws/install/livox_sdk_vendor/share/livox_sdk_vendor/local_setup.bash
[1.600s] -- Up-to-date symlink: /home/irobot/ros2_ws/install/livox_sdk_vendor/share/livox_sdk_vendor/local_setup.sh
[1.601s] -- Up-to-date symlink: /home/irobot/ros2_ws/install/livox_sdk_vendor/share/livox_sdk_vendor/local_setup.zsh
[1.601s] -- Up-to-date symlink: /home/irobot/ros2_ws/install/livox_sdk_vendor/share/livox_sdk_vendor/local_setup.dsv
[1.601s] -- Symlinking: /home/irobot/ros2_ws/install/livox_sdk_vendor/share/livox_sdk_vendor/package.dsv
[1.607s] -- Up-to-date symlink: /home/irobot/ros2_ws/install/livox_sdk_vendor/share/ament_index/resource_index/packages/livox_sdk_vendor
[1.608s] -- Up-to-date symlink: /home/irobot/ros2_ws/install/livox_sdk_vendor/share/livox_sdk_vendor/cmake/livox_sdk_vendor-extras.cmake
[1.608s] -- Up-to-date symlink: /home/irobot/ros2_ws/install/livox_sdk_vendor/share/livox_sdk_vendor/cmake/livox_sdk_vendorConfig.cmake
[1.608s] -- Up-to-date symlink: /home/irobot/ros2_ws/install/livox_sdk_vendor/share/livox_sdk_vendor/cmake/livox_sdk_vendorConfig-version.cmake
[1.608s] -- Up-to-date symlink: /home/irobot/ros2_ws/install/livox_sdk_vendor/share/livox_sdk_vendor/package.xml
[1.615s] Invoked command in '/home/irobot/ros2_ws/build/livox_sdk_vendor' returned '0': CMAKE_PREFIX_PATH=/home/irobot/ros2_ws/install/vineslam_ros:/home/irobot/ros2_ws/install/vineslam:/home/irobot/ros2_ws/install/ublox:/home/irobot/ros2_ws/install/ublox_gps:/home/irobot/ros2_ws/install/ublox_msgs:/home/irobot/ros2_ws/install/ublox_serialization:/home/irobot/ros2_ws/install/livox_ros2_driver:/home/irobot/ros2_ws/install/livox_sdk_vendor:/home/irobot/ros2_ws/install/livox_interfaces:/home/irobot/ros2_ws/install/geofence:/opt/ros/foxy:/home/irobot/vinebot_ws/devel:/opt/ros/noetic /usr/bin/cmake --install /home/irobot/ros2_ws/build/livox_sdk_vendor
