[0.027s] Invoking command in '/home/irobot/ros2_ws/build/vineslam_ros': AMENT_PREFIX_PATH=/home/irobot/ros2_ws/install/ublox_msgs:/home/irobot/ros2_ws/install/vineslam:/home/irobot/ros2_ws/install/ublox_serialization:${AMENT_PREFIX_PATH} CMAKE_PREFIX_PATH=/home/irobot/ros2_ws/install/ublox_msgs:/home/irobot/ros2_ws/install/vineslam:/home/irobot/ros2_ws/install/ublox_serialization:/opt/ros/foxy LD_LIBRARY_PATH=/home/irobot/ros2_ws/install/ublox_msgs/lib:/home/irobot/ros2_ws/install/vineslam/lib:${LD_LIBRARY_PATH} PYTHONPATH=/home/irobot/ros2_ws/install/ublox_msgs/lib/python3.8/site-packages:${PYTHONPATH} /usr/bin/cmake --build /home/irobot/ros2_ws/build/vineslam_ros -- -j8 -l8
[0.100s] [  2%] Built target vineslam_ros__cpp
[0.109s] [ 10%] Built target vineslam_ros__rosidl_generator_c
[0.127s] [ 17%] Built target vineslam_ros__rosidl_typesupport_cpp
[0.135s] [ 38%] Built target vineslam_ros__rosidl_typesupport_c
[0.135s] [ 38%] Built target vineslam_ros__rosidl_typesupport_fastrtps_cpp
[0.135s] [ 41%] Built target vineslam_ros__rosidl_typesupport_introspection_c
[0.142s] [ 48%] Built target vineslam_ros__rosidl_typesupport_introspection_cpp
[0.163s] [ 56%] Built target vineslam_ros__rosidl_typesupport_fastrtps_c
[0.198s] [ 56%] Built target vineslam_ros
[0.234s] [ 58%] Built target vineslam_ros__py
[0.262s] [ 69%] Built target localization_node
[0.262s] [ 79%] Built target slam_node
[0.266s] [ 84%] Built target vineslam_ros__python
[0.299s] [ 89%] Built target vineslam_ros__rosidl_typesupport_c__pyext
[0.299s] [ 94%] Built target vineslam_ros__rosidl_typesupport_introspection_c__pyext
[0.302s] [100%] Built target vineslam_ros__rosidl_typesupport_fastrtps_c__pyext
[0.319s] Invoked command in '/home/irobot/ros2_ws/build/vineslam_ros' returned '0': AMENT_PREFIX_PATH=/home/irobot/ros2_ws/install/ublox_msgs:/home/irobot/ros2_ws/install/vineslam:/home/irobot/ros2_ws/install/ublox_serialization:${AMENT_PREFIX_PATH} CMAKE_PREFIX_PATH=/home/irobot/ros2_ws/install/ublox_msgs:/home/irobot/ros2_ws/install/vineslam:/home/irobot/ros2_ws/install/ublox_serialization:/opt/ros/foxy LD_LIBRARY_PATH=/home/irobot/ros2_ws/install/ublox_msgs/lib:/home/irobot/ros2_ws/install/vineslam/lib:${LD_LIBRARY_PATH} PYTHONPATH=/home/irobot/ros2_ws/install/ublox_msgs/lib/python3.8/site-packages:${PYTHONPATH} /usr/bin/cmake --build /home/irobot/ros2_ws/build/vineslam_ros -- -j8 -l8
[0.390s] Invoking command in '/home/irobot/ros2_ws/build/vineslam_ros': AMENT_PREFIX_PATH=/home/irobot/ros2_ws/install/ublox_msgs:/home/irobot/ros2_ws/install/vineslam:/home/irobot/ros2_ws/install/ublox_serialization:${AMENT_PREFIX_PATH} CMAKE_PREFIX_PATH=/home/irobot/ros2_ws/install/ublox_msgs:/home/irobot/ros2_ws/install/vineslam:/home/irobot/ros2_ws/install/ublox_serialization:/opt/ros/foxy LD_LIBRARY_PATH=/home/irobot/ros2_ws/install/ublox_msgs/lib:/home/irobot/ros2_ws/install/vineslam/lib:${LD_LIBRARY_PATH} PYTHONPATH=/home/irobot/ros2_ws/install/ublox_msgs/lib/python3.8/site-packages:${PYTHONPATH} /usr/bin/cmake --install /home/irobot/ros2_ws/build/vineslam_ros
[0.402s] -- Install configuration: "Release"
[0.402s] -- Up-to-date: /home/irobot/ros2_ws/install/vineslam_ros/share/ament_index/resource_index/rosidl_interfaces/vineslam_ros
[0.402s] -- Up-to-date: /home/irobot/ros2_ws/install/vineslam_ros/include/vineslam_ros
[0.403s] -- Up-to-date: /home/irobot/ros2_ws/install/vineslam_ros/include/vineslam_ros/msg
[0.403s] -- Up-to-date: /home/irobot/ros2_ws/install/vineslam_ros/include/vineslam_ros/msg/rosidl_generator_c__visibility_control.h
[0.403s] -- Up-to-date: /home/irobot/ros2_ws/install/vineslam_ros/include/vineslam_ros/srv
[0.403s] -- Up-to-date: /home/irobot/ros2_ws/install/vineslam_ros/include/vineslam_ros/srv/detail
[0.403s] -- Up-to-date: /home/irobot/ros2_ws/install/vineslam_ros/include/vineslam_ros/srv/detail/save_map__functions.h
[0.403s] -- Up-to-date: /home/irobot/ros2_ws/install/vineslam_ros/include/vineslam_ros/srv/detail/save_map__type_support.h
[0.403s] -- Up-to-date: /home/irobot/ros2_ws/install/vineslam_ros/include/vineslam_ros/srv/detail/save_map__functions.c
[0.403s] -- Up-to-date: /home/irobot/ros2_ws/install/vineslam_ros/include/vineslam_ros/srv/detail/save_map__struct.h
[0.404s] -- Up-to-date: /home/irobot/ros2_ws/install/vineslam_ros/include/vineslam_ros/srv/save_map.h
[0.404s] -- Up-to-date: /home/irobot/ros2_ws/install/vineslam_ros/share/vineslam_ros/environment/library_path.sh
[0.404s] -- Up-to-date: /home/irobot/ros2_ws/install/vineslam_ros/share/vineslam_ros/environment/library_path.dsv
[0.404s] -- Up-to-date: /home/irobot/ros2_ws/install/vineslam_ros/lib/libvineslam_ros__rosidl_generator_c.so
[0.404s] -- Up-to-date: /home/irobot/ros2_ws/install/vineslam_ros/include/vineslam_ros
[0.405s] -- Up-to-date: /home/irobot/ros2_ws/install/vineslam_ros/include/vineslam_ros/msg
[0.405s] -- Up-to-date: /home/irobot/ros2_ws/install/vineslam_ros/include/vineslam_ros/msg/rosidl_typesupport_fastrtps_c__visibility_control.h
[0.405s] -- Up-to-date: /home/irobot/ros2_ws/install/vineslam_ros/include/vineslam_ros/srv
[0.405s] -- Up-to-date: /home/irobot/ros2_ws/install/vineslam_ros/include/vineslam_ros/srv/detail
[0.405s] -- Up-to-date: /home/irobot/ros2_ws/install/vineslam_ros/include/vineslam_ros/srv/detail/save_map__rosidl_typesupport_fastrtps_c.h
[0.405s] -- Up-to-date: /home/irobot/ros2_ws/install/vineslam_ros/lib/libvineslam_ros__rosidl_typesupport_fastrtps_c.so
[0.406s] -- Up-to-date: /home/irobot/ros2_ws/install/vineslam_ros/include/vineslam_ros
[0.406s] -- Up-to-date: /home/irobot/ros2_ws/install/vineslam_ros/include/vineslam_ros/msg
[0.406s] -- Up-to-date: /home/irobot/ros2_ws/install/vineslam_ros/include/vineslam_ros/msg/rosidl_typesupport_fastrtps_cpp__visibility_control.h
[0.406s] -- Up-to-date: /home/irobot/ros2_ws/install/vineslam_ros/include/vineslam_ros/srv
[0.407s] -- Up-to-date: /home/irobot/ros2_ws/install/vineslam_ros/include/vineslam_ros/srv/detail
[0.407s] -- Up-to-date: /home/irobot/ros2_ws/install/vineslam_ros/include/vineslam_ros/srv/detail/dds_fastrtps
[0.407s] -- Up-to-date: /home/irobot/ros2_ws/install/vineslam_ros/include/vineslam_ros/srv/detail/save_map__rosidl_typesupport_fastrtps_cpp.hpp
[0.407s] -- Up-to-date: /home/irobot/ros2_ws/install/vineslam_ros/lib/libvineslam_ros__rosidl_typesupport_fastrtps_cpp.so
[0.407s] -- Up-to-date: /home/irobot/ros2_ws/install/vineslam_ros/include/vineslam_ros
[0.408s] -- Up-to-date: /home/irobot/ros2_ws/install/vineslam_ros/include/vineslam_ros/msg
[0.408s] -- Up-to-date: /home/irobot/ros2_ws/install/vineslam_ros/include/vineslam_ros/msg/rosidl_typesupport_introspection_c__visibility_control.h
[0.408s] -- Up-to-date: /home/irobot/ros2_ws/install/vineslam_ros/include/vineslam_ros/srv
[0.408s] -- Up-to-date: /home/irobot/ros2_ws/install/vineslam_ros/include/vineslam_ros/srv/detail
[0.408s] -- Up-to-date: /home/irobot/ros2_ws/install/vineslam_ros/include/vineslam_ros/srv/detail/save_map__rosidl_typesupport_introspection_c.h
[0.408s] -- Up-to-date: /home/irobot/ros2_ws/install/vineslam_ros/include/vineslam_ros/srv/detail/save_map__type_support.c
[0.408s] -- Up-to-date: /home/irobot/ros2_ws/install/vineslam_ros/lib/libvineslam_ros__rosidl_typesupport_introspection_c.so
[0.408s] -- Up-to-date: /home/irobot/ros2_ws/install/vineslam_ros/lib/libvineslam_ros__rosidl_typesupport_c.so
[0.408s] -- Up-to-date: /home/irobot/ros2_ws/install/vineslam_ros/include/vineslam_ros
[0.408s] -- Up-to-date: /home/irobot/ros2_ws/install/vineslam_ros/include/vineslam_ros/msg
[0.408s] -- Up-to-date: /home/irobot/ros2_ws/install/vineslam_ros/include/vineslam_ros/msg/rosidl_generator_cpp__visibility_control.hpp
[0.408s] -- Up-to-date: /home/irobot/ros2_ws/install/vineslam_ros/include/vineslam_ros/srv
[0.408s] -- Up-to-date: /home/irobot/ros2_ws/install/vineslam_ros/include/vineslam_ros/srv/save_map.hpp
[0.408s] -- Up-to-date: /home/irobot/ros2_ws/install/vineslam_ros/include/vineslam_ros/srv/detail
[0.408s] -- Up-to-date: /home/irobot/ros2_ws/install/vineslam_ros/include/vineslam_ros/srv/detail/save_map__traits.hpp
[0.408s] -- Up-to-date: /home/irobot/ros2_ws/install/vineslam_ros/include/vineslam_ros/srv/detail/save_map__type_support.hpp
[0.409s] -- Up-to-date: /home/irobot/ros2_ws/install/vineslam_ros/include/vineslam_ros/srv/detail/save_map__builder.hpp
[0.409s] -- Up-to-date: /home/irobot/ros2_ws/install/vineslam_ros/include/vineslam_ros/srv/detail/save_map__struct.hpp
[0.409s] -- Up-to-date: /home/irobot/ros2_ws/install/vineslam_ros/include/vineslam_ros
[0.409s] -- Up-to-date: /home/irobot/ros2_ws/install/vineslam_ros/include/vineslam_ros/srv
[0.409s] -- Up-to-date: /home/irobot/ros2_ws/install/vineslam_ros/include/vineslam_ros/srv/detail
[0.409s] -- Up-to-date: /home/irobot/ros2_ws/install/vineslam_ros/include/vineslam_ros/srv/detail/save_map__type_support.cpp
[0.409s] -- Up-to-date: /home/irobot/ros2_ws/install/vineslam_ros/include/vineslam_ros/srv/detail/save_map__rosidl_typesupport_introspection_cpp.hpp
[0.409s] -- Up-to-date: /home/irobot/ros2_ws/install/vineslam_ros/lib/libvineslam_ros__rosidl_typesupport_introspection_cpp.so
[0.409s] -- Up-to-date: /home/irobot/ros2_ws/install/vineslam_ros/lib/libvineslam_ros__rosidl_typesupport_cpp.so
[0.409s] -- Up-to-date: /home/irobot/ros2_ws/install/vineslam_ros/share/vineslam_ros/environment/pythonpath.sh
[0.409s] -- Up-to-date: /home/irobot/ros2_ws/install/vineslam_ros/share/vineslam_ros/environment/pythonpath.dsv
[0.409s] -- Up-to-date: /home/irobot/ros2_ws/install/vineslam_ros/lib/python3.8/site-packages/vineslam_ros/__init__.py
[0.445s] -- Up-to-date: /home/irobot/ros2_ws/install/vineslam_ros/lib/python3.8/site-packages/vineslam_ros/srv
[0.446s] -- Up-to-date: /home/irobot/ros2_ws/install/vineslam_ros/lib/python3.8/site-packages/vineslam_ros/srv/_save_map.py
[0.446s] -- Up-to-date: /home/irobot/ros2_ws/install/vineslam_ros/lib/python3.8/site-packages/vineslam_ros/srv/__init__.py
[0.446s] -- Up-to-date: /home/irobot/ros2_ws/install/vineslam_ros/lib/python3.8/site-packages/vineslam_ros/srv/_save_map_s.c
[0.446s] -- Up-to-date: /home/irobot/ros2_ws/install/vineslam_ros/lib/python3.8/site-packages/vineslam_ros/vineslam_ros_s__rosidl_typesupport_fastrtps_c.cpython-38-x86_64-linux-gnu.so
[0.446s] -- Up-to-date: /home/irobot/ros2_ws/install/vineslam_ros/lib/python3.8/site-packages/vineslam_ros/vineslam_ros_s__rosidl_typesupport_introspection_c.cpython-38-x86_64-linux-gnu.so
[0.448s] -- Up-to-date: /home/irobot/ros2_ws/install/vineslam_ros/lib/python3.8/site-packages/vineslam_ros/vineslam_ros_s__rosidl_typesupport_c.cpython-38-x86_64-linux-gnu.so
[0.448s] -- Up-to-date: /home/irobot/ros2_ws/install/vineslam_ros/lib/libvineslam_ros__python.so
[0.448s] -- Up-to-date: /home/irobot/ros2_ws/install/vineslam_ros/share/vineslam_ros/srv/SaveMap.idl
[0.449s] -- Up-to-date: /home/irobot/ros2_ws/install/vineslam_ros/share/vineslam_ros/srv/SaveMap.srv
[0.449s] -- Up-to-date: /home/irobot/ros2_ws/install/vineslam_ros/share/vineslam_ros/srv/SaveMap_Request.msg
[0.449s] -- Up-to-date: /home/irobot/ros2_ws/install/vineslam_ros/share/vineslam_ros/srv/SaveMap_Response.msg
[0.449s] -- Up-to-date: /home/irobot/ros2_ws/install/vineslam_ros/lib/vineslam_ros/slam_node
[0.450s] -- Up-to-date: /home/irobot/ros2_ws/install/vineslam_ros/lib/vineslam_ros/localization_node
[0.450s] -- Up-to-date: /home/irobot/ros2_ws/install/vineslam_ros/share/ament_index/resource_index/package_run_dependencies/vineslam_ros
[0.450s] -- Up-to-date: /home/irobot/ros2_ws/install/vineslam_ros/share/ament_index/resource_index/parent_prefix_path/vineslam_ros
[0.450s] -- Up-to-date: /home/irobot/ros2_ws/install/vineslam_ros/share/vineslam_ros/environment/ament_prefix_path.sh
[0.450s] -- Up-to-date: /home/irobot/ros2_ws/install/vineslam_ros/share/vineslam_ros/environment/ament_prefix_path.dsv
[0.451s] -- Up-to-date: /home/irobot/ros2_ws/install/vineslam_ros/share/vineslam_ros/environment/path.sh
[0.451s] -- Up-to-date: /home/irobot/ros2_ws/install/vineslam_ros/share/vineslam_ros/environment/path.dsv
[0.451s] -- Up-to-date: /home/irobot/ros2_ws/install/vineslam_ros/share/vineslam_ros/local_setup.bash
[0.451s] -- Up-to-date: /home/irobot/ros2_ws/install/vineslam_ros/share/vineslam_ros/local_setup.sh
[0.451s] -- Up-to-date: /home/irobot/ros2_ws/install/vineslam_ros/share/vineslam_ros/local_setup.zsh
[0.451s] -- Up-to-date: /home/irobot/ros2_ws/install/vineslam_ros/share/vineslam_ros/local_setup.dsv
[0.452s] -- Installing: /home/irobot/ros2_ws/install/vineslam_ros/share/vineslam_ros/package.dsv
[0.452s] -- Up-to-date: /home/irobot/ros2_ws/install/vineslam_ros/share/ament_index/resource_index/packages/vineslam_ros
[0.452s] -- Up-to-date: /home/irobot/ros2_ws/install/vineslam_ros/share/vineslam_ros/cmake/vineslam_ros__rosidl_generator_cExport.cmake
[0.452s] -- Up-to-date: /home/irobot/ros2_ws/install/vineslam_ros/share/vineslam_ros/cmake/vineslam_ros__rosidl_generator_cExport-release.cmake
[0.453s] -- Up-to-date: /home/irobot/ros2_ws/install/vineslam_ros/share/vineslam_ros/cmake/vineslam_ros__rosidl_typesupport_introspection_cExport.cmake
[0.453s] -- Up-to-date: /home/irobot/ros2_ws/install/vineslam_ros/share/vineslam_ros/cmake/vineslam_ros__rosidl_typesupport_introspection_cExport-release.cmake
[0.453s] -- Up-to-date: /home/irobot/ros2_ws/install/vineslam_ros/share/vineslam_ros/cmake/vineslam_ros__rosidl_typesupport_cExport.cmake
[0.453s] -- Up-to-date: /home/irobot/ros2_ws/install/vineslam_ros/share/vineslam_ros/cmake/vineslam_ros__rosidl_typesupport_cExport-release.cmake
[0.453s] -- Up-to-date: /home/irobot/ros2_ws/install/vineslam_ros/share/vineslam_ros/cmake/vineslam_ros__rosidl_generator_cppExport.cmake
[0.454s] -- Up-to-date: /home/irobot/ros2_ws/install/vineslam_ros/share/vineslam_ros/cmake/vineslam_ros__rosidl_typesupport_introspection_cppExport.cmake
[0.455s] -- Up-to-date: /home/irobot/ros2_ws/install/vineslam_ros/share/vineslam_ros/cmake/vineslam_ros__rosidl_typesupport_introspection_cppExport-release.cmake
[0.455s] -- Up-to-date: /home/irobot/ros2_ws/install/vineslam_ros/share/vineslam_ros/cmake/vineslam_ros__rosidl_typesupport_cppExport.cmake
[0.455s] -- Up-to-date: /home/irobot/ros2_ws/install/vineslam_ros/share/vineslam_ros/cmake/vineslam_ros__rosidl_typesupport_cppExport-release.cmake
[0.455s] -- Up-to-date: /home/irobot/ros2_ws/install/vineslam_ros/share/vineslam_ros/cmake/rosidl_cmake-extras.cmake
[0.455s] -- Up-to-date: /home/irobot/ros2_ws/install/vineslam_ros/share/vineslam_ros/cmake/ament_cmake_export_dependencies-extras.cmake
[0.456s] -- Up-to-date: /home/irobot/ros2_ws/install/vineslam_ros/share/vineslam_ros/cmake/ament_cmake_export_libraries-extras.cmake
[0.456s] -- Up-to-date: /home/irobot/ros2_ws/install/vineslam_ros/share/vineslam_ros/cmake/ament_cmake_export_targets-extras.cmake
[0.456s] -- Up-to-date: /home/irobot/ros2_ws/install/vineslam_ros/share/vineslam_ros/cmake/ament_cmake_export_include_directories-extras.cmake
[0.457s] -- Up-to-date: /home/irobot/ros2_ws/install/vineslam_ros/share/vineslam_ros/cmake/rosidl_cmake_export_typesupport_libraries-extras.cmake
[0.457s] -- Up-to-date: /home/irobot/ros2_ws/install/vineslam_ros/share/vineslam_ros/cmake/rosidl_cmake_export_typesupport_targets-extras.cmake
[0.457s] -- Up-to-date: /home/irobot/ros2_ws/install/vineslam_ros/share/vineslam_ros/cmake/vineslam_rosConfig.cmake
[0.459s] -- Up-to-date: /home/irobot/ros2_ws/install/vineslam_ros/share/vineslam_ros/cmake/vineslam_rosConfig-version.cmake
[0.459s] -- Up-to-date: /home/irobot/ros2_ws/install/vineslam_ros/share/vineslam_ros/package.xml
[0.464s] Invoked command in '/home/irobot/ros2_ws/build/vineslam_ros' returned '0': AMENT_PREFIX_PATH=/home/irobot/ros2_ws/install/ublox_msgs:/home/irobot/ros2_ws/install/vineslam:/home/irobot/ros2_ws/install/ublox_serialization:${AMENT_PREFIX_PATH} CMAKE_PREFIX_PATH=/home/irobot/ros2_ws/install/ublox_msgs:/home/irobot/ros2_ws/install/vineslam:/home/irobot/ros2_ws/install/ublox_serialization:/opt/ros/foxy LD_LIBRARY_PATH=/home/irobot/ros2_ws/install/ublox_msgs/lib:/home/irobot/ros2_ws/install/vineslam/lib:${LD_LIBRARY_PATH} PYTHONPATH=/home/irobot/ros2_ws/install/ublox_msgs/lib/python3.8/site-packages:${PYTHONPATH} /usr/bin/cmake --install /home/irobot/ros2_ws/build/vineslam_ros
