[0.024s] Invoking command in '/home/irobot/ros2_ws/build/ublox': AMENT_PREFIX_PATH=/home/irobot/ros2_ws/install/ublox_gps:/home/irobot/ros2_ws/install/ublox_msgs:/home/irobot/ros2_ws/install/ublox_serialization:${AMENT_PREFIX_PATH} CMAKE_PREFIX_PATH=/home/irobot/ros2_ws/install/ublox_gps:/home/irobot/ros2_ws/install/ublox_msgs:/home/irobot/ros2_ws/install/ublox_serialization:/opt/ros/foxy LD_LIBRARY_PATH=/home/irobot/ros2_ws/install/ublox_gps/lib:/home/irobot/ros2_ws/install/ublox_msgs/lib:${LD_LIBRARY_PATH} PYTHONPATH=/home/irobot/ros2_ws/install/ublox_msgs/lib/python3.8/site-packages:${PYTHONPATH} /usr/bin/cmake /home/irobot/ros2_ws/src/ublox/ublox -DCMAKE_BUILD_TYPE=Release -DCMAKE_INSTALL_PREFIX=/home/irobot/ros2_ws/install/ublox
[0.047s] -- Found ament_cmake: 0.9.12 (/opt/ros/foxy/share/ament_cmake/cmake)
[0.078s] -- Using PYTHON_EXECUTABLE: /usr/bin/python3
[0.344s] -- Override CMake install command with custom implementation using symlinks instead of copying resources
[0.430s] -- Configuring done
[0.432s] -- Generating done
[0.434s] -- Build files have been written to: /home/irobot/ros2_ws/build/ublox
[0.436s] Invoked command in '/home/irobot/ros2_ws/build/ublox' returned '0': AMENT_PREFIX_PATH=/home/irobot/ros2_ws/install/ublox_gps:/home/irobot/ros2_ws/install/ublox_msgs:/home/irobot/ros2_ws/install/ublox_serialization:${AMENT_PREFIX_PATH} CMAKE_PREFIX_PATH=/home/irobot/ros2_ws/install/ublox_gps:/home/irobot/ros2_ws/install/ublox_msgs:/home/irobot/ros2_ws/install/ublox_serialization:/opt/ros/foxy LD_LIBRARY_PATH=/home/irobot/ros2_ws/install/ublox_gps/lib:/home/irobot/ros2_ws/install/ublox_msgs/lib:${LD_LIBRARY_PATH} PYTHONPATH=/home/irobot/ros2_ws/install/ublox_msgs/lib/python3.8/site-packages:${PYTHONPATH} /usr/bin/cmake /home/irobot/ros2_ws/src/ublox/ublox -DCMAKE_BUILD_TYPE=Release -DCMAKE_INSTALL_PREFIX=/home/irobot/ros2_ws/install/ublox
[0.438s] Invoking command in '/home/irobot/ros2_ws/build/ublox': AMENT_PREFIX_PATH=/home/irobot/ros2_ws/install/ublox_gps:/home/irobot/ros2_ws/install/ublox_msgs:/home/irobot/ros2_ws/install/ublox_serialization:${AMENT_PREFIX_PATH} CMAKE_PREFIX_PATH=/home/irobot/ros2_ws/install/ublox_gps:/home/irobot/ros2_ws/install/ublox_msgs:/home/irobot/ros2_ws/install/ublox_serialization:/opt/ros/foxy LD_LIBRARY_PATH=/home/irobot/ros2_ws/install/ublox_gps/lib:/home/irobot/ros2_ws/install/ublox_msgs/lib:${LD_LIBRARY_PATH} PYTHONPATH=/home/irobot/ros2_ws/install/ublox_msgs/lib/python3.8/site-packages:${PYTHONPATH} /usr/bin/cmake --build /home/irobot/ros2_ws/build/ublox -- -j8 -l8
[0.505s] Invoked command in '/home/irobot/ros2_ws/build/ublox' returned '0': AMENT_PREFIX_PATH=/home/irobot/ros2_ws/install/ublox_gps:/home/irobot/ros2_ws/install/ublox_msgs:/home/irobot/ros2_ws/install/ublox_serialization:${AMENT_PREFIX_PATH} CMAKE_PREFIX_PATH=/home/irobot/ros2_ws/install/ublox_gps:/home/irobot/ros2_ws/install/ublox_msgs:/home/irobot/ros2_ws/install/ublox_serialization:/opt/ros/foxy LD_LIBRARY_PATH=/home/irobot/ros2_ws/install/ublox_gps/lib:/home/irobot/ros2_ws/install/ublox_msgs/lib:${LD_LIBRARY_PATH} PYTHONPATH=/home/irobot/ros2_ws/install/ublox_msgs/lib/python3.8/site-packages:${PYTHONPATH} /usr/bin/cmake --build /home/irobot/ros2_ws/build/ublox -- -j8 -l8
[0.540s] Invoking command in '/home/irobot/ros2_ws/build/ublox': AMENT_PREFIX_PATH=/home/irobot/ros2_ws/install/ublox_gps:/home/irobot/ros2_ws/install/ublox_msgs:/home/irobot/ros2_ws/install/ublox_serialization:${AMENT_PREFIX_PATH} CMAKE_PREFIX_PATH=/home/irobot/ros2_ws/install/ublox_gps:/home/irobot/ros2_ws/install/ublox_msgs:/home/irobot/ros2_ws/install/ublox_serialization:/opt/ros/foxy LD_LIBRARY_PATH=/home/irobot/ros2_ws/install/ublox_gps/lib:/home/irobot/ros2_ws/install/ublox_msgs/lib:${LD_LIBRARY_PATH} PYTHONPATH=/home/irobot/ros2_ws/install/ublox_msgs/lib/python3.8/site-packages:${PYTHONPATH} /usr/bin/cmake --install /home/irobot/ros2_ws/build/ublox
[0.552s] -- Install configuration: "Release"
[0.552s] -- Execute custom install script
[0.552s] -- Up-to-date symlink: /home/irobot/ros2_ws/install/ublox/share/ament_index/resource_index/package_run_dependencies/ublox
[0.552s] -- Up-to-date symlink: /home/irobot/ros2_ws/install/ublox/share/ament_index/resource_index/parent_prefix_path/ublox
[0.552s] -- Up-to-date symlink: /home/irobot/ros2_ws/install/ublox/share/ublox/environment/ament_prefix_path.sh
[0.553s] -- Up-to-date symlink: /home/irobot/ros2_ws/install/ublox/share/ublox/environment/ament_prefix_path.dsv
[0.553s] -- Up-to-date symlink: /home/irobot/ros2_ws/install/ublox/share/ublox/environment/path.sh
[0.553s] -- Up-to-date symlink: /home/irobot/ros2_ws/install/ublox/share/ublox/environment/path.dsv
[0.553s] -- Up-to-date symlink: /home/irobot/ros2_ws/install/ublox/share/ublox/local_setup.bash
[0.553s] -- Up-to-date symlink: /home/irobot/ros2_ws/install/ublox/share/ublox/local_setup.sh
[0.553s] -- Up-to-date symlink: /home/irobot/ros2_ws/install/ublox/share/ublox/local_setup.zsh
[0.554s] -- Up-to-date symlink: /home/irobot/ros2_ws/install/ublox/share/ublox/local_setup.dsv
[0.554s] -- Symlinking: /home/irobot/ros2_ws/install/ublox/share/ublox/package.dsv
[0.569s] -- Up-to-date symlink: /home/irobot/ros2_ws/install/ublox/share/ament_index/resource_index/packages/ublox
[0.570s] -- Up-to-date symlink: /home/irobot/ros2_ws/install/ublox/share/ublox/cmake/ubloxConfig.cmake
[0.570s] -- Up-to-date symlink: /home/irobot/ros2_ws/install/ublox/share/ublox/cmake/ubloxConfig-version.cmake
[0.571s] -- Up-to-date symlink: /home/irobot/ros2_ws/install/ublox/share/ublox/package.xml
[0.573s] Invoked command in '/home/irobot/ros2_ws/build/ublox' returned '0': AMENT_PREFIX_PATH=/home/irobot/ros2_ws/install/ublox_gps:/home/irobot/ros2_ws/install/ublox_msgs:/home/irobot/ros2_ws/install/ublox_serialization:${AMENT_PREFIX_PATH} CMAKE_PREFIX_PATH=/home/irobot/ros2_ws/install/ublox_gps:/home/irobot/ros2_ws/install/ublox_msgs:/home/irobot/ros2_ws/install/ublox_serialization:/opt/ros/foxy LD_LIBRARY_PATH=/home/irobot/ros2_ws/install/ublox_gps/lib:/home/irobot/ros2_ws/install/ublox_msgs/lib:${LD_LIBRARY_PATH} PYTHONPATH=/home/irobot/ros2_ws/install/ublox_msgs/lib/python3.8/site-packages:${PYTHONPATH} /usr/bin/cmake --install /home/irobot/ros2_ws/build/ublox
