[0.044s] Invoking command in '/home/irobot/ros2_ws/build/livox_sdk_vendor': CMAKE_PREFIX_PATH=${CMAKE_PREFIX_PATH}:/opt/ros/foxy /usr/bin/cmake --build /home/irobot/ros2_ws/build/livox_sdk_vendor -- -j8 -l8
[0.102s] [ 12%] [34m[1mPerforming update step for 'livox-sdk-v2.3.0'[0m
[0.149s] [ 25%] [34m[1mPerforming configure step for 'livox-sdk-v2.3.0'[0m
[0.170s] -- main project dir: /home/irobot/ros2_ws/build/livox_sdk_vendor/livox-sdk-v2.3.0-prefix/src/livox-sdk-v2.3.0
[0.175s] -- Configuring done
[0.253s] -- Generating done
[0.454s] -- Build files have been written to: /home/irobot/ros2_ws/build/livox_sdk_vendor/livox-sdk-v2.3.0-prefix/src/livox-sdk-v2.3.0-build
[0.477s] [ 37%] [34m[1mPerforming build step for 'livox-sdk-v2.3.0'[0m
[0.522s] [ 54%] Built target livox_sdk_static
[0.546s] [ 66%] Built target hub_sample
[0.547s] [ 66%] Built target lidar_sample
[0.547s] [ 68%] Built target hub_sample_cc
[0.547s] [ 75%] Built target lidar_lvx_sample
[0.554s] [ 81%] Built target lidar_sample_cc
[0.555s] [ 87%] Built target hub_lvx_sample
[0.556s] [ 97%] Built target trouble_shooting
[0.557s] [100%] Built target lidar_utc_sync
[0.588s] [ 50%] [34m[1mPerforming install step for 'livox-sdk-v2.3.0'[0m
[0.642s] [ 54%] Built target livox_sdk_static
[0.662s] [ 58%] Built target trouble_shooting
[0.670s] [ 68%] Built target lidar_sample_cc
[0.670s] [ 68%] Built target lidar_sample
[0.671s] [ 72%] Built target hub_sample
[0.671s] [ 81%] Built target lidar_utc_sync
[0.674s] [ 87%] Built target lidar_lvx_sample
[0.676s] [ 93%] Built target hub_sample_cc
[0.680s] [100%] Built target hub_lvx_sample
[0.709s] [36mInstall the project...[0m
[0.721s] -- Install configuration: ""
[0.722s] -- Up-to-date: /home/irobot/ros2_ws/build/livox_sdk_vendor/livox-sdk_install/lib/liblivox_sdk_static.a
[0.722s] -- Up-to-date: /home/irobot/ros2_ws/build/livox_sdk_vendor/livox-sdk_install/include/livox_def.h
[0.722s] -- Up-to-date: /home/irobot/ros2_ws/build/livox_sdk_vendor/livox-sdk_install/include/livox_sdk.h
[0.751s] [ 62%] [34m[1mCompleted 'livox-sdk-v2.3.0'[0m
[0.815s] [100%] Built target livox-sdk-v2.3.0
[0.993s] Invoked command in '/home/irobot/ros2_ws/build/livox_sdk_vendor' returned '0': CMAKE_PREFIX_PATH=${CMAKE_PREFIX_PATH}:/opt/ros/foxy /usr/bin/cmake --build /home/irobot/ros2_ws/build/livox_sdk_vendor -- -j8 -l8
[1.001s] Invoking command in '/home/irobot/ros2_ws/build/livox_sdk_vendor': CMAKE_PREFIX_PATH=${CMAKE_PREFIX_PATH}:/opt/ros/foxy /usr/bin/cmake --install /home/irobot/ros2_ws/build/livox_sdk_vendor
[1.003s] -- Install configuration: ""
[1.003s] -- Execute custom install script
[1.003s] -- Up-to-date symlink: /home/irobot/ros2_ws/install/livox_sdk_vendor/include/livox_def.h
[1.003s] -- Up-to-date symlink: /home/irobot/ros2_ws/install/livox_sdk_vendor/include/livox_sdk.h
[1.003s] -- Up-to-date symlink: /home/irobot/ros2_ws/install/livox_sdk_vendor/lib/liblivox_sdk_static.a
[1.003s] -- Up-to-date symlink: /home/irobot/ros2_ws/install/livox_sdk_vendor/share/livox_sdk_vendor/cmake/Modules/Findlivox_sdk.cmake
[1.003s] -- Up-to-date symlink: /home/irobot/ros2_ws/install/livox_sdk_vendor/share/ament_index/resource_index/package_run_dependencies/livox_sdk_vendor
[1.003s] -- Up-to-date symlink: /home/irobot/ros2_ws/install/livox_sdk_vendor/share/ament_index/resource_index/parent_prefix_path/livox_sdk_vendor
[1.004s] -- Up-to-date symlink: /home/irobot/ros2_ws/install/livox_sdk_vendor/share/livox_sdk_vendor/environment/ament_prefix_path.sh
[1.004s] -- Up-to-date symlink: /home/irobot/ros2_ws/install/livox_sdk_vendor/share/livox_sdk_vendor/environment/ament_prefix_path.dsv
[1.004s] -- Up-to-date symlink: /home/irobot/ros2_ws/install/livox_sdk_vendor/share/livox_sdk_vendor/environment/path.sh
[1.004s] -- Up-to-date symlink: /home/irobot/ros2_ws/install/livox_sdk_vendor/share/livox_sdk_vendor/environment/path.dsv
[1.004s] -- Up-to-date symlink: /home/irobot/ros2_ws/install/livox_sdk_vendor/share/livox_sdk_vendor/local_setup.bash
[1.004s] -- Up-to-date symlink: /home/irobot/ros2_ws/install/livox_sdk_vendor/share/livox_sdk_vendor/local_setup.sh
[1.004s] -- Up-to-date symlink: /home/irobot/ros2_ws/install/livox_sdk_vendor/share/livox_sdk_vendor/local_setup.zsh
[1.004s] -- Up-to-date symlink: /home/irobot/ros2_ws/install/livox_sdk_vendor/share/livox_sdk_vendor/local_setup.dsv
[1.004s] -- Symlinking: /home/irobot/ros2_ws/install/livox_sdk_vendor/share/livox_sdk_vendor/package.dsv
[1.005s] -- Up-to-date symlink: /home/irobot/ros2_ws/install/livox_sdk_vendor/share/ament_index/resource_index/packages/livox_sdk_vendor
[1.005s] -- Up-to-date symlink: /home/irobot/ros2_ws/install/livox_sdk_vendor/share/livox_sdk_vendor/cmake/livox_sdk_vendor-extras.cmake
[1.005s] -- Up-to-date symlink: /home/irobot/ros2_ws/install/livox_sdk_vendor/share/livox_sdk_vendor/cmake/livox_sdk_vendorConfig.cmake
[1.005s] -- Up-to-date symlink: /home/irobot/ros2_ws/install/livox_sdk_vendor/share/livox_sdk_vendor/cmake/livox_sdk_vendorConfig-version.cmake
[1.005s] -- Up-to-date symlink: /home/irobot/ros2_ws/install/livox_sdk_vendor/share/livox_sdk_vendor/package.xml
[1.005s] Invoked command in '/home/irobot/ros2_ws/build/livox_sdk_vendor' returned '0': CMAKE_PREFIX_PATH=${CMAKE_PREFIX_PATH}:/opt/ros/foxy /usr/bin/cmake --install /home/irobot/ros2_ws/build/livox_sdk_vendor
