[0.273s] Invoking command in '/home/irobot/ros2_ws/build/livox_sdk_vendor': CMAKE_PREFIX_PATH=${CMAKE_PREFIX_PATH}:/opt/ros/foxy /usr/bin/cmake --build /home/irobot/ros2_ws/build/livox_sdk_vendor -- -j8 -l8
[0.698s] [ 12%] [34m[1mPerforming update step for 'livox-sdk-v2.3.0'[0m
[0.698s] [ 25%] [34m[1mPerforming configure step for 'livox-sdk-v2.3.0'[0m
[0.699s] -- main project dir: /home/irobot/ros2_ws/build/livox_sdk_vendor/livox-sdk-v2.3.0-prefix/src/livox-sdk-v2.3.0
[0.699s] -- Configuring done
[1.353s] -- Generating done
[1.688s] -- Build files have been written to: /home/irobot/ros2_ws/build/livox_sdk_vendor/livox-sdk-v2.3.0-prefix/src/livox-sdk-v2.3.0-build
[1.720s] [ 37%] [34m[1mPerforming build step for 'livox-sdk-v2.3.0'[0m
[1.782s] [ 54%] Built target livox_sdk_static
[1.810s] [ 58%] Built target lidar_sample
[1.813s] [ 64%] Built target lidar_lvx_sample
[1.816s] [ 70%] Built target hub_sample_cc
[1.818s] [ 75%] Built target trouble_shooting
[1.819s] [ 79%] Built target hub_sample
[1.823s] [ 87%] Built target lidar_utc_sync
[1.823s] [ 93%] Built target lidar_sample_cc
[1.823s] [100%] Built target hub_lvx_sample
[1.848s] [ 50%] [34m[1mPerforming install step for 'livox-sdk-v2.3.0'[0m
[1.902s] [ 54%] Built target livox_sdk_static
[1.924s] [ 58%] Built target hub_sample
[1.927s] [ 81%] Built target lidar_sample
[1.927s] [ 81%] Built target hub_sample_cc
[1.927s] [ 81%] Built target lidar_sample_cc
[1.927s] [ 81%] Built target hub_lvx_sample
[1.930s] [ 87%] Built target lidar_lvx_sample
[1.934s] [ 91%] Built target trouble_shooting
[1.935s] [100%] Built target lidar_utc_sync
[1.956s] [36mInstall the project...[0m
[1.967s] -- Install configuration: ""
[1.968s] -- Up-to-date: /home/irobot/ros2_ws/build/livox_sdk_vendor/livox-sdk_install/lib/liblivox_sdk_static.a
[1.968s] -- Up-to-date: /home/irobot/ros2_ws/build/livox_sdk_vendor/livox-sdk_install/include/livox_def.h
[1.968s] -- Up-to-date: /home/irobot/ros2_ws/build/livox_sdk_vendor/livox-sdk_install/include/livox_sdk.h
[2.046s] [ 62%] [34m[1mCompleted 'livox-sdk-v2.3.0'[0m
[2.195s] [100%] Built target livox-sdk-v2.3.0
[3.963s] Invoked command in '/home/irobot/ros2_ws/build/livox_sdk_vendor' returned '0': CMAKE_PREFIX_PATH=${CMAKE_PREFIX_PATH}:/opt/ros/foxy /usr/bin/cmake --build /home/irobot/ros2_ws/build/livox_sdk_vendor -- -j8 -l8
[4.024s] Invoking command in '/home/irobot/ros2_ws/build/livox_sdk_vendor': CMAKE_PREFIX_PATH=${CMAKE_PREFIX_PATH}:/opt/ros/foxy /usr/bin/cmake --install /home/irobot/ros2_ws/build/livox_sdk_vendor
[4.031s] -- Install configuration: ""
[4.031s] -- Execute custom install script
[4.031s] -- Up-to-date symlink: /home/irobot/ros2_ws/install/livox_sdk_vendor/include/livox_def.h
[4.032s] -- Up-to-date symlink: /home/irobot/ros2_ws/install/livox_sdk_vendor/include/livox_sdk.h
[4.032s] -- Up-to-date symlink: /home/irobot/ros2_ws/install/livox_sdk_vendor/lib/liblivox_sdk_static.a
[4.032s] -- Up-to-date symlink: /home/irobot/ros2_ws/install/livox_sdk_vendor/share/livox_sdk_vendor/cmake/Modules/Findlivox_sdk.cmake
[4.032s] -- Up-to-date symlink: /home/irobot/ros2_ws/install/livox_sdk_vendor/share/ament_index/resource_index/package_run_dependencies/livox_sdk_vendor
[4.033s] -- Up-to-date symlink: /home/irobot/ros2_ws/install/livox_sdk_vendor/share/ament_index/resource_index/parent_prefix_path/livox_sdk_vendor
[4.033s] -- Up-to-date symlink: /home/irobot/ros2_ws/install/livox_sdk_vendor/share/livox_sdk_vendor/environment/ament_prefix_path.sh
[4.033s] -- Up-to-date symlink: /home/irobot/ros2_ws/install/livox_sdk_vendor/share/livox_sdk_vendor/environment/ament_prefix_path.dsv
[4.034s] -- Up-to-date symlink: /home/irobot/ros2_ws/install/livox_sdk_vendor/share/livox_sdk_vendor/environment/path.sh
[4.034s] -- Up-to-date symlink: /home/irobot/ros2_ws/install/livox_sdk_vendor/share/livox_sdk_vendor/environment/path.dsv
[4.035s] -- Up-to-date symlink: /home/irobot/ros2_ws/install/livox_sdk_vendor/share/livox_sdk_vendor/local_setup.bash
[4.035s] -- Up-to-date symlink: /home/irobot/ros2_ws/install/livox_sdk_vendor/share/livox_sdk_vendor/local_setup.sh
[4.036s] -- Up-to-date symlink: /home/irobot/ros2_ws/install/livox_sdk_vendor/share/livox_sdk_vendor/local_setup.zsh
[4.036s] -- Up-to-date symlink: /home/irobot/ros2_ws/install/livox_sdk_vendor/share/livox_sdk_vendor/local_setup.dsv
[4.036s] -- Symlinking: /home/irobot/ros2_ws/install/livox_sdk_vendor/share/livox_sdk_vendor/package.dsv
[4.048s] -- Up-to-date symlink: /home/irobot/ros2_ws/install/livox_sdk_vendor/share/ament_index/resource_index/packages/livox_sdk_vendor
[4.048s] -- Up-to-date symlink: /home/irobot/ros2_ws/install/livox_sdk_vendor/share/livox_sdk_vendor/cmake/livox_sdk_vendor-extras.cmake
[4.048s] -- Up-to-date symlink: /home/irobot/ros2_ws/install/livox_sdk_vendor/share/livox_sdk_vendor/cmake/livox_sdk_vendorConfig.cmake
[4.049s] -- Up-to-date symlink: /home/irobot/ros2_ws/install/livox_sdk_vendor/share/livox_sdk_vendor/cmake/livox_sdk_vendorConfig-version.cmake
[4.049s] -- Up-to-date symlink: /home/irobot/ros2_ws/install/livox_sdk_vendor/share/livox_sdk_vendor/package.xml
[4.053s] Invoked command in '/home/irobot/ros2_ws/build/livox_sdk_vendor' returned '0': CMAKE_PREFIX_PATH=${CMAKE_PREFIX_PATH}:/opt/ros/foxy /usr/bin/cmake --install /home/irobot/ros2_ws/build/livox_sdk_vendor
