[0.253s] Invoking command in '/home/irobot/ros2_ws/build/vineslam_ros': CMAKE_PREFIX_PATH=/home/irobot/ros2_ws/install/ublox_msgs:/home/irobot/ros2_ws/install/vineslam:/home/irobot/ros2_ws/install/ublox_serialization:/home/irobot/ros2_ws/install/vineslam_ros:/home/irobot/ros2_ws/install/ublox:/home/irobot/ros2_ws/install/ublox_gps:/home/irobot/ros2_ws/install/livox_ros2_driver:/home/irobot/ros2_ws/install/livox_sdk_vendor:/home/irobot/ros2_ws/install/livox_interfaces:/home/irobot/ros2_ws/install/geofence:/opt/ros/foxy LD_LIBRARY_PATH=/home/irobot/ros2_ws/install/ublox_msgs/lib:/home/irobot/ros2_ws/install/vineslam_ros/lib:/home/irobot/ros2_ws/install/vineslam/lib:/home/irobot/ros2_ws/install/ublox_gps/lib:/home/irobot/ros2_ws/install/livox_ros2_driver/lib:/home/irobot/ros2_ws/install/livox_interfaces/lib:/opt/ros/foxy/opt/yaml_cpp_vendor/lib:/opt/ros/foxy/opt/rviz_ogre_vendor/lib:/opt/ros/foxy/lib/x86_64-linux-gnu:/opt/ros/foxy/lib PYTHONPATH=/home/irobot/ros2_ws/install/ublox_msgs/lib/python3.8/site-packages:/home/irobot/ros2_ws/install/vineslam_ros/lib/python3.8/site-packages:/home/irobot/ros2_ws/install/livox_interfaces/lib/python3.8/site-packages:/home/irobot/ros2_ws/install/geofence/lib/python3.8/site-packages:/opt/ros/foxy/lib/python3.8/site-packages /usr/bin/cmake --build /home/irobot/ros2_ws/build/vineslam_ros -- -j8 -l8
[0.308s] [  2%] Built target vineslam_ros__cpp
[0.323s] [ 10%] Built target vineslam_ros__rosidl_generator_c
[0.342s] [ 17%] Built target vineslam_ros__rosidl_typesupport_cpp
[0.351s] [ 25%] Built target vineslam_ros__rosidl_typesupport_fastrtps_cpp
[0.373s] [ 33%] Built target vineslam_ros__rosidl_typesupport_introspection_c
[0.381s] [ 41%] Built target vineslam_ros__rosidl_typesupport_c
[0.407s] [ 48%] Built target vineslam_ros__rosidl_typesupport_introspection_cpp
[0.409s] [ 56%] Built target vineslam_ros__rosidl_typesupport_fastrtps_c
[0.434s] [ 56%] Built target vineslam_ros
[0.493s] [ 66%] Built target slam_node
[0.571s] [ 76%] Built target localization_node
[0.603s] [ 79%] Built target vineslam_ros__py
[0.637s] [ 84%] Built target vineslam_ros__python
[0.676s] [ 89%] Built target vineslam_ros__rosidl_typesupport_introspection_c__pyext
[0.716s] [ 94%] Built target vineslam_ros__rosidl_typesupport_c__pyext
[0.762s] [100%] Built target vineslam_ros__rosidl_typesupport_fastrtps_c__pyext
[0.771s] Invoked command in '/home/irobot/ros2_ws/build/vineslam_ros' returned '0': CMAKE_PREFIX_PATH=/home/irobot/ros2_ws/install/ublox_msgs:/home/irobot/ros2_ws/install/vineslam:/home/irobot/ros2_ws/install/ublox_serialization:/home/irobot/ros2_ws/install/vineslam_ros:/home/irobot/ros2_ws/install/ublox:/home/irobot/ros2_ws/install/ublox_gps:/home/irobot/ros2_ws/install/livox_ros2_driver:/home/irobot/ros2_ws/install/livox_sdk_vendor:/home/irobot/ros2_ws/install/livox_interfaces:/home/irobot/ros2_ws/install/geofence:/opt/ros/foxy LD_LIBRARY_PATH=/home/irobot/ros2_ws/install/ublox_msgs/lib:/home/irobot/ros2_ws/install/vineslam_ros/lib:/home/irobot/ros2_ws/install/vineslam/lib:/home/irobot/ros2_ws/install/ublox_gps/lib:/home/irobot/ros2_ws/install/livox_ros2_driver/lib:/home/irobot/ros2_ws/install/livox_interfaces/lib:/opt/ros/foxy/opt/yaml_cpp_vendor/lib:/opt/ros/foxy/opt/rviz_ogre_vendor/lib:/opt/ros/foxy/lib/x86_64-linux-gnu:/opt/ros/foxy/lib PYTHONPATH=/home/irobot/ros2_ws/install/ublox_msgs/lib/python3.8/site-packages:/home/irobot/ros2_ws/install/vineslam_ros/lib/python3.8/site-packages:/home/irobot/ros2_ws/install/livox_interfaces/lib/python3.8/site-packages:/home/irobot/ros2_ws/install/geofence/lib/python3.8/site-packages:/opt/ros/foxy/lib/python3.8/site-packages /usr/bin/cmake --build /home/irobot/ros2_ws/build/vineslam_ros -- -j8 -l8
[0.872s] Invoking command in '/home/irobot/ros2_ws/build/vineslam_ros': CMAKE_PREFIX_PATH=/home/irobot/ros2_ws/install/ublox_msgs:/home/irobot/ros2_ws/install/vineslam:/home/irobot/ros2_ws/install/ublox_serialization:/home/irobot/ros2_ws/install/vineslam_ros:/home/irobot/ros2_ws/install/ublox:/home/irobot/ros2_ws/install/ublox_gps:/home/irobot/ros2_ws/install/livox_ros2_driver:/home/irobot/ros2_ws/install/livox_sdk_vendor:/home/irobot/ros2_ws/install/livox_interfaces:/home/irobot/ros2_ws/install/geofence:/opt/ros/foxy LD_LIBRARY_PATH=/home/irobot/ros2_ws/install/ublox_msgs/lib:/home/irobot/ros2_ws/install/vineslam_ros/lib:/home/irobot/ros2_ws/install/vineslam/lib:/home/irobot/ros2_ws/install/ublox_gps/lib:/home/irobot/ros2_ws/install/livox_ros2_driver/lib:/home/irobot/ros2_ws/install/livox_interfaces/lib:/opt/ros/foxy/opt/yaml_cpp_vendor/lib:/opt/ros/foxy/opt/rviz_ogre_vendor/lib:/opt/ros/foxy/lib/x86_64-linux-gnu:/opt/ros/foxy/lib PYTHONPATH=/home/irobot/ros2_ws/install/ublox_msgs/lib/python3.8/site-packages:/home/irobot/ros2_ws/install/vineslam_ros/lib/python3.8/site-packages:/home/irobot/ros2_ws/install/livox_interfaces/lib/python3.8/site-packages:/home/irobot/ros2_ws/install/geofence/lib/python3.8/site-packages:/opt/ros/foxy/lib/python3.8/site-packages /usr/bin/cmake --install /home/irobot/ros2_ws/build/vineslam_ros
[0.884s] -- Install configuration: "Release"
[0.885s] -- Execute custom install script
[0.885s] -- Up-to-date symlink: /home/irobot/ros2_ws/install/vineslam_ros/share/ament_index/resource_index/rosidl_interfaces/vineslam_ros
[0.885s] -- Up-to-date symlink: /home/irobot/ros2_ws/install/vineslam_ros/include/vineslam_ros/msg/rosidl_generator_c__visibility_control.h
[0.886s] -- Up-to-date symlink: /home/irobot/ros2_ws/install/vineslam_ros/include/vineslam_ros/srv/detail/save_map__functions.h
[0.886s] -- Up-to-date symlink: /home/irobot/ros2_ws/install/vineslam_ros/include/vineslam_ros/srv/detail/save_map__struct.h
[0.886s] -- Up-to-date symlink: /home/irobot/ros2_ws/install/vineslam_ros/include/vineslam_ros/srv/detail/save_map__type_support.h
[0.886s] -- Up-to-date symlink: /home/irobot/ros2_ws/install/vineslam_ros/include/vineslam_ros/srv/save_map.h
[0.886s] -- Up-to-date symlink: /home/irobot/ros2_ws/install/vineslam_ros/share/vineslam_ros/environment/library_path.sh
[0.886s] -- Up-to-date symlink: /home/irobot/ros2_ws/install/vineslam_ros/share/vineslam_ros/environment/library_path.dsv
[0.887s] -- Up-to-date symlink: /home/irobot/ros2_ws/install/vineslam_ros/include/vineslam_ros/msg/rosidl_typesupport_fastrtps_c__visibility_control.h
[0.887s] -- Up-to-date symlink: /home/irobot/ros2_ws/install/vineslam_ros/include/vineslam_ros/srv/detail/save_map__rosidl_typesupport_fastrtps_c.h
[0.887s] -- Up-to-date symlink: /home/irobot/ros2_ws/install/vineslam_ros/lib/libvineslam_ros__rosidl_typesupport_fastrtps_c.so
[0.887s] -- Up-to-date symlink: /home/irobot/ros2_ws/install/vineslam_ros/include/vineslam_ros/msg/rosidl_typesupport_fastrtps_cpp__visibility_control.h
[0.888s] -- Up-to-date symlink: /home/irobot/ros2_ws/install/vineslam_ros/include/vineslam_ros/srv/detail/save_map__rosidl_typesupport_fastrtps_cpp.hpp
[0.888s] -- Up-to-date symlink: /home/irobot/ros2_ws/install/vineslam_ros/lib/libvineslam_ros__rosidl_typesupport_fastrtps_cpp.so
[0.888s] -- Up-to-date symlink: /home/irobot/ros2_ws/install/vineslam_ros/include/vineslam_ros/msg/rosidl_typesupport_introspection_c__visibility_control.h
[0.888s] -- Up-to-date symlink: /home/irobot/ros2_ws/install/vineslam_ros/include/vineslam_ros/srv/detail/save_map__rosidl_typesupport_introspection_c.h
[0.889s] -- Up-to-date symlink: /home/irobot/ros2_ws/install/vineslam_ros/include/vineslam_ros/msg/rosidl_generator_cpp__visibility_control.hpp
[0.889s] -- Up-to-date symlink: /home/irobot/ros2_ws/install/vineslam_ros/include/vineslam_ros/srv/detail/save_map__builder.hpp
[0.889s] -- Up-to-date symlink: /home/irobot/ros2_ws/install/vineslam_ros/include/vineslam_ros/srv/detail/save_map__struct.hpp
[0.889s] -- Up-to-date symlink: /home/irobot/ros2_ws/install/vineslam_ros/include/vineslam_ros/srv/detail/save_map__traits.hpp
[0.889s] -- Up-to-date symlink: /home/irobot/ros2_ws/install/vineslam_ros/include/vineslam_ros/srv/detail/save_map__type_support.hpp
[0.889s] -- Up-to-date symlink: /home/irobot/ros2_ws/install/vineslam_ros/include/vineslam_ros/srv/save_map.hpp
[0.889s] -- Up-to-date symlink: /home/irobot/ros2_ws/install/vineslam_ros/include/vineslam_ros/srv/detail/save_map__rosidl_typesupport_introspection_cpp.hpp
[0.890s] -- Up-to-date symlink: /home/irobot/ros2_ws/install/vineslam_ros/share/vineslam_ros/environment/pythonpath.sh
[0.890s] -- Up-to-date symlink: /home/irobot/ros2_ws/install/vineslam_ros/share/vineslam_ros/environment/pythonpath.dsv
[0.890s] -- Up-to-date symlink: /home/irobot/ros2_ws/install/vineslam_ros/lib/python3.8/site-packages/vineslam_ros/__init__.py
[0.890s] -- Up-to-date symlink: /home/irobot/ros2_ws/install/vineslam_ros/lib/python3.8/site-packages/vineslam_ros/srv/__init__.py
[0.890s] -- Up-to-date symlink: /home/irobot/ros2_ws/install/vineslam_ros/lib/python3.8/site-packages/vineslam_ros/srv/_save_map.py
[0.891s] -- Up-to-date symlink: /home/irobot/ros2_ws/install/vineslam_ros/lib/python3.8/site-packages/vineslam_ros/vineslam_ros_s__rosidl_typesupport_fastrtps_c.cpython-38-x86_64-linux-gnu.so
[0.891s] -- Up-to-date symlink: /home/irobot/ros2_ws/install/vineslam_ros/lib/python3.8/site-packages/vineslam_ros/vineslam_ros_s__rosidl_typesupport_introspection_c.cpython-38-x86_64-linux-gnu.so
[0.891s] -- Up-to-date symlink: /home/irobot/ros2_ws/install/vineslam_ros/lib/python3.8/site-packages/vineslam_ros/vineslam_ros_s__rosidl_typesupport_c.cpython-38-x86_64-linux-gnu.so
[0.892s] -- Up-to-date symlink: /home/irobot/ros2_ws/install/vineslam_ros/lib/libvineslam_ros__python.so
[0.892s] -- Up-to-date symlink: /home/irobot/ros2_ws/install/vineslam_ros/share/vineslam_ros/srv/SaveMap.idl
[0.892s] -- Up-to-date symlink: /home/irobot/ros2_ws/install/vineslam_ros/share/vineslam_ros/srv/SaveMap.srv
[0.892s] -- Up-to-date symlink: /home/irobot/ros2_ws/install/vineslam_ros/share/vineslam_ros/srv/SaveMap_Request.msg
[0.893s] -- Up-to-date symlink: /home/irobot/ros2_ws/install/vineslam_ros/share/vineslam_ros/srv/SaveMap_Response.msg
[0.893s] -- Up-to-date symlink: /home/irobot/ros2_ws/install/vineslam_ros/lib/vineslam_ros/slam_node
[0.893s] -- Up-to-date symlink: /home/irobot/ros2_ws/install/vineslam_ros/lib/vineslam_ros/localization_node
[0.893s] -- Up-to-date symlink: /home/irobot/ros2_ws/install/vineslam_ros/share/ament_index/resource_index/package_run_dependencies/vineslam_ros
[0.893s] -- Up-to-date symlink: /home/irobot/ros2_ws/install/vineslam_ros/share/ament_index/resource_index/parent_prefix_path/vineslam_ros
[0.894s] -- Up-to-date symlink: /home/irobot/ros2_ws/install/vineslam_ros/share/vineslam_ros/environment/ament_prefix_path.sh
[0.894s] -- Up-to-date symlink: /home/irobot/ros2_ws/install/vineslam_ros/share/vineslam_ros/environment/ament_prefix_path.dsv
[0.894s] -- Up-to-date symlink: /home/irobot/ros2_ws/install/vineslam_ros/share/vineslam_ros/environment/path.sh
[0.894s] -- Up-to-date symlink: /home/irobot/ros2_ws/install/vineslam_ros/share/vineslam_ros/environment/path.dsv
[0.894s] -- Up-to-date symlink: /home/irobot/ros2_ws/install/vineslam_ros/share/vineslam_ros/local_setup.bash
[0.894s] -- Up-to-date symlink: /home/irobot/ros2_ws/install/vineslam_ros/share/vineslam_ros/local_setup.sh
[0.895s] -- Up-to-date symlink: /home/irobot/ros2_ws/install/vineslam_ros/share/vineslam_ros/local_setup.zsh
[0.895s] -- Up-to-date symlink: /home/irobot/ros2_ws/install/vineslam_ros/share/vineslam_ros/local_setup.dsv
[0.895s] -- Symlinking: /home/irobot/ros2_ws/install/vineslam_ros/share/vineslam_ros/package.dsv
[0.910s] -- Up-to-date symlink: /home/irobot/ros2_ws/install/vineslam_ros/share/ament_index/resource_index/packages/vineslam_ros
[0.911s] -- Up-to-date symlink: /home/irobot/ros2_ws/install/vineslam_ros/share/vineslam_ros/cmake/rosidl_cmake-extras.cmake
[0.911s] -- Up-to-date symlink: /home/irobot/ros2_ws/install/vineslam_ros/share/vineslam_ros/cmake/ament_cmake_export_dependencies-extras.cmake
[0.912s] -- Up-to-date symlink: /home/irobot/ros2_ws/install/vineslam_ros/share/vineslam_ros/cmake/ament_cmake_export_libraries-extras.cmake
[0.912s] -- Up-to-date symlink: /home/irobot/ros2_ws/install/vineslam_ros/share/vineslam_ros/cmake/ament_cmake_export_targets-extras.cmake
[0.913s] -- Up-to-date symlink: /home/irobot/ros2_ws/install/vineslam_ros/share/vineslam_ros/cmake/ament_cmake_export_include_directories-extras.cmake
[0.913s] -- Up-to-date symlink: /home/irobot/ros2_ws/install/vineslam_ros/share/vineslam_ros/cmake/rosidl_cmake_export_typesupport_libraries-extras.cmake
[0.913s] -- Up-to-date symlink: /home/irobot/ros2_ws/install/vineslam_ros/share/vineslam_ros/cmake/rosidl_cmake_export_typesupport_targets-extras.cmake
[0.914s] -- Up-to-date symlink: /home/irobot/ros2_ws/install/vineslam_ros/share/vineslam_ros/cmake/vineslam_rosConfig.cmake
[0.914s] -- Up-to-date symlink: /home/irobot/ros2_ws/install/vineslam_ros/share/vineslam_ros/cmake/vineslam_rosConfig-version.cmake
[0.914s] -- Up-to-date symlink: /home/irobot/ros2_ws/install/vineslam_ros/share/vineslam_ros/package.xml
[0.915s] -- Up-to-date: /home/irobot/ros2_ws/install/vineslam_ros/lib/libvineslam_ros__rosidl_generator_c.so
[0.915s] -- Up-to-date: /home/irobot/ros2_ws/install/vineslam_ros/lib/libvineslam_ros__rosidl_typesupport_introspection_c.so
[0.916s] -- Up-to-date: /home/irobot/ros2_ws/install/vineslam_ros/lib/libvineslam_ros__rosidl_typesupport_c.so
[0.917s] -- Up-to-date: /home/irobot/ros2_ws/install/vineslam_ros/lib/libvineslam_ros__rosidl_typesupport_introspection_cpp.so
[0.917s] -- Up-to-date: /home/irobot/ros2_ws/install/vineslam_ros/lib/libvineslam_ros__rosidl_typesupport_cpp.so
[0.949s] -- Up-to-date: /home/irobot/ros2_ws/install/vineslam_ros/share/vineslam_ros/cmake/vineslam_ros__rosidl_generator_cExport.cmake
[0.950s] -- Up-to-date: /home/irobot/ros2_ws/install/vineslam_ros/share/vineslam_ros/cmake/vineslam_ros__rosidl_generator_cExport-release.cmake
[0.950s] -- Up-to-date: /home/irobot/ros2_ws/install/vineslam_ros/share/vineslam_ros/cmake/vineslam_ros__rosidl_typesupport_introspection_cExport.cmake
[0.950s] -- Up-to-date: /home/irobot/ros2_ws/install/vineslam_ros/share/vineslam_ros/cmake/vineslam_ros__rosidl_typesupport_introspection_cExport-release.cmake
[0.950s] -- Up-to-date: /home/irobot/ros2_ws/install/vineslam_ros/share/vineslam_ros/cmake/vineslam_ros__rosidl_typesupport_cExport.cmake
[0.950s] -- Up-to-date: /home/irobot/ros2_ws/install/vineslam_ros/share/vineslam_ros/cmake/vineslam_ros__rosidl_typesupport_cExport-release.cmake
[0.950s] -- Up-to-date: /home/irobot/ros2_ws/install/vineslam_ros/share/vineslam_ros/cmake/vineslam_ros__rosidl_generator_cppExport.cmake
[0.951s] -- Up-to-date: /home/irobot/ros2_ws/install/vineslam_ros/share/vineslam_ros/cmake/vineslam_ros__rosidl_typesupport_introspection_cppExport.cmake
[0.951s] -- Up-to-date: /home/irobot/ros2_ws/install/vineslam_ros/share/vineslam_ros/cmake/vineslam_ros__rosidl_typesupport_introspection_cppExport-release.cmake
[0.951s] -- Up-to-date: /home/irobot/ros2_ws/install/vineslam_ros/share/vineslam_ros/cmake/vineslam_ros__rosidl_typesupport_cppExport.cmake
[0.951s] -- Up-to-date: /home/irobot/ros2_ws/install/vineslam_ros/share/vineslam_ros/cmake/vineslam_ros__rosidl_typesupport_cppExport-release.cmake
[0.956s] Invoked command in '/home/irobot/ros2_ws/build/vineslam_ros' returned '0': CMAKE_PREFIX_PATH=/home/irobot/ros2_ws/install/ublox_msgs:/home/irobot/ros2_ws/install/vineslam:/home/irobot/ros2_ws/install/ublox_serialization:/home/irobot/ros2_ws/install/vineslam_ros:/home/irobot/ros2_ws/install/ublox:/home/irobot/ros2_ws/install/ublox_gps:/home/irobot/ros2_ws/install/livox_ros2_driver:/home/irobot/ros2_ws/install/livox_sdk_vendor:/home/irobot/ros2_ws/install/livox_interfaces:/home/irobot/ros2_ws/install/geofence:/opt/ros/foxy LD_LIBRARY_PATH=/home/irobot/ros2_ws/install/ublox_msgs/lib:/home/irobot/ros2_ws/install/vineslam_ros/lib:/home/irobot/ros2_ws/install/vineslam/lib:/home/irobot/ros2_ws/install/ublox_gps/lib:/home/irobot/ros2_ws/install/livox_ros2_driver/lib:/home/irobot/ros2_ws/install/livox_interfaces/lib:/opt/ros/foxy/opt/yaml_cpp_vendor/lib:/opt/ros/foxy/opt/rviz_ogre_vendor/lib:/opt/ros/foxy/lib/x86_64-linux-gnu:/opt/ros/foxy/lib PYTHONPATH=/home/irobot/ros2_ws/install/ublox_msgs/lib/python3.8/site-packages:/home/irobot/ros2_ws/install/vineslam_ros/lib/python3.8/site-packages:/home/irobot/ros2_ws/install/livox_interfaces/lib/python3.8/site-packages:/home/irobot/ros2_ws/install/geofence/lib/python3.8/site-packages:/opt/ros/foxy/lib/python3.8/site-packages /usr/bin/cmake --install /home/irobot/ros2_ws/build/vineslam_ros
