[0.052s] Invoking command in '/home/irobot/ros2_ws/build/livox_interfaces': CMAKE_PREFIX_PATH=${CMAKE_PREFIX_PATH}:/opt/ros/foxy /usr/bin/cmake --build /home/irobot/ros2_ws/build/livox_interfaces -- -j8 -l8
[0.184s] [  2%] Built target livox_interfaces__cpp
[0.221s] [ 12%] Built target livox_interfaces__rosidl_generator_c
[0.247s] [ 23%] Built target livox_interfaces__rosidl_typesupport_fastrtps_cpp
[0.247s] [ 33%] Built target livox_interfaces__rosidl_typesupport_cpp
[0.268s] [ 43%] Built target livox_interfaces__rosidl_typesupport_c
[0.274s] [ 53%] Built target livox_interfaces__rosidl_typesupport_introspection_cpp
[0.277s] [ 64%] Built target livox_interfaces__rosidl_typesupport_introspection_c
[0.323s] [ 74%] Built target livox_interfaces__rosidl_typesupport_fastrtps_c
[0.357s] [ 74%] Built target livox_interfaces
[0.402s] [ 76%] Built target livox_interfaces__py
[0.448s] [ 84%] Built target livox_interfaces__python
[0.485s] [ 89%] Built target livox_interfaces__rosidl_typesupport_fastrtps_c__pyext
[0.491s] [100%] Built target livox_interfaces__rosidl_typesupport_introspection_c__pyext
[0.491s] [100%] Built target livox_interfaces__rosidl_typesupport_c__pyext
[0.511s] Invoked command in '/home/irobot/ros2_ws/build/livox_interfaces' returned '0': CMAKE_PREFIX_PATH=${CMAKE_PREFIX_PATH}:/opt/ros/foxy /usr/bin/cmake --build /home/irobot/ros2_ws/build/livox_interfaces -- -j8 -l8
[0.678s] Invoking command in '/home/irobot/ros2_ws/build/livox_interfaces': CMAKE_PREFIX_PATH=${CMAKE_PREFIX_PATH}:/opt/ros/foxy /usr/bin/cmake --install /home/irobot/ros2_ws/build/livox_interfaces
[0.702s] -- Install configuration: ""
[0.702s] -- Execute custom install script
[0.730s] -- Up-to-date symlink: /home/irobot/ros2_ws/install/livox_interfaces/share/ament_index/resource_index/rosidl_interfaces/livox_interfaces
[0.730s] -- Up-to-date symlink: /home/irobot/ros2_ws/install/livox_interfaces/include/livox_interfaces/msg/custom_msg.h
[0.730s] -- Up-to-date symlink: /home/irobot/ros2_ws/install/livox_interfaces/include/livox_interfaces/msg/custom_point.h
[0.730s] -- Up-to-date symlink: /home/irobot/ros2_ws/install/livox_interfaces/include/livox_interfaces/msg/detail/custom_msg__functions.h
[0.730s] -- Up-to-date symlink: /home/irobot/ros2_ws/install/livox_interfaces/include/livox_interfaces/msg/detail/custom_msg__struct.h
[0.730s] -- Up-to-date symlink: /home/irobot/ros2_ws/install/livox_interfaces/include/livox_interfaces/msg/detail/custom_msg__type_support.h
[0.733s] -- Up-to-date symlink: /home/irobot/ros2_ws/install/livox_interfaces/include/livox_interfaces/msg/detail/custom_point__functions.h
[0.733s] -- Up-to-date symlink: /home/irobot/ros2_ws/install/livox_interfaces/include/livox_interfaces/msg/detail/custom_point__struct.h
[0.733s] -- Up-to-date symlink: /home/irobot/ros2_ws/install/livox_interfaces/include/livox_interfaces/msg/detail/custom_point__type_support.h
[0.733s] -- Up-to-date symlink: /home/irobot/ros2_ws/install/livox_interfaces/include/livox_interfaces/msg/rosidl_generator_c__visibility_control.h
[0.733s] -- Up-to-date symlink: /home/irobot/ros2_ws/install/livox_interfaces/share/livox_interfaces/environment/library_path.sh
[0.733s] -- Up-to-date symlink: /home/irobot/ros2_ws/install/livox_interfaces/share/livox_interfaces/environment/library_path.dsv
[0.733s] -- Up-to-date symlink: /home/irobot/ros2_ws/install/livox_interfaces/include/livox_interfaces/msg/detail/custom_msg__rosidl_typesupport_fastrtps_c.h
[0.733s] -- Up-to-date symlink: /home/irobot/ros2_ws/install/livox_interfaces/include/livox_interfaces/msg/detail/custom_point__rosidl_typesupport_fastrtps_c.h
[0.733s] -- Up-to-date symlink: /home/irobot/ros2_ws/install/livox_interfaces/include/livox_interfaces/msg/rosidl_typesupport_fastrtps_c__visibility_control.h
[0.748s] -- Up-to-date symlink: /home/irobot/ros2_ws/install/livox_interfaces/lib/liblivox_interfaces__rosidl_typesupport_fastrtps_c.so
[0.748s] -- Up-to-date symlink: /home/irobot/ros2_ws/install/livox_interfaces/include/livox_interfaces/msg/detail/custom_msg__rosidl_typesupport_fastrtps_cpp.hpp
[0.748s] -- Up-to-date symlink: /home/irobot/ros2_ws/install/livox_interfaces/include/livox_interfaces/msg/detail/custom_point__rosidl_typesupport_fastrtps_cpp.hpp
[0.748s] -- Up-to-date symlink: /home/irobot/ros2_ws/install/livox_interfaces/include/livox_interfaces/msg/rosidl_typesupport_fastrtps_cpp__visibility_control.h
[0.748s] -- Up-to-date symlink: /home/irobot/ros2_ws/install/livox_interfaces/lib/liblivox_interfaces__rosidl_typesupport_fastrtps_cpp.so
[0.748s] -- Up-to-date symlink: /home/irobot/ros2_ws/install/livox_interfaces/include/livox_interfaces/msg/detail/custom_msg__rosidl_typesupport_introspection_c.h
[0.748s] -- Up-to-date symlink: /home/irobot/ros2_ws/install/livox_interfaces/include/livox_interfaces/msg/detail/custom_point__rosidl_typesupport_introspection_c.h
[0.748s] -- Up-to-date symlink: /home/irobot/ros2_ws/install/livox_interfaces/include/livox_interfaces/msg/rosidl_typesupport_introspection_c__visibility_control.h
[0.748s] -- Up-to-date symlink: /home/irobot/ros2_ws/install/livox_interfaces/include/livox_interfaces/msg/custom_msg.hpp
[0.748s] -- Up-to-date symlink: /home/irobot/ros2_ws/install/livox_interfaces/include/livox_interfaces/msg/custom_point.hpp
[0.751s] -- Up-to-date symlink: /home/irobot/ros2_ws/install/livox_interfaces/include/livox_interfaces/msg/detail/custom_msg__builder.hpp
[0.770s] -- Up-to-date symlink: /home/irobot/ros2_ws/install/livox_interfaces/include/livox_interfaces/msg/detail/custom_msg__struct.hpp
[0.770s] -- Up-to-date symlink: /home/irobot/ros2_ws/install/livox_interfaces/include/livox_interfaces/msg/detail/custom_msg__traits.hpp
[0.770s] -- Up-to-date symlink: /home/irobot/ros2_ws/install/livox_interfaces/include/livox_interfaces/msg/detail/custom_msg__type_support.hpp
[0.770s] -- Up-to-date symlink: /home/irobot/ros2_ws/install/livox_interfaces/include/livox_interfaces/msg/detail/custom_point__builder.hpp
[0.770s] -- Up-to-date symlink: /home/irobot/ros2_ws/install/livox_interfaces/include/livox_interfaces/msg/detail/custom_point__struct.hpp
[0.799s] -- Up-to-date symlink: /home/irobot/ros2_ws/install/livox_interfaces/include/livox_interfaces/msg/detail/custom_point__traits.hpp
[0.816s] -- Up-to-date symlink: /home/irobot/ros2_ws/install/livox_interfaces/include/livox_interfaces/msg/detail/custom_point__type_support.hpp
[0.817s] -- Up-to-date symlink: /home/irobot/ros2_ws/install/livox_interfaces/include/livox_interfaces/msg/rosidl_generator_cpp__visibility_control.hpp
[0.817s] -- Up-to-date symlink: /home/irobot/ros2_ws/install/livox_interfaces/include/livox_interfaces/msg/detail/custom_msg__rosidl_typesupport_introspection_cpp.hpp
[0.845s] -- Up-to-date symlink: /home/irobot/ros2_ws/install/livox_interfaces/include/livox_interfaces/msg/detail/custom_point__rosidl_typesupport_introspection_cpp.hpp
[0.845s] -- Up-to-date symlink: /home/irobot/ros2_ws/install/livox_interfaces/share/livox_interfaces/environment/pythonpath.sh
[0.846s] -- Up-to-date symlink: /home/irobot/ros2_ws/install/livox_interfaces/share/livox_interfaces/environment/pythonpath.dsv
[0.846s] -- Up-to-date symlink: /home/irobot/ros2_ws/install/livox_interfaces/lib/python3.8/site-packages/livox_interfaces/__init__.py
[0.856s] -- Up-to-date symlink: /home/irobot/ros2_ws/install/livox_interfaces/lib/python3.8/site-packages/livox_interfaces/msg/__init__.py
[0.876s] -- Up-to-date symlink: /home/irobot/ros2_ws/install/livox_interfaces/lib/python3.8/site-packages/livox_interfaces/msg/_custom_msg.py
[0.898s] -- Up-to-date symlink: /home/irobot/ros2_ws/install/livox_interfaces/lib/python3.8/site-packages/livox_interfaces/msg/_custom_point.py
[0.899s] -- Up-to-date symlink: /home/irobot/ros2_ws/install/livox_interfaces/lib/python3.8/site-packages/livox_interfaces/livox_interfaces_s__rosidl_typesupport_fastrtps_c.cpython-38-x86_64-linux-gnu.so
[0.900s] -- Up-to-date symlink: /home/irobot/ros2_ws/install/livox_interfaces/lib/python3.8/site-packages/livox_interfaces/livox_interfaces_s__rosidl_typesupport_introspection_c.cpython-38-x86_64-linux-gnu.so
[0.916s] -- Up-to-date symlink: /home/irobot/ros2_ws/install/livox_interfaces/lib/python3.8/site-packages/livox_interfaces/livox_interfaces_s__rosidl_typesupport_c.cpython-38-x86_64-linux-gnu.so
[0.930s] -- Up-to-date symlink: /home/irobot/ros2_ws/install/livox_interfaces/lib/liblivox_interfaces__python.so
[0.931s] -- Up-to-date symlink: /home/irobot/ros2_ws/install/livox_interfaces/share/livox_interfaces/msg/CustomPoint.idl
[0.942s] -- Up-to-date symlink: /home/irobot/ros2_ws/install/livox_interfaces/share/livox_interfaces/msg/CustomMsg.idl
[0.947s] -- Up-to-date symlink: /home/irobot/ros2_ws/install/livox_interfaces/share/livox_interfaces/msg/CustomPoint.msg
[0.949s] -- Up-to-date symlink: /home/irobot/ros2_ws/install/livox_interfaces/share/livox_interfaces/msg/CustomMsg.msg
[0.949s] -- Up-to-date symlink: /home/irobot/ros2_ws/install/livox_interfaces/share/ament_index/resource_index/package_run_dependencies/livox_interfaces
[0.949s] -- Up-to-date symlink: /home/irobot/ros2_ws/install/livox_interfaces/share/ament_index/resource_index/parent_prefix_path/livox_interfaces
[0.949s] -- Up-to-date symlink: /home/irobot/ros2_ws/install/livox_interfaces/share/livox_interfaces/environment/ament_prefix_path.sh
[0.949s] -- Up-to-date symlink: /home/irobot/ros2_ws/install/livox_interfaces/share/livox_interfaces/environment/ament_prefix_path.dsv
[0.949s] -- Up-to-date symlink: /home/irobot/ros2_ws/install/livox_interfaces/share/livox_interfaces/environment/path.sh
[0.949s] -- Up-to-date symlink: /home/irobot/ros2_ws/install/livox_interfaces/share/livox_interfaces/environment/path.dsv
[0.949s] -- Up-to-date symlink: /home/irobot/ros2_ws/install/livox_interfaces/share/livox_interfaces/local_setup.bash
[0.949s] -- Up-to-date symlink: /home/irobot/ros2_ws/install/livox_interfaces/share/livox_interfaces/local_setup.sh
[0.949s] -- Up-to-date symlink: /home/irobot/ros2_ws/install/livox_interfaces/share/livox_interfaces/local_setup.zsh
[0.949s] -- Up-to-date symlink: /home/irobot/ros2_ws/install/livox_interfaces/share/livox_interfaces/local_setup.dsv
[0.949s] -- Symlinking: /home/irobot/ros2_ws/install/livox_interfaces/share/livox_interfaces/package.dsv
[0.967s] -- Up-to-date symlink: /home/irobot/ros2_ws/install/livox_interfaces/share/ament_index/resource_index/packages/livox_interfaces
[0.968s] -- Up-to-date symlink: /home/irobot/ros2_ws/install/livox_interfaces/share/livox_interfaces/cmake/rosidl_cmake-extras.cmake
[0.968s] -- Up-to-date symlink: /home/irobot/ros2_ws/install/livox_interfaces/share/livox_interfaces/cmake/ament_cmake_export_dependencies-extras.cmake
[0.968s] -- Up-to-date symlink: /home/irobot/ros2_ws/install/livox_interfaces/share/livox_interfaces/cmake/ament_cmake_export_libraries-extras.cmake
[0.968s] -- Up-to-date symlink: /home/irobot/ros2_ws/install/livox_interfaces/share/livox_interfaces/cmake/ament_cmake_export_targets-extras.cmake
[0.968s] -- Up-to-date symlink: /home/irobot/ros2_ws/install/livox_interfaces/share/livox_interfaces/cmake/ament_cmake_export_include_directories-extras.cmake
[0.968s] -- Up-to-date symlink: /home/irobot/ros2_ws/install/livox_interfaces/share/livox_interfaces/cmake/rosidl_cmake_export_typesupport_libraries-extras.cmake
[0.968s] -- Up-to-date symlink: /home/irobot/ros2_ws/install/livox_interfaces/share/livox_interfaces/cmake/rosidl_cmake_export_typesupport_targets-extras.cmake
[0.969s] -- Up-to-date symlink: /home/irobot/ros2_ws/install/livox_interfaces/share/livox_interfaces/cmake/livox_interfacesConfig.cmake
[0.969s] -- Up-to-date symlink: /home/irobot/ros2_ws/install/livox_interfaces/share/livox_interfaces/cmake/livox_interfacesConfig-version.cmake
[0.969s] -- Up-to-date symlink: /home/irobot/ros2_ws/install/livox_interfaces/share/livox_interfaces/package.xml
[0.969s] -- Up-to-date: /home/irobot/ros2_ws/install/livox_interfaces/lib/liblivox_interfaces__rosidl_generator_c.so
[0.969s] -- Up-to-date: /home/irobot/ros2_ws/install/livox_interfaces/lib/liblivox_interfaces__rosidl_typesupport_introspection_c.so
[0.969s] -- Up-to-date: /home/irobot/ros2_ws/install/livox_interfaces/lib/liblivox_interfaces__rosidl_typesupport_c.so
[0.970s] -- Up-to-date: /home/irobot/ros2_ws/install/livox_interfaces/lib/liblivox_interfaces__rosidl_typesupport_introspection_cpp.so
[0.970s] -- Up-to-date: /home/irobot/ros2_ws/install/livox_interfaces/lib/liblivox_interfaces__rosidl_typesupport_cpp.so
[1.010s] -- Up-to-date: /home/irobot/ros2_ws/install/livox_interfaces/share/livox_interfaces/cmake/livox_interfaces__rosidl_generator_cExport.cmake
[1.011s] -- Up-to-date: /home/irobot/ros2_ws/install/livox_interfaces/share/livox_interfaces/cmake/livox_interfaces__rosidl_generator_cExport-noconfig.cmake
[1.011s] -- Up-to-date: /home/irobot/ros2_ws/install/livox_interfaces/share/livox_interfaces/cmake/livox_interfaces__rosidl_typesupport_introspection_cExport.cmake
[1.011s] -- Up-to-date: /home/irobot/ros2_ws/install/livox_interfaces/share/livox_interfaces/cmake/livox_interfaces__rosidl_typesupport_introspection_cExport-noconfig.cmake
[1.011s] -- Up-to-date: /home/irobot/ros2_ws/install/livox_interfaces/share/livox_interfaces/cmake/livox_interfaces__rosidl_typesupport_cExport.cmake
[1.011s] -- Up-to-date: /home/irobot/ros2_ws/install/livox_interfaces/share/livox_interfaces/cmake/livox_interfaces__rosidl_typesupport_cExport-noconfig.cmake
[1.012s] -- Up-to-date: /home/irobot/ros2_ws/install/livox_interfaces/share/livox_interfaces/cmake/livox_interfaces__rosidl_generator_cppExport.cmake
[1.012s] -- Up-to-date: /home/irobot/ros2_ws/install/livox_interfaces/share/livox_interfaces/cmake/livox_interfaces__rosidl_typesupport_introspection_cppExport.cmake
[1.012s] -- Up-to-date: /home/irobot/ros2_ws/install/livox_interfaces/share/livox_interfaces/cmake/livox_interfaces__rosidl_typesupport_introspection_cppExport-noconfig.cmake
[1.012s] -- Up-to-date: /home/irobot/ros2_ws/install/livox_interfaces/share/livox_interfaces/cmake/livox_interfaces__rosidl_typesupport_cppExport.cmake
[1.012s] -- Up-to-date: /home/irobot/ros2_ws/install/livox_interfaces/share/livox_interfaces/cmake/livox_interfaces__rosidl_typesupport_cppExport-noconfig.cmake
[1.016s] Invoked command in '/home/irobot/ros2_ws/build/livox_interfaces' returned '0': CMAKE_PREFIX_PATH=${CMAKE_PREFIX_PATH}:/opt/ros/foxy /usr/bin/cmake --install /home/irobot/ros2_ws/build/livox_interfaces
