[0.465s] Invoking command in '/home/irobot/ros2_ws/build/livox_ros2_driver': CMAKE_PREFIX_PATH=/home/irobot/ros2_ws/install/livox_sdk_vendor:/home/irobot/ros2_ws/install/livox_interfaces:/home/irobot/ros2_ws/install/vineslam_ros:/home/irobot/ros2_ws/install/vineslam:/home/irobot/ros2_ws/install/ublox:/home/irobot/ros2_ws/install/ublox_gps:/home/irobot/ros2_ws/install/ublox_msgs:/home/irobot/ros2_ws/install/ublox_serialization:/home/irobot/ros2_ws/install/livox_ros2_driver:/home/irobot/ros2_ws/install/geofence:/opt/ros/foxy:/home/irobot/vinebot_ws/devel:/opt/ros/noetic LD_LIBRARY_PATH=/home/irobot/ros2_ws/install/livox_interfaces/lib:/home/irobot/ros2_ws/install/vineslam_ros/lib:/home/irobot/ros2_ws/install/vineslam/lib:/home/irobot/ros2_ws/install/ublox_gps/lib:/home/irobot/ros2_ws/install/ublox_msgs/lib:/home/irobot/ros2_ws/install/livox_ros2_driver/lib:/home/irobot/vinebot_ws/devel/lib:/opt/ros/noetic/lib:/opt/ros/noetic/lib/x86_64-linux-gnu:/opt/ros/foxy/opt/yaml_cpp_vendor/lib:/opt/ros/foxy/opt/rviz_ogre_vendor/lib:/opt/ros/foxy/lib/x86_64-linux-gnu:/opt/ros/foxy/lib PYTHONPATH=/home/irobot/ros2_ws/install/livox_interfaces/lib/python3.8/site-packages:/home/irobot/ros2_ws/install/vineslam_ros/lib/python3.8/site-packages:/home/irobot/ros2_ws/install/ublox_msgs/lib/python3.8/site-packages:/home/irobot/ros2_ws/build/geofence:/home/irobot/ros2_ws/install/geofence/lib/python3.8/site-packages:/home/irobot/vinebot_ws/devel/lib/python3/dist-packages:/opt/ros/noetic/lib/python3/dist-packages:/opt/ros/foxy/lib/python3.8/site-packages /usr/bin/cmake --build /home/irobot/ros2_ws/build/livox_ros2_driver -- -j8 -l8
[1.328s] [ 12%] Built target livox_ros2_driver_node
[1.395s] [100%] Built target livox_ros2_driver
[1.405s] Invoked command in '/home/irobot/ros2_ws/build/livox_ros2_driver' returned '0': CMAKE_PREFIX_PATH=/home/irobot/ros2_ws/install/livox_sdk_vendor:/home/irobot/ros2_ws/install/livox_interfaces:/home/irobot/ros2_ws/install/vineslam_ros:/home/irobot/ros2_ws/install/vineslam:/home/irobot/ros2_ws/install/ublox:/home/irobot/ros2_ws/install/ublox_gps:/home/irobot/ros2_ws/install/ublox_msgs:/home/irobot/ros2_ws/install/ublox_serialization:/home/irobot/ros2_ws/install/livox_ros2_driver:/home/irobot/ros2_ws/install/geofence:/opt/ros/foxy:/home/irobot/vinebot_ws/devel:/opt/ros/noetic LD_LIBRARY_PATH=/home/irobot/ros2_ws/install/livox_interfaces/lib:/home/irobot/ros2_ws/install/vineslam_ros/lib:/home/irobot/ros2_ws/install/vineslam/lib:/home/irobot/ros2_ws/install/ublox_gps/lib:/home/irobot/ros2_ws/install/ublox_msgs/lib:/home/irobot/ros2_ws/install/livox_ros2_driver/lib:/home/irobot/vinebot_ws/devel/lib:/opt/ros/noetic/lib:/opt/ros/noetic/lib/x86_64-linux-gnu:/opt/ros/foxy/opt/yaml_cpp_vendor/lib:/opt/ros/foxy/opt/rviz_ogre_vendor/lib:/opt/ros/foxy/lib/x86_64-linux-gnu:/opt/ros/foxy/lib PYTHONPATH=/home/irobot/ros2_ws/install/livox_interfaces/lib/python3.8/site-packages:/home/irobot/ros2_ws/install/vineslam_ros/lib/python3.8/site-packages:/home/irobot/ros2_ws/install/ublox_msgs/lib/python3.8/site-packages:/home/irobot/ros2_ws/build/geofence:/home/irobot/ros2_ws/install/geofence/lib/python3.8/site-packages:/home/irobot/vinebot_ws/devel/lib/python3/dist-packages:/opt/ros/noetic/lib/python3/dist-packages:/opt/ros/foxy/lib/python3.8/site-packages /usr/bin/cmake --build /home/irobot/ros2_ws/build/livox_ros2_driver -- -j8 -l8
[1.479s] Invoking command in '/home/irobot/ros2_ws/build/livox_ros2_driver': CMAKE_PREFIX_PATH=/home/irobot/ros2_ws/install/livox_sdk_vendor:/home/irobot/ros2_ws/install/livox_interfaces:/home/irobot/ros2_ws/install/vineslam_ros:/home/irobot/ros2_ws/install/vineslam:/home/irobot/ros2_ws/install/ublox:/home/irobot/ros2_ws/install/ublox_gps:/home/irobot/ros2_ws/install/ublox_msgs:/home/irobot/ros2_ws/install/ublox_serialization:/home/irobot/ros2_ws/install/livox_ros2_driver:/home/irobot/ros2_ws/install/geofence:/opt/ros/foxy:/home/irobot/vinebot_ws/devel:/opt/ros/noetic LD_LIBRARY_PATH=/home/irobot/ros2_ws/install/livox_interfaces/lib:/home/irobot/ros2_ws/install/vineslam_ros/lib:/home/irobot/ros2_ws/install/vineslam/lib:/home/irobot/ros2_ws/install/ublox_gps/lib:/home/irobot/ros2_ws/install/ublox_msgs/lib:/home/irobot/ros2_ws/install/livox_ros2_driver/lib:/home/irobot/vinebot_ws/devel/lib:/opt/ros/noetic/lib:/opt/ros/noetic/lib/x86_64-linux-gnu:/opt/ros/foxy/opt/yaml_cpp_vendor/lib:/opt/ros/foxy/opt/rviz_ogre_vendor/lib:/opt/ros/foxy/lib/x86_64-linux-gnu:/opt/ros/foxy/lib PYTHONPATH=/home/irobot/ros2_ws/install/livox_interfaces/lib/python3.8/site-packages:/home/irobot/ros2_ws/install/vineslam_ros/lib/python3.8/site-packages:/home/irobot/ros2_ws/install/ublox_msgs/lib/python3.8/site-packages:/home/irobot/ros2_ws/build/geofence:/home/irobot/ros2_ws/install/geofence/lib/python3.8/site-packages:/home/irobot/vinebot_ws/devel/lib/python3/dist-packages:/opt/ros/noetic/lib/python3/dist-packages:/opt/ros/foxy/lib/python3.8/site-packages /usr/bin/cmake --install /home/irobot/ros2_ws/build/livox_ros2_driver
[1.615s] -- Install configuration: ""
[1.717s] -- Execute custom install script
[1.803s] -- Up-to-date symlink: /home/irobot/ros2_ws/install/livox_ros2_driver/lib/livox_ros2_driver/livox_ros2_driver_node
[1.820s] -- Up-to-date symlink: /home/irobot/ros2_ws/install/livox_ros2_driver/share/livox_ros2_driver/environment/library_path.sh
[1.820s] -- Up-to-date symlink: /home/irobot/ros2_ws/install/livox_ros2_driver/share/livox_ros2_driver/environment/library_path.dsv
[1.914s] -- Up-to-date symlink: /home/irobot/ros2_ws/install/livox_ros2_driver/lib/liblivox_ros2_driver.so
[2.048s] -- Up-to-date symlink: /home/irobot/ros2_ws/install/livox_ros2_driver/share/livox_ros2_driver/config/livox_hub.rviz
[2.142s] -- Up-to-date symlink: /home/irobot/ros2_ws/install/livox_ros2_driver/share/livox_ros2_driver/config/livox_hub_config.json
[2.144s] -- Up-to-date symlink: /home/irobot/ros2_ws/install/livox_ros2_driver/share/livox_ros2_driver/config/livox_lidar.rviz
[2.145s] -- Up-to-date symlink: /home/irobot/ros2_ws/install/livox_ros2_driver/share/livox_ros2_driver/config/livox_lidar_config.json
[2.147s] -- Up-to-date symlink: /home/irobot/ros2_ws/install/livox_ros2_driver/share/livox_ros2_driver/launch/livox_hub_launch.py
[2.149s] -- Up-to-date symlink: /home/irobot/ros2_ws/install/livox_ros2_driver/share/livox_ros2_driver/launch/livox_hub_msg_launch .py
[2.150s] -- Up-to-date symlink: /home/irobot/ros2_ws/install/livox_ros2_driver/share/livox_ros2_driver/launch/livox_hub_rviz_launch.py
[2.150s] -- Up-to-date symlink: /home/irobot/ros2_ws/install/livox_ros2_driver/share/livox_ros2_driver/launch/livox_lidar_launch.py
[2.151s] -- Up-to-date symlink: /home/irobot/ros2_ws/install/livox_ros2_driver/share/livox_ros2_driver/launch/livox_lidar_msg_launch.py
[2.154s] -- Up-to-date symlink: /home/irobot/ros2_ws/install/livox_ros2_driver/share/livox_ros2_driver/launch/livox_lidar_rviz_launch.py
[2.159s] -- Up-to-date symlink: /home/irobot/ros2_ws/install/livox_ros2_driver/share/livox_ros2_driver/launch/livox_template_launch.py
[2.160s] -- Up-to-date symlink: /home/irobot/ros2_ws/install/livox_ros2_driver/share/ament_index/resource_index/package_run_dependencies/livox_ros2_driver
[2.167s] -- Up-to-date symlink: /home/irobot/ros2_ws/install/livox_ros2_driver/share/ament_index/resource_index/parent_prefix_path/livox_ros2_driver
[2.171s] -- Up-to-date symlink: /home/irobot/ros2_ws/install/livox_ros2_driver/share/livox_ros2_driver/environment/ament_prefix_path.sh
[2.171s] -- Up-to-date symlink: /home/irobot/ros2_ws/install/livox_ros2_driver/share/livox_ros2_driver/environment/ament_prefix_path.dsv
[2.175s] -- Up-to-date symlink: /home/irobot/ros2_ws/install/livox_ros2_driver/share/livox_ros2_driver/environment/path.sh
[2.175s] -- Up-to-date symlink: /home/irobot/ros2_ws/install/livox_ros2_driver/share/livox_ros2_driver/environment/path.dsv
[2.179s] -- Up-to-date symlink: /home/irobot/ros2_ws/install/livox_ros2_driver/share/livox_ros2_driver/local_setup.bash
[2.183s] -- Up-to-date symlink: /home/irobot/ros2_ws/install/livox_ros2_driver/share/livox_ros2_driver/local_setup.sh
[2.187s] -- Up-to-date symlink: /home/irobot/ros2_ws/install/livox_ros2_driver/share/livox_ros2_driver/local_setup.zsh
[2.187s] -- Up-to-date symlink: /home/irobot/ros2_ws/install/livox_ros2_driver/share/livox_ros2_driver/local_setup.dsv
[2.187s] -- Symlinking: /home/irobot/ros2_ws/install/livox_ros2_driver/share/livox_ros2_driver/package.dsv
[2.211s] -- Up-to-date symlink: /home/irobot/ros2_ws/install/livox_ros2_driver/share/ament_index/resource_index/packages/livox_ros2_driver
[2.219s] -- Up-to-date symlink: /home/irobot/ros2_ws/install/livox_ros2_driver/share/ament_index/resource_index/rclcpp_components/livox_ros2_driver
[2.227s] -- Up-to-date symlink: /home/irobot/ros2_ws/install/livox_ros2_driver/share/livox_ros2_driver/cmake/ament_cmake_export_dependencies-extras.cmake
[2.231s] -- Up-to-date symlink: /home/irobot/ros2_ws/install/livox_ros2_driver/share/livox_ros2_driver/cmake/ament_cmake_export_libraries-extras.cmake
[2.234s] -- Up-to-date symlink: /home/irobot/ros2_ws/install/livox_ros2_driver/share/livox_ros2_driver/cmake/livox_ros2_driverConfig.cmake
[2.239s] -- Up-to-date symlink: /home/irobot/ros2_ws/install/livox_ros2_driver/share/livox_ros2_driver/cmake/livox_ros2_driverConfig-version.cmake
[2.243s] -- Up-to-date symlink: /home/irobot/ros2_ws/install/livox_ros2_driver/share/livox_ros2_driver/package.xml
[2.248s] Invoked command in '/home/irobot/ros2_ws/build/livox_ros2_driver' returned '0': CMAKE_PREFIX_PATH=/home/irobot/ros2_ws/install/livox_sdk_vendor:/home/irobot/ros2_ws/install/livox_interfaces:/home/irobot/ros2_ws/install/vineslam_ros:/home/irobot/ros2_ws/install/vineslam:/home/irobot/ros2_ws/install/ublox:/home/irobot/ros2_ws/install/ublox_gps:/home/irobot/ros2_ws/install/ublox_msgs:/home/irobot/ros2_ws/install/ublox_serialization:/home/irobot/ros2_ws/install/livox_ros2_driver:/home/irobot/ros2_ws/install/geofence:/opt/ros/foxy:/home/irobot/vinebot_ws/devel:/opt/ros/noetic LD_LIBRARY_PATH=/home/irobot/ros2_ws/install/livox_interfaces/lib:/home/irobot/ros2_ws/install/vineslam_ros/lib:/home/irobot/ros2_ws/install/vineslam/lib:/home/irobot/ros2_ws/install/ublox_gps/lib:/home/irobot/ros2_ws/install/ublox_msgs/lib:/home/irobot/ros2_ws/install/livox_ros2_driver/lib:/home/irobot/vinebot_ws/devel/lib:/opt/ros/noetic/lib:/opt/ros/noetic/lib/x86_64-linux-gnu:/opt/ros/foxy/opt/yaml_cpp_vendor/lib:/opt/ros/foxy/opt/rviz_ogre_vendor/lib:/opt/ros/foxy/lib/x86_64-linux-gnu:/opt/ros/foxy/lib PYTHONPATH=/home/irobot/ros2_ws/install/livox_interfaces/lib/python3.8/site-packages:/home/irobot/ros2_ws/install/vineslam_ros/lib/python3.8/site-packages:/home/irobot/ros2_ws/install/ublox_msgs/lib/python3.8/site-packages:/home/irobot/ros2_ws/build/geofence:/home/irobot/ros2_ws/install/geofence/lib/python3.8/site-packages:/home/irobot/vinebot_ws/devel/lib/python3/dist-packages:/opt/ros/noetic/lib/python3/dist-packages:/opt/ros/foxy/lib/python3.8/site-packages /usr/bin/cmake --install /home/irobot/ros2_ws/build/livox_ros2_driver
